------Start of DE processing------ = [1/16/20 10:58:03:448 PST]
Exception = com.ibm.ws.security.registry.RegistryException
Source = com.ibm.ws.security.authentication.jaas.modules.UsernameAndPasswordLoginModule
probeid = 107
Stack Dump = com.ibm.ws.security.registry.RegistryException: CWWKS3005E: A configuration exception has occurred. No UserRegistry implementation service is available.  Ensure that you have a user registry configured.
	at com.ibm.ws.security.registry.internal.UserRegistryServiceImpl.autoDetectUserRegistry(UserRegistryServiceImpl.java:412)
	at com.ibm.ws.security.registry.internal.UserRegistryServiceImpl.determineActiveUserRegistry(UserRegistryServiceImpl.java:366)
	at com.ibm.ws.security.registry.internal.UserRegistryServiceImpl.getUserRegistry(UserRegistryServiceImpl.java:385)
	at com.ibm.ws.security.authentication.internal.jaas.JAASServiceImpl.getUserRegistry(JAASServiceImpl.java:122)
	at com.ibm.ws.security.authentication.internal.jaas.modules.ServerCommonLoginModule.getUserRegistry(ServerCommonLoginModule.java:71)
	at com.ibm.ws.security.authentication.jaas.modules.UsernameAndPasswordLoginModule.login(UsernameAndPasswordLoginModule.java:74)
	at com.ibm.ws.kernel.boot.security.LoginModuleProxy.login(LoginModuleProxy.java:51)
	at sun.reflect.NativeMethodAccessorImpl.invoke0(Native Method)
	at sun.reflect.NativeMethodAccessorImpl.invoke(NativeMethodAccessorImpl.java:62)
	at sun.reflect.DelegatingMethodAccessorImpl.invoke(DelegatingMethodAccessorImpl.java:43)
	at java.lang.reflect.Method.invoke(Method.java:498)
	at javax.security.auth.login.LoginContext.invoke(LoginContext.java:755)
	at javax.security.auth.login.LoginContext.access$000(LoginContext.java:195)
	at javax.security.auth.login.LoginContext$4.run(LoginContext.java:682)
	at javax.security.auth.login.LoginContext$4.run(LoginContext.java:680)
	at java.security.AccessController.doPrivileged(Native Method)
	at javax.security.auth.login.LoginContext.invokePriv(LoginContext.java:680)
	at javax.security.auth.login.LoginContext.login(LoginContext.java:587)
	at com.ibm.ws.security.authentication.internal.jaas.JAASServiceImpl.doLoginContext(JAASServiceImpl.java:343)
	at com.ibm.ws.security.authentication.internal.jaas.JAASServiceImpl.performLogin(JAASServiceImpl.java:329)
	at com.ibm.ws.security.authentication.internal.jaas.JAASServiceImpl.performLogin(JAASServiceImpl.java:314)
	at com.ibm.ws.security.authentication.internal.AuthenticationServiceImpl.performJAASLogin(AuthenticationServiceImpl.java:481)
	at com.ibm.ws.security.authentication.internal.AuthenticationServiceImpl.authenticate(AuthenticationServiceImpl.java:207)
	at com.ibm.ws.webcontainer.security.internal.BasicAuthAuthenticator.basicAuthenticate(BasicAuthAuthenticator.java:126)
	at com.ibm.ws.webcontainer.security.internal.BasicAuthAuthenticator.handleBasicAuth(BasicAuthAuthenticator.java:117)
	at com.ibm.ws.webcontainer.security.internal.BasicAuthAuthenticator.authenticate(BasicAuthAuthenticator.java:70)
	at com.ibm.ws.webcontainer.security.WebAuthenticatorProxy.authenticate(WebAuthenticatorProxy.java:89)
	at com.ibm.ws.webcontainer.security.WebAppSecurityCollaboratorImpl.authenticateRequest(WebAppSecurityCollaboratorImpl.java:1207)
	at com.ibm.ws.webcontainer.security.WebAppSecurityCollaboratorImpl.determineWebReply(WebAppSecurityCollaboratorImpl.java:964)
	at com.ibm.ws.webcontainer.security.WebAppSecurityCollaboratorImpl.performSecurityChecks(WebAppSecurityCollaboratorImpl.java:658)
	at com.ibm.ws.webcontainer.security.WebAppSecurityCollaboratorImpl.preInvoke(WebAppSecurityCollaboratorImpl.java:574)
	at com.ibm.wsspi.webcontainer.collaborator.CollaboratorHelper.preInvokeCollaborators(CollaboratorHelper.java:459)
	at com.ibm.ws.webcontainer.osgi.collaborator.CollaboratorHelperImpl.preInvokeCollaborators(CollaboratorHelperImpl.java:270)
	at com.ibm.ws.webcontainer.filter.WebAppFilterManager.invokeFilters(WebAppFilterManager.java:1109)
	at com.ibm.ws.webcontainer.webapp.WebApp.handleRequest(WebApp.java:4975)
	at com.ibm.ws.webcontainer.osgi.DynamicVirtualHost$2.handleRequest(DynamicVirtualHost.java:314)
	at com.ibm.ws.webcontainer.WebContainer.handleRequest(WebContainer.java:1007)
	at com.ibm.ws.webcontainer.osgi.DynamicVirtualHost$2.run(DynamicVirtualHost.java:279)
	at com.ibm.ws.http.dispatcher.internal.channel.HttpDispatcherLink$TaskWrapper.run(HttpDispatcherLink.java:1061)
	at com.ibm.ws.http.dispatcher.internal.channel.HttpDispatcherLink.wrapHandlerAndExecute(HttpDispatcherLink.java:417)
	at com.ibm.ws.http.dispatcher.internal.channel.HttpDispatcherLink.ready(HttpDispatcherLink.java:376)
	at com.ibm.ws.http.channel.internal.inbound.HttpInboundLink.handleDiscrimination(HttpInboundLink.java:532)
	at com.ibm.ws.http.channel.internal.inbound.HttpInboundLink.handleNewRequest(HttpInboundLink.java:466)
	at com.ibm.ws.http.channel.internal.inbound.HttpInboundLink.processRequest(HttpInboundLink.java:331)
	at com.ibm.ws.http.channel.internal.inbound.HttpInboundLink.ready(HttpInboundLink.java:302)
	at com.ibm.ws.channel.ssl.internal.SSLConnectionLink.determineNextChannel(SSLConnectionLink.java:1077)
	at com.ibm.ws.channel.ssl.internal.SSLConnectionLink$MyReadCompletedCallback.complete(SSLConnectionLink.java:656)
	at com.ibm.ws.channel.ssl.internal.SSLReadServiceContext$SSLReadCompletedCallback.complete(SSLReadServiceContext.java:1803)
	at com.ibm.ws.tcpchannel.internal.WorkQueueManager.requestComplete(WorkQueueManager.java:503)
	at com.ibm.ws.tcpchannel.internal.WorkQueueManager.attemptIO(WorkQueueManager.java:573)
	at com.ibm.ws.tcpchannel.internal.WorkQueueManager.workerRun(WorkQueueManager.java:954)
	at com.ibm.ws.tcpchannel.internal.WorkQueueManager$Worker.run(WorkQueueManager.java:1043)
	at com.ibm.ws.threading.internal.ExecutorServiceImpl$RunnableWrapper.run(ExecutorServiceImpl.java:239)
	at java.util.concurrent.ThreadPoolExecutor.runWorker(ThreadPoolExecutor.java:1149)
	at java.util.concurrent.ThreadPoolExecutor$Worker.run(ThreadPoolExecutor.java:624)
	at java.lang.Thread.run(Thread.java:748)

Dump of callerThis
Object type = com.ibm.ws.security.authentication.jaas.modules.UsernameAndPasswordLoginModule
  tc = class com.ibm.websphere.ras.TraceComponent@2b9370d7
    strings[0] = "TraceComponent[com.ibm.ws.security.authentication.jaas.modules.UsernameAndPasswordLoginModule,class com.ibm.ws.security.authentication.jaas.modules.UsernameAndPasswordLoginModule,[Authentication],com.ibm.ws.security.authentication.internal.resources.AuthenticationMessages,null]"
  userRegistry = null
  username = null
  urAuthenticatedId = null
  serialVersionUID = -1034522143030294360
  tc = class com.ibm.websphere.ras.TraceComponent@333b5b33
    strings[0] = "TraceComponent[com.ibm.ws.security.authentication.internal.jaas.modules.ServerCommonLoginModule,class com.ibm.ws.security.authentication.internal.jaas.modules.ServerCommonLoginModule,[Authentication],com.ibm.ws.security.authentication.internal.resources.AuthenticationMessages,null]"
  jsonWebTokenProperties = class java.lang.String[1]
    String[0] = "com.ibm.ws.authentication.internal.json.web.token"
  subjectHelper = class com.ibm.ws.security.authentication.utility.SubjectHelper@480371c2
    tc = class com.ibm.websphere.ras.TraceComponent@29f072f7
      strings[0] = "TraceComponent[com.ibm.ws.security.authentication.utility.SubjectHelper,class com.ibm.ws.security.authentication.utility.SubjectHelper,[],null,null]"
    serialVersionUID = -1813770949958484743
  userIdOnlyProperties = class java.lang.String[2]
    String[0] = "com.ibm.wsspi.security.cred.userId"
    String[1] = "com.ibm.ws.authentication.internal.assertion"
  customPropertiesFromSubject = false
  serialVersionUID = -878775644266839608
  callbackHandler = class javax.security.auth.login.LoginContext$SecureCallbackHandler@5cf24915
    acc = class java.security.AccessControlContext@59a6a9b9
      context = class java.security.ProtectionDomain[7]
      isPrivileged = false
      isAuthorized = true
      privilegedContext = null
      combiner = null
      permissions = null
      parent = null
      isWrapped = false
      isLimited = false
      limitedContext = null
      debugInit = false
      debug = null
    ch = class com.ibm.ws.security.jaas.common.callback.AuthenticationDataCallbackHandler@3853bca0
      authenticationData = class com.ibm.ws.security.authentication.WSAuthenticationData@7cfea1e7
      serialVersionUID = 2506413936667138927
      $$$tc$$$ = class com.ibm.websphere.ras.TraceComponent@2be6d296
  subject = class javax.security.auth.Subject@facbe28
    serialVersionUID = -8308522755600156056
    principals = class java.util.Collections$SynchronizedSet@76330130
      serialVersionUID = 487447009682186044
      serialVersionUID = 3053995032091335093
      c = class javax.security.auth.Subject$SecureSet@6b67ba2b
      mutex = class java.util.Collections$SynchronizedSet@76330130
    pubCredentials = class java.util.Collections$SynchronizedSet@688122b7
      serialVersionUID = 487447009682186044
      serialVersionUID = 3053995032091335093
      c = class javax.security.auth.Subject$SecureSet@470d3394
      mutex = class java.util.Collections$SynchronizedSet@688122b7
    privCredentials = class java.util.Collections$SynchronizedSet@216737c2
      serialVersionUID = 487447009682186044
      serialVersionUID = 3053995032091335093
      c = class javax.security.auth.Subject$SecureSet@7a1816bf
      mutex = class java.util.Collections$SynchronizedSet@216737c2
    readOnly = false
    PRINCIPAL_SET = 1
    PUB_CREDENTIAL_SET = 2
    PRIV_CREDENTIAL_SET = 3
    NULL_PD_ARRAY = class java.security.ProtectionDomain[0]
  sharedState = class java.util.HashMap@40909cf0
    serialVersionUID = 362498820763181265
    DEFAULT_INITIAL_CAPACITY = 16
    MAXIMUM_CAPACITY = 1073741824
    DEFAULT_LOAD_FACTOR = 0.75
    TREEIFY_THRESHOLD = 8
    UNTREEIFY_THRESHOLD = 6
    MIN_TREEIFY_CAPACITY = 64
    table = class java.util.HashMap$Node[16]
      Node[0] = null
      Node[1] = null
      Node[2] = null
      Node[3] = null
      Node[4] = null
      Node[5] = class java.util.HashMap$Node@2cf85d35
      Node[6] = null
      Node[7] = null
      Node[8] = null
      Node[9] = null
      Node[10] = null
      Node[11] = null
      Node[12] = null
      Node[13] = null
      Node[14] = null
      Node[15] = null
    entrySet = null
    size = 1
    modCount = 1
    threshold = 12
    loadFactor = 0.75
    keySet = null
    values = null
  options = class java.util.Collections$UnmodifiableMap@6452d62e
    serialVersionUID = -1034234728574286014
    m = class java.util.Collections$UnmodifiableMap@760201f
      serialVersionUID = -1034234728574286014
      m = class java.util.HashMap@1a9df3c8
      keySet = null
      entrySet = null
      values = null
    keySet = null
    entrySet = null
    values = null
  temporarySubject = null
  serialVersionUID = -8873301121271047884
  $$$tc$$$ = class com.ibm.websphere.ras.TraceComponent@31037f00
    strings[0] = "TraceComponent[com.ibm.ws.security.jaas.common.modules.CommonLoginModule,class com.ibm.ws.security.jaas.common.modules.CommonLoginModule,[security],com.ibm.ws.security.jaas.common.internal.resources.JAASCommonMessages,null]"

