------Start of DE processing------ = [1/16/20 11:15:09:529 PST]
Exception = com.ibm.ws.webcontainer.webapp.WebAppErrorReport
Source = com.ibm.ws.webcontainer.filter.WebAppFilterChain.doFilter
probeid = 82
Stack Dump = com.ibm.ws.webcontainer.webapp.WebAppErrorReport: javax.servlet.ServletException: java.io.IOException: Broken pipe
	at com.ibm.ws.webcontainer.webapp.WebAppErrorReport.constructErrorReport(WebAppErrorReport.java:157)
	at com.ibm.ws.webcontainer.webapp.WebAppErrorReport.constructErrorReport(WebAppErrorReport.java:198)
	at com.ibm.ws.webcontainer.servlet.FileServletWrapper.handleRequest(FileServletWrapper.java:577)
	at com.ibm.ws.webcontainer.servlet.FileServletWrapper.handleRequest(FileServletWrapper.java:268)
	at com.ibm.ws.webcontainer.extension.DefaultExtensionProcessor.handleRequest(DefaultExtensionProcessor.java:895)
	at com.ibm.ws.webcontainer.filter.WebAppFilterChain.invokeTarget(WebAppFilterChain.java:182)
	at com.ibm.ws.webcontainer.filter.WebAppFilterChain.doFilter(WebAppFilterChain.java:93)
	at com.ibm.ws.app.manager.wab.internal.OsgiDirectoryProtectionFilter.doFilter(OsgiDirectoryProtectionFilter.java:90)
	at com.ibm.ws.webcontainer.filter.FilterInstanceWrapper.doFilter(FilterInstanceWrapper.java:201)
	at com.ibm.ws.webcontainer.filter.WebAppFilterChain.doFilter(WebAppFilterChain.java:90)
	at com.ibm.ws.security.jaspi.JaspiServletFilter.doFilter(JaspiServletFilter.java:56)
	at com.ibm.ws.webcontainer.filter.FilterInstanceWrapper.doFilter(FilterInstanceWrapper.java:201)
	at com.ibm.ws.webcontainer.filter.WebAppFilterChain.doFilter(WebAppFilterChain.java:90)
	at com.ibm.ws.webcontainer.filter.WebAppFilterManager.doFilter(WebAppFilterManager.java:996)
	at com.ibm.ws.webcontainer.filter.WebAppFilterManager.invokeFilters(WebAppFilterManager.java:1134)
	at com.ibm.ws.webcontainer.webapp.WebApp.handleRequest(WebApp.java:4975)
	at com.ibm.ws.webcontainer.osgi.DynamicVirtualHost$2.handleRequest(DynamicVirtualHost.java:314)
	at com.ibm.ws.webcontainer.WebContainer.handleRequest(WebContainer.java:1007)
	at com.ibm.ws.webcontainer.osgi.DynamicVirtualHost$2.run(DynamicVirtualHost.java:279)
	at com.ibm.ws.http.dispatcher.internal.channel.HttpDispatcherLink$TaskWrapper.run(HttpDispatcherLink.java:1061)
	at com.ibm.ws.http.dispatcher.internal.channel.HttpDispatcherLink.wrapHandlerAndExecute(HttpDispatcherLink.java:417)
	at com.ibm.ws.http.dispatcher.internal.channel.HttpDispatcherLink.ready(HttpDispatcherLink.java:376)
	at com.ibm.ws.http.channel.internal.inbound.HttpInboundLink.handleDiscrimination(HttpInboundLink.java:532)
	at com.ibm.ws.http.channel.internal.inbound.HttpInboundLink.handleNewRequest(HttpInboundLink.java:466)
	at com.ibm.ws.http.channel.internal.inbound.HttpInboundLink.processRequest(HttpInboundLink.java:331)
	at com.ibm.ws.http.channel.internal.inbound.HttpICLReadCallback.complete(HttpICLReadCallback.java:70)
	at com.ibm.ws.channel.ssl.internal.SSLReadServiceContext$SSLReadCompletedCallback.complete(SSLReadServiceContext.java:1803)
	at com.ibm.ws.tcpchannel.internal.WorkQueueManager.requestComplete(WorkQueueManager.java:503)
	at com.ibm.ws.tcpchannel.internal.WorkQueueManager.attemptIO(WorkQueueManager.java:573)
	at com.ibm.ws.tcpchannel.internal.WorkQueueManager.workerRun(WorkQueueManager.java:954)
	at com.ibm.ws.tcpchannel.internal.WorkQueueManager$Worker.run(WorkQueueManager.java:1043)
	at com.ibm.ws.threading.internal.ExecutorServiceImpl$RunnableWrapper.run(ExecutorServiceImpl.java:239)
	at java.util.concurrent.ThreadPoolExecutor.runWorker(ThreadPoolExecutor.java:1149)
	at java.util.concurrent.ThreadPoolExecutor$Worker.run(ThreadPoolExecutor.java:624)
	at java.lang.Thread.run(Thread.java:748)
Caused by: javax.servlet.ServletException: java.io.IOException: Broken pipe
	at com.ibm.ws.webcontainer.servlet.FileServletWrapper.service(FileServletWrapper.java:723)
	at com.ibm.ws.webcontainer.servlet.FileServletWrapper.handleRequest(FileServletWrapper.java:518)
	... 32 more
Caused by: java.io.IOException: Broken pipe
	at sun.nio.ch.FileDispatcherImpl.write0(Native Method)
	at sun.nio.ch.SocketDispatcher.write(SocketDispatcher.java:47)
	at sun.nio.ch.IOUtil.writeFromNativeBuffer(IOUtil.java:93)
	at sun.nio.ch.IOUtil.write(IOUtil.java:51)
	at sun.nio.ch.SocketChannelImpl.write(SocketChannelImpl.java:471)
	at com.ibm.ws.tcpchannel.internal.NioSocketIOChannel.write(NioSocketIOChannel.java:201)
	at com.ibm.ws.tcpchannel.internal.NioSocketIOChannel.attemptWriteToSocketUsingNIO(NioSocketIOChannel.java:139)
	at com.ibm.ws.tcpchannel.internal.SocketIOChannel.attemptWriteToSocket(SocketIOChannel.java:198)
	at com.ibm.ws.tcpchannel.internal.WorkQueueManager.attemptIO(WorkQueueManager.java:594)
	at com.ibm.ws.tcpchannel.internal.WorkQueueManager.processWork(WorkQueueManager.java:303)
	at com.ibm.ws.tcpchannel.internal.NioTCPWriteRequestContextImpl.processSyncWriteRequest(NioTCPWriteRequestContextImpl.java:65)
	at com.ibm.ws.tcpchannel.internal.TCPWriteRequestContextImpl.write(TCPWriteRequestContextImpl.java:96)
	at com.ibm.ws.channel.ssl.internal.SSLWriteServiceContext.write(SSLWriteServiceContext.java:171)
	at com.ibm.ws.http.channel.internal.HttpServiceContextImpl.synchWrite(HttpServiceContextImpl.java:2692)
	at com.ibm.ws.http.channel.internal.HttpServiceContextImpl.sendOutgoing(HttpServiceContextImpl.java:2339)
	at com.ibm.ws.http.channel.internal.inbound.HttpInboundServiceContextImpl.sendResponseBody(HttpInboundServiceContextImpl.java:797)
	at com.ibm.ws.http.channel.internal.outbound.HttpOutputStreamImpl.flushBuffers(HttpOutputStreamImpl.java:514)
	at com.ibm.ws.http.channel.internal.outbound.HttpOutputStreamImpl.writeToBuffers(HttpOutputStreamImpl.java:312)
	at com.ibm.ws.http.channel.internal.outbound.HttpOutputStreamImpl.write(HttpOutputStreamImpl.java:655)
	at com.ibm.ws.webcontainer.osgi.response.WCOutputStream.write(WCOutputStream.java:250)
	at com.ibm.ws.webcontainer31.osgi.response.WCOutputStream31.write(WCOutputStream31.java:217)
	at com.ibm.ws.webcontainer.servlet.FileServletWrapper.writeByBytes(FileServletWrapper.java:1019)
	at com.ibm.ws.webcontainer.servlet.FileServletWrapper.writeResponseToClient(FileServletWrapper.java:962)
	at com.ibm.ws.webcontainer.servlet.FileServletWrapper.service(FileServletWrapper.java:695)
	... 33 more

Dump of callerThis
Object type = com.ibm.ws.webcontainer.filter.WebAppFilterChain
  _filters = class java.util.ArrayList@8ad03d4
    serialVersionUID = 8683452581122892189
    DEFAULT_CAPACITY = 10
    EMPTY_ELEMENTDATA = class java.lang.Object[0]
    DEFAULTCAPACITY_EMPTY_ELEMENTDATA = class java.lang.Object[0]
    elementData = class java.lang.Object[5]
      Object[0] = class com.ibm.ws.webcontainer.filter.FilterInstanceWrapper@2dfe839b
      Object[1] = class com.ibm.ws.webcontainer.filter.FilterInstanceWrapper@3ac248ad
      Object[2] = null
      Object[3] = null
      Object[4] = null
    size = 2
    MAX_ARRAY_SIZE = 2147483639
    modCount = 2
    MAX_ARRAY_SIZE = 2147483639
  _currentFilterIndex = 2
  _numberOfFilters = 2
  requestProcessor = class com.ibm.ws.webcontainer.osgi.extension.DefaultExtensionProcessor@59b7b557
    PARAM_DEFAULT_PAGE = "default.page"
    PARAM_BUFFER_SIZE = "bufferSize"
    WEB_INF_DIR = "WEB-INF/"
    META_INF_DIR = "META-INF/"
    nls = class com.ibm.ejs.ras.TraceNLS@174636e9
      resolver = class com.ibm.ws.logging.internal.TraceNLSResolver@6a726f23
      finder = null
      ivBundleName = "com.ibm.ws.webcontainer.resources.Messages"
      caller = class java.lang.Class@73bf28c4
    logger = class com.ibm.ws.logging.internal.WsLogger@222a14a5
      tc = class com.ibm.websphere.ras.TraceComponent@386e8ca8
      ivCachedResourceBundleName = null
      ivCachedResourceBundle = null
      ivComponent = null
      ivOrganization = null
      ivProduct = null
      ivMinimumLocalizationLevelIntValue = 625
      ivTC = class com.ibm.websphere.ras.TraceComponent@734865ff
      loggerRegistrationComponent = class java.lang.ThreadLocal@3dfb631f
      emptyHandlers = class java.util.logging.Handler[0]
      offValue = 2147483647
      SYSTEM_LOGGER_RB_NAME = "sun.util.logging.resources.logging"
      SYSTEM_BUNDLE = class java.util.logging.Logger$LoggerBundle@be9eaac
      NO_RESOURCE_BUNDLE = class java.util.logging.Logger$LoggerBundle@8a26f9d
      manager = class com.ibm.ws.kernel.boot.logging.WsLogManager@6ea7060d
      name = "com.ibm.ws.webcontainer.extension"
      handlers = class java.util.concurrent.CopyOnWriteArrayList@70289529
      loggerBundle = class java.util.logging.Logger$LoggerBundle@42b3be73
      useParentHandlers = true
      filter = null
      anonymous = false
      catalog = class com.ibm.ws.webcontainer.resources.Messages@2aa5b63d
      catalogName = "com.ibm.ws.webcontainer.resources.Messages"
      catalogLocale = class java.util.Locale@7c644a0a
      treeLock = class java.lang.Object@4f4360b9
      parent = class com.ibm.ws.logging.internal.WsLogger@79dd706b
      kids = null
      levelObject = class java.util.logging.Level@7ece3533
      levelValue = 800
      callersClassLoaderRef = class java.lang.ref.WeakReference@4be0391d
      isSystemLogger = false
      GLOBAL_LOGGER_NAME = "global"
      global = class java.util.logging.Logger@66fa963a
      $assertionsDisabled = true
    CLASS_NAME = "com.ibm.ws.webcontainer.extension.DefaultExtensionProcessor"
    defaultBufferSize = 4096
    esiControl = "max-age=300,cacheid="URL",content="ESI/1.0+""
    extendedDocumentRoot = null
    preFragmentExtendedDocumentRoot = null
    DEFAULT_MAPPING = "/*"
    patternList = class java.util.ArrayList@5062e074
      serialVersionUID = 8683452581122892189
      DEFAULT_CAPACITY = 10
      EMPTY_ELEMENTDATA = class java.lang.Object[0]
      DEFAULTCAPACITY_EMPTY_ELEMENTDATA = class java.lang.Object[0]
      elementData = class java.lang.Object[10]
      size = 1
      MAX_ARRAY_SIZE = 2147483639
      modCount = 1
      MAX_ARRAY_SIZE = 2147483639
    optimizeFileServingSizeGlobal = -1
    optimizeFileServingSize = -1
    useOriginalRequestState = false
    handlingRequestWithOverridenPath = false
    DEFAULT_DENY_EXTENSIONS = class java.util.ArrayList@5a111bb4
      serialVersionUID = 8683452581122892189
      DEFAULT_CAPACITY = 10
      EMPTY_ELEMENTDATA = class java.lang.Object[0]
      DEFAULTCAPACITY_EMPTY_ELEMENTDATA = class java.lang.Object[0]
      elementData = class java.lang.Object[10]
      size = 4
      MAX_ARRAY_SIZE = 2147483639
      modCount = 4
      MAX_ARRAY_SIZE = 2147483639
    denyPatterns = class com.ibm.wsspi.webcontainer40.util.URIMatcher40@7c468f61
      logger = class com.ibm.ws.logging.internal.WsLogger@1c122dca
      CLASS_NAME = "com.ibm.wsspi.webcontainer40.util.URIMatcher40"
      logger = class com.ibm.ws.logging.internal.WsLogger@cfcffcc
      CLASS_NAME = "com.ibm.wsspi.webcontainer.util.URIMatcher"
      SERVLET_PATH_FOR_DEFAULT_MAPPING = true
      root = class com.ibm.ws.webcontainer.util.ClauseNode@1e8bbc35
      extensions = class java.util.HashMap@791cfd4a
      starString = "*"
      defaultNode = null
      range = 91
    redirectToWelcomeFile = false
    cmd = null
    platformHelper = class com.ibm.ws.webcontainer.PlatformHelper@e3b3370
    params = class java.util.HashMap@491d0383
      serialVersionUID = 362498820763181265
      DEFAULT_INITIAL_CAPACITY = 16
      MAXIMUM_CAPACITY = 1073741824
      DEFAULT_LOAD_FACTOR = 0.75
      TREEIFY_THRESHOLD = 8
      UNTREEIFY_THRESHOLD = 6
      MIN_TREEIFY_CAPACITY = 64
      table = null
      entrySet = null
      size = 0
      modCount = 0
      threshold = 0
      loadFactor = 0.75
      keySet = null
      values = null
    welcomeFileList = class java.util.ArrayList@1b836daf
      serialVersionUID = 8683452581122892189
      DEFAULT_CAPACITY = 10
      EMPTY_ELEMENTDATA = class java.lang.Object[0]
      DEFAULTCAPACITY_EMPTY_ELEMENTDATA = class java.lang.Object[0]
      elementData = class java.lang.Object[10]
      size = 1
      MAX_ARRAY_SIZE = 2147483639
      modCount = 1
      MAX_ARRAY_SIZE = 2147483639
    _webapp = class com.ibm.ws.webcontainer40.osgi.webapp.WebApp40@2cff2055
    collabHelper = class com.ibm.ws.webcontainer.osgi.collaborator.CollaboratorHelperImpl@53f6c439
      webAppInvCollabs = class java.util.Collections$UnmodifiableSet@225731ea
      securityDomainForApp = "com.ibm.ws.management"
      logger = class com.ibm.ws.logging.internal.WsLogger@6222442f
      staticDefaultSecurityCollaborator = class com.ibm.ws.webcontainer.collaborator.WebAppSecurityCollaborator@35bf5402
      logger = class com.ibm.ws.logging.internal.WsLogger@77e0ebe0
      CLASS_NAME = "com.ibm.wsspi.webcontainer.collaborator.CollaboratorHelper"
      webApp = class com.ibm.ws.webcontainer40.osgi.webapp.WebApp40@2cff2055
      securityCollaborator = class com.ibm.ws.webcontainer.security.admin.internal.WebAdminSecurityCollaboratorImpl@2521c79c
      nameSpaceCollaborator = class com.ibm.ws.webcontainer.osgi.collaborator.WebAppNameSpaceCollaboratorImpl@401cd84
      transactionCollaborator = class com.ibm.ws.transaction.services.WebAppTransactionCollaboratorImpl@6a81a35e
      connectionCollaborator = class com.ibm.ws.webcontainer.collaborator.ConnectionCollaborator@713ca0f
      allCollabEnum = class java.util.RegularEnumSet@484391ab
      servlet_23_or_greater = true
      DEFER_SERVLET_REQUEST_LISTENER_DESTROY_ON_ERROR = false
    webAppNameSpaceCollab = class com.ibm.ws.webcontainer.osgi.collaborator.WebAppNameSpaceCollaboratorImpl@401cd84
      cmdai = class com.ibm.ws.threadContext.ComponentMetaDataAccessorImpl@c984118
    secCollab = class com.ibm.ws.webcontainer.security.admin.internal.WebAdminSecurityCollaboratorImpl@2521c79c
      webAdminSecConfig = class com.ibm.ws.webcontainer.security.admin.internal.WebAdminSecurityConfigImpl@6568d187
      secMetadata = null
      unauthenticatedSubjectService = null
      serialVersionUID = 4217276313383426720
      $$$tc$$$ = class com.ibm.websphere.ras.TraceComponent@309817d5
      tc = class com.ibm.websphere.ras.TraceComponent@16d6fb47
      KEY_ID = "id"
      KEY_SERVICE_ID = "service.id"
      KEY_COMPONENT_NAME = "component.name"
      KEY_SECURITY_SERVICE = "securityService"
      KEY_TAI_SERVICE = "taiService"
      KEY_INTERCEPTOR_SERVICE = "interceptorService"
      KEY_JACC_SERVICE = "jaccService"
      JASPI_SERVICE_COMPONENT_NAME = "com.ibm.ws.security.jaspi"
      KEY_WEB_AUTHENTICATOR = "webAuthenticator"
      KEY_UNPROTECTED_RESOURCE_SERVICE = "unprotectedResourceService"
      KEY_CONFIG_CHANGE_LISTENER = "webAppSecurityConfigChangeListener"
      DELEGATION_USERS_LIST = "DELEGATION_USERS_LIST"
      webAuthenticatorRef = class com.ibm.wsspi.kernel.service.utils.ConcurrentServiceReferenceMap@c5ed348
      unprotectedResourceServiceRef = class com.ibm.wsspi.kernel.service.utils.ConcurrentServiceReferenceMap@21dea594
      taiServiceRef = class com.ibm.wsspi.kernel.service.utils.AtomicServiceReference@771fd5fd
      interceptorServiceRef = class com.ibm.wsspi.kernel.service.utils.ConcurrentServiceReferenceMap@17585b18
      securityServiceRef = class com.ibm.wsspi.kernel.service.utils.AtomicServiceReference@6a4a6177
      jaccServiceRef = class com.ibm.wsspi.kernel.service.utils.AtomicServiceReference@3e6c8baf
      webAppSecurityConfigchangeListenerRef = class com.ibm.wsspi.kernel.service.utils.ConcurrentServiceReferenceSet@375501a2
      KEY_LOCATION_ADMIN = "locationAdmin"
      locationAdminRef = class com.ibm.wsspi.kernel.service.utils.AtomicServiceReference@62800ccb
      PERMIT_REPLY = class com.ibm.ws.webcontainer.security.internal.PermitReply@5b788835
      DENY_AUTHZ_FAILED = class com.ibm.ws.webcontainer.security.internal.DenyReply@1134106
      AUTH_TYPE = "AUTH_TYPE"
      SECURITY_CONTEXT = "SECURITY_CONTEXT"
      ALL_AUTHENTICATED_ROLE = "**"
      STARSTAR_ROLE = "_starstar_"
      globalConfig = class com.ibm.ws.webcontainer.security.internal.extended.WebAppSecurityConfigImplExtended@1e540897
      globalWebAuthenticatorFactory = class com.ibm.ws.webcontainer.security.internal.extended.WebAuthenticatorFactoryImplExtended@7c50b9c2
      currentProps = class java.util.HashMap@63f6bf5d
      authenticatorFactory = class com.ibm.ws.webcontainer.security.internal.extended.WebAuthenticatorFactoryImplExtended@7c50b9c2
      webAppSecConfig = class com.ibm.ws.webcontainer.security.admin.internal.WebAdminSecurityConfigImpl@6568d187
      authenticateApi = class com.ibm.ws.webcontainer.security.extended.AuthenticateApiExtended@7876d954
      postParameterHelper = class com.ibm.ws.webcontainer.security.PostParameterHelper@46d8667d
      collabUtils = class com.ibm.ws.security.collaborator.CollaboratorUtils@3f3f59cd
      subjectHelper = class com.ibm.ws.security.authentication.utility.SubjectHelper@69e50520
      subjectManager = class com.ibm.ws.security.context.SubjectManager@2717dd31
      httpsRedirectHandler = class com.ibm.ws.webcontainer.security.internal.HTTPSRedirectHandler@2279ac20
      auditManager = class com.ibm.websphere.security.audit.context.AuditManager@674d6893
      extraAuditData = class java.util.HashMap@2640bd5f
      authenticatorProxy = class com.ibm.ws.webcontainer.security.extended.WebAuthenticatorProxyExtended@3fa712f3
      providerAuthenticatorProxy = class com.ibm.ws.webcontainer.security.extended.WebProviderAuthenticatorProxyExtended@4dbae74f
      unauthenticatedSubjectService = class com.ibm.ws.security.authentication.internal.UnauthenticatedSubjectServiceImpl@5050a18b
      wasch = class com.ibm.ws.webcontainer.security.admin.internal.WebAdminSecurityCollaboratorImpl@2521c79c
      provisionerService = class com.ibm.ws.kernel.feature.internal.FeatureManager@5cd542e2
      isJaspiEnabled = true
      savedSubject = null
      isActive = true
      serialVersionUID = 5148902986640090414
    exposeWebInfOnDispatch = false
    extensionContext = class com.ibm.ws.webcontainer40.osgi.webapp.WebApp40@2cff2055
  _filtersDefined = true
  logger = class com.ibm.ws.logging.internal.WsLogger@d5701cd
    tc = class com.ibm.websphere.ras.TraceComponent@386e8ca8
      strings[0] = "TraceComponent[com.ibm.ws.logging.internal.WsLogger,class com.ibm.ws.logging.internal.WsLogger,[logging],com.ibm.ws.logging.internal.resources.LoggingMessages,null]"
    ivCachedResourceBundleName = null
    ivCachedResourceBundle = null
    ivComponent = null
    ivOrganization = null
    ivProduct = null
    ivMinimumLocalizationLevelIntValue = 625
    ivTC = class com.ibm.websphere.ras.TraceComponent@38d53c81
      strings[0] = "TraceComponent[com.ibm.ws.webcontainer.filter,class com.ibm.wsspi.webcontainer.logging.LoggerFactory$1,[com.ibm.ws.webcontainer.filter],null,null]"
    loggerRegistrationComponent = class java.lang.ThreadLocal@3dfb631f
      threadLocalHashCode = -1366260430
      nextHashCode = class java.util.concurrent.atomic.AtomicInteger@15c47f52
      HASH_INCREMENT = 1640531527
    emptyHandlers = class java.util.logging.Handler[0]
    offValue = 2147483647
    SYSTEM_LOGGER_RB_NAME = "sun.util.logging.resources.logging"
    SYSTEM_BUNDLE = class java.util.logging.Logger$LoggerBundle@be9eaac
      resourceBundleName = "sun.util.logging.resources.logging"
      userBundle = null
    NO_RESOURCE_BUNDLE = class java.util.logging.Logger$LoggerBundle@8a26f9d
      resourceBundleName = null
      userBundle = null
    manager = class com.ibm.ws.kernel.boot.logging.WsLogManager@6ea7060d
      CLASS_NAME = "com.ibm.ws.kernel.boot.logging.WsLogManager"
      CONFIGURE_BY_SERVER_PROPERTY_NAME = "java.util.logging.configureByServer"
      CONFIGURE_BY_LOGGING_PROPERTIES_FILE = "java.util.logging.configureByLoggingPropertiesFile"
      configureByServer = true
      configureByLoggingProperties = false
      wsLogger = class java.lang.reflect.Constructor@25e9a2d
      resetEnabled = true
      svBinaryLoggingEnable = false
      manager = class com.ibm.ws.kernel.boot.logging.WsLogManager@6ea7060d
      props = class java.util.Properties@21bc2b5
      defaultLevel = class java.util.logging.Level@7ece3533
      listenerMap = class java.util.HashMap@e352d4d
      systemContext = class java.util.logging.LogManager$SystemLoggerContext@78cc5154
      userContext = class java.util.logging.LogManager$LoggerContext@3e3abafe
      rootLogger = class java.util.logging.LogManager$RootLogger@6268d9e6
      readPrimordialConfiguration = true
      initializedGlobalHandlers = true
      deathImminent = false
      initializedCalled = true
      initializationDone = true
      contextsMap = null
      loggerRefQueue = class java.lang.ref.ReferenceQueue@4590cfa3
      MAX_ITERATIONS = 400
      controlPermission = class java.util.logging.LoggingPermission@5fcc60b4
      loggingMXBean = null
      LOGGING_MXBEAN_NAME = "java.util.logging:type=Logging"
      $assertionsDisabled = true
    name = "com.ibm.ws.webcontainer.filter"
    handlers = class java.util.concurrent.CopyOnWriteArrayList@7598c18e
      serialVersionUID = 8673264195747942595
      lock = class java.util.concurrent.locks.ReentrantLock@22ac243b
      array = class java.lang.Object[0]
      UNSAFE = class sun.misc.Unsafe@7db3563b
      lockOffset = 12
    loggerBundle = class java.util.logging.Logger$LoggerBundle@31e0f91b
      resourceBundleName = "com.ibm.ws.webcontainer.resources.Messages"
      userBundle = null
    useParentHandlers = true
    filter = null
    anonymous = false
    catalog = class com.ibm.ws.webcontainer.resources.Messages@2aa5b63d
      resources = class [Ljava.lang.Object;[334]
      lookup = class java.util.HashMap@4eee8036
      INITIAL_CACHE_SIZE = 32
      NONEXISTENT_BUNDLE = class java.util.ResourceBundle$1@35aa1da2
      cacheList = class java.util.concurrent.ConcurrentHashMap@441d443c
      referenceQueue = class java.lang.ref.ReferenceQueue@7ec893b9
      parent = null
      locale = class java.util.Locale@35947900
      name = "com.ibm.ws.webcontainer.resources.Messages"
      expired = false
      cacheKey = class java.util.ResourceBundle$CacheKey@50b6251d
      keySet = null
      providers = null
      $assertionsDisabled = true
    catalogName = "com.ibm.ws.webcontainer.resources.Messages"
    catalogLocale = class java.util.Locale@7c644a0a
      LOCALECACHE = class java.util.Locale$Cache@ee836c8
      ENGLISH = class java.util.Locale@698e8c17
      FRENCH = class java.util.Locale@2b1ae57
      GERMAN = class java.util.Locale@19713ebc
      ITALIAN = class java.util.Locale@56e0152c
      JAPANESE = class java.util.Locale@4b13d5d3
      KOREAN = class java.util.Locale@445f19f0
      CHINESE = class java.util.Locale@544b4b19
      SIMPLIFIED_CHINESE = class java.util.Locale@2d46dc9
      TRADITIONAL_CHINESE = class java.util.Locale@573c9d0d
      FRANCE = class java.util.Locale@6b109e83
      GERMANY = class java.util.Locale@658d137b
      ITALY = class java.util.Locale@44968026
      JAPAN = class java.util.Locale@77f1b94c
      KOREA = class java.util.Locale@187ad5b7
      CHINA = class java.util.Locale@2d46dc9
      PRC = class java.util.Locale@2d46dc9
      TAIWAN = class java.util.Locale@573c9d0d
      UK = class java.util.Locale@15610b08
      US = class java.util.Locale@7c644a0a
      CANADA = class java.util.Locale@65862e32
      CANADA_FRENCH = class java.util.Locale@1f47c017
      ROOT = class java.util.Locale@35947900
      PRIVATE_USE_EXTENSION = x
      UNICODE_LOCALE_EXTENSION = u
      serialVersionUID = 9149081749638150636
      DISPLAY_LANGUAGE = 0
      DISPLAY_COUNTRY = 1
      DISPLAY_VARIANT = 2
      DISPLAY_SCRIPT = 3
      baseLocale = class sun.util.locale.BaseLocale@515e6925
      localeExtensions = null
      hashCodeValue = 96636889
      defaultLocale = class java.util.Locale@7c644a0a
      defaultDisplayLocale = null
      defaultFormatLocale = class java.util.Locale@7c644a0a
      languageTag = "en-US"
      serialPersistentFields = class java.io.ObjectStreamField[6]
      isoLanguages = null
      isoCountries = null
      $assertionsDisabled = true
    treeLock = class java.lang.Object@4f4360b9
    parent = class com.ibm.ws.logging.internal.WsLogger@79dd706b
      tc = class com.ibm.websphere.ras.TraceComponent@386e8ca8
      ivCachedResourceBundleName = "com.ibm.ws.webcontainer.resources.Messages"
      ivCachedResourceBundle = class com.ibm.ws.webcontainer.resources.Messages@2aa5b63d
      ivComponent = null
      ivOrganization = null
      ivProduct = null
      ivMinimumLocalizationLevelIntValue = 625
      ivTC = class com.ibm.websphere.ras.TraceComponent@2904a3fd
      loggerRegistrationComponent = class java.lang.ThreadLocal@3dfb631f
      emptyHandlers = class java.util.logging.Handler[0]
      offValue = 2147483647
      SYSTEM_LOGGER_RB_NAME = "sun.util.logging.resources.logging"
      SYSTEM_BUNDLE = class java.util.logging.Logger$LoggerBundle@be9eaac
      NO_RESOURCE_BUNDLE = class java.util.logging.Logger$LoggerBundle@8a26f9d
      manager = class com.ibm.ws.kernel.boot.logging.WsLogManager@6ea7060d
      name = "com.ibm.ws.webcontainer"
      handlers = class java.util.concurrent.CopyOnWriteArrayList@6f92af1a
      loggerBundle = class java.util.logging.Logger$LoggerBundle@ddd8b05
      useParentHandlers = true
      filter = null
      anonymous = false
      catalog = class com.ibm.ws.webcontainer.resources.Messages@2aa5b63d
      catalogName = "com.ibm.ws.webcontainer.resources.Messages"
      catalogLocale = class java.util.Locale@7c644a0a
      treeLock = class java.lang.Object@4f4360b9
      parent = class java.util.logging.Logger@516b9c3d
      kids = class java.util.ArrayList@3f823d3e
      levelObject = class java.util.logging.Level@7ece3533
      levelValue = 800
      callersClassLoaderRef = class java.lang.ref.WeakReference@4512bfab
      isSystemLogger = false
      GLOBAL_LOGGER_NAME = "global"
      global = class java.util.logging.Logger@66fa963a
      $assertionsDisabled = true
    kids = null
    levelObject = class java.util.logging.Level@7ece3533
      defaultBundle = "sun.util.logging.resources.logging"
      name = "INFO"
      value = 800
      resourceBundleName = "sun.util.logging.resources.logging"
      localizedLevelName = "INFO"
      cachedLocale = class java.util.Locale@7c644a0a
      OFF = class java.util.logging.Level@7204f88c
      SEVERE = class java.util.logging.Level@10e57c15
      WARNING = class java.util.logging.Level@76fa7a88
      INFO = class java.util.logging.Level@7ece3533
      CONFIG = class java.util.logging.Level@6357ffe5
      FINE = class java.util.logging.Level@3642ab9b
      FINER = class java.util.logging.Level@dfc6c92
      FINEST = class java.util.logging.Level@28f7799f
      ALL = class java.util.logging.Level@748303b3
      serialVersionUID = -8176160795706313070
    levelValue = 800
    callersClassLoaderRef = class java.lang.ref.WeakReference@20a414fa
      referent = class org.eclipse.osgi.internal.loader.EquinoxClassLoader@41ffc5db
      queue = class java.lang.ref.ReferenceQueue$Null@5a3cd80
      next = null
      discovered = null
      lock = class java.lang.ref.Reference$Lock@1b7c8b9d
      pending = null
    isSystemLogger = false
    GLOBAL_LOGGER_NAME = "global"
    global = class java.util.logging.Logger@66fa963a
      emptyHandlers = class java.util.logging.Handler[0]
      offValue = 2147483647
      SYSTEM_LOGGER_RB_NAME = "sun.util.logging.resources.logging"
      SYSTEM_BUNDLE = class java.util.logging.Logger$LoggerBundle@be9eaac
      NO_RESOURCE_BUNDLE = class java.util.logging.Logger$LoggerBundle@8a26f9d
      manager = class com.ibm.ws.kernel.boot.logging.WsLogManager@6ea7060d
      name = "global"
      handlers = class java.util.concurrent.CopyOnWriteArrayList@2d62b98f
      loggerBundle = class java.util.logging.Logger$LoggerBundle@8a26f9d
      useParentHandlers = true
      filter = null
      anonymous = false
      catalog = null
      catalogName = null
      catalogLocale = null
      treeLock = class java.lang.Object@4f4360b9
      parent = class java.util.logging.LogManager$RootLogger@6268d9e6
      kids = null
      levelObject = null
      levelValue = 800
      callersClassLoaderRef = null
      isSystemLogger = true
      GLOBAL_LOGGER_NAME = "global"
      global = class java.util.logging.Logger@66fa963a
      $assertionsDisabled = true
    $assertionsDisabled = true
  CLASS_NAME = "com.ibm.ws.webcontainer.filter.WebAppFilterChain"
  webapp = class com.ibm.ws.webcontainer40.osgi.webapp.WebApp40@2cff2055
    tc = class com.ibm.websphere.ras.TraceComponent@3eff2db0
      strings[0] = "TraceComponent[com.ibm.ws.webcontainer40.osgi.webapp.WebApp40,class com.ibm.ws.webcontainer40.osgi.webapp.WebApp40,[webcontainer],com.ibm.ws.webcontainer31.resources.Messages,null]"
    servlet40NLS = class com.ibm.ejs.ras.TraceNLS@69919a77
      resolver = class com.ibm.ws.logging.internal.TraceNLSResolver@6a726f23
      finder = null
      ivBundleName = "com.ibm.ws.webcontainer40.resources.Messages"
      caller = class java.lang.Class@6992507b
    CLASS_NAME = "com.ibm.ws.webcontainer40.osgi.webapp.WebApp40"
    defaultSessionTimeout = 30
    tc = class com.ibm.websphere.ras.TraceComponent@7c51c076
      strings[0] = "TraceComponent[com.ibm.ws.webcontainer31.osgi.webapp.WebApp31,class com.ibm.ws.webcontainer31.osgi.webapp.WebApp31,[webcontainer],com.ibm.ws.webcontainer31.resources.Messages,null]"
    CLASS_NAME = "com.ibm.ws.webcontainer31.osgi.webapp.WebApp31"
    servlet31NLS = class com.ibm.ejs.ras.TraceNLS@18ea5882
      resolver = class com.ibm.ws.logging.internal.TraceNLSResolver@6a726f23
      finder = null
      ivBundleName = "com.ibm.ws.webcontainer31.resources.Messages"
      caller = class java.lang.Class@2a1350bc
    validListenerClasses = class java.lang.Class[7]
      Class[0] = class java.lang.Class@7d957595
      Class[1] = class java.lang.Class@6772801f
      Class[2] = class java.lang.Class@4d5bb32e
      Class[3] = class java.lang.Class@4a7fa30a
      Class[4] = class java.lang.Class@1c905e0d
      Class[5] = class java.lang.Class@6f1157f8
      Class[6] = class java.lang.Class@373602a5
    wsocServHandler = class com.ibm.ws.wsoc.external.WsocHandlerImpl@6a7be59
      tc = class com.ibm.websphere.ras.TraceComponent@45d8763d
      noMoreAddsCalled = true
      serialVersionUID = -2067291126638824067
    tc = class com.ibm.websphere.ras.TraceComponent@6e491cd3
      strings[0] = "TraceComponent[com.ibm.ws.webcontainer.osgi.webapp.WebApp,class com.ibm.ws.webcontainer.osgi.webapp.WebApp,[webcontainer],com.ibm.ws.webcontainer.resources.LShimMessages,null]"
    CLASS_NAME = "com.ibm.ws.webcontainer.osgi.webapp.WebApp"
    metaDataService = class com.ibm.ws.container.service.metadata.internal.MetaDataServiceImpl@7c65e89b
      applicationMetaDataManager = class com.ibm.ws.container.service.metadata.internal.ApplicationMetaDataManager@39481e42
      moduleMetaDataManager = class com.ibm.ws.container.service.metadata.internal.ModuleMetaDataManager@2ae0b375
      componentMetaDataManager = class com.ibm.ws.container.service.metadata.internal.ComponentMetaDataManager@4692b301
      methodMetaDataManager = class com.ibm.ws.container.service.metadata.internal.MethodMetaDataManager@628e3b30
      appModuleNameToModuleContainer = class java.util.concurrent.ConcurrentHashMap@1bcd832d
      jeeNameToComponentMetaData = class java.util.concurrent.ConcurrentHashMap@3499f03a
      deferredMetaDataFactories = class com.ibm.wsspi.kernel.service.utils.ConcurrentServiceReferenceSet@67c05713
      deferredMetaDataInitializers = class com.ibm.wsspi.kernel.service.utils.ConcurrentServiceReferenceMap@7484a760
      serialVersionUID = -2494605732980966097
      $$$tc$$$ = class com.ibm.websphere.ras.TraceComponent@6e565e47
    namespacePopulated = false
    referenceContext = class com.ibm.ws.injectionengine.osgi.internal.OSGiReferenceContextImpl@b826948
      scopeData = class com.ibm.ws.injectionengine.osgi.internal.OSGiInjectionScopeData@67d92d47
      serialVersionUID = 521511923892134915
      $$$tc$$$ = class com.ibm.websphere.ras.TraceComponent@73014d8c
      CLASS_NAME = "com.ibm.ws.injectionengine.ReferenceContextImpl"
      tc = class com.ibm.websphere.ras.TraceComponent@35f318c8
      ivInjectionEngine = class com.ibm.ws.injectionengine.osgi.internal.OSGiInjectionEngineImpl@7fa2de97
      ivProviders = class java.util.ArrayList@e3e4b07
      ivComponentJavaContext = null
      ivComponentNameSpace = null
      ivJavaColonCompEnvMap = class java.util.LinkedHashMap@186ffaab
      ivEjbContext10 = class java.util.Properties@3184d569
      ivResourceRefConfigList = class com.ibm.ws.resource.internal.ResourceRefConfigListImpl@1edf652f
      isAlreadyProcessed = true
      ivProcessFailure = null
      ivInjectionTargetMap = class java.util.concurrent.ConcurrentHashMap@583bf3a8
      svInjTarMapCacheSize = 256
      ivDeclaredInjectionTargets = class java.util.HashMap@2421eddb
      ivProcessedInjectionClasses = class java.util.HashSet@437cf156
      svInjClassMapCacheSize = 512
      ivProcessedInjectionBindings = class java.util.LinkedHashSet@54c45bcd
      ivAnyProcessDynamic = true
      ivCheckAppConfig = false
    j2eeNameFactory = class com.ibm.ws.container.service.metadata.internal.J2EENameFactoryImpl@1993d6c9
      serialVersionUID = 3486344295038028821
      $$$tc$$$ = class com.ibm.websphere.ras.TraceComponent@20d06f67
    moduleLoader = class org.eclipse.osgi.internal.loader.EquinoxClassLoader@414e2ab1
      EQUINOX_REGISTERED_AS_PARALLEL = true
      configuration = class org.eclipse.osgi.internal.framework.EquinoxConfiguration@3a78636
      debug = class org.eclipse.osgi.internal.debug.Debug@78c4be58
      delegate = class org.eclipse.osgi.internal.loader.BundleLoader@1d59069c
      generation = class org.eclipse.osgi.storage.BundleInfo$Generation@67b92f0a
      manager = class org.eclipse.osgi.internal.loader.classpath.ClasspathManager@4c370df0
      isRegisteredAsParallel = true
      ALLPERMISSIONS = class java.security.AllPermissionCollection@739ea476
      REGISTERED_AS_PARALLEL = true
      classNameLocks = class java.util.HashMap@2ef5e223
      pkgLock = class java.lang.Object@7bcd6c87
      parent = class com.ibm.ws.kernel.internal.classloader.BootstrapChildFirstJarClassloader@377dca04
      parallelLockMap = class java.util.concurrent.ConcurrentHashMap@f61b683
      package2certs = class java.util.concurrent.ConcurrentHashMap@95a0e0d
      nocerts = class java.security.cert.Certificate[0]
      classes = class java.util.Vector@83f11ff
      defaultDomain = class java.security.ProtectionDomain@1886fd2b
      packages = class java.util.HashMap@1ad19516
      scl = class sun.misc.Launcher$AppClassLoader@18b4aac2
      sclSet = true
      loadedLibraryNames = class java.util.Vector@27b3f5ff
      systemNativeLibraries = class java.util.Vector@74bd2a8
      nativeLibraries = class java.util.Vector@4322da27
      nativeLibraryContext = class java.util.Stack@1ec9ed06
      usr_paths = class java.lang.String[7]
      sys_paths = class java.lang.String[1]
      assertionLock = class java.lang.Object@33e29b55
      defaultAssertionStatus = false
      packageAssertionStatus = null
      classAssertionStatus = null
    webAppConfig = class com.ibm.ws.webcontainer.osgi.webapp.WebAppConfiguration@227de6d4
      webModuleMetaData = class com.ibm.ws.webcontainer.osgi.metadata.WebModuleMetaDataImpl@1cd5e1fc
      webComponentMetaData = class com.ibm.ws.webcontainer.osgi.metadata.WebComponentMetaDataImpl@5a90e683
      dVirtualHost = class com.ibm.ws.webcontainer.osgi.DynamicVirtualHost@3c04feee
      orderedLibPaths = class java.util.Collections$UnmodifiableRandomAccessList@4a610a28
      bundleHeaders = class org.eclipse.osgi.storage.BundleInfo$CachedManifest@97782fd
      cdiEnabled = false
      CLASS_NAME = "com.ibm.ws.webcontainer.webapp.WebAppConfiguration"
      logger = class com.ibm.ws.logging.internal.WsLogger@5a59020
      tc = class com.ibm.websphere.ras.TraceComponent@5b24f53d
      nls = class com.ibm.ejs.ras.TraceNLS@516f354f
      version = 30
      contextRoot = "/adminCenter"
      isDefaultContextRootUsed = false
      sessionTimeout = 0
      moduleSessionTimeoutSet = false
      moduleSessionTrackingModeSet = false
      sessionCookieConfig = class com.ibm.ws.session.SessionCookieConfigImpl@3846fc88
      hasProgrammaticCookieConfig = false
      sessionDefaultTrackingModeSet = class java.util.RegularEnumSet@d13f117
      sessionManagerConfig = class com.ibm.ws.session.SessionManagerConfig@698434eb
      displayName = "The Liberty Admin Center"
      description = "The Liberty Admin Center is the administrative user interface for the Liberty server"
      reloadInterval = 0
      distributable = false
      denyUncoveredHttpMethods = false
      reloadingEnabled = false
      serveServletsByClassnameEnabled = false
      defaultErrorPage = null
      additionalClassPath = null
      fileServingEnabled = true
      directoryBrowsingEnabled = false
      autoRequestEncoding = false
      autoResponseEncoding = false
      autoLoadFilters = false
      requestListeners = null
      requestAttributeListeners = null
      sessionListeners = null
      localeMap = null
      moduleName = "com.ibm.ws.ui"
      j2eeModuleName = "com.ibm.ws.ui"
      moduleId = null
      isSyncToThreadEnabled = false
      encodeDispatchedRequestURI = false
      isSystemApp = false
      ardEnabled = false
      ardDispatchType = null
      listeners = class java.util.ArrayList@2cf2a073
      welcomeFileList = class java.util.ArrayList@1b836daf
      servletMappings = class java.util.HashMap@49f2def
      lastIndexBeforeDeclaredFilters = 1
      filterMappings = class java.util.ArrayList@b322348
      servletInfo = class java.util.concurrent.ConcurrentHashMap@193be070
      filterInfo = class java.util.HashMap@20732a1c
      mimeMappings = class java.util.HashMap@5dfe9ba8
      mimeFilters = null
      isMimeFilteringEnabled = false
      theWebGroup = null
      jspAttributes = class java.util.HashMap@47cccb3c
      fileServingAttributes = class java.util.HashMap@491d0383
      invokerAttributes = class java.util.HashMap@1328bd5
      contextParams = class java.util.HashMap@38286225
      virtualHost = "default_host"
      exceptionErrorPages = class java.util.HashMap@11229d53
      codeErrorPages = class java.util.HashMap@30162160
      tagLibList = null
      precompileJsps = false
      webApp = class com.ibm.ws.webcontainer40.osgi.webapp.WebApp40@2cff2055
      virtualHostList = class java.util.Collections$EmptyList@25ef7894
      appStartupWeight = 0
      moduleStartupWeight = 0
      metaDataComplete = false
      classesToScan = class java.util.ArrayList@5ead0f46
      uriFilterMappingInfos = class java.util.ArrayList@5b60c9c5
      servletFilterMappingInfos = null
      dynamicServletRegistrationMap = null
      applicationName = "com.ibm.ws.ui"
      libBinPathList = class java.util.ArrayList@5a7cfee8
      webXmlDefinedListeners = class java.util.HashSet@40906eb
      allRefs = class java.util.EnumMap@32e8ee13
      allRefBindings = class java.util.EnumMap@6f9b276a
      envEntryValues = class java.util.HashMap@52ad1fcf
      resourceRefConfigList = class com.ibm.ws.resource.internal.ResourceRefConfigListImpl@1edf652f
      disallowAllFileServingProp = "false"
      disallowServeServletsByClassnameProp = "true"
      disableStaticMappingCache = false
      jspCachedLocations = class java.util.HashMap@6b329891
      primedSTSHeader = "NoValue"
      enablemultireadofpostdata = false
      requestEncoding = null
      responseEncoding = null
      NULLSERVLETNAME = "com.ibm.ws.webcontainer.NullServletName"
      _id = "WebAppGeneratedId2"
      _attributes = null
      serialVersionUID = 7511545662945734886
      $$$tc$$$ = class com.ibm.websphere.ras.TraceComponent@23c64510
    extensionProcessingDisabled = false
    managedObjectService = class com.ibm.ws.cdi.impl.managedobject.CDIManagedObjectService@1882a79a
      cdiServiceRef = class com.ibm.wsspi.kernel.service.utils.AtomicServiceReference@7e24a793
      defaultMOSRef = class com.ibm.wsspi.kernel.service.utils.AtomicServiceReference@444ba6b5
      cdiRuntime = class com.ibm.ws.cdi.liberty.CDIRuntimeImpl@52018b45
      serialVersionUID = 6431825704414919683
      $$$tc$$$ = class com.ibm.websphere.ras.TraceComponent@652a8047
    GenPluginCfgMB = null
    internalServletMetaData = interface com.ibm.wsspi.webcontainer.metadata.WebComponentMetaData[2]
      WebComponentMetaData[0] = null
      WebComponentMetaData[1] = null
    loginProcessor = class com.ibm.ws.webcontainer.security.internal.FormLoginExtensionProcessor@3f2b569d
      tc = class com.ibm.websphere.ras.TraceComponent@72f413be
      subjectManager = class com.ibm.ws.security.context.SubjectManager@29f16b78
      authenticationService = class com.ibm.ws.security.authentication.internal.AuthenticationServiceImpl@734c8b5
      userRegistry = class com.ibm.ws.security.quickstart.internal.QuickStartSecurityRegistry@578bd01f
      securityMetadata = class com.ibm.ws.webcontainer.security.metadata.SecurityServletConfiguratorHelper@4760c8b8
      webAppSecConfig = class com.ibm.ws.webcontainer.security.admin.internal.WebAdminSecurityConfigImpl@6568d187
      ssoCookieHelper = class com.ibm.ws.webcontainer.security.SSOCookieHelperImpl@4438ccff
      appName = "com.ibm.ws.ui"
      providerAuthenticatorProxy = class com.ibm.ws.webcontainer.security.extended.WebProviderAuthenticatorProxyExtended@4dbae74f
      webAuthenticatorRef = class com.ibm.wsspi.kernel.service.utils.ConcurrentServiceReferenceMap@c5ed348
      referrerURLHandler = class com.ibm.ws.webcontainer.security.ReferrerURLCookieHandler@2f99dfad
      errorPage = null
      wac = class com.ibm.ws.webcontainer.osgi.webapp.WebAppConfiguration@227de6d4
      serialVersionUID = -8427100847400030663
      extensionContext = class com.ibm.ws.webcontainer40.osgi.webapp.WebApp40@2cff2055
    logoutProcessor = null
    collabHelper = class com.ibm.ws.webcontainer.osgi.collaborator.CollaboratorHelperImpl@53f6c439
    envObject = class com.ibm.ws.util.WSThreadLocal@d2802dd
      tc = class com.ibm.ejs.ras.TraceComponent@5ace7ccc
      count = 10
      index = 3
      SUSPECTED_MISUSAGE_THRESHOLD = 200
      threadLocalHashCode = 171455347
      nextHashCode = class java.util.concurrent.atomic.AtomicInteger@15c47f52
      HASH_INCREMENT = 1640531527
    orderedLibPaths = class java.util.Collections$UnmodifiableRandomAccessList@4a610a28
      serialVersionUID = -2542308836966382001
      serialVersionUID = -283967356065247728
      list = class java.util.ArrayList@1e0a72ca
      serialVersionUID = 1820017752578914078
      c = class java.util.ArrayList@1e0a72ca
    perm = class com.ibm.websphere.security.WebSphereRuntimePermission@60dfbd18
      serialVersionUID = -3306242789188168337
      $$$tc$$$ = class com.ibm.websphere.ras.TraceComponent@721b36a7
      serialVersionUID = 6279438298436773498
      wildcard = false
      path = "accessServletContext"
      exitVM = false
      serialVersionUID = -5636570222231596674
      name = "accessServletContext"
    WELCOME_FILE_LIST = "com.ibm.ws.webcontainer.config.WelcomeFileList"
    DIR_BROWSING_MAPPING = "__dirBrowsing__1579202012659"
    FILTER_PROXY_MAPPING = "/__filterProxy__1579202012659"
    logger = class com.ibm.ws.logging.internal.WsLogger@5a59020
      tc = class com.ibm.websphere.ras.TraceComponent@386e8ca8
      ivCachedResourceBundleName = null
      ivCachedResourceBundle = null
      ivComponent = null
      ivOrganization = null
      ivProduct = null
      ivMinimumLocalizationLevelIntValue = 625
      ivTC = class com.ibm.websphere.ras.TraceComponent@12765878
      loggerRegistrationComponent = class java.lang.ThreadLocal@3dfb631f
      emptyHandlers = class java.util.logging.Handler[0]
      offValue = 2147483647
      SYSTEM_LOGGER_RB_NAME = "sun.util.logging.resources.logging"
      SYSTEM_BUNDLE = class java.util.logging.Logger$LoggerBundle@be9eaac
      NO_RESOURCE_BUNDLE = class java.util.logging.Logger$LoggerBundle@8a26f9d
      manager = class com.ibm.ws.kernel.boot.logging.WsLogManager@6ea7060d
      name = "com.ibm.ws.webcontainer.webapp"
      handlers = class java.util.concurrent.CopyOnWriteArrayList@3164000c
      loggerBundle = class java.util.logging.Logger$LoggerBundle@13d6bffe
      useParentHandlers = true
      filter = null
      anonymous = false
      catalog = class com.ibm.ws.webcontainer.resources.Messages@2aa5b63d
      catalogName = "com.ibm.ws.webcontainer.resources.Messages"
      catalogLocale = class java.util.Locale@7c644a0a
      treeLock = class java.lang.Object@4f4360b9
      parent = class com.ibm.ws.logging.internal.WsLogger@79dd706b
      kids = null
      levelObject = class java.util.logging.Level@7ece3533
      levelValue = 800
      callersClassLoaderRef = class java.lang.ref.WeakReference@78453504
      isSystemLogger = false
      GLOBAL_LOGGER_NAME = "global"
      global = class java.util.logging.Logger@66fa963a
      $assertionsDisabled = true
    CLASS_NAME = "com.ibm.ws.webcontainer.webapp.WebApp"
    loader = class com.ibm.ws.classloading.internal.ThreadContextClassLoaderForBundles@8486813
      _bundleClassLoader = class org.eclipse.osgi.internal.loader.EquinoxClassLoader@414e2ab1
      serialVersionUID = 8490011509328773062
      $$$tc$$$ = class com.ibm.websphere.ras.TraceComponent@36084c4a
      tc = class com.ibm.websphere.ras.TraceComponent@19cb6544
      bundle = class java.util.concurrent.atomic.AtomicReference@4ea6b0ad
      key = "306"
      refCount = class java.util.concurrent.atomic.AtomicInteger@577c48c4
      appLoader = class org.eclipse.osgi.internal.loader.EquinoxClassLoader@414e2ab1
      clSvc = class com.ibm.ws.classloading.internal.ClassLoadingServiceImpl@3e65549
      serialVersionUID = 846416563800781557
      tc = class com.ibm.websphere.ras.TraceComponent@76ffef2e
      followOnClassLoaders = class java.util.ArrayList@72651c65
      serialVersionUID = 8829649920524275888
      serialVersionUID = -4868702105808481416
      $$$tc$$$ = class com.ibm.websphere.ras.TraceComponent@32319315
      serialVersionUID = 2596921220292114344
      $$$tc$$$ = class com.ibm.websphere.ras.TraceComponent@759b4ef1
      initialized = true
      pdcache = class java.util.HashMap@dcfec05
      debug = null
      parent = class com.ibm.ws.classloading.internal.GatewayClassLoader@213d9ec
      parallelLockMap = null
      package2certs = class java.util.Hashtable@57134fed
      nocerts = class java.security.cert.Certificate[0]
      classes = class java.util.Vector@31822b5a
      defaultDomain = class java.security.ProtectionDomain@18cfcbbf
      packages = class java.util.HashMap@6a92b367
      scl = class sun.misc.Launcher$AppClassLoader@18b4aac2
      sclSet = true
      loadedLibraryNames = class java.util.Vector@27b3f5ff
      systemNativeLibraries = class java.util.Vector@74bd2a8
      nativeLibraries = class java.util.Vector@613f73cd
      nativeLibraryContext = class java.util.Stack@1ec9ed06
      usr_paths = class java.lang.String[7]
      sys_paths = class java.lang.String[1]
      assertionLock = class com.ibm.ws.classloading.internal.ThreadContextClassLoaderForBundles@8486813
      defaultAssertionStatus = false
      packageAssertionStatus = null
      classAssertionStatus = null
    facade = class com.ibm.ws.webcontainer40.facade.ServletContextFacade40@485654a3
      context = class com.ibm.ws.webcontainer40.osgi.webapp.WebApp40@2cff2055
    features = class java.util.ArrayList@a2427cb
      serialVersionUID = 8683452581122892189
      DEFAULT_CAPACITY = 10
      EMPTY_ELEMENTDATA = class java.lang.Object[0]
      DEFAULTCAPACITY_EMPTY_ELEMENTDATA = class java.lang.Object[0]
      elementData = class java.lang.Object[0]
      size = 0
      MAX_ARRAY_SIZE = 2147483639
      modCount = 0
      MAX_ARRAY_SIZE = 2147483639
    applicationName = "com.ibm.ws.ui"
    config = class com.ibm.ws.webcontainer.osgi.webapp.WebAppConfiguration@227de6d4
    securityEnabledForApp = true
    webExtensionProcessor = class com.ibm.ws.webcontainer.osgi.extension.WebExtensionProcessor@178e6cea
      webApp = class com.ibm.ws.webcontainer40.osgi.webapp.WebApp40@2cff2055
      extensionContext = class com.ibm.ws.webcontainer40.osgi.webapp.WebApp40@2cff2055
    production = true
    isServlet23 = true
    contextPath = "/adminCenter"
    internalServletList = class [Ljava.lang.String;[2]
      String[][0] = class java.lang.String[2]
      String[][1] = class java.lang.String[2]
    BY_NAME_ONLY = "/_1579202012929_/"
    filterManager = class com.ibm.ws.webcontainer.osgi.filter.WebAppFilterManagerImpl@440a7284
      _filterWrappers = class java.util.Hashtable@43a2071e
      chainCache = class java.util.Collections$SynchronizedMap@4f342c1b
      forwardChainCache = class java.util.Collections$SynchronizedMap@385840f8
      includeChainCache = class java.util.Collections$SynchronizedMap@1dc6fa92
      errorChainCache = class java.util.Collections$SynchronizedMap@4e8f84c3
      _filtersDefined = true
      FMI_MAPPING_SINGLE_SLASH = 0
      FMI_MAPPING_PATH_MATCH = 1
      FMI_MAPPING_EXTENSION_MATCH = 2
      FMI_MAPPING_EXACT_MATCH = 3
      logger = class com.ibm.ws.logging.internal.WsLogger@d5701cd
      CLASS_NAME = "com.ibm.ws.webcontainer.filter.WebAppFilterManager"
      nls = class com.ibm.ejs.ras.TraceNLS@20352dfd
      webAppConfig = class com.ibm.ws.webcontainer.osgi.webapp.WebAppConfiguration@227de6d4
      webApp = class com.ibm.ws.webcontainer40.osgi.webapp.WebApp40@2cff2055
      collabHelper = class com.ibm.ws.webcontainer.osgi.collaborator.CollaboratorHelperImpl@53f6c439
      webAppNameSpaceCollab = class com.ibm.ws.webcontainer.osgi.collaborator.WebAppNameSpaceCollaboratorImpl@401cd84
      secCollab = class com.ibm.ws.webcontainer.security.admin.internal.WebAdminSecurityCollaboratorImpl@2521c79c
      sessionSecurityIntegrationEnabled = true
      assumeFilterSuccessOnSecurityError = false
      useOriginalRequestState = false
      _evtSource = class com.ibm.ws.webcontainer.webapp.WebAppEventSource@b36c780
      defaultComponentMetaData = class com.ibm.ws.webcontainer.osgi.metadata.WebComponentMetaDataImpl@5a90e683
      DEFER_SERVLET_REQUEST_LISTENER_DESTROY_ON_ERROR = false
    documentRoot = null
    SERVLET_API_VERSION = "Servlet 2.5"
    disableServletAuditLogging = -1
    serverInfo = "IBM WebSphere Liberty/19.0.0.6"
    sessionCtx = class com.ibm.ws.webcontainer31.session.impl.HttpSessionContext31Impl@6f3b0fb1
      methodClassName = "HttpSessionContextImpl"
      _smc = class com.ibm.ws.session.SessionManagerConfig@698434eb
      sessionStoreService = null
      _sap = class com.ibm.ws.session.SessionApplicationParameters@6235e8c6
      _coreHttpSessionManager = class com.ibm.ws.session.SessionManager@5f4fd820
      _coreHttpAppSessionManager = null
      _sam = class com.ibm.ws.webcontainer.session.impl.SessionAffinityManagerImpl@4fc001d2
      isSIPApplication = false
      sessionAttributeListener = true
      sessionListener = true
      mHttpSessionAttributeListeners = class java.util.ArrayList@72b47ad
      mHttpSessionListeners = class java.util.ArrayList@4a15fc56
      mHttpSessionIdListeners = class java.util.ArrayList@6bbab3ec
      mHttpSessionAttributeListenersJ2eeNames = class java.util.ArrayList@243bf1d8
      mHttpSessionListenersJ2eeNames = class java.util.ArrayList@79f0dcdd
      mHttpSessionIdListenersJ2eeNames = class java.util.ArrayList@1c6268f9
      mLocalHost = null
      _refCount = 1
      currentThreadSacHashtable = null
      methodClassName = "SessionContext"
      ANONYMOUS_USER = "anonymous"
      wasHttpSessionObserver = class com.ibm.ws.session.WasHttpSessionObserver@22799d4a
      wasHttpSessionAttributeObserver = null
      _invalidator = class com.ibm.ws.session.SessionInvalidatorWithThreadPool@59b71dec
      _storer = class com.ibm.ws.session.EOSSessionStorer@265e3433
      wasHttpAppSessionObserver = null
      mHttpAppSessionListeners = null
      cmvcInfo = "CMVC Version 1.9 6/24/07 11:12:24"
      _loggedVersion = true
      CREATE_CORE_SESSION_MANAGER = 0
      GET_REQUESTED_SESSION_ID = 1
      GET_IHTTP_SESSION = 2
      SESSION_PRE_INVOKE = 3
      SESSION_POST_INVOKE = 4
      STOP = 5
      STOP_LISTENERS = 6
      IS_VALID = 7
      ENCODE_URL = 8
      SHOULD_ENCODE_URL = 9
      IS_PROTOCOL_SWITCH = 10
      GET_LOCAL_HOST = 11
      ADD_HTTP_SESSION_ATTRIBUTE_LISTENER = 12
      ADD_HTTP_SESSION_LISTENER = 13
      GET_SESSION_AFFINITY_CONTEXT = 14
      CHECK_SECURITY = 15
      INVALIDATE = 16
      CHECK_SESSSIONID_IS_RIGHT_LENGTH = 17
      LOCK_SESSION = 18
      UNLOCK_SESSION = 19
      ADD_HTTP_SESSION_ID_LISTENER = 20
      methodNames = class java.lang.String[21]
    eventSource = class com.ibm.ws.webcontainer.webapp.WebAppEventSource@b36c780
      _invocationListeners = class com.ibm.ws.webcontainer.util.EventListeners@4de0facd
      _servletListeners = class com.ibm.ws.webcontainer.util.EventListeners@2c65206b
      _errorListeners = class com.ibm.ws.webcontainer.util.EventListeners@2425e46b
      _applicationListeners = class com.ibm.ws.webcontainer.util.EventListeners@666632d1
      _filterInvocationListeners = class com.ibm.ws.webcontainer.util.EventListeners@2c1a9a42
      _filterListeners = class com.ibm.ws.webcontainer.util.EventListeners@29f981d2
      _filterErrorListeners = class com.ibm.ws.webcontainer.util.EventListeners@22f42e3a
    nls = class com.ibm.ejs.ras.TraceNLS@2b4002df
      resolver = class com.ibm.ws.logging.internal.TraceNLSResolver@6a726f23
      finder = null
      ivBundleName = "com.ibm.ws.webcontainer.resources.Messages"
      caller = class java.lang.Class@1e469a56
    liberty_nls = class com.ibm.ejs.ras.TraceNLS@3c49cb61
      resolver = class com.ibm.ws.logging.internal.TraceNLSResolver@6a726f23
      finder = null
      ivBundleName = "com.ibm.ws.webcontainer.resources.LShimMessages"
      caller = class java.lang.Class@1e469a56
    error_nls = class com.ibm.ejs.ras.TraceNLS@b381dde
      resolver = class com.ibm.ws.logging.internal.TraceNLSResolver@6a726f23
      finder = null
      ivBundleName = "com.ibm.ws.webcontainer.resources.ErrorPage"
      caller = class java.lang.Class@1e469a56
    sessionListeners = class java.util.ArrayList@368fc1fe
      serialVersionUID = 8683452581122892189
      DEFAULT_CAPACITY = 10
      EMPTY_ELEMENTDATA = class java.lang.Object[0]
      DEFAULTCAPACITY_EMPTY_ELEMENTDATA = class java.lang.Object[0]
      elementData = class java.lang.Object[10]
      size = 2
      MAX_ARRAY_SIZE = 2147483639
      modCount = 3
      MAX_ARRAY_SIZE = 2147483639
    sessionIdListeners = class java.util.ArrayList@1df26b0a
      serialVersionUID = 8683452581122892189
      DEFAULT_CAPACITY = 10
      EMPTY_ELEMENTDATA = class java.lang.Object[0]
      DEFAULTCAPACITY_EMPTY_ELEMENTDATA = class java.lang.Object[0]
      elementData = class java.lang.Object[0]
      size = 0
      MAX_ARRAY_SIZE = 2147483639
      modCount = 0
      MAX_ARRAY_SIZE = 2147483639
    sessionAttrListeners = class java.util.ArrayList@6f12b916
      serialVersionUID = 8683452581122892189
      DEFAULT_CAPACITY = 10
      EMPTY_ELEMENTDATA = class java.lang.Object[0]
      DEFAULTCAPACITY_EMPTY_ELEMENTDATA = class java.lang.Object[0]
      elementData = class java.lang.Object[10]
      size = 1
      MAX_ARRAY_SIZE = 2147483639
      modCount = 2
      MAX_ARRAY_SIZE = 2147483639
    addedSessionListeners = class java.util.ArrayList@248f9fc7
      serialVersionUID = 8683452581122892189
      DEFAULT_CAPACITY = 10
      EMPTY_ELEMENTDATA = class java.lang.Object[0]
      DEFAULTCAPACITY_EMPTY_ELEMENTDATA = class java.lang.Object[0]
      elementData = class java.lang.Object[0]
      size = 0
      MAX_ARRAY_SIZE = 2147483639
      modCount = 0
      MAX_ARRAY_SIZE = 2147483639
    addedSessionAttrListeners = class java.util.ArrayList@6c473a99
      serialVersionUID = 8683452581122892189
      DEFAULT_CAPACITY = 10
      EMPTY_ELEMENTDATA = class java.lang.Object[0]
      DEFAULTCAPACITY_EMPTY_ELEMENTDATA = class java.lang.Object[0]
      elementData = class java.lang.Object[0]
      size = 0
      MAX_ARRAY_SIZE = 2147483639
      modCount = 0
      MAX_ARRAY_SIZE = 2147483639
    servletContextListeners = class java.util.ArrayList@6263b620
      serialVersionUID = 8683452581122892189
      DEFAULT_CAPACITY = 10
      EMPTY_ELEMENTDATA = class java.lang.Object[0]
      DEFAULTCAPACITY_EMPTY_ELEMENTDATA = class java.lang.Object[0]
      elementData = class java.lang.Object[10]
      size = 6
      MAX_ARRAY_SIZE = 2147483639
      modCount = 7
      MAX_ARRAY_SIZE = 2147483639
    servletContextLAttrListeners = class java.util.ArrayList@18c36973
      serialVersionUID = 8683452581122892189
      DEFAULT_CAPACITY = 10
      EMPTY_ELEMENTDATA = class java.lang.Object[0]
      DEFAULTCAPACITY_EMPTY_ELEMENTDATA = class java.lang.Object[0]
      elementData = class java.lang.Object[10]
      size = 1
      MAX_ARRAY_SIZE = 2147483639
      modCount = 2
      MAX_ARRAY_SIZE = 2147483639
    servletRequestListeners = class java.util.ArrayList@406abc0b
      serialVersionUID = 8683452581122892189
      DEFAULT_CAPACITY = 10
      EMPTY_ELEMENTDATA = class java.lang.Object[0]
      DEFAULTCAPACITY_EMPTY_ELEMENTDATA = class java.lang.Object[0]
      elementData = class java.lang.Object[10]
      size = 1
      MAX_ARRAY_SIZE = 2147483639
      modCount = 2
      MAX_ARRAY_SIZE = 2147483639
    servletRequestLAttrListeners = class java.util.ArrayList@152cc56d
      serialVersionUID = 8683452581122892189
      DEFAULT_CAPACITY = 10
      EMPTY_ELEMENTDATA = class java.lang.Object[0]
      DEFAULTCAPACITY_EMPTY_ELEMENTDATA = class java.lang.Object[0]
      elementData = class java.lang.Object[10]
      size = 1
      MAX_ARRAY_SIZE = 2147483639
      modCount = 2
      MAX_ARRAY_SIZE = 2147483639
    prependSlashToResource = false
    destroyed = false
    webAppNameSpaceCollab = class com.ibm.ws.webcontainer.osgi.collaborator.WebAppNameSpaceCollaboratorImpl@401cd84
    txCollab = class com.ibm.ws.transaction.services.WebAppTransactionCollaboratorImpl@6a81a35e
      tc = class com.ibm.websphere.ras.TraceComponent@73eca062
      ltCurrentRef = class com.ibm.wsspi.kernel.service.utils.AtomicServiceReference@5ae2fc75
      tranMgrRef = class com.ibm.wsspi.kernel.service.utils.AtomicServiceReference@28d082ab
      userTranRef = class com.ibm.wsspi.kernel.service.utils.AtomicServiceReference@330495fc
      uowCallbackRef = class com.ibm.wsspi.kernel.service.utils.AtomicServiceReference@4c5bc062
      serialVersionUID = -8319003162899973281
    sessionActivationListeners = class java.util.ArrayList@690ad78c
      serialVersionUID = 8683452581122892189
      DEFAULT_CAPACITY = 10
      EMPTY_ELEMENTDATA = class java.lang.Object[0]
      DEFAULTCAPACITY_EMPTY_ELEMENTDATA = class java.lang.Object[0]
      elementData = class java.lang.Object[0]
      size = 0
      MAX_ARRAY_SIZE = 2147483639
      modCount = 1
      MAX_ARRAY_SIZE = 2147483639
    sessionBindingListeners = class java.util.ArrayList@7c15b442
      serialVersionUID = 8683452581122892189
      DEFAULT_CAPACITY = 10
      EMPTY_ELEMENTDATA = class java.lang.Object[0]
      DEFAULTCAPACITY_EMPTY_ELEMENTDATA = class java.lang.Object[0]
      elementData = class java.lang.Object[0]
      size = 0
      MAX_ARRAY_SIZE = 2147483639
      modCount = 1
      MAX_ARRAY_SIZE = 2147483639
    scratchdir = null
    jspClassLoaderLimit = 0
    jspClassLoaderExclusionList = null
    jspClassLoadersMap = null
    jspClassLoaderLimitTrackIF = false
    defaultExtProc = null
    directoryBrowsingServlet = null
    cdiContexts = class java.util.concurrent.ConcurrentHashMap@f610100
      serialVersionUID = 7249069246763182397
      MAXIMUM_CAPACITY = 1073741824
      DEFAULT_CAPACITY = 16
      MAX_ARRAY_SIZE = 2147483639
      DEFAULT_CONCURRENCY_LEVEL = 16
      LOAD_FACTOR = 0.75
      TREEIFY_THRESHOLD = 8
      UNTREEIFY_THRESHOLD = 6
      MIN_TREEIFY_CAPACITY = 64
      MIN_TRANSFER_STRIDE = 16
      RESIZE_STAMP_BITS = 16
      MAX_RESIZERS = 65535
      RESIZE_STAMP_SHIFT = 16
      MOVED = -1
      TREEBIN = -2
      RESERVED = -3
      HASH_BITS = 2147483647
      NCPU = 12
      serialPersistentFields = class java.io.ObjectStreamField[3]
      table = null
      nextTable = null
      baseCount = 0
      sizeCtl = 0
      transferIndex = 0
      cellsBusy = 0
      counterCells = null
      keySet = null
      values = null
      entrySet = null
      U = class sun.misc.Unsafe@7db3563b
      SIZECTL = 20
      TRANSFERINDEX = 32
      BASECOUNT = 24
      CELLSBUSY = 36
      CELLVALUE = 144
      ABASE = 16
      ASHIFT = 2
      keySet = null
      values = null
    moduleConfig = class com.ibm.ws.webcontainer.osgi.container.DeployedModule@689dd8e1
      tc = class com.ibm.websphere.ras.TraceComponent@758e25b
      loader = class com.ibm.ws.classloading.internal.ThreadContextClassLoaderForBundles@8486813
      webApp = class com.ibm.ws.webcontainer40.osgi.webapp.WebApp40@2cff2055
      webAppConfig = class com.ibm.ws.webcontainer.osgi.webapp.WebAppConfiguration@227de6d4
      contextRootAdded = null
      properContextRoot = "/adminCenter"
      mappingContextRoot = "/adminCenter/*"
      serialVersionUID = -2104814060051592457
      $$$tc$$$ = class com.ibm.websphere.ras.TraceComponent@189d77d1
    extensionFactories = class java.util.ArrayList@5714c4c9
      serialVersionUID = 8683452581122892189
      DEFAULT_CAPACITY = 10
      EMPTY_ELEMENTDATA = class java.lang.Object[0]
      DEFAULTCAPACITY_EMPTY_ELEMENTDATA = class java.lang.Object[0]
      elementData = class java.lang.Object[10]
      size = 5
      MAX_ARRAY_SIZE = 2147483639
      modCount = 5
      MAX_ARRAY_SIZE = 2147483639
    initialized = true
    lock = class com.ibm.ws.webcontainer.webapp.WebApp$1@6f2cdcd
      this$0 = class com.ibm.ws.webcontainer40.osgi.webapp.WebApp40@2cff2055
    afterServletContextCreated = false
    redirectContextRoot = false
    errorExceptionTypeFirst = false
    initFilterBeforeServletInit = false
    SET_400_SC_ON_TOO_MANY_PARENT_DIRS = false
    sortedServletConfigs = class java.util.ArrayList@11cb512
      serialVersionUID = 8683452581122892189
      DEFAULT_CAPACITY = 10
      EMPTY_ELEMENTDATA = class java.lang.Object[0]
      DEFAULTCAPACITY_EMPTY_ELEMENTDATA = class java.lang.Object[0]
      elementData = class java.lang.Object[0]
      size = 0
      MAX_ARRAY_SIZE = 2147483639
      modCount = 0
      MAX_ARRAY_SIZE = 2147483639
    effectiveMajorVersion = 3
    effectiveMinorVersion = 0
    canAddServletContextListener = true
    withinContextInitOfProgAddListener = false
    lastProgAddListenerInitialized = "com.ibm.ws.cache.CacheServiceImpl"
    webInfLibClassloader = null
    metaInfCache = class com.ibm.ws.webcontainer.webapp.WebApp$2@7403f00
      this$0 = class com.ibm.ws.webcontainer40.osgi.webapp.WebApp40@2cff2055
      serialVersionUID = 3801124242820219131
      head = null
      tail = null
      accessOrder = true
      serialVersionUID = 362498820763181265
      DEFAULT_INITIAL_CAPACITY = 16
      MAXIMUM_CAPACITY = 1073741824
      DEFAULT_LOAD_FACTOR = 0.75
      TREEIFY_THRESHOLD = 8
      UNTREEIFY_THRESHOLD = 6
      MIN_TREEIFY_CAPACITY = 64
      table = null
      entrySet = null
      size = 0
      modCount = 0
      threshold = 32
      loadFactor = 1.0
      keySet = null
      values = null
    useMetaInfCache = true
    SUN_CONFIGURE_LISTENER_CLASSNAME = "com.sun.faces.config.ConfigureListener"
    MYFACES_LIFECYCLE_LISTENER_CLASSNAME = "org.apache.myfaces.webapp.StartupServletContextListener"
    JSF_IMPL_ENABLED_PARAM = "com.ibm.ws.jsf.JSF_IMPL_ENABLED"
    JSF_IMPL_ENABLED_CUSTOM = "Custom"
    JSF_IMPL_ENABLED_NONE = "None"
    staticDocRoot = class com.ibm.ws.webcontainer.util.DocumentRootUtils@760381ad
      logger = class com.ibm.ws.logging.internal.WsLogger@b50e958
      CLASS_NAME = "com.ibm.ws.webcontainer.util.DocumentRootUtils"
      useContentLength = false
      matchedFile = null
      matchedZipFile = null
      matchedEntry = null
      matchedURL = null
      edrRoot = null
      pfedrRoot = null
      ctxt = class com.ibm.ws.webcontainer40.osgi.webapp.WebApp40@2cff2055
      baseDir = null
      edr = null
      pfedr = null
      metaInfRes = null
      searchpfEDR = false
      searchEDR = false
      searchMetaInfRes = true
      matchFromEDR = false
      matchFromMetaInfRes = false
      matchIsADirectory = false
      appConfig = class com.ibm.ws.webcontainer.osgi.webapp.WebAppConfiguration@227de6d4
      attributeType = "staticFile"
      STATIC_FILE = "staticFile"
      JSP = "jsp"
      PFEDR = "preFragmentExtendedDocumentRoot"
      EDR = "extendedDocumentRoot"
    jspDocRoot = class com.ibm.ws.webcontainer.util.DocumentRootUtils@668fb605
      logger = class com.ibm.ws.logging.internal.WsLogger@b50e958
      CLASS_NAME = "com.ibm.ws.webcontainer.util.DocumentRootUtils"
      useContentLength = false
      matchedFile = null
      matchedZipFile = null
      matchedEntry = null
      matchedURL = null
      edrRoot = null
      pfedrRoot = null
      ctxt = class com.ibm.ws.webcontainer40.osgi.webapp.WebApp40@2cff2055
      baseDir = null
      edr = null
      pfedr = null
      metaInfRes = null
      searchpfEDR = false
      searchEDR = false
      searchMetaInfRes = true
      matchFromEDR = false
      matchFromMetaInfRes = false
      matchIsADirectory = false
      appConfig = class com.ibm.ws.webcontainer.osgi.webapp.WebAppConfiguration@227de6d4
      attributeType = "jsp"
      STATIC_FILE = "staticFile"
      JSP = "jsp"
      PFEDR = "preFragmentExtendedDocumentRoot"
      EDR = "extendedDocumentRoot"
    container = class com.ibm.ws.adaptable.module.internal.AdaptableContainerImpl@470b9216
      root = class com.ibm.ws.adaptable.module.internal.AdaptableContainerImpl@470b9216
      rootOverlay = class com.ibm.ws.artifact.overlay.internal.DirectoryBasedOverlayContainerImpl@68bdf306
      factoryHolder = class com.ibm.ws.adaptable.module.internal.AdaptableModuleFactoryImpl@71da8eaa
      delegate = class com.ibm.ws.artifact.overlay.internal.DirectoryBasedOverlayContainerImpl@68bdf306
      notifier = null
      serialVersionUID = -5621513278641113667
      $$$tc$$$ = class com.ibm.websphere.ras.TraceComponent@d40ad1d
    metaInfResourceFinder = class com.ibm.ws.webcontainer.util.MetaInfResourceFinder@2df2be3
      jarResourceContainers = class java.util.ArrayList@77915fc3
      container = class com.ibm.ws.adaptable.module.internal.AdaptableContainerImpl@470b9216
    postConstructMethods = class com.ibm.ws.webcontainer.webapp.WebApp$AnnotatedMethods@461bc87
      annotationClass = class java.lang.Class@4a681516
      noOpClassNames = class java.util.HashSet@64d06a28
      annotatedMethodNames = class java.util.concurrent.ConcurrentHashMap@a0c2b0a
      EMPTY_METHODS = class java.lang.reflect.Method[0]
    preDestroyMethods = class com.ibm.ws.webcontainer.webapp.WebApp$AnnotatedMethods@6e054b4f
      annotationClass = class java.lang.Class@91388b8
      noOpClassNames = class java.util.HashSet@788124dc
      annotatedMethodNames = class java.util.concurrent.ConcurrentHashMap@5c538cdb
      EMPTY_METHODS = class java.lang.reflect.Method[0]
    OBJ_EMPTY = class java.lang.Object[0]
    CLASS_EMPTY = class java.lang.Class[0]
    DEFAULT_JSP_EXTENSIONS = class java.util.ArrayList@7521f714
      serialVersionUID = 8683452581122892189
      DEFAULT_CAPACITY = 10
      EMPTY_ELEMENTDATA = class java.lang.Object[0]
      DEFAULTCAPACITY_EMPTY_ELEMENTDATA = class java.lang.Object[0]
      elementData = class java.lang.Object[10]
      size = 4
      MAX_ARRAY_SIZE = 2147483639
      modCount = 4
      MAX_ARRAY_SIZE = 2147483639
    DEFER_SERVLET_REQUEST_LISTENER_DESTROY_ON_ERROR = false
    DO_ACCEPT_PARTIAL = true
    DO_NOT_ACCEPT_PARTIAL = false
    DO_ACCEPT_EXCLUDED = true
    DO_NOT_ACCEPT_EXCLUDED = false
    commands = class java.util.ArrayList@7d64ab8
      serialVersionUID = 8683452581122892189
      DEFAULT_CAPACITY = 10
      EMPTY_ELEMENTDATA = class java.lang.Object[0]
      DEFAULTCAPACITY_EMPTY_ELEMENTDATA = class java.lang.Object[0]
      elementData = class java.lang.Object[3]
      size = 0
      MAX_ARRAY_SIZE = 2147483639
      modCount = 0
      MAX_ARRAY_SIZE = 2147483639
    requestMapper = class com.ibm.wsspi.webcontainer.util.URIMapper@434d263e
      matcher = class com.ibm.wsspi.webcontainer40.util.URIMatcher40@5567c4af
    parent = class com.ibm.ws.webcontainer.osgi.webapp.WebGroup@392ef014
      tc = class com.ibm.websphere.ras.TraceComponent@576aec26
      logger = class com.ibm.ws.logging.internal.WsLogger@5a59020
      CLASS_NAME = "com.ibm.ws.webcontainer.webapp.WebGroup"
      sessUrlRewritePrefix = ";jsessionid="
      qMark = "?"
      config = class com.ibm.ws.webcontainer.osgi.webapp.WebGroupConfiguration@68f1cb02
      webApp = class com.ibm.ws.webcontainer40.osgi.webapp.WebApp40@2cff2055
      commands = class java.util.ArrayList@6b77bdd8
      requestMapper = null
      parent = class com.ibm.ws.webcontainer.osgi.DynamicVirtualHost@3c04feee
      name = "/adminCenter/*"
      isAlive = true
      subElements = class java.util.HashMap@5ca6bb1
      attributes = null
      config = null
      serialVersionUID = -8271459000149267764
      $$$tc$$$ = class com.ibm.websphere.ras.TraceComponent@773ac937
    name = "com.ibm.ws.ui"
    isAlive = true
    subElements = null
    attributes = class java.util.concurrent.ConcurrentHashMap@504da196
      serialVersionUID = 7249069246763182397
      MAXIMUM_CAPACITY = 1073741824
      DEFAULT_CAPACITY = 16
      MAX_ARRAY_SIZE = 2147483639
      DEFAULT_CONCURRENCY_LEVEL = 16
      LOAD_FACTOR = 0.75
      TREEIFY_THRESHOLD = 8
      UNTREEIFY_THRESHOLD = 6
      MIN_TREEIFY_CAPACITY = 64
      MIN_TRANSFER_STRIDE = 16
      RESIZE_STAMP_BITS = 16
      MAX_RESIZERS = 65535
      RESIZE_STAMP_SHIFT = 16
      MOVED = -1
      TREEBIN = -2
      RESERVED = -3
      HASH_BITS = 2147483647
      NCPU = 12
      serialPersistentFields = class java.io.ObjectStreamField[3]
      table = class java.util.concurrent.ConcurrentHashMap$Node[32]
      nextTable = null
      baseCount = 21
      sizeCtl = 24
      transferIndex = 0
      cellsBusy = 0
      counterCells = null
      keySet = null
      values = null
      entrySet = null
      U = class sun.misc.Unsafe@7db3563b
      SIZECTL = 20
      TRANSFERINDEX = 32
      BASECOUNT = 24
      CELLSBUSY = 36
      CELLVALUE = 144
      ABASE = 16
      ASHIFT = 2
      keySet = null
      values = null
    config = null
    serialVersionUID = -8271459000149267764
    $$$tc$$$ = class com.ibm.websphere.ras.TraceComponent@773ac937
      strings[0] = "TraceComponent[com.ibm.ws.container.AbstractContainer,class com.ibm.ws.container.AbstractContainer,[],null,null]"

