------Start of DE processing------ = [1/16/20 11:15:09:690 PST]
Exception = com.ibm.ws.webcontainer.webapp.WebAppErrorReport
Source = com.ibm.ws.webcontainer.filter.FilterInstanceWrapper.doFilter
probeid = 144
Stack Dump = com.ibm.ws.webcontainer.webapp.WebAppErrorReport: javax.servlet.ServletException: java.io.IOException: Broken pipe
	at com.ibm.ws.webcontainer.webapp.WebAppErrorReport.constructErrorReport(WebAppErrorReport.java:157)
	at com.ibm.ws.webcontainer.webapp.WebAppErrorReport.constructErrorReport(WebAppErrorReport.java:198)
	at com.ibm.ws.webcontainer.servlet.FileServletWrapper.handleRequest(FileServletWrapper.java:577)
	at com.ibm.ws.webcontainer.servlet.FileServletWrapper.handleRequest(FileServletWrapper.java:268)
	at com.ibm.ws.webcontainer.extension.DefaultExtensionProcessor.handleRequest(DefaultExtensionProcessor.java:895)
	at com.ibm.ws.webcontainer.filter.WebAppFilterChain.invokeTarget(WebAppFilterChain.java:182)
	at com.ibm.ws.webcontainer.filter.WebAppFilterChain.doFilter(WebAppFilterChain.java:93)
	at com.ibm.ws.app.manager.wab.internal.OsgiDirectoryProtectionFilter.doFilter(OsgiDirectoryProtectionFilter.java:90)
	at com.ibm.ws.webcontainer.filter.FilterInstanceWrapper.doFilter(FilterInstanceWrapper.java:201)
	at com.ibm.ws.webcontainer.filter.WebAppFilterChain.doFilter(WebAppFilterChain.java:90)
	at com.ibm.ws.security.jaspi.JaspiServletFilter.doFilter(JaspiServletFilter.java:56)
	at com.ibm.ws.webcontainer.filter.FilterInstanceWrapper.doFilter(FilterInstanceWrapper.java:201)
	at com.ibm.ws.webcontainer.filter.WebAppFilterChain.doFilter(WebAppFilterChain.java:90)
	at com.ibm.ws.webcontainer.filter.WebAppFilterManager.doFilter(WebAppFilterManager.java:996)
	at com.ibm.ws.webcontainer.filter.WebAppFilterManager.invokeFilters(WebAppFilterManager.java:1134)
	at com.ibm.ws.webcontainer.webapp.WebApp.handleRequest(WebApp.java:4975)
	at com.ibm.ws.webcontainer.osgi.DynamicVirtualHost$2.handleRequest(DynamicVirtualHost.java:314)
	at com.ibm.ws.webcontainer.WebContainer.handleRequest(WebContainer.java:1007)
	at com.ibm.ws.webcontainer.osgi.DynamicVirtualHost$2.run(DynamicVirtualHost.java:279)
	at com.ibm.ws.http.dispatcher.internal.channel.HttpDispatcherLink$TaskWrapper.run(HttpDispatcherLink.java:1061)
	at com.ibm.ws.http.dispatcher.internal.channel.HttpDispatcherLink.wrapHandlerAndExecute(HttpDispatcherLink.java:417)
	at com.ibm.ws.http.dispatcher.internal.channel.HttpDispatcherLink.ready(HttpDispatcherLink.java:376)
	at com.ibm.ws.http.channel.internal.inbound.HttpInboundLink.handleDiscrimination(HttpInboundLink.java:532)
	at com.ibm.ws.http.channel.internal.inbound.HttpInboundLink.handleNewRequest(HttpInboundLink.java:466)
	at com.ibm.ws.http.channel.internal.inbound.HttpInboundLink.processRequest(HttpInboundLink.java:331)
	at com.ibm.ws.http.channel.internal.inbound.HttpICLReadCallback.complete(HttpICLReadCallback.java:70)
	at com.ibm.ws.channel.ssl.internal.SSLReadServiceContext$SSLReadCompletedCallback.complete(SSLReadServiceContext.java:1803)
	at com.ibm.ws.tcpchannel.internal.WorkQueueManager.requestComplete(WorkQueueManager.java:503)
	at com.ibm.ws.tcpchannel.internal.WorkQueueManager.attemptIO(WorkQueueManager.java:573)
	at com.ibm.ws.tcpchannel.internal.WorkQueueManager.workerRun(WorkQueueManager.java:954)
	at com.ibm.ws.tcpchannel.internal.WorkQueueManager$Worker.run(WorkQueueManager.java:1043)
	at com.ibm.ws.threading.internal.ExecutorServiceImpl$RunnableWrapper.run(ExecutorServiceImpl.java:239)
	at java.util.concurrent.ThreadPoolExecutor.runWorker(ThreadPoolExecutor.java:1149)
	at java.util.concurrent.ThreadPoolExecutor$Worker.run(ThreadPoolExecutor.java:624)
	at java.lang.Thread.run(Thread.java:748)
Caused by: javax.servlet.ServletException: java.io.IOException: Broken pipe
	at com.ibm.ws.webcontainer.servlet.FileServletWrapper.service(FileServletWrapper.java:723)
	at com.ibm.ws.webcontainer.servlet.FileServletWrapper.handleRequest(FileServletWrapper.java:518)
	... 32 more
Caused by: java.io.IOException: Broken pipe
	at sun.nio.ch.FileDispatcherImpl.write0(Native Method)
	at sun.nio.ch.SocketDispatcher.write(SocketDispatcher.java:47)
	at sun.nio.ch.IOUtil.writeFromNativeBuffer(IOUtil.java:93)
	at sun.nio.ch.IOUtil.write(IOUtil.java:51)
	at sun.nio.ch.SocketChannelImpl.write(SocketChannelImpl.java:471)
	at com.ibm.ws.tcpchannel.internal.NioSocketIOChannel.write(NioSocketIOChannel.java:201)
	at com.ibm.ws.tcpchannel.internal.NioSocketIOChannel.attemptWriteToSocketUsingNIO(NioSocketIOChannel.java:139)
	at com.ibm.ws.tcpchannel.internal.SocketIOChannel.attemptWriteToSocket(SocketIOChannel.java:198)
	at com.ibm.ws.tcpchannel.internal.WorkQueueManager.attemptIO(WorkQueueManager.java:594)
	at com.ibm.ws.tcpchannel.internal.WorkQueueManager.processWork(WorkQueueManager.java:303)
	at com.ibm.ws.tcpchannel.internal.NioTCPWriteRequestContextImpl.processSyncWriteRequest(NioTCPWriteRequestContextImpl.java:65)
	at com.ibm.ws.tcpchannel.internal.TCPWriteRequestContextImpl.write(TCPWriteRequestContextImpl.java:96)
	at com.ibm.ws.channel.ssl.internal.SSLWriteServiceContext.write(SSLWriteServiceContext.java:171)
	at com.ibm.ws.http.channel.internal.HttpServiceContextImpl.synchWrite(HttpServiceContextImpl.java:2692)
	at com.ibm.ws.http.channel.internal.HttpServiceContextImpl.sendOutgoing(HttpServiceContextImpl.java:2339)
	at com.ibm.ws.http.channel.internal.inbound.HttpInboundServiceContextImpl.sendResponseBody(HttpInboundServiceContextImpl.java:797)
	at com.ibm.ws.http.channel.internal.outbound.HttpOutputStreamImpl.flushBuffers(HttpOutputStreamImpl.java:514)
	at com.ibm.ws.http.channel.internal.outbound.HttpOutputStreamImpl.writeToBuffers(HttpOutputStreamImpl.java:312)
	at com.ibm.ws.http.channel.internal.outbound.HttpOutputStreamImpl.write(HttpOutputStreamImpl.java:655)
	at com.ibm.ws.webcontainer.osgi.response.WCOutputStream.write(WCOutputStream.java:250)
	at com.ibm.ws.webcontainer31.osgi.response.WCOutputStream31.write(WCOutputStream31.java:217)
	at com.ibm.ws.webcontainer.servlet.FileServletWrapper.writeByBytes(FileServletWrapper.java:1019)
	at com.ibm.ws.webcontainer.servlet.FileServletWrapper.writeResponseToClient(FileServletWrapper.java:962)
	at com.ibm.ws.webcontainer.servlet.FileServletWrapper.service(FileServletWrapper.java:695)
	... 33 more

Dump of callerThis
Object type = com.ibm.ws.webcontainer.filter.FilterInstanceWrapper
  FILTER_STATE_UNINITIALIZED = 0
  FILTER_STATE_INITIALIZING = 1
  FILTER_STATE_AVAILABLE = 2
  FILTER_STATE_DESTROYING = 3
  FILTER_STATE_DESTROYED = 4
  FILTER_STATE_UNAVAILABLE = 5
  _filterName = "com.ibm.ws.app.manager.wab.internal.OsgiDirectoryProtectionFilter"
  _filterInstance = class com.ibm.ws.app.manager.wab.internal.OsgiDirectoryProtectionFilter@9fa92f8
    serialVersionUID = -4170440531236304674
    $$$tc$$$ = class com.ibm.websphere.ras.TraceComponent@4c0c6a65
      strings[0] = "TraceComponent[com.ibm.ws.app.manager.wab.internal.OsgiDirectoryProtectionFilter,class com.ibm.ws.app.manager.wab.internal.OsgiDirectoryProtectionFilter,[webcontainer, applications, app.manager],com.ibm.ws.app.manager.wab.internal.resources.Messages,null]"
  _filterState = 2
  nServicing = class java.util.concurrent.atomic.AtomicInteger@6656d0fd
    serialVersionUID = 6214790243416807050
    unsafe = class sun.misc.Unsafe@7db3563b
      theUnsafe = class sun.misc.Unsafe@7db3563b
      INVALID_FIELD_OFFSET = -1
      ARRAY_BOOLEAN_BASE_OFFSET = 16
      ARRAY_BYTE_BASE_OFFSET = 16
      ARRAY_SHORT_BASE_OFFSET = 16
      ARRAY_CHAR_BASE_OFFSET = 16
      ARRAY_INT_BASE_OFFSET = 16
      ARRAY_LONG_BASE_OFFSET = 16
      ARRAY_FLOAT_BASE_OFFSET = 16
      ARRAY_DOUBLE_BASE_OFFSET = 16
      ARRAY_OBJECT_BASE_OFFSET = 16
      ARRAY_BOOLEAN_INDEX_SCALE = 1
      ARRAY_BYTE_INDEX_SCALE = 1
      ARRAY_SHORT_INDEX_SCALE = 2
      ARRAY_CHAR_INDEX_SCALE = 2
      ARRAY_INT_INDEX_SCALE = 4
      ARRAY_LONG_INDEX_SCALE = 8
      ARRAY_FLOAT_INDEX_SCALE = 4
      ARRAY_DOUBLE_INDEX_SCALE = 8
      ARRAY_OBJECT_INDEX_SCALE = 4
      ADDRESS_SIZE = 8
    valueOffset = 12
    value = 0
    serialVersionUID = -8742448824652078965
  logger = class com.ibm.ws.logging.internal.WsLogger@d5701cd
    tc = class com.ibm.websphere.ras.TraceComponent@386e8ca8
      strings[0] = "TraceComponent[com.ibm.ws.logging.internal.WsLogger,class com.ibm.ws.logging.internal.WsLogger,[logging],com.ibm.ws.logging.internal.resources.LoggingMessages,null]"
    ivCachedResourceBundleName = null
    ivCachedResourceBundle = null
    ivComponent = null
    ivOrganization = null
    ivProduct = null
    ivMinimumLocalizationLevelIntValue = 625
    ivTC = class com.ibm.websphere.ras.TraceComponent@38d53c81
      strings[0] = "TraceComponent[com.ibm.ws.webcontainer.filter,class com.ibm.wsspi.webcontainer.logging.LoggerFactory$1,[com.ibm.ws.webcontainer.filter],null,null]"
    loggerRegistrationComponent = class java.lang.ThreadLocal@3dfb631f
      threadLocalHashCode = -1366260430
      nextHashCode = class java.util.concurrent.atomic.AtomicInteger@15c47f52
      HASH_INCREMENT = 1640531527
    emptyHandlers = class java.util.logging.Handler[0]
    offValue = 2147483647
    SYSTEM_LOGGER_RB_NAME = "sun.util.logging.resources.logging"
    SYSTEM_BUNDLE = class java.util.logging.Logger$LoggerBundle@be9eaac
      resourceBundleName = "sun.util.logging.resources.logging"
      userBundle = null
    NO_RESOURCE_BUNDLE = class java.util.logging.Logger$LoggerBundle@8a26f9d
      resourceBundleName = null
      userBundle = null
    manager = class com.ibm.ws.kernel.boot.logging.WsLogManager@6ea7060d
      CLASS_NAME = "com.ibm.ws.kernel.boot.logging.WsLogManager"
      CONFIGURE_BY_SERVER_PROPERTY_NAME = "java.util.logging.configureByServer"
      CONFIGURE_BY_LOGGING_PROPERTIES_FILE = "java.util.logging.configureByLoggingPropertiesFile"
      configureByServer = true
      configureByLoggingProperties = false
      wsLogger = class java.lang.reflect.Constructor@25e9a2d
      resetEnabled = true
      svBinaryLoggingEnable = false
      manager = class com.ibm.ws.kernel.boot.logging.WsLogManager@6ea7060d
      props = class java.util.Properties@21bc2b5
      defaultLevel = class java.util.logging.Level@7ece3533
      listenerMap = class java.util.HashMap@e352d4d
      systemContext = class java.util.logging.LogManager$SystemLoggerContext@78cc5154
      userContext = class java.util.logging.LogManager$LoggerContext@3e3abafe
      rootLogger = class java.util.logging.LogManager$RootLogger@6268d9e6
      readPrimordialConfiguration = true
      initializedGlobalHandlers = true
      deathImminent = false
      initializedCalled = true
      initializationDone = true
      contextsMap = null
      loggerRefQueue = class java.lang.ref.ReferenceQueue@4590cfa3
      MAX_ITERATIONS = 400
      controlPermission = class java.util.logging.LoggingPermission@5fcc60b4
      loggingMXBean = null
      LOGGING_MXBEAN_NAME = "java.util.logging:type=Logging"
      $assertionsDisabled = true
    name = "com.ibm.ws.webcontainer.filter"
    handlers = class java.util.concurrent.CopyOnWriteArrayList@7598c18e
      serialVersionUID = 8673264195747942595
      lock = class java.util.concurrent.locks.ReentrantLock@22ac243b
      array = class java.lang.Object[0]
      UNSAFE = class sun.misc.Unsafe@7db3563b
      lockOffset = 12
    loggerBundle = class java.util.logging.Logger$LoggerBundle@31e0f91b
      resourceBundleName = "com.ibm.ws.webcontainer.resources.Messages"
      userBundle = null
    useParentHandlers = true
    filter = null
    anonymous = false
    catalog = class com.ibm.ws.webcontainer.resources.Messages@2aa5b63d
      resources = class [Ljava.lang.Object;[334]
      lookup = class java.util.HashMap@4eee8036
      INITIAL_CACHE_SIZE = 32
      NONEXISTENT_BUNDLE = class java.util.ResourceBundle$1@35aa1da2
      cacheList = class java.util.concurrent.ConcurrentHashMap@441d443c
      referenceQueue = class java.lang.ref.ReferenceQueue@7ec893b9
      parent = null
      locale = class java.util.Locale@35947900
      name = "com.ibm.ws.webcontainer.resources.Messages"
      expired = false
      cacheKey = class java.util.ResourceBundle$CacheKey@50b6251d
      keySet = null
      providers = null
      $assertionsDisabled = true
    catalogName = "com.ibm.ws.webcontainer.resources.Messages"
    catalogLocale = class java.util.Locale@7c644a0a
      LOCALECACHE = class java.util.Locale$Cache@ee836c8
      ENGLISH = class java.util.Locale@698e8c17
      FRENCH = class java.util.Locale@2b1ae57
      GERMAN = class java.util.Locale@19713ebc
      ITALIAN = class java.util.Locale@56e0152c
      JAPANESE = class java.util.Locale@4b13d5d3
      KOREAN = class java.util.Locale@445f19f0
      CHINESE = class java.util.Locale@544b4b19
      SIMPLIFIED_CHINESE = class java.util.Locale@2d46dc9
      TRADITIONAL_CHINESE = class java.util.Locale@573c9d0d
      FRANCE = class java.util.Locale@6b109e83
      GERMANY = class java.util.Locale@658d137b
      ITALY = class java.util.Locale@44968026
      JAPAN = class java.util.Locale@77f1b94c
      KOREA = class java.util.Locale@187ad5b7
      CHINA = class java.util.Locale@2d46dc9
      PRC = class java.util.Locale@2d46dc9
      TAIWAN = class java.util.Locale@573c9d0d
      UK = class java.util.Locale@15610b08
      US = class java.util.Locale@7c644a0a
      CANADA = class java.util.Locale@65862e32
      CANADA_FRENCH = class java.util.Locale@1f47c017
      ROOT = class java.util.Locale@35947900
      PRIVATE_USE_EXTENSION = x
      UNICODE_LOCALE_EXTENSION = u
      serialVersionUID = 9149081749638150636
      DISPLAY_LANGUAGE = 0
      DISPLAY_COUNTRY = 1
      DISPLAY_VARIANT = 2
      DISPLAY_SCRIPT = 3
      baseLocale = class sun.util.locale.BaseLocale@515e6925
      localeExtensions = null
      hashCodeValue = 96636889
      defaultLocale = class java.util.Locale@7c644a0a
      defaultDisplayLocale = null
      defaultFormatLocale = class java.util.Locale@7c644a0a
      languageTag = "en-US"
      serialPersistentFields = class java.io.ObjectStreamField[6]
      isoLanguages = null
      isoCountries = null
      $assertionsDisabled = true
    treeLock = class java.lang.Object@4f4360b9
    parent = class com.ibm.ws.logging.internal.WsLogger@79dd706b
      tc = class com.ibm.websphere.ras.TraceComponent@386e8ca8
      ivCachedResourceBundleName = "com.ibm.ws.webcontainer.resources.Messages"
      ivCachedResourceBundle = class com.ibm.ws.webcontainer.resources.Messages@2aa5b63d
      ivComponent = null
      ivOrganization = null
      ivProduct = null
      ivMinimumLocalizationLevelIntValue = 625
      ivTC = class com.ibm.websphere.ras.TraceComponent@2904a3fd
      loggerRegistrationComponent = class java.lang.ThreadLocal@3dfb631f
      emptyHandlers = class java.util.logging.Handler[0]
      offValue = 2147483647
      SYSTEM_LOGGER_RB_NAME = "sun.util.logging.resources.logging"
      SYSTEM_BUNDLE = class java.util.logging.Logger$LoggerBundle@be9eaac
      NO_RESOURCE_BUNDLE = class java.util.logging.Logger$LoggerBundle@8a26f9d
      manager = class com.ibm.ws.kernel.boot.logging.WsLogManager@6ea7060d
      name = "com.ibm.ws.webcontainer"
      handlers = class java.util.concurrent.CopyOnWriteArrayList@6f92af1a
      loggerBundle = class java.util.logging.Logger$LoggerBundle@ddd8b05
      useParentHandlers = true
      filter = null
      anonymous = false
      catalog = class com.ibm.ws.webcontainer.resources.Messages@2aa5b63d
      catalogName = "com.ibm.ws.webcontainer.resources.Messages"
      catalogLocale = class java.util.Locale@7c644a0a
      treeLock = class java.lang.Object@4f4360b9
      parent = class java.util.logging.Logger@516b9c3d
      kids = class java.util.ArrayList@3f823d3e
      levelObject = class java.util.logging.Level@7ece3533
      levelValue = 800
      callersClassLoaderRef = class java.lang.ref.WeakReference@4512bfab
      isSystemLogger = false
      GLOBAL_LOGGER_NAME = "global"
      global = class java.util.logging.Logger@66fa963a
      $assertionsDisabled = true
    kids = null
    levelObject = class java.util.logging.Level@7ece3533
      defaultBundle = "sun.util.logging.resources.logging"
      name = "INFO"
      value = 800
      resourceBundleName = "sun.util.logging.resources.logging"
      localizedLevelName = "INFO"
      cachedLocale = class java.util.Locale@7c644a0a
      OFF = class java.util.logging.Level@7204f88c
      SEVERE = class java.util.logging.Level@10e57c15
      WARNING = class java.util.logging.Level@76fa7a88
      INFO = class java.util.logging.Level@7ece3533
      CONFIG = class java.util.logging.Level@6357ffe5
      FINE = class java.util.logging.Level@3642ab9b
      FINER = class java.util.logging.Level@dfc6c92
      FINEST = class java.util.logging.Level@28f7799f
      ALL = class java.util.logging.Level@748303b3
      serialVersionUID = -8176160795706313070
    levelValue = 800
    callersClassLoaderRef = class java.lang.ref.WeakReference@20a414fa
      referent = class org.eclipse.osgi.internal.loader.EquinoxClassLoader@41ffc5db
      queue = class java.lang.ref.ReferenceQueue$Null@5a3cd80
      next = null
      discovered = null
      lock = class java.lang.ref.Reference$Lock@1b7c8b9d
      pending = null
    isSystemLogger = false
    GLOBAL_LOGGER_NAME = "global"
    global = class java.util.logging.Logger@66fa963a
      emptyHandlers = class java.util.logging.Handler[0]
      offValue = 2147483647
      SYSTEM_LOGGER_RB_NAME = "sun.util.logging.resources.logging"
      SYSTEM_BUNDLE = class java.util.logging.Logger$LoggerBundle@be9eaac
      NO_RESOURCE_BUNDLE = class java.util.logging.Logger$LoggerBundle@8a26f9d
      manager = class com.ibm.ws.kernel.boot.logging.WsLogManager@6ea7060d
      name = "global"
      handlers = class java.util.concurrent.CopyOnWriteArrayList@2d62b98f
      loggerBundle = class java.util.logging.Logger$LoggerBundle@8a26f9d
      useParentHandlers = true
      filter = null
      anonymous = false
      catalog = null
      catalogName = null
      catalogLocale = null
      treeLock = class java.lang.Object@4f4360b9
      parent = class java.util.logging.LogManager$RootLogger@6268d9e6
      kids = null
      levelObject = null
      levelValue = 800
      callersClassLoaderRef = null
      isSystemLogger = true
      GLOBAL_LOGGER_NAME = "global"
      global = class java.util.logging.Logger@66fa963a
      $assertionsDisabled = true
    $assertionsDisabled = true
  CLASS_NAME = "com.ibm.ws.webcontainer.filter.FilterInstanceWrapper"
  _filterEvent = null
  _filterConfig = class com.ibm.ws.webcontainer.filter.FilterConfig@18a65579
    tc = class com.ibm.websphere.ras.TraceComponent@522a1b9a
      strings[0] = "TraceComponent[com.ibm.ws.webcontainer.filter.FilterConfig,class com.ibm.ws.webcontainer.filter.FilterConfig,[webcontainer],com.ibm.ws.webcontainer.resources.LShimMessages,null]"
    dispatchMode = class javax.servlet.DispatcherType[4]
      DispatcherType[0] = class javax.servlet.DispatcherType@7f713d41
      DispatcherType[1] = class javax.servlet.DispatcherType@258858d4
      DispatcherType[2] = class javax.servlet.DispatcherType@49cfd592
      DispatcherType[3] = class javax.servlet.DispatcherType@17b848ce
    filterClassLoader = null
    isInternal = false
    webAppConfig = class com.ibm.ws.webcontainer.osgi.webapp.WebAppConfiguration@227de6d4
      webModuleMetaData = class com.ibm.ws.webcontainer.osgi.metadata.WebModuleMetaDataImpl@1cd5e1fc
      webComponentMetaData = class com.ibm.ws.webcontainer.osgi.metadata.WebComponentMetaDataImpl@5a90e683
      dVirtualHost = class com.ibm.ws.webcontainer.osgi.DynamicVirtualHost@3c04feee
      orderedLibPaths = class java.util.Collections$UnmodifiableRandomAccessList@4a610a28
      bundleHeaders = class org.eclipse.osgi.storage.BundleInfo$CachedManifest@97782fd
      cdiEnabled = false
      CLASS_NAME = "com.ibm.ws.webcontainer.webapp.WebAppConfiguration"
      logger = class com.ibm.ws.logging.internal.WsLogger@5a59020
      tc = class com.ibm.websphere.ras.TraceComponent@5b24f53d
      nls = class com.ibm.ejs.ras.TraceNLS@516f354f
      version = 30
      contextRoot = "/adminCenter"
      isDefaultContextRootUsed = false
      sessionTimeout = 0
      moduleSessionTimeoutSet = false
      moduleSessionTrackingModeSet = false
      sessionCookieConfig = class com.ibm.ws.session.SessionCookieConfigImpl@3846fc88
      hasProgrammaticCookieConfig = false
      sessionDefaultTrackingModeSet = class java.util.RegularEnumSet@d13f117
      sessionManagerConfig = class com.ibm.ws.session.SessionManagerConfig@698434eb
      displayName = "The Liberty Admin Center"
      description = "The Liberty Admin Center is the administrative user interface for the Liberty server"
      reloadInterval = 0
      distributable = false
      denyUncoveredHttpMethods = false
      reloadingEnabled = false
      serveServletsByClassnameEnabled = false
      defaultErrorPage = null
      additionalClassPath = null
      fileServingEnabled = true
      directoryBrowsingEnabled = false
      autoRequestEncoding = false
      autoResponseEncoding = false
      autoLoadFilters = false
      requestListeners = null
      requestAttributeListeners = null
      sessionListeners = null
      localeMap = null
      moduleName = "com.ibm.ws.ui"
      j2eeModuleName = "com.ibm.ws.ui"
      moduleId = null
      isSyncToThreadEnabled = false
      encodeDispatchedRequestURI = false
      isSystemApp = false
      ardEnabled = false
      ardDispatchType = null
      listeners = class java.util.ArrayList@2cf2a073
      welcomeFileList = class java.util.ArrayList@1b836daf
      servletMappings = class java.util.HashMap@49f2def
      lastIndexBeforeDeclaredFilters = 1
      filterMappings = class java.util.ArrayList@b322348
      servletInfo = class java.util.concurrent.ConcurrentHashMap@193be070
      filterInfo = class java.util.HashMap@20732a1c
      mimeMappings = class java.util.HashMap@5dfe9ba8
      mimeFilters = null
      isMimeFilteringEnabled = false
      theWebGroup = null
      jspAttributes = class java.util.HashMap@47cccb3c
      fileServingAttributes = class java.util.HashMap@491d0383
      invokerAttributes = class java.util.HashMap@1328bd5
      contextParams = class java.util.HashMap@38286225
      virtualHost = "default_host"
      exceptionErrorPages = class java.util.HashMap@11229d53
      codeErrorPages = class java.util.HashMap@30162160
      tagLibList = null
      precompileJsps = false
      webApp = class com.ibm.ws.webcontainer40.osgi.webapp.WebApp40@2cff2055
      virtualHostList = class java.util.Collections$EmptyList@25ef7894
      appStartupWeight = 0
      moduleStartupWeight = 0
      metaDataComplete = false
      classesToScan = class java.util.ArrayList@5ead0f46
      uriFilterMappingInfos = class java.util.ArrayList@5b60c9c5
      servletFilterMappingInfos = null
      dynamicServletRegistrationMap = null
      applicationName = "com.ibm.ws.ui"
      libBinPathList = class java.util.ArrayList@5a7cfee8
      webXmlDefinedListeners = class java.util.HashSet@40906eb
      allRefs = class java.util.EnumMap@32e8ee13
      allRefBindings = class java.util.EnumMap@6f9b276a
      envEntryValues = class java.util.HashMap@52ad1fcf
      resourceRefConfigList = class com.ibm.ws.resource.internal.ResourceRefConfigListImpl@1edf652f
      disallowAllFileServingProp = "false"
      disallowServeServletsByClassnameProp = "true"
      disableStaticMappingCache = false
      jspCachedLocations = class java.util.HashMap@6b329891
      primedSTSHeader = "NoValue"
      enablemultireadofpostdata = false
      requestEncoding = null
      responseEncoding = null
      NULLSERVLETNAME = "com.ibm.ws.webcontainer.NullServletName"
      _id = "WebAppGeneratedId2"
      _attributes = null
      serialVersionUID = 7511545662945734886
      $$$tc$$$ = class com.ibm.websphere.ras.TraceComponent@23c64510
    filter = null
    filterClass = null
    urlPatternMappings = null
    servletNameMappings = null
    nls = class com.ibm.ejs.ras.TraceNLS@456f7c65
      resolver = class com.ibm.ws.logging.internal.TraceNLSResolver@6a726f23
      finder = null
      ivBundleName = "com.ibm.ws.webcontainer.resources.Messages"
      caller = class java.lang.Class@4143fd58
    logger = class com.ibm.ws.logging.internal.WsLogger@47d1ac5
      tc = class com.ibm.websphere.ras.TraceComponent@386e8ca8
      ivCachedResourceBundleName = "com.ibm.ws.webcontainer.resources.Messages"
      ivCachedResourceBundle = class com.ibm.ws.webcontainer.resources.Messages@2aa5b63d
      ivComponent = null
      ivOrganization = null
      ivProduct = null
      ivMinimumLocalizationLevelIntValue = 625
      ivTC = class com.ibm.websphere.ras.TraceComponent@7733053c
      loggerRegistrationComponent = class java.lang.ThreadLocal@3dfb631f
      emptyHandlers = class java.util.logging.Handler[0]
      offValue = 2147483647
      SYSTEM_LOGGER_RB_NAME = "sun.util.logging.resources.logging"
      SYSTEM_BUNDLE = class java.util.logging.Logger$LoggerBundle@be9eaac
      NO_RESOURCE_BUNDLE = class java.util.logging.Logger$LoggerBundle@8a26f9d
      manager = class com.ibm.ws.kernel.boot.logging.WsLogManager@6ea7060d
      name = "com.ibm.ws.webcontainer.servlet"
      handlers = class java.util.concurrent.CopyOnWriteArrayList@61d5f44d
      loggerBundle = class java.util.logging.Logger$LoggerBundle@67c4e5b
      useParentHandlers = true
      filter = null
      anonymous = false
      catalog = class com.ibm.ws.webcontainer.resources.Messages@2aa5b63d
      catalogName = "com.ibm.ws.webcontainer.resources.Messages"
      catalogLocale = class java.util.Locale@7c644a0a
      treeLock = class java.lang.Object@4f4360b9
      parent = class com.ibm.ws.logging.internal.WsLogger@79dd706b
      kids = null
      levelObject = class java.util.logging.Level@7ece3533
      levelValue = 800
      callersClassLoaderRef = class java.lang.ref.WeakReference@31287843
      isSystemLogger = false
      GLOBAL_LOGGER_NAME = "global"
      global = class java.util.logging.Logger@66fa963a
      $assertionsDisabled = true
    CLASS_NAME = "com.ibm.ws.webcontainer.servlet.TargetConfig"
    initParams = null
    fileName = null
    displayName = "OSGI Directory protection filter"
    name = "com.ibm.ws.app.manager.wab.internal.OsgiDirectoryProtectionFilter"
    description = "Filter protecting OSGI-INF and OSGI-OPT resources"
    smallIcon = null
    largeIcon = null
    context = class com.ibm.ws.webcontainer40.facade.ServletContextFacade40@485654a3
      context = class com.ibm.ws.webcontainer40.osgi.webapp.WebApp40@2cff2055
    className = "com.ibm.ws.app.manager.wab.internal.OsgiDirectoryProtectionFilter"
    asyncSupported = true
    _id = "com.ibm.ws.app.manager.wab.internal.WABInstaller.OSGIDENYCONFIG"
    _attributes = null
    serialVersionUID = 7511545662945734886
    $$$tc$$$ = class com.ibm.websphere.ras.TraceComponent@23c64510
      strings[0] = "TraceComponent[com.ibm.ws.container.BaseConfiguration,class com.ibm.ws.container.BaseConfiguration,[],null,null]"
  _eventSource = class com.ibm.ws.webcontainer.webapp.WebAppEventSource@b36c780
    _invocationListeners = class com.ibm.ws.webcontainer.util.EventListeners@4de0facd
      EMPTY_LISTENERS = interface java.util.EventListener[0]
      logger = class com.ibm.ws.logging.internal.WsLogger@b50e958
      CLASS_NAME = "com.ibm.ws.webcontainer.util.EventListeners"
      listeners = interface java.util.EventListener[0]
    _servletListeners = class com.ibm.ws.webcontainer.util.EventListeners@2c65206b
      EMPTY_LISTENERS = interface java.util.EventListener[0]
      logger = class com.ibm.ws.logging.internal.WsLogger@b50e958
      CLASS_NAME = "com.ibm.ws.webcontainer.util.EventListeners"
      listeners = interface java.util.EventListener[0]
    _errorListeners = class com.ibm.ws.webcontainer.util.EventListeners@2425e46b
      EMPTY_LISTENERS = interface java.util.EventListener[0]
      logger = class com.ibm.ws.logging.internal.WsLogger@b50e958
      CLASS_NAME = "com.ibm.ws.webcontainer.util.EventListeners"
      listeners = interface java.util.EventListener[0]
    _applicationListeners = class com.ibm.ws.webcontainer.util.EventListeners@666632d1
      EMPTY_LISTENERS = interface java.util.EventListener[0]
      logger = class com.ibm.ws.logging.internal.WsLogger@b50e958
      CLASS_NAME = "com.ibm.ws.webcontainer.util.EventListeners"
      listeners = interface java.util.EventListener[0]
    _filterInvocationListeners = class com.ibm.ws.webcontainer.util.EventListeners@2c1a9a42
      EMPTY_LISTENERS = interface java.util.EventListener[0]
      logger = class com.ibm.ws.logging.internal.WsLogger@b50e958
      CLASS_NAME = "com.ibm.ws.webcontainer.util.EventListeners"
      listeners = interface java.util.EventListener[0]
    _filterListeners = class com.ibm.ws.webcontainer.util.EventListeners@29f981d2
      EMPTY_LISTENERS = interface java.util.EventListener[0]
      logger = class com.ibm.ws.logging.internal.WsLogger@b50e958
      CLASS_NAME = "com.ibm.ws.webcontainer.util.EventListeners"
      listeners = interface java.util.EventListener[0]
    _filterErrorListeners = class com.ibm.ws.webcontainer.util.EventListeners@22f42e3a
      EMPTY_LISTENERS = interface java.util.EventListener[0]
      logger = class com.ibm.ws.logging.internal.WsLogger@b50e958
      CLASS_NAME = "com.ibm.ws.webcontainer.util.EventListeners"
      listeners = interface java.util.EventListener[0]
  _managedObject = class com.ibm.ws.managedobject.internal.ManagedObjectImpl@1d41b850
    object = "<sensitive com.ibm.ws.app.manager.wab.internal.OsgiDirectoryProtectionFilter@9fa92f8>"
    serialVersionUID = 316670419635262281
    $$$tc$$$ = class com.ibm.websphere.ras.TraceComponent@1aefbcc3
      strings[0] = "TraceComponent[com.ibm.ws.managedobject.internal.ManagedObjectImpl,class com.ibm.ws.managedobject.internal.ManagedObjectImpl,[],null,null]"

