********************************************************************************
product = WebSphere Application Server 19.0.0.6 (wlp-1.0.29.cl190620190617-1530)
wlp.install.dir = /home/ibmdemo/cp4a-labs/shared/wlp/
java.home = /usr/lib/jvm/java-8-openjdk-amd64/jre
java.version = 1.8.0_232
java.runtime = OpenJDK Runtime Environment (1.8.0_232-8u232-b09-0ubuntu1~18.04.1-b09)
os = Linux (4.15.0-74-generic; amd64) (en_US)
process = 21542@workstation
********************************************************************************
[1/16/20 8:04:17:656 PST] 00000001 com.ibm.ws.kernel.launch.internal.FrameworkManager           A CWWKE0001I: The server myMember has been launched.
[1/16/20 8:04:17:681 PST] 00000001 com.ibm.ws.kernel.launch.internal.FrameworkManager           A CWWKE0100I: This product is licensed for development, and limited production use. The full license terms can be viewed here: https://public.dhe.ibm.com/ibmdl/export/pub/software/websphere/wasdev/license/base_ilan/ilan/19.0.0.6/lafiles/en.html
[1/16/20 8:04:18:918 PST] 00000001 com.ibm.ws.kernel.launch.internal.FrameworkManager           I CWWKE0002I: The kernel started after 1.492 seconds
[1/16/20 8:04:18:978 PST] 0000001c com.ibm.ws.kernel.feature.internal.FeatureManager            I CWWKF0007I: Feature update started.
[1/16/20 8:04:20:623 PST] 00000014 com.ibm.ws.security.ready.internal.SecurityReadyServiceImpl  I CWWKS0007I: The security service is starting...
[1/16/20 8:04:20:933 PST] 00000016 com.ibm.ws.library.internal.SharedLibraryImpl                W CWWKL0012W: The library [jdbcDriver[Derby_JDBC_Provider_(XA)]/library[${service.pid}]] specifies a file with name [/home/ibmdemo/Student/icp4a-labs/shared/derby.jar]. This file either does not exist or is incorrectly specified.
[1/16/20 8:04:21:039 PST] 00000014 com.ibm.ws.app.manager.internal.monitor.DropinMonitor        A CWWKZ0058I: Monitoring dropins for applications.
[1/16/20 8:04:21:053 PST] 00000023 com.ibm.ws.tcpchannel.internal.TCPChannel                    I CWWKO0219I: TCP Channel defaultHttpEndpoint has been started and is now listening for requests on host workstation  (IPv4: 10.0.0.1) port 9084.
[1/16/20 8:04:21:228 PST] 00000014 com.ibm.ws.cache.ServerCache                                 I DYNA1001I: WebSphere Dynamic Cache instance named baseCache initialized successfully.
[1/16/20 8:04:21:229 PST] 00000014 com.ibm.ws.cache.ServerCache                                 I DYNA1071I: The cache provider default is being used.
[1/16/20 8:04:21:230 PST] 00000014 com.ibm.ws.cache.CacheServiceImpl                            I DYNA1056I: Dynamic Cache (object cache) initialized successfully.
[1/16/20 8:04:21:330 PST] 00000014 ibm.ws.security.authentication.internal.jaas.JAASServiceImpl I CWWKS1123I: The collective authentication plugin with class name MemberCollectiveAuthenticationPlugin has been activated. 
[1/16/20 8:04:21:395 PST] 00000028 com.ibm.ws.security.token.ltpa.internal.LTPAKeyCreateTask    I CWWKS4105I: LTPA configuration is ready after 0.090 seconds.
[1/16/20 8:04:21:762 PST] 00000016 com.ibm.ws.ssl.config.WSKeyStore                             I Successfully loaded default keystore: /home/ibmdemo/cp4a-labs/shared/wlp/usr/servers/myMember/resources/security/key.p12 of type: PKCS12
[1/16/20 8:04:22:061 PST] 00000016 ective.repository.client.internal.RemoteRepositoryConnection I CWWKX8060I: The collective member heart beat interval is 60 seconds.
[1/16/20 8:04:22:082 PST] 00000031 com.ibm.ws.tcpchannel.internal.TCPChannel                    I CWWKO0219I: TCP Channel defaultHttpEndpoint-ssl has been started and is now listening for requests on host workstation  (IPv4: 10.0.0.1) port 9446.
[1/16/20 8:04:22:216 PST] 00000030 jmx.connector.client.rest.internal.RESTMBeanServerConnection I Value of retry post was already set: false
[1/16/20 8:04:22:989 PST] 0000001d com.ibm.ws.app.manager.AppMessageHelper                      I CWWKZ0018I: Starting application PlantsByWebSphereV8.
[1/16/20 8:04:22:999 PST] 0000001d bm.ws.app.manager.ear.internal.EARDeployedAppInfoFactoryImpl I CWWKZ0133I: The PlantsByWebSphereV8 application at the /home/ibmdemo/cp4a-labs/shared/wlp/usr/servers/myMember/dropins/PlantsByWebSphereV8.ear location is being expanded to the /home/ibmdemo/cp4a-labs/shared/wlp/usr/servers/myMember/apps/expanded/PlantsByWebSphereV8.ear directory.
[1/16/20 8:04:23:305 PST] 0000003a com.ibm.ws.webcontainer.osgi.webapp.WebGroup                 I SRVE0169I: Loading Web Module: ibm/api.
[1/16/20 8:04:23:305 PST] 0000003b com.ibm.ws.webcontainer.osgi.webapp.WebGroup                 I SRVE0169I: Loading Web Module: IBMJMXConnectorREST.
[1/16/20 8:04:23:307 PST] 0000003a com.ibm.ws.webcontainer                                      I SRVE0250I: Web Module ibm/api has been bound to default_host.
[1/16/20 8:04:23:307 PST] 0000003b com.ibm.ws.webcontainer                                      I SRVE0250I: Web Module IBMJMXConnectorREST has been bound to default_host.
[1/16/20 8:04:23:309 PST] 0000003a com.ibm.ws.http.internal.VirtualHostImpl                     A CWWKT0016I: Web application available (default_host): http://workstation:9084/ibm/api/
[1/16/20 8:04:23:310 PST] 0000003b com.ibm.ws.http.internal.VirtualHostImpl                     A CWWKT0016I: Web application available (default_host): http://workstation:9084/IBMJMXConnectorREST/
[1/16/20 8:04:23:311 PST] 0000003b com.ibm.ws.jmx.connector.server.rest.RESTAppListener         I CWWKX0103I: The JMX REST connector is running and is available at the following service URL: service:jmx:rest://workstation:9446/IBMJMXConnectorREST
[1/16/20 8:04:23:312 PST] 0000003b com.ibm.ws.jmx.connector.server.rest.RESTAppListener         I CWWKX0103I: The JMX REST connector is running and is available at the following service URL: service:jmx:rest://workstation:9446/IBMJMXConnectorREST
[1/16/20 8:04:23:335 PST] 00000028 com.ibm.ws.session.WASSessionCore                            I SESN8501I: The session manager did not find a persistent storage location; HttpSession objects will be stored in the local application server's memory.
[1/16/20 8:04:23:381 PST] 00000023 com.ibm.ws.session.WASSessionCore                            I SESN0176I: A new session context will be created for application key default_host/ibm/api
[1/16/20 8:04:23:381 PST] 00000027 com.ibm.ws.session.WASSessionCore                            I SESN0176I: A new session context will be created for application key default_host/IBMJMXConnectorREST
[1/16/20 8:04:23:392 PST] 00000023 com.ibm.ws.util                                              I SESN0172I: The session manager is using the Java default SecureRandom implementation for session ID generation.
[1/16/20 8:04:23:402 PST] 00000027 com.ibm.ws.util                                              I SESN0172I: The session manager is using the Java default SecureRandom implementation for session ID generation.
[1/16/20 8:04:23:620 PST] 00000028 com.ibm.ws.webcontainer.osgi.mbeans.PluginGenerator          I SRVE9103I: A configuration file for a web server plugin was automatically generated for this server at /home/ibmdemo/cp4a-labs/shared/wlp/usr/servers/myMember/logs/state/plugin-cfg.xml.
[1/16/20 8:04:23:811 PST] 00000027 com.ibm.ws.cache.CacheServiceImpl                            I DYNA1056I: Dynamic Cache (object cache) initialized successfully.
[1/16/20 8:04:24:160 PST] 00000027 com.ibm.ws.webcontainer.servlet                              I SRVE0242I: [com.ibm.ws.jmx.connector.server.rest] [/IBMJMXConnectorREST] [JMXRESTProxyServlet]: Initialization successful.
[1/16/20 8:04:24:226 PST] 0000001d com.ibm.ws.logging.internal.impl.IncidentImpl                I FFDC1015I: An FFDC Incident has been created: "java.lang.ClassNotFoundException: org.apache.derby.jdbc.EmbeddedConnectionPoolDataSource40 com.ibm.ws.jdbc.internal.JDBCDriverService 234" at ffdc_20.01.16_08.04.24.0.log
[1/16/20 8:04:24:296 PST] 0000001d com.ibm.ws.logging.internal.impl.IncidentImpl                I FFDC1015I: An FFDC Incident has been created: "java.sql.SQLNonTransientException: DSRA4000E: No implementations of org.apache.derby.jdbc.EmbeddedConnectionPoolDataSource40 are found for dataSource[PBW XA DataSource] with library com.ibm.ws.classloading.sharedlibrary_64. The name or location of JDBC driver JAR files might be incorrect or inaccessible. Searched in: []. Searched under packages: [org.apache.derby.jdbc]. com.ibm.ws.jdbc.DataSourceService 587" at ffdc_20.01.16_08.04.24.1.log
[1/16/20 8:04:24:336 PST] 0000001d com.ibm.ws.logging.internal.impl.IncidentImpl                I FFDC1015I: An FFDC Incident has been created: "java.sql.SQLNonTransientException: DSRA4000E: No implementations of org.apache.derby.jdbc.EmbeddedConnectionPoolDataSource40 are found for dataSource[PBW XA DataSource] with library com.ibm.ws.classloading.sharedlibrary_64. The name or location of JDBC driver JAR files might be incorrect or inaccessible. Searched in: []. Searched under packages: [org.apache.derby.jdbc]. com.ibm.ws.resource.internal.ResourceFactoryTrackerData$1 121" at ffdc_20.01.16_08.04.24.2.log
[1/16/20 8:04:24:344 PST] 0000000f LogService-193-com.ibm.ws.jdbc                               E CWWKE0701E: FrameworkEvent ERROR org.osgi.framework.ServiceException: Exception in com.ibm.ws.resource.internal.ResourceFactoryTrackerData$1.getService()
	at org.eclipse.osgi.internal.serviceregistry.ServiceFactoryUse.factoryGetService(ServiceFactoryUse.java:225)
	at org.eclipse.osgi.internal.serviceregistry.ServiceFactoryUse.getService(ServiceFactoryUse.java:114)
	at org.eclipse.osgi.internal.serviceregistry.ServiceConsumer$2.getService(ServiceConsumer.java:48)
	at org.eclipse.osgi.internal.serviceregistry.ServiceRegistrationImpl.getService(ServiceRegistrationImpl.java:527)
	at org.eclipse.osgi.internal.serviceregistry.ServiceRegistry.getService(ServiceRegistry.java:464)
	at org.eclipse.osgi.internal.framework.BundleContextImpl.getService(BundleContextImpl.java:661)
	at com.ibm.ws.jndi.internal.WSContext$4.run(WSContext.java:518)
	at java.security.AccessController.doPrivileged(Native Method)
	at com.ibm.ws.jndi.internal.WSContext.getReference(WSContext.java:514)
	at com.ibm.ws.jndi.internal.WSContext.resolveObject(WSContext.java:137)
	at com.ibm.ws.jndi.internal.WSContext.lookup(WSContext.java:303)
	at com.ibm.ws.jndi.WSContextBase.lookup(WSContextBase.java:61)
	at org.apache.aries.jndi.DelegateContext.lookup(DelegateContext.java:161)
	at javax.naming.InitialContext.lookup(InitialContext.java:417)
	at com.ibm.ws.jpa.container.osgi.internal.OSGiJPAPUnitInfo.lookupDataSource(OSGiJPAPUnitInfo.java:317)
	at com.ibm.ws.jpa.management.JPAPUnitInfo.getJPADataSource(JPAPUnitInfo.java:333)
	at com.ibm.ws.jpa.management.JPAPUnitInfo.getJtaDataSource(JPAPUnitInfo.java:376)
	at com.ibm.ws.jpa.management.JPAPUnitInfo.initialize(JPAPUnitInfo.java:746)
	at com.ibm.ws.jpa.management.JPAPxmlInfo.extractPersistenceUnits(JPAPxmlInfo.java:183)
	at com.ibm.ws.jpa.management.JPAScopeInfo.processPersistenceUnit(JPAScopeInfo.java:89)
	at com.ibm.ws.jpa.management.JPAApplInfo.addPersistenceUnits(JPAApplInfo.java:120)
	at com.ibm.ws.jpa.container.osgi.internal.JPAComponentImpl.processWebModulePersistenceXml(JPAComponentImpl.java:511)
	at com.ibm.ws.jpa.container.osgi.internal.JPAComponentImpl.applicationStarting(JPAComponentImpl.java:300)
	at com.ibm.ws.container.service.state.internal.ApplicationStateManager.fireStarting(ApplicationStateManager.java:51)
	at com.ibm.ws.container.service.state.internal.StateChangeServiceImpl.fireApplicationStarting(StateChangeServiceImpl.java:50)
	at com.ibm.ws.app.manager.module.internal.SimpleDeployedAppInfoBase.preDeployApp(SimpleDeployedAppInfoBase.java:550)
	at com.ibm.ws.app.manager.module.internal.SimpleDeployedAppInfoBase.installApp(SimpleDeployedAppInfoBase.java:511)
	at com.ibm.ws.app.manager.module.internal.DeployedAppInfoBase.deployApp(DeployedAppInfoBase.java:347)
	at com.ibm.ws.app.manager.ear.internal.EARApplicationHandlerImpl.install(EARApplicationHandlerImpl.java:76)
	at com.ibm.ws.app.manager.internal.statemachine.StartAction.execute(StartAction.java:140)
	at com.ibm.ws.app.manager.internal.statemachine.ApplicationStateMachineImpl.enterState(ApplicationStateMachineImpl.java:1261)
	at com.ibm.ws.app.manager.internal.statemachine.ApplicationStateMachineImpl.run(ApplicationStateMachineImpl.java:876)
	at com.ibm.ws.threading.internal.ExecutorServiceImpl$RunnableWrapper.run(ExecutorServiceImpl.java:239)
	at java.util.concurrent.ThreadPoolExecutor.runWorker(ThreadPoolExecutor.java:1149)
	at java.util.concurrent.ThreadPoolExecutor$Worker.run(ThreadPoolExecutor.java:624)
	at java.lang.Thread.run(Thread.java:748)
Caused by: java.lang.RuntimeException: java.sql.SQLNonTransientException: DSRA4000E: No implementations of org.apache.derby.jdbc.EmbeddedConnectionPoolDataSource40 are found for dataSource[PBW XA DataSource] with library com.ibm.ws.classloading.sharedlibrary_64. The name or location of JDBC driver JAR files might be incorrect or inaccessible. Searched in: []. Searched under packages: [org.apache.derby.jdbc].
	at com.ibm.ws.resource.internal.ResourceFactoryTrackerData$1.getService(ResourceFactoryTrackerData.java:122)
	at org.eclipse.osgi.internal.serviceregistry.ServiceFactoryUse$1.run(ServiceFactoryUse.java:215)
	at java.security.AccessController.doPrivileged(Native Method)
	at org.eclipse.osgi.internal.serviceregistry.ServiceFactoryUse.factoryGetService(ServiceFactoryUse.java:213)
	... 35 more
Caused by: java.sql.SQLNonTransientException: DSRA4000E: No implementations of org.apache.derby.jdbc.EmbeddedConnectionPoolDataSource40 are found for dataSource[PBW XA DataSource] with library com.ibm.ws.classloading.sharedlibrary_64. The name or location of JDBC driver JAR files might be incorrect or inaccessible. Searched in: []. Searched under packages: [org.apache.derby.jdbc].
	at com.ibm.ws.jdbc.internal.JDBCDriverService.classNotFound(JDBCDriverService.java:220)
	at com.ibm.ws.jdbc.internal.JDBCDriverService.create(JDBCDriverService.java:337)
	at com.ibm.ws.jdbc.internal.JDBCDriverService.createAnyPreferLegacyOrder(JDBCDriverService.java:394)
	at com.ibm.ws.jdbc.DataSourceService.init(DataSourceService.java:611)
	at com.ibm.ws.jca.cm.AbstractConnectionFactoryService$2.run(AbstractConnectionFactoryService.java:477)
	at com.ibm.ws.jca.cm.AbstractConnectionFactoryService$2.run(AbstractConnectionFactoryService.java:474)
	at java.security.AccessController.doPrivileged(Native Method)
	at com.ibm.ws.jca.cm.AbstractConnectionFactoryService.initPrivileged(AbstractConnectionFactoryService.java:474)
	at com.ibm.ws.jca.cm.AbstractConnectionFactoryService.createResource(AbstractConnectionFactoryService.java:144)
	at com.ibm.ws.resource.internal.ResourceFactoryTrackerData$1.getService(ResourceFactoryTrackerData.java:120)
	... 38 more
Caused by: java.lang.ClassNotFoundException: org.apache.derby.jdbc.EmbeddedConnectionPoolDataSource40
	at com.ibm.ws.classloading.internal.AppClassLoader.findClassCommonLibraryClassLoaders(AppClassLoader.java:544)
	at com.ibm.ws.classloading.internal.AppClassLoader.findClass(AppClassLoader.java:286)
	at java.lang.ClassLoader.loadClass(ClassLoader.java:418)
	at com.ibm.ws.classloading.internal.AppClassLoader.findOrDelegateLoadClass(AppClassLoader.java:522)
	at com.ibm.ws.classloading.internal.AppClassLoader.loadClass(AppClassLoader.java:482)
	at java.lang.ClassLoader.loadClass(ClassLoader.java:351)
	at com.ibm.ws.jdbc.internal.JDBCDriverService$1.run(JDBCDriverService.java:268)
	at com.ibm.ws.jdbc.internal.JDBCDriverService$1.run(JDBCDriverService.java:258)
	at java.security.AccessController.doPrivileged(Native Method)
	at com.ibm.ws.jdbc.internal.JDBCDriverService.create(JDBCDriverService.java:258)
	... 46 more
 Event:org.osgi.framework.FrameworkEvent[source=com.ibm.ws.jdbc_1.0.29.cl190620190617-1530 [193]] 
[1/16/20 8:04:24:505 PST] 0000000f LogService-193-com.ibm.ws.jdbc                               E CWWKE0701E: FrameworkEvent ERROR org.osgi.framework.ServiceException: Exception in com.ibm.ws.resource.internal.ResourceFactoryTrackerData$1.getService()
	at org.eclipse.osgi.internal.serviceregistry.ServiceFactoryUse.factoryGetService(ServiceFactoryUse.java:225)
	at org.eclipse.osgi.internal.serviceregistry.ServiceFactoryUse.getService(ServiceFactoryUse.java:114)
	at org.eclipse.osgi.internal.serviceregistry.ServiceConsumer$2.getService(ServiceConsumer.java:48)
	at org.eclipse.osgi.internal.serviceregistry.ServiceRegistrationImpl.getService(ServiceRegistrationImpl.java:527)
	at org.eclipse.osgi.internal.serviceregistry.ServiceRegistry.getService(ServiceRegistry.java:464)
	at org.eclipse.osgi.internal.framework.BundleContextImpl.getService(BundleContextImpl.java:661)
	at com.ibm.ws.jndi.internal.WSContext$4.run(WSContext.java:518)
	at java.security.AccessController.doPrivileged(Native Method)
	at com.ibm.ws.jndi.internal.WSContext.getReference(WSContext.java:514)
	at com.ibm.ws.jndi.internal.WSContext.resolveObject(WSContext.java:137)
	at com.ibm.ws.jndi.internal.WSContext.lookup(WSContext.java:303)
	at com.ibm.ws.jndi.WSContextBase.lookup(WSContextBase.java:61)
	at org.apache.aries.jndi.DelegateContext.lookup(DelegateContext.java:161)
	at javax.naming.InitialContext.lookup(InitialContext.java:417)
	at com.ibm.ws.jpa.container.osgi.internal.OSGiJPAPUnitInfo.lookupDataSource(OSGiJPAPUnitInfo.java:317)
	at com.ibm.ws.jpa.management.JPAPUnitInfo.getJPADataSource(JPAPUnitInfo.java:333)
	at com.ibm.ws.jpa.management.JPAPUnitInfo.getJtaDataSource(JPAPUnitInfo.java:376)
	at org.apache.openjpa.persistence.PersistenceUnitInfoImpl.toOpenJPAProperties(PersistenceUnitInfoImpl.java:396)
	at org.apache.openjpa.persistence.PersistenceProductDerivation.load(PersistenceProductDerivation.java:317)
	at org.apache.openjpa.persistence.PersistenceProviderImpl.createContainerEntityManagerFactory(PersistenceProviderImpl.java:161)
	at org.apache.openjpa.persistence.PersistenceProviderImpl.createContainerEntityManagerFactory(PersistenceProviderImpl.java:62)
	at com.ibm.ws.jpa.management.JPAPUnitInfo.createEMFactory(JPAPUnitInfo.java:911)
	at com.ibm.ws.jpa.management.JPAPUnitInfo.initialize(JPAPUnitInfo.java:762)
	at com.ibm.ws.jpa.management.JPAPxmlInfo.extractPersistenceUnits(JPAPxmlInfo.java:183)
	at com.ibm.ws.jpa.management.JPAScopeInfo.processPersistenceUnit(JPAScopeInfo.java:89)
	at com.ibm.ws.jpa.management.JPAApplInfo.addPersistenceUnits(JPAApplInfo.java:120)
	at com.ibm.ws.jpa.container.osgi.internal.JPAComponentImpl.processWebModulePersistenceXml(JPAComponentImpl.java:511)
	at com.ibm.ws.jpa.container.osgi.internal.JPAComponentImpl.applicationStarting(JPAComponentImpl.java:300)
	at com.ibm.ws.container.service.state.internal.ApplicationStateManager.fireStarting(ApplicationStateManager.java:51)
	at com.ibm.ws.container.service.state.internal.StateChangeServiceImpl.fireApplicationStarting(StateChangeServiceImpl.java:50)
	at com.ibm.ws.app.manager.module.internal.SimpleDeployedAppInfoBase.preDeployApp(SimpleDeployedAppInfoBase.java:550)
	at com.ibm.ws.app.manager.module.internal.SimpleDeployedAppInfoBase.installApp(SimpleDeployedAppInfoBase.java:511)
	at com.ibm.ws.app.manager.module.internal.DeployedAppInfoBase.deployApp(DeployedAppInfoBase.java:347)
	at com.ibm.ws.app.manager.ear.internal.EARApplicationHandlerImpl.install(EARApplicationHandlerImpl.java:76)
	at com.ibm.ws.app.manager.internal.statemachine.StartAction.execute(StartAction.java:140)
	at com.ibm.ws.app.manager.internal.statemachine.ApplicationStateMachineImpl.enterState(ApplicationStateMachineImpl.java:1261)
	at com.ibm.ws.app.manager.internal.statemachine.ApplicationStateMachineImpl.run(ApplicationStateMachineImpl.java:876)
	at com.ibm.ws.threading.internal.ExecutorServiceImpl$RunnableWrapper.run(ExecutorServiceImpl.java:239)
	at java.util.concurrent.ThreadPoolExecutor.runWorker(ThreadPoolExecutor.java:1149)
	at java.util.concurrent.ThreadPoolExecutor$Worker.run(ThreadPoolExecutor.java:624)
	at java.lang.Thread.run(Thread.java:748)
Caused by: java.lang.RuntimeException: java.sql.SQLNonTransientException: DSRA4000E: No implementations of org.apache.derby.jdbc.EmbeddedConnectionPoolDataSource40 are found for dataSource[PBW XA DataSource] with library com.ibm.ws.classloading.sharedlibrary_64. The name or location of JDBC driver JAR files might be incorrect or inaccessible. Searched in: []. Searched under packages: [org.apache.derby.jdbc].
	at com.ibm.ws.resource.internal.ResourceFactoryTrackerData$1.getService(ResourceFactoryTrackerData.java:122)
	at org.eclipse.osgi.internal.serviceregistry.ServiceFactoryUse$1.run(ServiceFactoryUse.java:215)
	at java.security.AccessController.doPrivileged(Native Method)
	at org.eclipse.osgi.internal.serviceregistry.ServiceFactoryUse.factoryGetService(ServiceFactoryUse.java:213)
	... 40 more
Caused by: java.sql.SQLNonTransientException: DSRA4000E: No implementations of org.apache.derby.jdbc.EmbeddedConnectionPoolDataSource40 are found for dataSource[PBW XA DataSource] with library com.ibm.ws.classloading.sharedlibrary_64. The name or location of JDBC driver JAR files might be incorrect or inaccessible. Searched in: []. Searched under packages: [org.apache.derby.jdbc].
	at com.ibm.ws.jdbc.internal.JDBCDriverService.classNotFound(JDBCDriverService.java:220)
	at com.ibm.ws.jdbc.internal.JDBCDriverService.create(JDBCDriverService.java:337)
	at com.ibm.ws.jdbc.internal.JDBCDriverService.createAnyPreferLegacyOrder(JDBCDriverService.java:394)
	at com.ibm.ws.jdbc.DataSourceService.init(DataSourceService.java:611)
	at com.ibm.ws.jca.cm.AbstractConnectionFactoryService$2.run(AbstractConnectionFactoryService.java:477)
	at com.ibm.ws.jca.cm.AbstractConnectionFactoryService$2.run(AbstractConnectionFactoryService.java:474)
	at java.security.AccessController.doPrivileged(Native Method)
	at com.ibm.ws.jca.cm.AbstractConnectionFactoryService.initPrivileged(AbstractConnectionFactoryService.java:474)
	at com.ibm.ws.jca.cm.AbstractConnectionFactoryService.createResource(AbstractConnectionFactoryService.java:144)
	at com.ibm.ws.resource.internal.ResourceFactoryTrackerData$1.getService(ResourceFactoryTrackerData.java:120)
	... 43 more
Caused by: java.lang.ClassNotFoundException: org.apache.derby.jdbc.EmbeddedConnectionPoolDataSource40
	at com.ibm.ws.classloading.internal.AppClassLoader.findClassCommonLibraryClassLoaders(AppClassLoader.java:544)
	at com.ibm.ws.classloading.internal.AppClassLoader.findClass(AppClassLoader.java:286)
	at java.lang.ClassLoader.loadClass(ClassLoader.java:418)
	at com.ibm.ws.classloading.internal.AppClassLoader.findOrDelegateLoadClass(AppClassLoader.java:522)
	at com.ibm.ws.classloading.internal.AppClassLoader.loadClass(AppClassLoader.java:482)
	at java.lang.ClassLoader.loadClass(ClassLoader.java:351)
	at com.ibm.ws.jdbc.internal.JDBCDriverService$1.run(JDBCDriverService.java:268)
	at com.ibm.ws.jdbc.internal.JDBCDriverService$1.run(JDBCDriverService.java:258)
	at java.security.AccessController.doPrivileged(Native Method)
	at com.ibm.ws.jdbc.internal.JDBCDriverService.create(JDBCDriverService.java:258)
	... 51 more
 Event:org.osgi.framework.FrameworkEvent[source=com.ibm.ws.jdbc_1.0.29.cl190620190617-1530 [193]] 
[1/16/20 8:04:24:548 PST] 0000001d com.ibm.ws.logging.internal.impl.IncidentImpl                I FFDC1015I: An FFDC Incident has been created: "java.sql.SQLNonTransientException: DSRA4000E: No implementations of org.apache.derby.jdbc.EmbeddedConnectionPoolDataSource40 are found for dataSource[PBW non-JTA DataSource] with library com.ibm.ws.classloading.sharedlibrary_64. The name or location of JDBC driver JAR files might be incorrect or inaccessible. Searched in: []. Searched under packages: [org.apache.derby.jdbc]. com.ibm.ws.jdbc.DataSourceService 587" at ffdc_20.01.16_08.04.24.3.log
[1/16/20 8:04:24:595 PST] 0000001d com.ibm.ws.logging.internal.impl.IncidentImpl                I FFDC1015I: An FFDC Incident has been created: "java.sql.SQLNonTransientException: DSRA4000E: No implementations of org.apache.derby.jdbc.EmbeddedConnectionPoolDataSource40 are found for dataSource[PBW non-JTA DataSource] with library com.ibm.ws.classloading.sharedlibrary_64. The name or location of JDBC driver JAR files might be incorrect or inaccessible. Searched in: []. Searched under packages: [org.apache.derby.jdbc]. com.ibm.ws.resource.internal.ResourceFactoryTrackerData$1 121" at ffdc_20.01.16_08.04.24.4.log
[1/16/20 8:04:24:597 PST] 0000000f LogService-193-com.ibm.ws.jdbc                               E CWWKE0701E: FrameworkEvent ERROR org.osgi.framework.ServiceException: Exception in com.ibm.ws.resource.internal.ResourceFactoryTrackerData$1.getService()
	at org.eclipse.osgi.internal.serviceregistry.ServiceFactoryUse.factoryGetService(ServiceFactoryUse.java:225)
	at org.eclipse.osgi.internal.serviceregistry.ServiceFactoryUse.getService(ServiceFactoryUse.java:114)
	at org.eclipse.osgi.internal.serviceregistry.ServiceConsumer$2.getService(ServiceConsumer.java:48)
	at org.eclipse.osgi.internal.serviceregistry.ServiceRegistrationImpl.getService(ServiceRegistrationImpl.java:527)
	at org.eclipse.osgi.internal.serviceregistry.ServiceRegistry.getService(ServiceRegistry.java:464)
	at org.eclipse.osgi.internal.framework.BundleContextImpl.getService(BundleContextImpl.java:661)
	at com.ibm.ws.jndi.internal.WSContext$4.run(WSContext.java:518)
	at java.security.AccessController.doPrivileged(Native Method)
	at com.ibm.ws.jndi.internal.WSContext.getReference(WSContext.java:514)
	at com.ibm.ws.jndi.internal.WSContext.resolveObject(WSContext.java:137)
	at com.ibm.ws.jndi.internal.WSContext.lookup(WSContext.java:303)
	at com.ibm.ws.jndi.WSContextBase.lookup(WSContextBase.java:61)
	at org.apache.aries.jndi.DelegateContext.lookup(DelegateContext.java:161)
	at javax.naming.InitialContext.lookup(InitialContext.java:417)
	at com.ibm.ws.jpa.container.osgi.internal.OSGiJPAPUnitInfo.lookupDataSource(OSGiJPAPUnitInfo.java:317)
	at com.ibm.ws.jpa.management.JPAPUnitInfo.getJPADataSource(JPAPUnitInfo.java:333)
	at com.ibm.ws.jpa.management.JPAPUnitInfo.getNonJtaDataSource(JPAPUnitInfo.java:393)
	at org.apache.openjpa.persistence.PersistenceUnitInfoImpl.toOpenJPAProperties(PersistenceUnitInfoImpl.java:409)
	at org.apache.openjpa.persistence.PersistenceProductDerivation.load(PersistenceProductDerivation.java:317)
	at org.apache.openjpa.persistence.PersistenceProviderImpl.createContainerEntityManagerFactory(PersistenceProviderImpl.java:161)
	at org.apache.openjpa.persistence.PersistenceProviderImpl.createContainerEntityManagerFactory(PersistenceProviderImpl.java:62)
	at com.ibm.ws.jpa.management.JPAPUnitInfo.createEMFactory(JPAPUnitInfo.java:911)
	at com.ibm.ws.jpa.management.JPAPUnitInfo.initialize(JPAPUnitInfo.java:762)
	at com.ibm.ws.jpa.management.JPAPxmlInfo.extractPersistenceUnits(JPAPxmlInfo.java:183)
	at com.ibm.ws.jpa.management.JPAScopeInfo.processPersistenceUnit(JPAScopeInfo.java:89)
	at com.ibm.ws.jpa.management.JPAApplInfo.addPersistenceUnits(JPAApplInfo.java:120)
	at com.ibm.ws.jpa.container.osgi.internal.JPAComponentImpl.processWebModulePersistenceXml(JPAComponentImpl.java:511)
	at com.ibm.ws.jpa.container.osgi.internal.JPAComponentImpl.applicationStarting(JPAComponentImpl.java:300)
	at com.ibm.ws.container.service.state.internal.ApplicationStateManager.fireStarting(ApplicationStateManager.java:51)
	at com.ibm.ws.container.service.state.internal.StateChangeServiceImpl.fireApplicationStarting(StateChangeServiceImpl.java:50)
	at com.ibm.ws.app.manager.module.internal.SimpleDeployedAppInfoBase.preDeployApp(SimpleDeployedAppInfoBase.java:550)
	at com.ibm.ws.app.manager.module.internal.SimpleDeployedAppInfoBase.installApp(SimpleDeployedAppInfoBase.java:511)
	at com.ibm.ws.app.manager.module.internal.DeployedAppInfoBase.deployApp(DeployedAppInfoBase.java:347)
	at com.ibm.ws.app.manager.ear.internal.EARApplicationHandlerImpl.install(EARApplicationHandlerImpl.java:76)
	at com.ibm.ws.app.manager.internal.statemachine.StartAction.execute(StartAction.java:140)
	at com.ibm.ws.app.manager.internal.statemachine.ApplicationStateMachineImpl.enterState(ApplicationStateMachineImpl.java:1261)
	at com.ibm.ws.app.manager.internal.statemachine.ApplicationStateMachineImpl.run(ApplicationStateMachineImpl.java:876)
	at com.ibm.ws.threading.internal.ExecutorServiceImpl$RunnableWrapper.run(ExecutorServiceImpl.java:239)
	at java.util.concurrent.ThreadPoolExecutor.runWorker(ThreadPoolExecutor.java:1149)
	at java.util.concurrent.ThreadPoolExecutor$Worker.run(ThreadPoolExecutor.java:624)
	at java.lang.Thread.run(Thread.java:748)
Caused by: java.lang.RuntimeException: java.sql.SQLNonTransientException: DSRA4000E: No implementations of org.apache.derby.jdbc.EmbeddedConnectionPoolDataSource40 are found for dataSource[PBW non-JTA DataSource] with library com.ibm.ws.classloading.sharedlibrary_64. The name or location of JDBC driver JAR files might be incorrect or inaccessible. Searched in: []. Searched under packages: [org.apache.derby.jdbc].
	at com.ibm.ws.resource.internal.ResourceFactoryTrackerData$1.getService(ResourceFactoryTrackerData.java:122)
	at org.eclipse.osgi.internal.serviceregistry.ServiceFactoryUse$1.run(ServiceFactoryUse.java:215)
	at java.security.AccessController.doPrivileged(Native Method)
	at org.eclipse.osgi.internal.serviceregistry.ServiceFactoryUse.factoryGetService(ServiceFactoryUse.java:213)
	... 40 more
Caused by: java.sql.SQLNonTransientException: DSRA4000E: No implementations of org.apache.derby.jdbc.EmbeddedConnectionPoolDataSource40 are found for dataSource[PBW non-JTA DataSource] with library com.ibm.ws.classloading.sharedlibrary_64. The name or location of JDBC driver JAR files might be incorrect or inaccessible. Searched in: []. Searched under packages: [org.apache.derby.jdbc].
	at com.ibm.ws.jdbc.internal.JDBCDriverService.classNotFound(JDBCDriverService.java:220)
	at com.ibm.ws.jdbc.internal.JDBCDriverService.create(JDBCDriverService.java:337)
	at com.ibm.ws.jdbc.internal.JDBCDriverService.createAnyPreferLegacyOrder(JDBCDriverService.java:394)
	at com.ibm.ws.jdbc.DataSourceService.init(DataSourceService.java:611)
	at com.ibm.ws.jca.cm.AbstractConnectionFactoryService$2.run(AbstractConnectionFactoryService.java:477)
	at com.ibm.ws.jca.cm.AbstractConnectionFactoryService$2.run(AbstractConnectionFactoryService.java:474)
	at java.security.AccessController.doPrivileged(Native Method)
	at com.ibm.ws.jca.cm.AbstractConnectionFactoryService.initPrivileged(AbstractConnectionFactoryService.java:474)
	at com.ibm.ws.jca.cm.AbstractConnectionFactoryService.createResource(AbstractConnectionFactoryService.java:144)
	at com.ibm.ws.resource.internal.ResourceFactoryTrackerData$1.getService(ResourceFactoryTrackerData.java:120)
	... 43 more
Caused by: java.lang.ClassNotFoundException: org.apache.derby.jdbc.EmbeddedConnectionPoolDataSource40
	at com.ibm.ws.classloading.internal.AppClassLoader.findClassCommonLibraryClassLoaders(AppClassLoader.java:544)
	at com.ibm.ws.classloading.internal.AppClassLoader.findClass(AppClassLoader.java:286)
	at java.lang.ClassLoader.loadClass(ClassLoader.java:418)
	at com.ibm.ws.classloading.internal.AppClassLoader.findOrDelegateLoadClass(AppClassLoader.java:522)
	at com.ibm.ws.classloading.internal.AppClassLoader.loadClass(AppClassLoader.java:482)
	at java.lang.ClassLoader.loadClass(ClassLoader.java:351)
	at com.ibm.ws.jdbc.internal.JDBCDriverService$1.run(JDBCDriverService.java:268)
	at com.ibm.ws.jdbc.internal.JDBCDriverService$1.run(JDBCDriverService.java:258)
	at java.security.AccessController.doPrivileged(Native Method)
	at com.ibm.ws.jdbc.internal.JDBCDriverService.create(JDBCDriverService.java:258)
	... 51 more
 Event:org.osgi.framework.FrameworkEvent[source=com.ibm.ws.jdbc_1.0.29.cl190620190617-1530 [193]] 
[1/16/20 8:04:25:443 PST] 0000001d org.jboss.weld.Version                                       I WELD-000900: 2.4.8 (Final)
[1/16/20 8:04:27:135 PST] 0000001d com.ibm.ws.ejbcontainer.osgi.internal.EJBRuntimeImpl         I CNTR4000I: The PlantsByWebSphere.war EJB module in the PlantsByWebSphereV8 application is starting.
[1/16/20 8:04:27:139 PST] 0000001d com.ibm.ws.ejbcontainer.runtime.AbstractEJBRuntime           I CNTR0167I: The server is binding the com.ibm.websphere.samples.pbw.ejb.ResetDBBean interface of the ResetDBBean enterprise bean in the PlantsByWebSphere.war module of the PlantsByWebSphereV8 application.  The binding location is: java:global/PlantsByWebSphereV8/PlantsByWebSphere/ResetDBBean!com.ibm.websphere.samples.pbw.ejb.ResetDBBean
[1/16/20 8:04:27:143 PST] 0000001d com.ibm.ws.ejbcontainer.runtime.AbstractEJBRuntime           I CNTR0167I: The server is binding the com.ibm.websphere.samples.pbw.ejb.CustomerMgr interface of the CustomerMgr enterprise bean in the PlantsByWebSphere.war module of the PlantsByWebSphereV8 application.  The binding location is: java:global/PlantsByWebSphereV8/PlantsByWebSphere/CustomerMgr!com.ibm.websphere.samples.pbw.ejb.CustomerMgr
[1/16/20 8:04:27:144 PST] 0000001d com.ibm.ws.ejbcontainer.runtime.AbstractEJBRuntime           I CNTR0167I: The server is binding the com.ibm.websphere.samples.pbw.ejb.MailerBean interface of the MailerBean enterprise bean in the PlantsByWebSphere.war module of the PlantsByWebSphereV8 application.  The binding location is: java:global/PlantsByWebSphereV8/PlantsByWebSphere/MailerBean!com.ibm.websphere.samples.pbw.ejb.MailerBean
[1/16/20 8:04:27:144 PST] 0000001d com.ibm.ws.ejbcontainer.runtime.AbstractEJBRuntime           I CNTR0167I: The server is binding the com.ibm.websphere.samples.pbw.ejb.BackOrderMgr interface of the BackOrderMgr enterprise bean in the PlantsByWebSphere.war module of the PlantsByWebSphereV8 application.  The binding location is: java:global/PlantsByWebSphereV8/PlantsByWebSphere/BackOrderMgr!com.ibm.websphere.samples.pbw.ejb.BackOrderMgr
[1/16/20 8:04:27:144 PST] 0000001d com.ibm.ws.ejbcontainer.runtime.AbstractEJBRuntime           I CNTR0167I: The server is binding the com.ibm.websphere.samples.pbw.ejb.CatalogMgr interface of the CatalogMgr enterprise bean in the PlantsByWebSphere.war module of the PlantsByWebSphereV8 application.  The binding location is: java:global/PlantsByWebSphereV8/PlantsByWebSphere/CatalogMgr!com.ibm.websphere.samples.pbw.ejb.CatalogMgr
[1/16/20 8:04:27:144 PST] 0000001d com.ibm.ws.ejbcontainer.runtime.AbstractEJBRuntime           I CNTR0167I: The server is binding the com.ibm.websphere.samples.pbw.ejb.SuppliersBean interface of the SuppliersBean enterprise bean in the PlantsByWebSphere.war module of the PlantsByWebSphereV8 application.  The binding location is: java:global/PlantsByWebSphereV8/PlantsByWebSphere/SuppliersBean!com.ibm.websphere.samples.pbw.ejb.SuppliersBean
[1/16/20 8:04:27:144 PST] 0000001d com.ibm.ws.ejbcontainer.runtime.AbstractEJBRuntime           I CNTR0167I: The server is binding the com.ibm.websphere.samples.pbw.ejb.ShoppingCartBean interface of the ShoppingCartBean enterprise bean in the PlantsByWebSphere.war module of the PlantsByWebSphereV8 application.  The binding location is: java:global/PlantsByWebSphereV8/PlantsByWebSphere/ShoppingCartBean!com.ibm.websphere.samples.pbw.ejb.ShoppingCartBean
[1/16/20 8:04:27:144 PST] 0000001d com.ibm.ws.ejbcontainer.osgi.internal.EJBRuntimeImpl         I CNTR4001I: The PlantsByWebSphere.war EJB module in the PlantsByWebSphereV8 application has started successfully.
[1/16/20 8:04:27:146 PST] 0000001d com.ibm.ws.webcontainer.osgi.webapp.WebGroup                 I SRVE0169I: Loading Web Module: PlantsByWebSphere.
[1/16/20 8:04:27:146 PST] 0000001d com.ibm.ws.webcontainer                                      I SRVE0250I: Web Module PlantsByWebSphere has been bound to default_host.
[1/16/20 8:04:27:146 PST] 0000001d com.ibm.ws.http.internal.VirtualHostImpl                     A CWWKT0016I: Web application available (default_host): http://workstation:9084/PlantsByWebSphere/
[1/16/20 8:04:27:150 PST] 0000001d com.ibm.ws.app.manager.AppMessageHelper                      A CWWKZ0001I: Application PlantsByWebSphereV8 started in 4.160 seconds.
[1/16/20 8:04:27:154 PST] 00000039 com.ibm.ws.session.WASSessionCore                            I SESN0176I: A new session context will be created for application key default_host/PlantsByWebSphere
[1/16/20 8:04:27:155 PST] 00000039 com.ibm.ws.util                                              I SESN0172I: The session manager is using the Java default SecureRandom implementation for session ID generation.
[1/16/20 8:04:27:204 PST] 0000001c com.ibm.ws.kernel.feature.internal.FeatureManager            A CWWKF0012I: The server installed the following features: [appSecurity-2.0, beanValidation-1.1, cdi-1.2, collectiveMember-1.0, distributedMap-1.0, ejbLite-3.2, el-3.0, javaMail-1.5, jaxrs-2.0, jaxrsClient-2.0, jdbc-4.1, jndi-1.0, jpa-2.0, jsf-2.2, json-1.0, jsp-2.3, restConnector-1.0, servlet-3.1, ssl-1.0].
[1/16/20 8:04:27:204 PST] 0000001c com.ibm.ws.kernel.feature.internal.FeatureManager            I CWWKF0008I: Feature update completed in 8.287 seconds.
[1/16/20 8:04:27:205 PST] 0000001c com.ibm.ws.kernel.feature.internal.FeatureManager            A CWWKF0011I: The myMember server is ready to run a smarter planet. The myMember server started in 9.780 seconds.
[1/16/20 8:04:27:209 PST] 0000002f com.ibm.ws.webcontainer.osgi.mbeans.PluginGenerator          I SRVE9103I: A configuration file for a web server plugin was automatically generated for this server at /home/ibmdemo/cp4a-labs/shared/wlp/usr/servers/myMember/logs/state/plugin-cfg.xml.
[1/16/20 8:04:27:375 PST] 00000039 org.apache.myfaces.config.DefaultFacesConfigurationProvider  I Reading standard config META-INF/standard-faces-config.xml
[1/16/20 8:04:27:518 PST] 00000039 org.apache.myfaces.config.DefaultFacesConfigurationProvider  I Reading config /WEB-INF/faces-config.xml
[1/16/20 8:04:27:708 PST] 00000039 org.apache.myfaces.spi.impl.DefaultInjectionProviderFactory  I Using InjectionProvider com.ibm.ws.jsf.spi.impl.WASCDIAnnotationDelegateInjectionProvider
[1/16/20 8:04:27:787 PST] 00000039 org.apache.myfaces.util.ExternalSpecifications               I MyFaces CDI support enabled
[1/16/20 8:04:27:807 PST] 00000039 org.apache.myfaces.util.ExternalSpecifications               I MyFaces Bean Validation support enabled
[1/16/20 8:04:27:919 PST] 00000039 org.apache.myfaces.config.FacesConfigurator                  I Serialization provider : class org.apache.myfaces.shared_impl.util.serial.DefaultSerialFactory
[1/16/20 8:04:27:973 PST] 00000039 org.apache.myfaces.webapp.AbstractFacesInitializer           I ServletContext initialized.
[1/16/20 8:04:27:976 PST] 00000039 org.apache.myfaces.webapp.WebConfigParamsLogger              I Tomahawk jar not available. Autoscrolling, DetectJavascript, AddResourceClass and CheckExtensionsFilter are disabled now.
[1/16/20 8:04:27:976 PST] 00000039 org.apache.myfaces.webapp.WebConfigParamsLogger              I Scanning for context init parameters not defined. It is not necessary to define them all into your web.xml, they are just provided here for informative purposes. To disable this messages set org.apache.myfaces.LOG_WEB_CONTEXT_PARAMS config param to 'false'
[1/16/20 8:04:27:976 PST] 00000039 org.apache.myfaces.webapp.WebConfigParamsLogger              I No context init parameter 'javax.faces.RESOURCE_EXCLUDES' found, using default value '.class .jsp .jspx .properties .xhtml .groovy'.
[1/16/20 8:04:27:976 PST] 00000039 org.apache.myfaces.webapp.WebConfigParamsLogger              I No context init parameter 'javax.faces.STATE_SAVING_METHOD' found, using default value 'server'.
[1/16/20 8:04:27:977 PST] 00000039 org.apache.myfaces.webapp.WebConfigParamsLogger              I No context init parameter 'javax.faces.FULL_STATE_SAVING_VIEW_IDS' found.
[1/16/20 8:04:27:977 PST] 00000039 org.apache.myfaces.webapp.WebConfigParamsLogger              I No context init parameter 'javax.faces.PARTIAL_STATE_SAVING' found, using default value 'true (false with 1.2 webapps)'.
[1/16/20 8:04:27:977 PST] 00000039 org.apache.myfaces.webapp.WebConfigParamsLogger              I No context init parameter 'javax.faces.SERIALIZE_SERVER_STATE' found, using default value 'false'.
[1/16/20 8:04:27:977 PST] 00000039 org.apache.myfaces.webapp.WebConfigParamsLogger              I No context init parameter 'javax.faces.DEFAULT_SUFFIX' found, using default value '.xhtml .view.xml .jsp'.
[1/16/20 8:04:27:977 PST] 00000039 org.apache.myfaces.webapp.WebConfigParamsLogger              I No context init parameter 'javax.faces.FACELETS_SUFFIX' found, using default value '.xhtml'.
[1/16/20 8:04:27:977 PST] 00000039 org.apache.myfaces.webapp.WebConfigParamsLogger              I No context init parameter 'javax.faces.FACELETS_VIEW_MAPPINGS' found.
[1/16/20 8:04:27:977 PST] 00000039 org.apache.myfaces.webapp.WebConfigParamsLogger              I No context init parameter 'DISABLE_FACELET_JSF_VIEWHANDLER' found.
[1/16/20 8:04:27:977 PST] 00000039 org.apache.myfaces.webapp.WebConfigParamsLogger              I No context init parameter 'javax.faces.FACELETS_BUFFER_SIZE' found, using default value '1024'.
[1/16/20 8:04:27:977 PST] 00000039 org.apache.myfaces.webapp.WebConfigParamsLogger              I No context init parameter 'javax.faces.FACELETS_DECORATORS' found.
[1/16/20 8:04:27:977 PST] 00000039 org.apache.myfaces.webapp.WebConfigParamsLogger              I No context init parameter 'javax.faces.FACELETS_LIBRARIES' found.
[1/16/20 8:04:27:977 PST] 00000039 org.apache.myfaces.webapp.WebConfigParamsLogger              I No context init parameter 'javax.faces.FACELETS_REFRESH_PERIOD' found, using default value '-1'.
[1/16/20 8:04:27:977 PST] 00000039 org.apache.myfaces.webapp.WebConfigParamsLogger              I No context init parameter 'javax.faces.FACELETS_SKIP_COMMENTS' found.
[1/16/20 8:04:27:978 PST] 00000039 org.apache.myfaces.webapp.WebConfigParamsLogger              I No context init parameter 'javax.faces.HONOR_CURRENT_COMPONENT_ATTRIBUTES' found, using default value 'false'.
[1/16/20 8:04:27:978 PST] 00000039 org.apache.myfaces.webapp.WebConfigParamsLogger              I No context init parameter 'javax.faces.INTERPRET_EMPTY_STRING_SUBMITTED_VALUES_AS_NULL' found, using default value 'false'.
[1/16/20 8:04:27:979 PST] 00000039 org.apache.myfaces.webapp.WebConfigParamsLogger              I No context init parameter 'javax.faces.DATETIMECONVERTER_DEFAULT_TIMEZONE_IS_SYSTEM_TIMEZONE' found, using default value 'false'.
[1/16/20 8:04:27:979 PST] 00000039 org.apache.myfaces.webapp.WebConfigParamsLogger              I No context init parameter 'org.apache.myfaces.ENUM_CONVERTER_ALLOW_STRING_PASSTROUGH' found, using default value 'false'.
[1/16/20 8:04:27:979 PST] 00000039 org.apache.myfaces.webapp.WebConfigParamsLogger              I No context init parameter 'javax.faces.validator.DISABLE_DEFAULT_BEAN_VALIDATOR' found, using default value 'true'.
[1/16/20 8:04:27:979 PST] 00000039 org.apache.myfaces.webapp.WebConfigParamsLogger              I No context init parameter 'javax.faces.CONFIG_FILES' found.
[1/16/20 8:04:27:979 PST] 00000039 org.apache.myfaces.webapp.WebConfigParamsLogger              I No context init parameter 'javax.faces.LIFECYCLE_ID' found.
[1/16/20 8:04:27:979 PST] 00000039 org.apache.myfaces.webapp.WebConfigParamsLogger              I No context init parameter 'org.apache.myfaces.ERROR_HANDLER' found.
[1/16/20 8:04:27:979 PST] 00000039 org.apache.myfaces.webapp.WebConfigParamsLogger              I No context init parameter 'org.apache.myfaces.CHECKED_VIEWID_CACHE_SIZE' found, using default value '500'.
[1/16/20 8:04:27:979 PST] 00000039 org.apache.myfaces.webapp.WebConfigParamsLogger              I No context init parameter 'org.apache.myfaces.CHECKED_VIEWID_CACHE_ENABLED' found, using default value 'true'.
[1/16/20 8:04:27:979 PST] 00000039 org.apache.myfaces.webapp.WebConfigParamsLogger              I No context init parameter 'org.apache.myfaces.PRETTY_HTML' found, using default value 'true'.
[1/16/20 8:04:27:979 PST] 00000039 org.apache.myfaces.webapp.WebConfigParamsLogger              I No context init parameter 'org.apache.myfaces.ALLOW_JAVASCRIPT' found, using default value 'true'.
[1/16/20 8:04:27:979 PST] 00000039 org.apache.myfaces.webapp.WebConfigParamsLogger              I No context init parameter 'org.apache.myfaces.CONFIG_REFRESH_PERIOD' found, using default value '2'.
[1/16/20 8:04:27:979 PST] 00000039 org.apache.myfaces.webapp.WebConfigParamsLogger              I No context init parameter 'org.apache.myfaces.VIEWSTATE_JAVASCRIPT' found, using default value 'false'.
[1/16/20 8:04:27:980 PST] 00000039 org.apache.myfaces.webapp.WebConfigParamsLogger              I No context init parameter 'org.apache.myfaces.RENDER_VIEWSTATE_ID' found, using default value 'true'.
[1/16/20 8:04:27:980 PST] 00000039 org.apache.myfaces.webapp.WebConfigParamsLogger              I No context init parameter 'org.apache.myfaces.STRICT_XHTML_LINKS' found, using default value 'true'.
[1/16/20 8:04:27:980 PST] 00000039 org.apache.myfaces.webapp.WebConfigParamsLogger              I No context init parameter 'org.apache.myfaces.RENDER_CLEAR_JAVASCRIPT_FOR_BUTTON' found, using default value 'false'.
[1/16/20 8:04:27:980 PST] 00000039 org.apache.myfaces.webapp.WebConfigParamsLogger              I No context init parameter 'org.apache.myfaces.RENDER_HIDDEN_FIELDS_FOR_LINK_PARAMS' found, using default value 'false'.
[1/16/20 8:04:27:980 PST] 00000039 org.apache.myfaces.webapp.WebConfigParamsLogger              I No context init parameter 'org.apache.myfaces.SAVE_FORM_SUBMIT_LINK_IE' found, using default value 'false'.
[1/16/20 8:04:27:980 PST] 00000039 org.apache.myfaces.webapp.WebConfigParamsLogger              I No context init parameter 'org.apache.myfaces.DELEGATE_FACES_SERVLET' found.
[1/16/20 8:04:27:980 PST] 00000039 org.apache.myfaces.webapp.WebConfigParamsLogger              I No context init parameter 'org.apache.myfaces.REFRESH_TRANSIENT_BUILD_ON_PSS' found, using default value 'auto'.
[1/16/20 8:04:27:980 PST] 00000039 org.apache.myfaces.webapp.WebConfigParamsLogger              I No context init parameter 'org.apache.myfaces.REFRESH_TRANSIENT_BUILD_ON_PSS_PRESERVE_STATE' found, using default value 'false'.
[1/16/20 8:04:27:980 PST] 00000039 org.apache.myfaces.webapp.WebConfigParamsLogger              I No context init parameter 'org.apache.myfaces.VALIDATE_XML' found.
[1/16/20 8:04:27:980 PST] 00000039 org.apache.myfaces.webapp.WebConfigParamsLogger              I No context init parameter 'org.apache.myfaces.WRAP_SCRIPT_CONTENT_WITH_XML_COMMENT_TAG' found, using default value 'false'.
[1/16/20 8:04:27:980 PST] 00000039 org.apache.myfaces.webapp.WebConfigParamsLogger              I No context init parameter 'org.apache.myfaces.RENDER_FORM_SUBMIT_SCRIPT_INLINE' found, using default value 'false'.
[1/16/20 8:04:27:980 PST] 00000039 org.apache.myfaces.webapp.WebConfigParamsLogger              I No context init parameter 'org.apache.myfaces.DEBUG_PHASE_LISTENER' found.
[1/16/20 8:04:27:981 PST] 00000039 org.apache.myfaces.webapp.WebConfigParamsLogger              I No context init parameter 'org.apache.myfaces.STRICT_JSF_2_REFRESH_TARGET_AJAX' found, using default value 'false'.
[1/16/20 8:04:27:981 PST] 00000039 org.apache.myfaces.webapp.WebConfigParamsLogger              I No context init parameter 'org.apache.myfaces.STRICT_JSF_2_CC_EL_RESOLVER' found, using default value 'false'.
[1/16/20 8:04:27:981 PST] 00000039 org.apache.myfaces.webapp.WebConfigParamsLogger              I No context init parameter 'org.apache.myfaces.DEFAULT_RESPONSE_WRITER_CONTENT_TYPE_MODE' found, using default value 'text/html'.
[1/16/20 8:04:27:981 PST] 00000039 org.apache.myfaces.webapp.WebConfigParamsLogger              I No context init parameter 'org.apache.myfaces.VIEW_UNIQUE_IDS_CACHE_ENABLED' found, using default value 'true'.
[1/16/20 8:04:27:981 PST] 00000039 org.apache.myfaces.webapp.WebConfigParamsLogger              I No context init parameter 'org.apache.myfaces.COMPONENT_UNIQUE_IDS_CACHE_SIZE' found, using default value '100'.
[1/16/20 8:04:27:981 PST] 00000039 org.apache.myfaces.webapp.WebConfigParamsLogger              I No context init parameter 'org.apache.myfaces.SUPPORT_JSP_AND_FACES_EL' found, using default value 'true'.
[1/16/20 8:04:27:981 PST] 00000039 org.apache.myfaces.webapp.WebConfigParamsLogger              I No context init parameter 'org.apache.myfaces.GAE_JSF_JAR_FILES' found.
[1/16/20 8:04:27:981 PST] 00000039 org.apache.myfaces.webapp.WebConfigParamsLogger              I No context init parameter 'org.apache.myfaces.GAE_JSF_ANNOTATIONS_JAR_FILES' found.
[1/16/20 8:04:27:981 PST] 00000039 org.apache.myfaces.webapp.WebConfigParamsLogger              I No context init parameter 'org.apache.myfaces.STRICT_JSF_2_VIEW_NOT_FOUND' found, using default value 'false'.
[1/16/20 8:04:27:981 PST] 00000039 org.apache.myfaces.webapp.WebConfigParamsLogger              I No context init parameter 'org.apache.myfaces.EARLY_FLUSH_ENABLED' found, using default value 'false'.
[1/16/20 8:04:27:981 PST] 00000039 org.apache.myfaces.webapp.WebConfigParamsLogger              I No context init parameter 'org.apache.myfaces.CDI_MANAGED_CONVERTERS_ENABLED' found, using default value 'false'.
[1/16/20 8:04:27:982 PST] 00000039 org.apache.myfaces.webapp.WebConfigParamsLogger              I No context init parameter 'org.apache.myfaces.CDI_MANAGED_VALIDATORS_ENABLED' found, using default value 'false'.
[1/16/20 8:04:27:982 PST] 00000039 org.apache.myfaces.webapp.WebConfigParamsLogger              I No context init parameter 'org.apache.myfaces.STRICT_JSF_2_FACELETS_COMPATIBILITY' found, using default value 'false'.
[1/16/20 8:04:27:982 PST] 00000039 org.apache.myfaces.webapp.WebConfigParamsLogger              I No context init parameter 'org.apache.myfaces.RENDER_FORM_VIEW_STATE_AT_BEGIN' found, using default value 'false'.
[1/16/20 8:04:27:982 PST] 00000039 org.apache.myfaces.webapp.WebConfigParamsLogger              I No context init parameter 'org.apache.myfaces.FLASH_SCOPE_DISABLED' found, using default value 'false'.
[1/16/20 8:04:27:982 PST] 00000039 org.apache.myfaces.webapp.WebConfigParamsLogger              I No context init parameter 'org.apache.myfaces.NUMBER_OF_VIEWS_IN_SESSION' found, using default value '20'.
[1/16/20 8:04:27:982 PST] 00000039 org.apache.myfaces.webapp.WebConfigParamsLogger              I No context init parameter 'org.apache.myfaces.NUMBER_OF_SEQUENTIAL_VIEWS_IN_SESSION' found, using default value '4'.
[1/16/20 8:04:27:982 PST] 00000039 org.apache.myfaces.webapp.WebConfigParamsLogger              I No context init parameter 'org.apache.myfaces.NUMBER_OF_FLASH_TOKENS_IN_SESSION' found.
[1/16/20 8:04:27:982 PST] 00000039 org.apache.myfaces.webapp.WebConfigParamsLogger              I No context init parameter 'org.apache.myfaces.FACES_FLOW_CLIENT_WINDOW_IDS_IN_SESSION' found.
[1/16/20 8:04:27:982 PST] 00000039 org.apache.myfaces.webapp.WebConfigParamsLogger              I No context init parameter 'org.apache.myfaces.RESOURCE_MAX_TIME_EXPIRES' found, using default value '604800000'.
[1/16/20 8:04:27:983 PST] 00000039 org.apache.myfaces.webapp.WebConfigParamsLogger              I No context init parameter 'org.apache.myfaces.RESOURCE_HANDLER_CACHE_SIZE' found, using default value '500'.
[1/16/20 8:04:27:983 PST] 00000039 org.apache.myfaces.webapp.WebConfigParamsLogger              I No context init parameter 'org.apache.myfaces.RESOURCE_HANDLER_CACHE_ENABLED' found, using default value 'true'.
[1/16/20 8:04:27:983 PST] 00000039 org.apache.myfaces.webapp.WebConfigParamsLogger              I No context init parameter 'org.apache.myfaces.USE_ENCRYPTION' found, using default value 'true'.
[1/16/20 8:04:27:983 PST] 00000039 org.apache.myfaces.webapp.WebConfigParamsLogger              I No context init parameter 'org.apache.myfaces.SECRET' found.
[1/16/20 8:04:27:983 PST] 00000039 org.apache.myfaces.webapp.WebConfigParamsLogger              I No context init parameter 'org.apache.myfaces.ALGORITHM' found, using default value 'DES'.
[1/16/20 8:04:27:983 PST] 00000039 org.apache.myfaces.webapp.WebConfigParamsLogger              I No context init parameter 'org.apache.myfaces.SECRET.CACHE' found.
[1/16/20 8:04:27:983 PST] 00000039 org.apache.myfaces.webapp.WebConfigParamsLogger              I No context init parameter 'org.apache.myfaces.ALGORITHM.IV' found.
[1/16/20 8:04:27:983 PST] 00000039 org.apache.myfaces.webapp.WebConfigParamsLogger              I No context init parameter 'org.apache.myfaces.ALGORITHM.PARAMETERS' found, using default value 'ECB/PKCS5Padding'.
[1/16/20 8:04:27:983 PST] 00000039 org.apache.myfaces.webapp.WebConfigParamsLogger              I No context init parameter 'org.apache.myfaces.SERIAL_FACTORY' found.
[1/16/20 8:04:27:983 PST] 00000039 org.apache.myfaces.webapp.WebConfigParamsLogger              I No context init parameter 'org.apache.myfaces.COMPRESS_STATE_IN_CLIENT' found, using default value 'false'.
[1/16/20 8:04:27:983 PST] 00000039 org.apache.myfaces.webapp.WebConfigParamsLogger              I No context init parameter 'org.apache.myfaces.MAC_ALGORITHM' found, using default value 'HmacSHA1'.
[1/16/20 8:04:27:983 PST] 00000039 org.apache.myfaces.webapp.WebConfigParamsLogger              I No context init parameter 'org.apache.myfaces.MAC_SECRET' found.
[1/16/20 8:04:27:983 PST] 00000039 org.apache.myfaces.webapp.WebConfigParamsLogger              I No context init parameter 'org.apache.myfaces.MAC_SECRET.CACHE' found.
[1/16/20 8:04:27:984 PST] 00000039 org.apache.myfaces.webapp.WebConfigParamsLogger              I No context init parameter 'org.apache.myfaces.LAZY_LOAD_CONFIG_OBJECTS' found, using default value 'true'.
[1/16/20 8:04:27:984 PST] 00000039 org.apache.myfaces.webapp.WebConfigParamsLogger              I No context init parameter 'org.apache.myfaces.STRICT_JSF_2_ALLOW_SLASH_LIBRARY_NAME' found, using default value 'false'.
[1/16/20 8:04:27:984 PST] 00000039 org.apache.myfaces.webapp.WebConfigParamsLogger              I No context init parameter 'org.apache.myfaces.RESOURCE_BUFFER_SIZE' found, using default value '2048'.
[1/16/20 8:04:27:984 PST] 00000039 org.apache.myfaces.webapp.WebConfigParamsLogger              I No context init parameter 'org.apache.myfaces.RANDOM_KEY_IN_CSRF_SESSION_TOKEN' found, using default value 'none'.
[1/16/20 8:04:27:984 PST] 00000039 org.apache.myfaces.webapp.WebConfigParamsLogger              I No context init parameter 'org.apache.myfaces.RANDOM_KEY_IN_CSRF_SESSION_TOKEN_LENGTH' found, using default value '16'.
[1/16/20 8:04:27:984 PST] 00000039 org.apache.myfaces.webapp.WebConfigParamsLogger              I No context init parameter 'org.apache.myfaces.RANDOM_KEY_IN_CSRF_SESSION_TOKEN_SECURE_RANDOM_CLASS' found.
[1/16/20 8:04:27:984 PST] 00000039 org.apache.myfaces.webapp.WebConfigParamsLogger              I No context init parameter 'org.apache.myfaces.RANDOM_KEY_IN_CSRF_SESSION_TOKEN_SECURE_RANDOM_PROVIDER' found.
[1/16/20 8:04:27:984 PST] 00000039 org.apache.myfaces.webapp.WebConfigParamsLogger              I No context init parameter 'org.apache.myfaces.RANDOM_KEY_IN_CSRF_SESSION_TOKEN_SECURE_RANDOM_ALGORITM' found, using default value 'SHA1PRNG'.
[1/16/20 8:04:27:984 PST] 00000039 org.apache.myfaces.webapp.WebConfigParamsLogger              I No context init parameter 'org.apache.myfaces.CLIENT_VIEW_STATE_TIMEOUT' found, using default value '0'.
[1/16/20 8:04:27:984 PST] 00000039 org.apache.myfaces.webapp.WebConfigParamsLogger              I No context init parameter 'org.apache.myfaces.SERIALIZE_STATE_IN_SESSION' found, using default value 'false'.
[1/16/20 8:04:27:984 PST] 00000039 org.apache.myfaces.webapp.WebConfigParamsLogger              I No context init parameter 'org.apache.myfaces.COMPRESS_STATE_IN_SESSION' found, using default value 'true'.
[1/16/20 8:04:27:984 PST] 00000039 org.apache.myfaces.webapp.WebConfigParamsLogger              I No context init parameter 'org.apache.myfaces.CACHE_OLD_VIEWS_IN_SESSION_MODE' found, using default value 'off'.
[1/16/20 8:04:27:984 PST] 00000039 org.apache.myfaces.webapp.WebConfigParamsLogger              I No context init parameter 'org.apache.myfaces.USE_FLASH_SCOPE_PURGE_VIEWS_IN_SESSION' found, using default value 'false'.
[1/16/20 8:04:27:985 PST] 00000039 org.apache.myfaces.webapp.WebConfigParamsLogger              I No context init parameter 'org.apache.myfaces.RANDOM_KEY_IN_VIEW_STATE_SESSION_TOKEN' found, using default value 'none'.
[1/16/20 8:04:27:985 PST] 00000039 org.apache.myfaces.webapp.WebConfigParamsLogger              I No context init parameter 'org.apache.myfaces.RANDOM_KEY_IN_VIEW_STATE_SESSION_TOKEN_LENGTH' found, using default value '8'.
[1/16/20 8:04:27:985 PST] 00000039 org.apache.myfaces.webapp.WebConfigParamsLogger              I No context init parameter 'org.apache.myfaces.RANDOM_KEY_IN_VIEW_STATE_SESSION_TOKEN_SECURE_RANDOM_CLASS' found.
[1/16/20 8:04:27:985 PST] 00000039 org.apache.myfaces.webapp.WebConfigParamsLogger              I No context init parameter 'org.apache.myfaces.RANDOM_KEY_IN_VIEW_STATE_SESSION_TOKEN_SECURE_RANDOM_PROVIDER' found.
[1/16/20 8:04:27:985 PST] 00000039 org.apache.myfaces.webapp.WebConfigParamsLogger              I No context init parameter 'org.apache.myfaces.RANDOM_KEY_IN_VIEW_STATE_SESSION_TOKEN_SECURE_RANDOM_ALGORITM' found, using default value 'SHA1PRNG'.
[1/16/20 8:04:27:985 PST] 00000039 org.apache.myfaces.webapp.WebConfigParamsLogger              I No context init parameter 'facelets.LIBRARIES' found.
[1/16/20 8:04:27:985 PST] 00000039 org.apache.myfaces.webapp.WebConfigParamsLogger              I No context init parameter 'org.apache.myfaces.VALIDATE' found, using default value 'false'.
[1/16/20 8:04:27:985 PST] 00000039 org.apache.myfaces.webapp.WebConfigParamsLogger              I No context init parameter 'org.apache.myfaces.annotation.SCAN_PACKAGES' found.
[1/16/20 8:04:27:985 PST] 00000039 org.apache.myfaces.webapp.WebConfigParamsLogger              I No context init parameter 'org.apache.myfaces.config.annotation.LifecycleProvider' found.
[1/16/20 8:04:27:985 PST] 00000039 org.apache.myfaces.webapp.WebConfigParamsLogger              I No context init parameter 'org.apache.myfaces.EL_RESOLVER_COMPARATOR' found.
[1/16/20 8:04:27:985 PST] 00000039 org.apache.myfaces.webapp.WebConfigParamsLogger              I No context init parameter 'org.apache.myfaces.EL_RESOLVER_PREDICATE' found.
[1/16/20 8:04:27:985 PST] 00000039 org.apache.myfaces.webapp.WebConfigParamsLogger              I No context init parameter 'org.apache.myfaces.DEFAULT_WINDOW_MODE' found, using default value 'url'.
[1/16/20 8:04:27:985 PST] 00000039 org.apache.myfaces.webapp.WebConfigParamsLogger              I No context init parameter 'org.apache.myfaces.CHECKED_VIEWID_CACHE_SIZE' found, using default value '500'.
[1/16/20 8:04:27:986 PST] 00000039 org.apache.myfaces.webapp.WebConfigParamsLogger              I No context init parameter 'org.apache.myfaces.CHECKED_VIEWID_CACHE_ENABLED' found, using default value 'true'.
[1/16/20 8:04:27:986 PST] 00000039 org.apache.myfaces.webapp.WebConfigParamsLogger              I No context init parameter 'org.apache.myfaces.ERROR_TEMPLATE_RESOURCE' found, using default value 'META-INF/rsc/myfaces-dev-error.xml'.
[1/16/20 8:04:27:986 PST] 00000039 org.apache.myfaces.webapp.WebConfigParamsLogger              I No context init parameter 'org.apache.myfaces.DEBUG_TEMPLATE_RESOURCE' found, using default value 'META-INF/rsc/myfaces-dev-debug.xml'.
[1/16/20 8:04:27:986 PST] 00000039 org.apache.myfaces.webapp.WebConfigParamsLogger              I No context init parameter 'org.apache.myfaces.ERROR_HANDLING' found, using default value 'false, on Development Project stage: true'.
[1/16/20 8:04:27:986 PST] 00000039 org.apache.myfaces.webapp.WebConfigParamsLogger              I No context init parameter 'org.apache.myfaces.HANDLE_STATE_CACHING_MECHANICS' found, using default value 'true'.
[1/16/20 8:04:27:986 PST] 00000039 org.apache.myfaces.webapp.WebConfigParamsLogger              I No context init parameter 'org.apache.myfaces.AUTOCOMPLETE_OFF_VIEW_STATE' found, using default value 'true'.
[1/16/20 8:04:27:986 PST] 00000039 org.apache.myfaces.webapp.WebConfigParamsLogger              I No context init parameter 'org.apache.myfaces.USE_MULTIPLE_JS_FILES_FOR_JSF_UNCOMPRESSED_JS' found, using default value 'false'.
[1/16/20 8:04:27:986 PST] 00000039 org.apache.myfaces.webapp.WebConfigParamsLogger              I No context init parameter 'org.apache.myfaces.JSF_JS_MODE' found, using default value 'normal'.
[1/16/20 8:04:27:986 PST] 00000039 org.apache.myfaces.webapp.WebConfigParamsLogger              I No context init parameter 'org.apache.myfaces.TEMPORAL_RESOURCEHANDLER_CACHE_ENABLED' found, using default value 'false'.
[1/16/20 8:04:27:986 PST] 00000039 org.apache.myfaces.webapp.WebConfigParamsLogger              I No context init parameter 'org.apache.myfaces.SERVICE_PROVIDER_FINDER' found.
[1/16/20 8:04:27:986 PST] 00000039 org.apache.myfaces.webapp.WebConfigParamsLogger              I No context init parameter 'org.apache.myfaces.spi.InjectionProvider' found.
[1/16/20 8:04:27:987 PST] 00000039 org.apache.myfaces.webapp.WebConfigParamsLogger              I No context init parameter 'javax.faces.DISABLE_FACELET_JSF_VIEWHANDLER' found, using default value 'false'.
[1/16/20 8:04:27:987 PST] 00000039 org.apache.myfaces.webapp.WebConfigParamsLogger              I No context init parameter 'org.apache.myfaces.SAVE_STATE_WITH_VISIT_TREE_ON_PSS' found, using default value 'true'.
[1/16/20 8:04:27:987 PST] 00000039 org.apache.myfaces.webapp.WebConfigParamsLogger              I No context init parameter 'org.apache.myfaces.CHECK_ID_PRODUCTION_MODE' found, using default value 'auto'.
[1/16/20 8:04:27:987 PST] 00000039 org.apache.myfaces.webapp.WebConfigParamsLogger              I No context init parameter 'facelets.BUFFER_SIZE' found.
[1/16/20 8:04:27:987 PST] 00000039 org.apache.myfaces.webapp.WebConfigParamsLogger              I No context init parameter 'facelets.REFRESH_PERIOD' found, using default value '-1'.
[1/16/20 8:04:27:987 PST] 00000039 org.apache.myfaces.webapp.WebConfigParamsLogger              I No context init parameter 'javax.faces.FACELETS_RESOURCE_RESOLVER' found.
[1/16/20 8:04:27:987 PST] 00000039 org.apache.myfaces.webapp.WebConfigParamsLogger              I No context init parameter 'facelets.RESOURCE_RESOLVER' found.
[1/16/20 8:04:27:987 PST] 00000039 org.apache.myfaces.webapp.WebConfigParamsLogger              I No context init parameter 'org.apache.myfaces.MARK_INITIAL_STATE_WHEN_APPLY_BUILD_VIEW' found, using default value 'false'.
[1/16/20 8:04:27:987 PST] 00000039 org.apache.myfaces.webapp.WebConfigParamsLogger              I No context init parameter 'facelets.DECORATORS' found.
[1/16/20 8:04:27:987 PST] 00000039 org.apache.myfaces.webapp.WebConfigParamsLogger              I No context init parameter 'facelets.SKIP_COMMENTS' found.
[1/16/20 8:04:27:987 PST] 00000039 org.apache.myfaces.webapp.WebConfigParamsLogger              I No context init parameter 'org.apache.myfaces.WRAP_TAG_EXCEPTIONS_AS_CONTEXT_AWARE' found, using default value 'true'.
[1/16/20 8:04:27:987 PST] 00000039 org.apache.myfaces.webapp.WebConfigParamsLogger              I No context init parameter 'org.apache.myfaces.CACHE_EL_EXPRESSIONS' found, using default value 'noCache'.
[1/16/20 8:04:27:988 PST] 00000039 org.apache.myfaces.webapp.WebConfigParamsLogger              I No context init parameter 'org.apache.myfaces.VIEW_POOL_MAX_POOL_SIZE' found, using default value '5'.
[1/16/20 8:04:27:988 PST] 00000039 org.apache.myfaces.webapp.WebConfigParamsLogger              I No context init parameter 'org.apache.myfaces.VIEW_POOL_MAX_DYNAMIC_PARTIAL_LIMIT' found, using default value '2'.
[1/16/20 8:04:27:988 PST] 00000039 org.apache.myfaces.webapp.WebConfigParamsLogger              I No context init parameter 'org.apache.myfaces.VIEW_POOL_ENTRY_MODE' found, using default value 'soft'.
[1/16/20 8:04:27:988 PST] 00000039 org.apache.myfaces.webapp.WebConfigParamsLogger              I No context init parameter 'org.apache.myfaces.VIEW_POOL_DEFERRED_NAVIGATION' found, using default value 'false'.
[1/16/20 8:04:27:988 PST] 00000039 org.apache.myfaces.webapp.WebConfigParamsLogger              I No context init parameter 'org.apache.myfaces.EXPRESSION_FACTORY' found.
[1/16/20 8:04:27:988 PST] 00000039 org.apache.myfaces.webapp.WebConfigParamsLogger              I No context init parameter 'org.apache.myfaces.INITIALIZE_ALWAYS_STANDALONE' found, using default value 'false'.
[1/16/20 8:04:27:988 PST] 00000039 org.apache.myfaces.webapp.WebConfigParamsLogger              I No context init parameter 'org.apache.myfaces.LOG_WEB_CONTEXT_PARAMS' found, using default value 'auto'.
[1/16/20 8:04:27:988 PST] 00000039 org.apache.myfaces.webapp.WebConfigParamsLogger              I No context init parameter 'org.apache.myfaces.FACES_INITIALIZER' found.
[1/16/20 8:04:27:988 PST] 00000039 org.apache.myfaces.webapp.WebConfigParamsLogger              I No context init parameter 'org.apache.myfaces.FACES_INIT_PLUGINS' found.
[1/16/20 8:04:27:989 PST] 00000039 org.apache.myfaces.util.ExternalSpecifications               I MyFaces Unified EL support enabled
[1/16/20 8:04:27:993 PST] 00000039 org.apache.myfaces.webapp.AbstractFacesInitializer           W 

*******************************************************************
*** WARNING: Apache MyFaces-2 is running in DEVELOPMENT mode.   ***
***                                         ^^^^^^^^^^^         ***
*** Do NOT deploy to your live server(s) without changing this. ***
*** See Application#getProjectStage() for more information.     ***
*******************************************************************

[1/16/20 8:06:32:311 PST] 00000030 ective.repository.client.internal.RemoteConnectionHelperImpl I CWWKX8057I: The collective member is unable to establish a connection to any of the collective controllers. Configured controllers: [10.0.10.1:9445]
[1/16/20 8:08:43:382 PST] 00000028 ective.repository.client.internal.RemoteConnectionHelperImpl I CWWKX8057I: The collective member is unable to establish a connection to any of the collective controllers. Configured controllers: [10.0.10.1:9445]
[1/16/20 8:11:53:846 PST] 00000028 ective.repository.client.internal.RemoteConnectionHelperImpl I CWWKX8057I: The collective member is unable to establish a connection to any of the collective controllers. Configured controllers: [10.0.10.1:9445]
[1/16/20 8:15:08:406 PST] 00000050 ective.repository.client.internal.RemoteConnectionHelperImpl I CWWKX8057I: The collective member is unable to establish a connection to any of the collective controllers. Configured controllers: [10.0.10.1:9445]
[1/16/20 8:17:33:814 PST] 0000001f ective.repository.client.internal.RemoteConnectionHelperImpl I CWWKX8057I: The collective member is unable to establish a connection to any of the collective controllers. Configured controllers: [10.0.10.1:9445]
[1/16/20 8:20:42:230 PST] 0000005b ective.repository.client.internal.RemoteConnectionHelperImpl I CWWKX8057I: The collective member is unable to establish a connection to any of the collective controllers. Configured controllers: [10.0.10.1:9445]
[1/16/20 8:24:00:886 PST] 0000001f ective.repository.client.internal.RemoteConnectionHelperImpl I CWWKX8057I: The collective member is unable to establish a connection to any of the collective controllers. Configured controllers: [10.0.10.1:9445]
[1/16/20 8:24:45:279 PST] 00000010 com.ibm.ws.kernel.launch.internal.FrameworkManager           A CWWKE0085I: The server myMember is stopping because the JVM is exiting.
[1/16/20 8:24:45:282 PST] 00000064 com.ibm.ws.runtime.update.internal.RuntimeUpdateManagerImpl  A CWWKE1100I: Waiting for up to 30 seconds for the server to quiesce.
[1/16/20 8:24:45:289 PST] 0000004c com.ibm.ws.tcpchannel.internal.TCPChannel                    I CWWKO0220I: TCP Channel defaultHttpEndpoint has stopped listening for requests on host workstation  (IPv4: 10.0.0.1) port 9084.
[1/16/20 8:24:45:294 PST] 0000005e com.ibm.ws.tcpchannel.internal.TCPChannel                    I CWWKO0220I: TCP Channel defaultHttpEndpoint-ssl has stopped listening for requests on host workstation  (IPv4: 10.0.0.1) port 9446.
[1/16/20 8:24:45:296 PST] 0000005e com.ibm.ws.http.internal.VirtualHostImpl                     A CWWKT0017I: Web application removed (default_host): https://workstation:9446/PlantsByWebSphere/
[1/16/20 8:24:45:296 PST] 0000005e com.ibm.ws.http.internal.VirtualHostImpl                     A CWWKT0017I: Web application removed (default_host): https://workstation:9446/ibm/api/
[1/16/20 8:24:45:296 PST] 0000005e com.ibm.ws.http.internal.VirtualHostImpl                     A CWWKT0017I: Web application removed (default_host): https://workstation:9446/IBMJMXConnectorREST/
[1/16/20 8:25:15:311 PST] 00000064 com.ibm.ws.runtime.update.internal.RuntimeUpdateManagerImpl  W CWWKE1102W: The quiesce operation did not complete. The server will now stop.
[1/16/20 8:25:15:312 PST] 00000064 com.ibm.ws.runtime.update.internal.RuntimeUpdateManagerImpl  W CWWKE1107W: 1 threads did not complete during the quiesce period. 
[1/16/20 8:25:15:359 PST] 00000039 com.ibm.ws.ejbcontainer.osgi.internal.EJBRuntimeImpl         I CNTR4003I: The PlantsByWebSphere.war EJB module in the PlantsByWebSphereV8 application is stopping.
[1/16/20 8:25:15:378 PST] 00000039 com.ibm.ws.ejbcontainer.osgi.internal.EJBRuntimeImpl         I CNTR4004I: The PlantsByWebSphere.war EJB module in the PlantsByWebSphereV8 application has stopped successfully.
[1/16/20 8:25:15:390 PST] 00000039 com.ibm.ws.app.manager.AppMessageHelper                      A CWWKZ0009I: The application PlantsByWebSphereV8 has stopped successfully.
[1/16/20 8:25:15:601 PST] 00000064 com.ibm.ws.security.ready.internal.SecurityReadyServiceImpl  I CWWKS0009I: The security service has stopped.
[1/16/20 8:25:15:612 PST] 00000064 ibm.ws.security.authentication.internal.jaas.JAASServiceImpl I CWWKS1124I: The collective authentication plugin with class name MemberCollectiveAuthenticationPlugin has been deactivated. 
