------Start of DE processing------ = [6/27/19 9:01:26:800 PDT]
Exception = java.lang.IllegalArgumentException
Source = com.ibm.ws.kernel.feature.internal.FeatureManager
probeid = reportErrors
Stack Dump = java.lang.IllegalArgumentException: Unable to load conflicting versions of features "com.ibm.websphere.appserver.javax.annotation-1.3" and "com.ibm.websphere.appserver.javax.annotation-1.2".  The feature dependency chains that led to the conflict are: com.ibm.websphere.appserver.webProfile-8.0 -> com.ibm.websphere.appserver.jpa-2.2 -> com.ibm.websphere.appserver.jpaContainer-2.2 -> com.ibm.websphere.appserver.javax.annotation-1.3 and com.ibm.websphere.appserver.jsp-2.3 -> com.ibm.websphere.appserver.servlet-3.1 -> com.ibm.websphere.appserver.javax.annotation-1.2
	at com.ibm.ws.kernel.feature.internal.FeatureManager.reportErrors(FeatureManager.java:1690)
	at com.ibm.ws.kernel.feature.internal.FeatureManager.updateFeatures(FeatureManager.java:1270)
	at com.ibm.ws.kernel.feature.internal.FeatureManager.update(FeatureManager.java:712)
	at com.ibm.ws.kernel.feature.internal.FeatureManager.processFeatureChanges(FeatureManager.java:814)
	at com.ibm.ws.kernel.feature.internal.FeatureManager$1.run(FeatureManager.java:612)
	at com.ibm.ws.threading.internal.ExecutorServiceImpl$RunnableWrapper.run(ExecutorServiceImpl.java:239)
	at java.util.concurrent.ThreadPoolExecutor.runWorker(ThreadPoolExecutor.java:1149)
	at java.util.concurrent.ThreadPoolExecutor$Worker.run(ThreadPoolExecutor.java:624)
	at java.lang.Thread.run(Thread.java:748)

Dump of callerThis
null
Dump of objectArray[0]
Object type = java.lang.String
  String value = "com.ibm.websphere.appserver.javax.annotation"

Dump of objectArray[1]
Object type = java.lang.String
  String value = "[ROOT->com.ibm.websphere.appserver.webProfile-8.0->com.ibm.websphere.appserver.jpa-2.2->com.ibm.websphere.appserver.jpaContainer-2.2->[com.ibm.websphere.appserver.javax.annotation-1.3] 1.3.0, ROOT->com.ibm.websphere.appserver.jsp-2.3->com.ibm.websphere.appserver.servlet-3.1->[com.ibm.websphere.appserver.javax.annotation-1.2, com.ibm.websphere.appserver.javax.annotation-1.1] 1.2.0]"

