------Start of DE processing------ = [1/16/20 11:13:42:012 PST]
Exception = java.sql.SQLNonTransientException
Source = com.ibm.ws.jdbc.DataSourceService
probeid = 587
Stack Dump = java.sql.SQLNonTransientException: DSRA4000E: No implementations of org.apache.derby.jdbc.EmbeddedConnectionPoolDataSource40 are found for dataSource[PBW XA DataSource] with library com.ibm.ws.classloading.sharedlibrary_64. The name or location of JDBC driver JAR files might be incorrect or inaccessible. Searched in: []. Searched under packages: [org.apache.derby.jdbc].
	at com.ibm.ws.jdbc.internal.JDBCDriverService.classNotFound(JDBCDriverService.java:220)
	at com.ibm.ws.jdbc.internal.JDBCDriverService.create(JDBCDriverService.java:337)
	at com.ibm.ws.jdbc.internal.JDBCDriverService.createAnyPreferLegacyOrder(JDBCDriverService.java:394)
	at com.ibm.ws.jdbc.DataSourceService.init(DataSourceService.java:611)
	at com.ibm.ws.jca.cm.AbstractConnectionFactoryService$2.run(AbstractConnectionFactoryService.java:477)
	at com.ibm.ws.jca.cm.AbstractConnectionFactoryService$2.run(AbstractConnectionFactoryService.java:474)
	at java.security.AccessController.doPrivileged(Native Method)
	at com.ibm.ws.jca.cm.AbstractConnectionFactoryService.initPrivileged(AbstractConnectionFactoryService.java:474)
	at com.ibm.ws.jca.cm.AbstractConnectionFactoryService.createResource(AbstractConnectionFactoryService.java:144)
	at com.ibm.ws.resource.internal.ResourceFactoryTrackerData$1.getService(ResourceFactoryTrackerData.java:120)
	at org.eclipse.osgi.internal.serviceregistry.ServiceFactoryUse$1.run(ServiceFactoryUse.java:215)
	at java.security.AccessController.doPrivileged(Native Method)
	at org.eclipse.osgi.internal.serviceregistry.ServiceFactoryUse.factoryGetService(ServiceFactoryUse.java:213)
	at org.eclipse.osgi.internal.serviceregistry.ServiceFactoryUse.getService(ServiceFactoryUse.java:114)
	at org.eclipse.osgi.internal.serviceregistry.ServiceConsumer$2.getService(ServiceConsumer.java:48)
	at org.eclipse.osgi.internal.serviceregistry.ServiceRegistrationImpl.getService(ServiceRegistrationImpl.java:527)
	at org.eclipse.osgi.internal.serviceregistry.ServiceRegistry.getService(ServiceRegistry.java:464)
	at org.eclipse.osgi.internal.framework.BundleContextImpl.getService(BundleContextImpl.java:661)
	at com.ibm.ws.jndi.internal.WSContext$4.run(WSContext.java:518)
	at java.security.AccessController.doPrivileged(Native Method)
	at com.ibm.ws.jndi.internal.WSContext.getReference(WSContext.java:514)
	at com.ibm.ws.jndi.internal.WSContext.resolveObject(WSContext.java:137)
	at com.ibm.ws.jndi.internal.WSContext.lookup(WSContext.java:303)
	at com.ibm.ws.jndi.WSContextBase.lookup(WSContextBase.java:61)
	at org.apache.aries.jndi.DelegateContext.lookup(DelegateContext.java:161)
	at javax.naming.InitialContext.lookup(InitialContext.java:417)
	at com.ibm.ws.jpa.container.osgi.internal.OSGiJPAPUnitInfo.lookupDataSource(OSGiJPAPUnitInfo.java:317)
	at com.ibm.ws.jpa.management.JPAPUnitInfo.getJPADataSource(JPAPUnitInfo.java:333)
	at com.ibm.ws.jpa.management.JPAPUnitInfo.getJtaDataSource(JPAPUnitInfo.java:376)
	at com.ibm.ws.jpa.management.JPAPUnitInfo.initialize(JPAPUnitInfo.java:746)
	at com.ibm.ws.jpa.management.JPAPxmlInfo.extractPersistenceUnits(JPAPxmlInfo.java:183)
	at com.ibm.ws.jpa.management.JPAScopeInfo.processPersistenceUnit(JPAScopeInfo.java:89)
	at com.ibm.ws.jpa.management.JPAApplInfo.addPersistenceUnits(JPAApplInfo.java:120)
	at com.ibm.ws.jpa.container.osgi.internal.JPAComponentImpl.processWebModulePersistenceXml(JPAComponentImpl.java:511)
	at com.ibm.ws.jpa.container.osgi.internal.JPAComponentImpl.applicationStarting(JPAComponentImpl.java:300)
	at com.ibm.ws.container.service.state.internal.ApplicationStateManager.fireStarting(ApplicationStateManager.java:51)
	at com.ibm.ws.container.service.state.internal.StateChangeServiceImpl.fireApplicationStarting(StateChangeServiceImpl.java:50)
	at com.ibm.ws.app.manager.module.internal.SimpleDeployedAppInfoBase.preDeployApp(SimpleDeployedAppInfoBase.java:550)
	at com.ibm.ws.app.manager.module.internal.SimpleDeployedAppInfoBase.installApp(SimpleDeployedAppInfoBase.java:511)
	at com.ibm.ws.app.manager.module.internal.DeployedAppInfoBase.deployApp(DeployedAppInfoBase.java:347)
	at com.ibm.ws.app.manager.ear.internal.EARApplicationHandlerImpl.install(EARApplicationHandlerImpl.java:76)
	at com.ibm.ws.app.manager.internal.statemachine.StartAction.execute(StartAction.java:140)
	at com.ibm.ws.app.manager.internal.statemachine.ApplicationStateMachineImpl.enterState(ApplicationStateMachineImpl.java:1261)
	at com.ibm.ws.app.manager.internal.statemachine.ApplicationStateMachineImpl.run(ApplicationStateMachineImpl.java:876)
	at com.ibm.ws.threading.internal.ExecutorServiceImpl$RunnableWrapper.run(ExecutorServiceImpl.java:239)
	at java.util.concurrent.ThreadPoolExecutor.runWorker(ThreadPoolExecutor.java:1149)
	at java.util.concurrent.ThreadPoolExecutor$Worker.run(ThreadPoolExecutor.java:624)
	at java.lang.Thread.run(Thread.java:748)
Caused by: java.lang.ClassNotFoundException: org.apache.derby.jdbc.EmbeddedConnectionPoolDataSource40
	at com.ibm.ws.classloading.internal.AppClassLoader.findClassCommonLibraryClassLoaders(AppClassLoader.java:544)
	at com.ibm.ws.classloading.internal.AppClassLoader.findClass(AppClassLoader.java:286)
	at java.lang.ClassLoader.loadClass(ClassLoader.java:418)
	at com.ibm.ws.classloading.internal.AppClassLoader.findOrDelegateLoadClass(AppClassLoader.java:522)
	at com.ibm.ws.classloading.internal.AppClassLoader.loadClass(AppClassLoader.java:482)
	at java.lang.ClassLoader.loadClass(ClassLoader.java:351)
	at com.ibm.ws.jdbc.internal.JDBCDriverService$1.run(JDBCDriverService.java:268)
	at com.ibm.ws.jdbc.internal.JDBCDriverService$1.run(JDBCDriverService.java:258)
	at java.security.AccessController.doPrivileged(Native Method)
	at com.ibm.ws.jdbc.internal.JDBCDriverService.create(JDBCDriverService.java:258)
	... 46 more

Dump of callerThis
Object type = com.ibm.ws.jdbc.DataSourceService
  BASE_PREFIX = "properties"
  BASE_PREFIX_LENGTH = 10
  TOTAL_PREFIX_LENGTH = 13
  tc = class com.ibm.websphere.ras.TraceComponent@d4817af
    strings[0] = "TraceComponent[com.ibm.ws.jdbc.DataSourceService,class com.ibm.ws.jdbc.DataSourceService,[RRA],com.ibm.ws.rsadapter.resources.IBMDataStoreAdapterNLS,null]"
  priv = class com.ibm.ws.kernel.service.util.SecureAction@5696f47a
    controlContext = class java.security.AccessControlContext@b02d267
      context = class java.security.ProtectionDomain[2]
      isPrivileged = true
      isAuthorized = true
      privilegedContext = null
      combiner = null
      permissions = null
      parent = null
      isWrapped = false
      isLimited = false
      limitedContext = null
      debugInit = false
      debug = null
    bootClassLoader = class com.ibm.ws.kernel.service.util.SecureAction$1$1@76db61cf
      this$0 = class com.ibm.ws.kernel.service.util.SecureAction$1@5379507d
      serialVersionUID = -7098890353587179347
      $$$tc$$$ = class com.ibm.websphere.ras.TraceComponent@1b864824
      parent = null
      parallelLockMap = null
      package2certs = class java.util.Hashtable@4d5e414d
      nocerts = class java.security.cert.Certificate[0]
      classes = class java.util.Vector@4f336ead
      defaultDomain = class java.security.ProtectionDomain@27063e8c
      packages = class java.util.HashMap@3e6578a9
      scl = class sun.misc.Launcher$AppClassLoader@18b4aac2
      sclSet = true
      loadedLibraryNames = class java.util.Vector@10e1201
      systemNativeLibraries = class java.util.Vector@551c428b
      nativeLibraries = class java.util.Vector@43f8f4fa
      nativeLibraryContext = class java.util.Stack@56cd7c1c
      usr_paths = class java.lang.String[7]
      sys_paths = class java.lang.String[1]
      assertionLock = class com.ibm.ws.kernel.service.util.SecureAction$1$1@76db61cf
      defaultAssertionStatus = false
      packageAssertionStatus = null
      classAssertionStatus = null
    getContextClassLoaderAction = class com.ibm.ws.kernel.service.util.SecureAction$27@3220fb26
      serialVersionUID = 4381279005860327500
      $$$tc$$$ = class com.ibm.websphere.ras.TraceComponent@5fbd656f
    getSystemClassLoaderAction = class com.ibm.ws.kernel.service.util.SecureAction$28@356cbf01
      serialVersionUID = -4916275247138051678
      $$$tc$$$ = class com.ibm.websphere.ras.TraceComponent@45768aa1
  CONNECTION_MANAGER = "connectionManager"
  DATASOURCE = "dataSource"
  FACTORY_PID = "com.ibm.ws.jdbc.dataSource"
  JDBC_DRIVER = "driver"
  SUPPORT_EXTENSIONS = "supportExtensions"
  TARGET_CONNECTION_MANAGER = "connectionManager.target"
  TARGET_CONTAINER_AUTH_DATA = "containerAuthData.target"
  TARGET_JDBC_DRIVER = "driver.target"
  TARGET_RECOVERY_AUTH_DATA = "recoveryAuthData.target"
  UNIQUE_JNDI_NAME = "jndiName.unique"
  DECLARING_APPLICATION = "declaringApplication"
  WPROPS_TO_SKIP = class java.util.HashSet@d71b60b
    serialVersionUID = -5024744406713321676
    map = class java.util.HashMap@317351c4
      serialVersionUID = 362498820763181265
      DEFAULT_INITIAL_CAPACITY = 16
      MAXIMUM_CAPACITY = 1073741824
      DEFAULT_LOAD_FACTOR = 0.75
      TREEIFY_THRESHOLD = 8
      UNTREEIFY_THRESHOLD = 6
      MIN_TREEIFY_CAPACITY = 64
      table = class java.util.HashMap$Node[16]
      entrySet = null
      size = 9
      modCount = 9
      threshold = 12
      loadFactor = 0.75
      keySet = null
      values = null
    PRESENT = class java.lang.Object@a9275a8
    MAX_ARRAY_SIZE = 2147483639
  componentContext = class org.apache.felix.scr.impl.manager.ComponentContextImpl@6ca30046
    m_componentManager = class org.apache.felix.scr.impl.manager.SingleComponentManager@3df49c2a
      m_useCount = class java.util.concurrent.atomic.AtomicInteger@c9abe0b
      m_componentContext = class org.apache.felix.scr.impl.manager.ComponentContextImpl@6ca30046
      m_configurationProperties = class java.util.HashMap@220471d3
      m_factoryProperties = null
      m_properties = class java.util.HashMap@288e0ad
      m_serviceProperties = null
      REASONS = class java.lang.String[7]
      m_container = class org.apache.felix.scr.impl.ComponentRegistry$DefaultConfigurableComponentHolder@1bfada0e
      m_factoryInstance = false
      m_componentId = 411
      m_componentMethods = class org.apache.felix.scr.impl.inject.ComponentMethodsImpl@5e32dc54
      m_dependencyManagers = class java.util.ArrayList@cd5a4ab
      m_dependencyManagersInitialized = true
      m_trackingCount = class java.util.concurrent.atomic.AtomicInteger@1be06d21
      m_stateLock = class java.util.concurrent.locks.ReentrantLock@5607fef9
      m_enabledLatchRef = class java.util.concurrent.atomic.AtomicReference@1e1f5811
      state = class java.util.concurrent.atomic.AtomicReference@3f4e4785
      m_floor = 5
      m_ceiling = 5
      m_missingLock = class java.util.concurrent.locks.ReentrantLock@275fac28
      m_missingCondition = class java.util.concurrent.locks.AbstractQueuedSynchronizer$ConditionObject@4ec67e0c
      m_missing = class java.util.TreeSet@2a7d6815
      m_activationLock = class java.util.concurrent.locks.ReentrantReadWriteLock@674260b0
      failureReason = null
      taskCounter = class java.util.concurrent.atomic.AtomicLong@3d26ae9c
      registrationManager = class org.apache.felix.scr.impl.manager.AbstractComponentManager$3@40ed912a
    edgeInfos = class org.apache.felix.scr.impl.manager.EdgeInfo[8]
      EdgeInfo[0] = class org.apache.felix.scr.impl.manager.EdgeInfo@59209bb
      EdgeInfo[1] = class org.apache.felix.scr.impl.manager.EdgeInfo@4e527ade
      EdgeInfo[2] = class org.apache.felix.scr.impl.manager.EdgeInfo@6a0243dc
      EdgeInfo[3] = class org.apache.felix.scr.impl.manager.EdgeInfo@19e2efcc
      EdgeInfo[4] = class org.apache.felix.scr.impl.manager.EdgeInfo@c28e29a
      EdgeInfo[5] = class org.apache.felix.scr.impl.manager.EdgeInfo@51f1ed4b
      EdgeInfo[6] = class org.apache.felix.scr.impl.manager.EdgeInfo@2995580a
      EdgeInfo[7] = class org.apache.felix.scr.impl.manager.EdgeInfo@27074e7b
    m_componentInstance = class org.apache.felix.scr.impl.manager.ComponentContextImpl$ComponentInstanceImpl@ed503a1
      m_componentContext = class org.apache.felix.scr.impl.manager.ComponentContextImpl@6ca30046
    m_usingBundle = class org.eclipse.osgi.internal.framework.EquinoxBundle@42a2b79a
      equinoxContainer = class org.eclipse.osgi.internal.framework.EquinoxContainer@6e4243fc
      module = class org.eclipse.osgi.internal.framework.EquinoxBundle$EquinoxModule@7b50db9
      monitor = class java.lang.Object@139f8cac
      context = class org.eclipse.osgi.internal.framework.BundleContextImpl@78ac1812
      signerInfos = null
      $SWITCH_TABLE$org$eclipse$osgi$container$Module$State = {1,2,3,4,5,6,7} /* array length = 7 */
    m_serviceRegistration = class org.eclipse.osgi.internal.serviceregistry.ServiceRegistrationImpl@63777720
      registry = class org.eclipse.osgi.internal.serviceregistry.ServiceRegistry@72b68b09
      context = class org.eclipse.osgi.internal.framework.BundleContextImpl@78ac1812
      bundle = class org.eclipse.osgi.internal.framework.EquinoxBundle@42a2b79a
      clazzes = class java.lang.String[4]
      service = class org.apache.felix.scr.impl.manager.SingleComponentManager@3df49c2a
      reference = class org.eclipse.osgi.internal.serviceregistry.ServiceReferenceImpl@37421986
      contextsUsing = class java.util.ArrayList@3a343e79
      properties = class java.util.Collections$UnmodifiableMap@7c1c14f5
      serviceid = 576
      serviceranking = 0
      registrationLock = class java.lang.Object@743a8a40
      state = 0
      REGISTERED = 0
      UNREGISTERING = 1
      UNREGISTERED = 2
      FRAMEWORK_SET_SERVICE_PROPERTIES_COUNT = 4
      $assertionsDisabled = true
    m_implementationObject = class com.ibm.ws.jdbc.DataSourceService@1f16b0c3
    m_implementationAccessible = true
    accessibleLatch = class java.util.concurrent.CountDownLatch@2aac182a
      sync = class java.util.concurrent.CountDownLatch$Sync@32356743
    serviceObjectsHelper = class org.apache.felix.scr.impl.helper.ComponentServiceObjectsHelper@3320d499
      bundleContext = class org.eclipse.osgi.internal.framework.BundleContextImpl@78ac1812
      services = class java.util.concurrent.ConcurrentHashMap@7cdacacb
      closedServices = class java.util.ArrayList@134fd310
      prototypeInstances = class java.util.concurrent.ConcurrentHashMap@5d3ea853
    boundValues = null
  connectorSvc = class com.ibm.ejs.j2c.ConnectorServiceImpl@18e7759a
    tc = class com.ibm.websphere.ras.TraceComponent@2ecba15f
      strings[0] = "TraceComponent[com.ibm.ejs.j2c.ConnectorServiceImpl,class com.ibm.ejs.j2c.ConnectorServiceImpl,[WAS.j2c],com.ibm.ws.jca.cm.internal.resources.J2CAMessages,null]"
    authDataServiceRef = class com.ibm.wsspi.kernel.service.utils.AtomicServiceReference@7254d46c
      referenceName = "authDataService"
      tuple = class java.util.concurrent.atomic.AtomicReference@2f0c266c
      serialVersionUID = 2226592364007985000
      $$$tc$$$ = class com.ibm.websphere.ras.TraceComponent@29878410
    classLoaderIdentifierService = class com.ibm.ws.classloading.internal.ClassLoadingServiceImpl@326a9fbc
      tc = class com.ibm.websphere.ras.TraceComponent@5f65c009
      leakDetectionMap = class java.util.HashMap@3c8cdc32
      TCCL_LOCK_WAIT = 15000
      REFERENCE_GENERATORS = "generators"
      bundleContext = class org.eclipse.osgi.internal.framework.BundleContextImpl@32e8543e
      aclStore = class com.ibm.ws.classloading.internal.util.CanonicalStore@6586a4ef
      tcclStore = class com.ibm.ws.classloading.internal.util.CanonicalStore@4b83e07c
      tcclStoreLock = class java.util.concurrent.locks.ReentrantLock@62e8d168
      digraph = class org.eclipse.equinox.internal.region.StandardRegionDigraph@38dfec4b
      redefiner = class com.ibm.ws.classloading.internal.util.ClassRedefiner@377a0410
      listener = class com.ibm.ws.classloading.internal.ClassLoadingServiceImpl$1@682e8663
      classloaders = class java.util.Collections$SynchronizedMap@3cfa1b1a
      resourceProviders = class com.ibm.ws.classloading.internal.CompositeResourceProvider@183dfe7c
      rememberedBundles = class java.util.concurrent.ConcurrentHashMap@5fc7f484
      collectedBundles = class java.lang.ref.ReferenceQueue@43467c81
      generatorRefs = class com.ibm.wsspi.kernel.service.utils.ConcurrentServiceReferenceSet@2f088d38
      generatorManager = class com.ibm.ws.classloading.internal.ClassGeneratorManager@1aea6c8b
      appExtLibs = class java.util.concurrent.CopyOnWriteArrayList@583148bb
      globalConfig = class com.ibm.ws.classloading.configuration.GlobalClassloadingConfiguration@3832f4ed
      metaInfServicesProviders = class java.util.concurrent.ConcurrentHashMap@4860251e
      metaInfServicesRefs = class com.ibm.wsspi.kernel.service.utils.ConcurrentServiceReferenceMap@23ea1067
      protectionDomainMap = class java.util.HashMap@714cf031
      metadataIdentifierService = class com.ibm.ws.container.service.metadata.internal.MetaDataServiceImpl@5e76e769
      globalSharedLibrary = class java.util.concurrent.atomic.AtomicReference@17f7716c
      serialVersionUID = -2277344858934055980
    deferrableSchedXSvcRef = class com.ibm.wsspi.kernel.service.utils.AtomicServiceReference@193c0544
      referenceName = "deferrableScheduledExecutor"
      tuple = class java.util.concurrent.atomic.AtomicReference@14cb414f
      serialVersionUID = 2226592364007985000
      $$$tc$$$ = class com.ibm.websphere.ras.TraceComponent@29878410
    execSvcRef = class com.ibm.wsspi.kernel.service.utils.AtomicServiceReference@1a0cfe
      referenceName = "executor"
      tuple = class java.util.concurrent.atomic.AtomicReference@38514530
      serialVersionUID = 2226592364007985000
      $$$tc$$$ = class com.ibm.websphere.ras.TraceComponent@29878410
    nonDeferrableSchedXSvcRef = class com.ibm.wsspi.kernel.service.utils.AtomicServiceReference@54394f25
      referenceName = "nonDeferrableScheduledExecutor"
      tuple = class java.util.concurrent.atomic.AtomicReference@1fb3b9d2
      serialVersionUID = 2226592364007985000
      $$$tc$$$ = class com.ibm.websphere.ras.TraceComponent@29878410
    rrsXAResFactorySvcRef = class com.ibm.wsspi.kernel.service.utils.AtomicServiceReference@3248bd61
      referenceName = "rRSXAResourceFactory"
      tuple = class java.util.concurrent.atomic.AtomicReference@19baac8d
      serialVersionUID = 2226592364007985000
      $$$tc$$$ = class com.ibm.websphere.ras.TraceComponent@29878410
    transactionManager = class com.ibm.ws.transaction.services.TransactionManagerService@4ba78849
      tc = class com.ibm.websphere.ras.TraceComponent@6d49fc28
      isClient = false
      xaFlowCallbacksInitialised = true
      _bundleContext = class org.eclipse.osgi.internal.framework.BundleContextImpl@17cc0a78
      serialVersionUID = 5173104868148806314
    variableRegistrySvcRef = class com.ibm.wsspi.kernel.service.utils.AtomicServiceReference@1b0a103f
      referenceName = "variableRegistry"
      tuple = class java.util.concurrent.atomic.AtomicReference@375d5694
      serialVersionUID = 2226592364007985000
      $$$tc$$$ = class com.ibm.websphere.ras.TraceComponent@29878410
    tc = class com.ibm.websphere.ras.TraceComponent@25d200b5
      strings[0] = "TraceComponent[com.ibm.ws.jca.cm.ConnectorService,class com.ibm.ws.jca.cm.ConnectorService,[WAS.j2c],com.ibm.ws.jca.cm.internal.resources.J2CAMessages,null]"
    NLS = class com.ibm.ejs.ras.TraceNLS@72802262
      resolver = class com.ibm.ws.logging.internal.TraceNLSResolver@7df8c1f6
      finder = null
      ivBundleName = "com.ibm.ws.jca.cm.internal.resources.J2CAMessages"
      caller = class java.lang.Class@554341c
  dsConfigRef = class java.util.concurrent.atomic.AtomicReference@793367d8
    serialVersionUID = -1848883965231344442
    unsafe = class sun.misc.Unsafe@24b5573a
    valueOffset = 12
    value = null
  vendorImplClassName = null
  destroyWasDeferred = false
  embDerbyRefCount = class java.util.concurrent.ConcurrentLinkedQueue@7972571b
    serialVersionUID = 196745693267521676
    head = class java.util.concurrent.ConcurrentLinkedQueue$Node@25b94db
      item = null
      next = null
      UNSAFE = class sun.misc.Unsafe@24b5573a
      itemOffset = 12
      nextOffset = 16
    tail = class java.util.concurrent.ConcurrentLinkedQueue$Node@25b94db
    UNSAFE = class sun.misc.Unsafe@24b5573a
      theUnsafe = class sun.misc.Unsafe@24b5573a
      INVALID_FIELD_OFFSET = -1
      ARRAY_BOOLEAN_BASE_OFFSET = 16
      ARRAY_BYTE_BASE_OFFSET = 16
      ARRAY_SHORT_BASE_OFFSET = 16
      ARRAY_CHAR_BASE_OFFSET = 16
      ARRAY_INT_BASE_OFFSET = 16
      ARRAY_LONG_BASE_OFFSET = 16
      ARRAY_FLOAT_BASE_OFFSET = 16
      ARRAY_DOUBLE_BASE_OFFSET = 16
      ARRAY_OBJECT_BASE_OFFSET = 16
      ARRAY_BOOLEAN_INDEX_SCALE = 1
      ARRAY_BYTE_INDEX_SCALE = 1
      ARRAY_SHORT_INDEX_SCALE = 2
      ARRAY_CHAR_INDEX_SCALE = 2
      ARRAY_INT_INDEX_SCALE = 4
      ARRAY_LONG_INDEX_SCALE = 8
      ARRAY_FLOAT_INDEX_SCALE = 4
      ARRAY_DOUBLE_INDEX_SCALE = 8
      ARRAY_OBJECT_INDEX_SCALE = 4
      ADDRESS_SIZE = 8
    headOffset = 12
    tailOffset = 16
    MAX_ARRAY_SIZE = 2147483639
  id = "dataSource[PBW XA DataSource]"
  isDerbyEmbedded = false
  isUCP = false
  sentUCPConnMgrPropsIgnoredInfoMessage = false
  sentUCPDataSourcePropsIgnoredInfoMessage = false
  jdbcDriverSvc = class com.ibm.ws.jdbc.internal.JDBCDriverService@da7c943
    tc = class com.ibm.websphere.ras.TraceComponent@28f21d7d
      strings[0] = "TraceComponent[com.ibm.ws.jdbc.internal.JDBCDriverService,class com.ibm.ws.jdbc.internal.JDBCDriverService,[RRA],com.ibm.ws.rsadapter.resources.IBMDataStoreAdapterNLS,null]"
    FACTORY_PID = "com.ibm.ws.jdbc.jdbcDriver"
    ID = "id"
    LIBRARY_REF = "libraryRef"
    JDBC_DRIVER = "jdbcDriver"
    TARGET_LIBRARY = "sharedLib.target"
    PROPS_FOR_XA_ONLY = class java.util.Arrays$ArrayList@41fddc37
      serialVersionUID = -2764017481108945198
      a = class java.lang.String[1]
      modCount = 0
      MAX_ARRAY_SIZE = 2147483639
    PROPS_NOT_SET_ON_DRIVER = class java.util.Arrays$ArrayList@4c1bbdef
      serialVersionUID = -2764017481108945198
      a = class java.lang.String[1]
      modCount = 0
      MAX_ARRAY_SIZE = 2147483639
    classloader = class com.ibm.ws.classloading.internal.AppClassLoader@67a5fcba
      tc = class com.ibm.websphere.ras.TraceComponent@5bcff993
      PARENT_FIRST_SEARCH_ORDER = class java.util.Collections$UnmodifiableRandomAccessList@73391d30
      CLASS_LOADING_TRACE_PREFIX = "com.ibm.ws.class.load."
      DEFAULT_PACKAGE = "default.package"
      perPackageClassLoadingTraceComponents = class java.util.concurrent.ConcurrentHashMap@714657ac
      config = class com.ibm.ws.classloading.internal.ClassLoaderConfigurationImpl@526bdfea
      privateLibraries = null
      delegateLoaders = class com.ibm.ws.classloading.internal.util.CompositeIterable@6e21f37b
      nativeLibraryFiles = class java.util.ArrayList@55caa312
      transformers = class java.util.ArrayList@16f27530
      apiAccess = class com.ibm.ws.classloading.internal.GatewayClassLoader@119bf79b
      generator = class com.ibm.ws.classloading.internal.ClassGeneratorManager@1aea6c8b
      protectionDomains = class java.util.concurrent.ConcurrentHashMap@7bb1ee86
      parent = class com.ibm.ws.classloading.internal.GatewayClassLoader@119bf79b
      hook = null
      serialVersionUID = 7911131531697267209
      tc = class com.ibm.websphere.ras.TraceComponent@14b4c1c3
      smartClassPath = class com.ibm.ws.classloading.internal.ContainerClassLoader$SmartClassPathImpl@7be300d1
      nativeLibraryContainers = class java.util.ArrayList@7e3db168
      redefiner = class com.ibm.ws.classloading.internal.util.ClassRedefiner@377a0410
      jarProtocol = "wsjar:"
      mapCreationQueue = class java.util.concurrent.Executors$FinalizableDelegatedExecutorService@434b09a7
      serialVersionUID = 4390450102868895350
      serialVersionUID = -7411549862368381758
      $$$tc$$$ = class com.ibm.websphere.ras.TraceComponent@46ec56e
      serialVersionUID = -4868702105808481416
      $$$tc$$$ = class com.ibm.websphere.ras.TraceComponent@1c79d10f
      serialVersionUID = 2596921220292114344
      $$$tc$$$ = class com.ibm.websphere.ras.TraceComponent@2bc33714
      initialized = true
      pdcache = class java.util.HashMap@4f48dae2
      debug = null
      parent = class com.ibm.ws.classloading.internal.GatewayClassLoader@119bf79b
      parallelLockMap = null
      package2certs = class java.util.Hashtable@4aa2e48
      nocerts = class java.security.cert.Certificate[0]
      classes = class java.util.Vector@7648a9dd
      defaultDomain = class java.security.ProtectionDomain@dd9cafd
      packages = class java.util.HashMap@44f9e6e
      scl = class sun.misc.Launcher$AppClassLoader@18b4aac2
      sclSet = true
      loadedLibraryNames = class java.util.Vector@10e1201
      systemNativeLibraries = class java.util.Vector@551c428b
      nativeLibraries = class java.util.Vector@514228c1
      nativeLibraryContext = class java.util.Stack@56cd7c1c
      usr_paths = class java.lang.String[7]
      sys_paths = class java.lang.String[1]
      assertionLock = class com.ibm.ws.classloading.internal.AppClassLoader@67a5fcba
      defaultAssertionStatus = false
      packageAssertionStatus = null
      classAssertionStatus = null
    connectorSvc = class com.ibm.ejs.j2c.ConnectorServiceImpl@18e7759a
    embDerbyRefCount = class java.util.concurrent.ConcurrentLinkedQueue@462701f2
      serialVersionUID = 196745693267521676
      head = class java.util.concurrent.ConcurrentLinkedQueue$Node@19960a9e
      tail = class java.util.concurrent.ConcurrentLinkedQueue$Node@19960a9e
      UNSAFE = class sun.misc.Unsafe@24b5573a
      headOffset = 12
      tailOffset = 16
      MAX_ARRAY_SIZE = 2147483639
    introspectedClasses = class java.util.HashSet@69946165
      serialVersionUID = -5024744406713321676
      map = class java.util.HashMap@3097d0af
      PRESENT = class java.lang.Object@a9275a8
      MAX_ARRAY_SIZE = 2147483639
    isDerbyEmbedded = class java.util.concurrent.atomic.AtomicBoolean@78715d7d
      serialVersionUID = 4654671469794556979
      unsafe = class sun.misc.Unsafe@24b5573a
      valueOffset = 12
      value = 1
    isInitialized = true
    lock = class java.util.concurrent.locks.ReentrantReadWriteLock@30f93ee5
      serialVersionUID = -6992448646407690164
      readerLock = class java.util.concurrent.locks.ReentrantReadWriteLock$ReadLock@66150a35
      writerLock = class java.util.concurrent.locks.ReentrantReadWriteLock$WriteLock@469806ac
      sync = class java.util.concurrent.locks.ReentrantReadWriteLock$NonfairSync@5ea5755f
      UNSAFE = class sun.misc.Unsafe@24b5573a
      TID_OFFSET = 40
    name = "jdbcDriver[Derby_JDBC_Provider_(XA)]"
    properties = class org.apache.felix.scr.impl.helper.ReadOnlyDictionary@4e2f9199
      m_delegate = class java.util.Hashtable@1a942fb7
      m_serviceReference = null
    sharedLib = class com.ibm.ws.library.internal.SharedLibraryImpl@47a4e70
      tc = class com.ibm.websphere.ras.TraceComponent@5ad8a106
      EMPTY_LIBRARY_LISTENERS = interface com.ibm.wsspi.library.LibraryChangeListener[0]
      deleted = false
      libraryListenersTracker = class org.osgi.util.tracker.ServiceTracker@7388a4a5
      libraryReg = class org.eclipse.osgi.internal.serviceregistry.ServiceRegistrationImpl@c9daff1
      ctx = class org.eclipse.osgi.internal.framework.BundleContextImpl@32e8543e
      classLoadingService = class com.ibm.ws.classloading.internal.ClassLoadingServiceImpl@326a9fbc
      configAdmin = class com.ibm.ws.config.admin.internal.ConfigurationAdminImpl@93e0e7a
      resolvedBasePath = "/home/ibmdemo/cp4a-labs/shared/wlp/usr/servers/myMember/"
      generationLock = class com.ibm.ws.library.internal.SharedLibraryImpl$1@61662ff5
      currentGeneration = class com.ibm.ws.library.internal.LibraryGeneration@23c1eeb3
      nextGeneration = class com.ibm.ws.library.internal.LibraryGeneration@23c1eeb3
      artifactContainerFactory = class com.ibm.ws.library.internal.SharedLibraryFactory$1@15dacbe2
      packageExporter = class com.ibm.ws.library.internal.LibraryPackageExporter@6cee4afd
      serialVersionUID = 6288237618632180389
    changed = false
    obs = class java.util.Vector@76127137
      elementData = class java.lang.Object[10]
      elementCount = 1
      capacityIncrement = 0
      serialVersionUID = -2767605614048989439
      MAX_ARRAY_SIZE = 2147483639
      modCount = 1
      MAX_ARRAY_SIZE = 2147483639
  jdbcRuntime = class com.ibm.ws.jdbc.osgi.v41.JDBC41Runtime@2ecf26c8
  mcf = null
  mcfPerClassLoader = null
  properties = class org.apache.felix.scr.impl.helper.ReadOnlyDictionary@4ca0896e
    m_delegate = class java.util.Hashtable@5981bfb
      table = class java.util.Hashtable$Entry[47]
      count = 34
      threshold = 35
      loadFactor = 0.75
      modCount = 36
      serialVersionUID = 1421746759512286392
      MAX_ARRAY_SIZE = 2147483639
      keySet = null
      entrySet = class java.util.Collections$SynchronizedSet@5b8ca302
      values = null
      KEYS = 0
      VALUES = 1
      ENTRIES = 2
    m_serviceReference = null
  tc = class com.ibm.websphere.ras.TraceComponent@18b80aa5
    strings[0] = "TraceComponent[com.ibm.ws.jca.cm.AbstractConnectionFactoryService,class com.ibm.ws.jca.cm.AbstractConnectionFactoryService,[WAS.j2c],com.ibm.ws.jca.cm.internal.resources.J2CAMessages,null]"
  ID = "id"
  DEFAULT_NESTED_PATTERN = class java.util.regex.Pattern@145fed0c
    UNIX_LINES = 1
    CASE_INSENSITIVE = 2
    COMMENTS = 4
    MULTILINE = 8
    LITERAL = 16
    DOTALL = 32
    UNICODE_CASE = 64
    CANON_EQ = 128
    UNICODE_CHARACTER_CLASS = 256
    serialVersionUID = 5073258162644648461
    pattern = ".*(\[default-\d*\])$"
    flags = 0
    compiled = true
    normalizedPattern = ".*(\[default-\d*\])$"
    root = class java.util.regex.Pattern$Start@1ce587b7
      minLength = 10
      next = class java.util.regex.Pattern$Curly@4aa4c3b2
    matchRoot = class java.util.regex.Pattern$Curly@4aa4c3b2
      atom = class java.util.regex.Pattern$Dot@29d63e6e
      type = 0
      cmin = 0
      cmax = 2147483647
      next = class java.util.regex.Pattern$GroupHead@19521d88
    buffer = null
    namedGroups = null
    groupNodes = null
    temp = null
    capturingGroupCount = 2
    localCount = 1
    cursor = 20
    patternLength = 0
    hasSupplementary = false
    MAX_REPS = 2147483647
    GREEDY = 0
    LAZY = 1
    POSSESSIVE = 2
    INDEPENDENT = 3
    lookbehindEnd = class java.util.regex.Pattern$4@3248a2c2
      next = null
    accept = class java.util.regex.Pattern$Node@56f3456c
      next = null
    lastAccept = class java.util.regex.Pattern$LastNode@661ba83a
      next = class java.util.regex.Pattern$Node@56f3456c
    $assertionsDisabled = true
  DEFAULT_PATTERN = class java.util.regex.Pattern@43f16029
    UNIX_LINES = 1
    CASE_INSENSITIVE = 2
    COMMENTS = 4
    MULTILINE = 8
    LITERAL = 16
    DOTALL = 32
    UNICODE_CASE = 64
    CANON_EQ = 128
    UNICODE_CHARACTER_CLASS = 256
    serialVersionUID = 5073258162644648461
    pattern = "(default-\d*)$"
    flags = 0
    compiled = true
    normalizedPattern = "(default-\d*)$"
    root = class java.util.regex.Pattern$Start@a4e4e18
      minLength = 8
      next = class java.util.regex.Pattern$GroupHead@7d67b321
    matchRoot = class java.util.regex.Pattern$GroupHead@7d67b321
      localIndex = 0
      next = class java.util.regex.Pattern$Slice@f88fabd
    buffer = null
    namedGroups = null
    groupNodes = null
    temp = null
    capturingGroupCount = 2
    localCount = 1
    cursor = 14
    patternLength = 0
    hasSupplementary = false
    MAX_REPS = 2147483647
    GREEDY = 0
    LAZY = 1
    POSSESSIVE = 2
    INDEPENDENT = 3
    lookbehindEnd = class java.util.regex.Pattern$4@3248a2c2
    accept = class java.util.regex.Pattern$Node@56f3456c
    lastAccept = class java.util.regex.Pattern$LastNode@661ba83a
    $assertionsDisabled = true
  THREAD_IDENTITY_NOT_ALLOWED = 0
  THREAD_IDENTITY_ALLOWED = 1
  THREAD_IDENTITY_REQUIRED = 2
  appsToRecycle = class java.util.Collections$SetFromMap@b526ac0
    m = class java.util.concurrent.ConcurrentHashMap@7a559849
      serialVersionUID = 7249069246763182397
      MAXIMUM_CAPACITY = 1073741824
      DEFAULT_CAPACITY = 16
      MAX_ARRAY_SIZE = 2147483639
      DEFAULT_CONCURRENCY_LEVEL = 16
      LOAD_FACTOR = 0.75
      TREEIFY_THRESHOLD = 8
      UNTREEIFY_THRESHOLD = 6
      MIN_TREEIFY_CAPACITY = 64
      MIN_TRANSFER_STRIDE = 16
      RESIZE_STAMP_BITS = 16
      MAX_RESIZERS = 65535
      RESIZE_STAMP_SHIFT = 16
      MOVED = -1
      TREEBIN = -2
      RESERVED = -3
      HASH_BITS = 2147483647
      NCPU = 12
      serialPersistentFields = class java.io.ObjectStreamField[3]
      table = null
      nextTable = null
      baseCount = 0
      sizeCtl = 0
      transferIndex = 0
      cellsBusy = 0
      counterCells = null
      keySet = class java.util.concurrent.ConcurrentHashMap$KeySetView@49762c48
      values = null
      entrySet = null
      U = class sun.misc.Unsafe@24b5573a
      SIZECTL = 20
      TRANSFERINDEX = 32
      BASECOUNT = 24
      CELLSBUSY = 36
      CELLVALUE = 144
      ABASE = 16
      ASHIFT = 2
      keySet = null
      values = null
    s = class java.util.concurrent.ConcurrentHashMap$KeySetView@49762c48
      serialVersionUID = 7249069246763182397
      value = null
      serialVersionUID = 7249069246763182397
      map = class java.util.concurrent.ConcurrentHashMap@7a559849
      oomeMsg = "Required array size too large"
    serialVersionUID = 2454657854757543876
    MAX_ARRAY_SIZE = 2147483639
  conMgrSvc = class com.ibm.ejs.j2c.ConnectionManagerServiceImpl@22516471
    tc = class com.ibm.websphere.ras.TraceComponent@529a95a5
      strings[0] = "TraceComponent[com.ibm.ejs.j2c.ConnectionManagerServiceImpl,class com.ibm.ejs.j2c.ConnectionManagerServiceImpl,[WAS.j2c],com.ibm.ws.jca.cm.internal.resources.J2CAMessages,null]"
    priv = class com.ibm.ws.kernel.service.util.SecureAction@799ee394
      controlContext = class java.security.AccessControlContext@423540a8
      bootClassLoader = class com.ibm.ws.kernel.service.util.SecureAction$1$1@76db61cf
      getContextClassLoaderAction = class com.ibm.ws.kernel.service.util.SecureAction$27@3220fb26
      getSystemClassLoaderAction = class com.ibm.ws.kernel.service.util.SecureAction$28@356cbf01
    cfKeyToCM = class java.util.concurrent.ConcurrentHashMap@45c00bad
      serialVersionUID = 7249069246763182397
      MAXIMUM_CAPACITY = 1073741824
      DEFAULT_CAPACITY = 16
      MAX_ARRAY_SIZE = 2147483639
      DEFAULT_CONCURRENCY_LEVEL = 16
      LOAD_FACTOR = 0.75
      TREEIFY_THRESHOLD = 8
      UNTREEIFY_THRESHOLD = 6
      MIN_TREEIFY_CAPACITY = 64
      MIN_TRANSFER_STRIDE = 16
      RESIZE_STAMP_BITS = 16
      MAX_RESIZERS = 65535
      RESIZE_STAMP_SHIFT = 16
      MOVED = -1
      TREEBIN = -2
      RESERVED = -3
      HASH_BITS = 2147483647
      NCPU = 12
      serialPersistentFields = class java.io.ObjectStreamField[3]
      table = null
      nextTable = null
      baseCount = 0
      sizeCtl = 0
      transferIndex = 0
      cellsBusy = 0
      counterCells = null
      keySet = null
      values = null
      entrySet = null
      U = class sun.misc.Unsafe@24b5573a
      SIZECTL = 20
      TRANSFERINDEX = 32
      BASECOUNT = 24
      CELLSBUSY = 36
      CELLVALUE = 144
      ABASE = 16
      ASHIFT = 2
      keySet = null
      values = null
    connectorSvc = class com.ibm.ejs.j2c.ConnectorServiceImpl@18e7759a
    lock = class java.util.concurrent.locks.ReentrantReadWriteLock@19ab81f2
      serialVersionUID = -6992448646407690164
      readerLock = class java.util.concurrent.locks.ReentrantReadWriteLock$ReadLock@53133368
      writerLock = class java.util.concurrent.locks.ReentrantReadWriteLock$WriteLock@484f0885
      sync = class java.util.concurrent.locks.ReentrantReadWriteLock$NonfairSync@54e816c5
      UNSAFE = class sun.misc.Unsafe@24b5573a
      TID_OFFSET = 40
    name = "dataSource[PBW XA DataSource]/connectionManager[default-0]"
    pm = null
    pmMBean = null
    properties = class org.apache.felix.scr.impl.helper.ReadOnlyDictionary@6209b4e5
      m_delegate = class java.util.Hashtable@6f086f92
      m_serviceReference = null
    bndCtx = class org.eclipse.osgi.internal.framework.BundleContextImpl@2e219670
      findHookName = "org.osgi.framework.hooks.bundle.FindHook"
      valid = true
      bundle = class org.eclipse.osgi.internal.framework.EquinoxBundle@1418fb0
      container = class org.eclipse.osgi.internal.framework.EquinoxContainer@6e4243fc
      debug = class org.eclipse.osgi.internal.debug.Debug@60ab961e
      servicesInUse = class java.util.HashMap@476c4a74
      activator = null
      contextLock = class java.lang.Object@58302c60
    raClassLoader = null
    disableLibertyConnectionPool = false
    CONNECTION_MANAGER = "connectionManager"
    FACTORY_PID = "com.ibm.ws.jca.connectionManager"
    ID = "id"
    MAX_CONNECTIONS_PER_THREAD = "maxConnectionsPerThread"
    MAX_IDLE_TIME = "maxIdleTime"
    MAX_POOL_SIZE = "maxPoolSize"
    MIN_POOL_SIZE = "minPoolSize"
    NUM_CONNECTIONS_PER_THREAD_LOCAL = "numConnectionsPerThreadLocal"
    CONNECTION_MANAGER_PROPS = class java.util.Collections$UnmodifiableRandomAccessList@29dd9a3d
      serialVersionUID = -2542308836966382001
      serialVersionUID = -283967356065247728
      list = class java.util.Arrays$ArrayList@19164e2
      serialVersionUID = 1820017752578914078
      c = class java.util.Arrays$ArrayList@19164e2
    CONNECTION_MANAGER_DSD_PROPS = class java.util.Collections$UnmodifiableRandomAccessList@6c3c2ae5
      serialVersionUID = -2542308836966382001
      serialVersionUID = -283967356065247728
      list = class java.util.Arrays$ArrayList@e592764
      serialVersionUID = 1820017752578914078
      c = class java.util.Arrays$ArrayList@e592764
    changed = false
    obs = class java.util.Vector@434b2fe
      elementData = class java.lang.Object[10]
      elementCount = 1
      capacityIncrement = 0
      serialVersionUID = -2767605614048989439
      MAX_ARRAY_SIZE = 2147483639
      modCount = 1
      MAX_ARRAY_SIZE = 2147483639
  containerAuthDataRef = null
  jaasLoginContextEntryName = null
  isInitialized = class java.util.concurrent.atomic.AtomicBoolean@490ddaba
    serialVersionUID = 4654671469794556979
    unsafe = class sun.misc.Unsafe@24b5573a
    valueOffset = 12
    value = 0
  isServerDefined = true
  lock = class java.util.concurrent.locks.ReentrantReadWriteLock@1b50b9a
    serialVersionUID = -6992448646407690164
    readerLock = class java.util.concurrent.locks.ReentrantReadWriteLock$ReadLock@60900c19
      serialVersionUID = -5992448646407690164
      sync = class java.util.concurrent.locks.ReentrantReadWriteLock$NonfairSync@b4d2611
    writerLock = class java.util.concurrent.locks.ReentrantReadWriteLock$WriteLock@4e4fabe0
      serialVersionUID = -4992448646407690164
      sync = class java.util.concurrent.locks.ReentrantReadWriteLock$NonfairSync@b4d2611
    sync = class java.util.concurrent.locks.ReentrantReadWriteLock$NonfairSync@b4d2611
      serialVersionUID = -8159625535654395037
      serialVersionUID = 6317671515068378041
      SHARED_SHIFT = 16
      SHARED_UNIT = 65536
      MAX_COUNT = 65535
      EXCLUSIVE_MASK = 65535
      readHolds = class java.util.concurrent.locks.ReentrantReadWriteLock$Sync$ThreadLocalHoldCounter@5c6a5
      cachedHoldCounter = null
      firstReader = null
      firstReaderHoldCount = 1
      serialVersionUID = 7373984972572414691
      head = null
      tail = null
      state = 1
      spinForTimeoutThreshold = 1000
      unsafe = class sun.misc.Unsafe@24b5573a
      stateOffset = 16
      headOffset = 20
      tailOffset = 24
      waitStatusOffset = 12
      nextOffset = 20
      serialVersionUID = 3737899427754241961
      exclusiveOwnerThread = class java.lang.Thread@a40107
    UNSAFE = class sun.misc.Unsafe@24b5573a
    TID_OFFSET = 40
  recoveryAuthDataRef = null

