------Start of DE processing------ = [1/16/20 8:04:24:548 PST]
Exception = java.sql.SQLNonTransientException
Source = com.ibm.ws.resource.internal.ResourceFactoryTrackerData$1
probeid = 121
Stack Dump = java.sql.SQLNonTransientException: DSRA4000E: No implementations of org.apache.derby.jdbc.EmbeddedConnectionPoolDataSource40 are found for dataSource[PBW non-JTA DataSource] with library com.ibm.ws.classloading.sharedlibrary_64. The name or location of JDBC driver JAR files might be incorrect or inaccessible. Searched in: []. Searched under packages: [org.apache.derby.jdbc].
	at com.ibm.ws.jdbc.internal.JDBCDriverService.classNotFound(JDBCDriverService.java:220)
	at com.ibm.ws.jdbc.internal.JDBCDriverService.create(JDBCDriverService.java:337)
	at com.ibm.ws.jdbc.internal.JDBCDriverService.createAnyPreferLegacyOrder(JDBCDriverService.java:394)
	at com.ibm.ws.jdbc.DataSourceService.init(DataSourceService.java:611)
	at com.ibm.ws.jca.cm.AbstractConnectionFactoryService$2.run(AbstractConnectionFactoryService.java:477)
	at com.ibm.ws.jca.cm.AbstractConnectionFactoryService$2.run(AbstractConnectionFactoryService.java:474)
	at java.security.AccessController.doPrivileged(Native Method)
	at com.ibm.ws.jca.cm.AbstractConnectionFactoryService.initPrivileged(AbstractConnectionFactoryService.java:474)
	at com.ibm.ws.jca.cm.AbstractConnectionFactoryService.createResource(AbstractConnectionFactoryService.java:144)
	at com.ibm.ws.resource.internal.ResourceFactoryTrackerData$1.getService(ResourceFactoryTrackerData.java:120)
	at org.eclipse.osgi.internal.serviceregistry.ServiceFactoryUse$1.run(ServiceFactoryUse.java:215)
	at java.security.AccessController.doPrivileged(Native Method)
	at org.eclipse.osgi.internal.serviceregistry.ServiceFactoryUse.factoryGetService(ServiceFactoryUse.java:213)
	at org.eclipse.osgi.internal.serviceregistry.ServiceFactoryUse.getService(ServiceFactoryUse.java:114)
	at org.eclipse.osgi.internal.serviceregistry.ServiceConsumer$2.getService(ServiceConsumer.java:48)
	at org.eclipse.osgi.internal.serviceregistry.ServiceRegistrationImpl.getService(ServiceRegistrationImpl.java:527)
	at org.eclipse.osgi.internal.serviceregistry.ServiceRegistry.getService(ServiceRegistry.java:464)
	at org.eclipse.osgi.internal.framework.BundleContextImpl.getService(BundleContextImpl.java:661)
	at com.ibm.ws.jndi.internal.WSContext$4.run(WSContext.java:518)
	at java.security.AccessController.doPrivileged(Native Method)
	at com.ibm.ws.jndi.internal.WSContext.getReference(WSContext.java:514)
	at com.ibm.ws.jndi.internal.WSContext.resolveObject(WSContext.java:137)
	at com.ibm.ws.jndi.internal.WSContext.lookup(WSContext.java:303)
	at com.ibm.ws.jndi.WSContextBase.lookup(WSContextBase.java:61)
	at org.apache.aries.jndi.DelegateContext.lookup(DelegateContext.java:161)
	at javax.naming.InitialContext.lookup(InitialContext.java:417)
	at com.ibm.ws.jpa.container.osgi.internal.OSGiJPAPUnitInfo.lookupDataSource(OSGiJPAPUnitInfo.java:317)
	at com.ibm.ws.jpa.management.JPAPUnitInfo.getJPADataSource(JPAPUnitInfo.java:333)
	at com.ibm.ws.jpa.management.JPAPUnitInfo.getNonJtaDataSource(JPAPUnitInfo.java:393)
	at org.apache.openjpa.persistence.PersistenceUnitInfoImpl.toOpenJPAProperties(PersistenceUnitInfoImpl.java:409)
	at org.apache.openjpa.persistence.PersistenceProductDerivation.load(PersistenceProductDerivation.java:317)
	at org.apache.openjpa.persistence.PersistenceProviderImpl.createContainerEntityManagerFactory(PersistenceProviderImpl.java:161)
	at org.apache.openjpa.persistence.PersistenceProviderImpl.createContainerEntityManagerFactory(PersistenceProviderImpl.java:62)
	at com.ibm.ws.jpa.management.JPAPUnitInfo.createEMFactory(JPAPUnitInfo.java:911)
	at com.ibm.ws.jpa.management.JPAPUnitInfo.initialize(JPAPUnitInfo.java:762)
	at com.ibm.ws.jpa.management.JPAPxmlInfo.extractPersistenceUnits(JPAPxmlInfo.java:183)
	at com.ibm.ws.jpa.management.JPAScopeInfo.processPersistenceUnit(JPAScopeInfo.java:89)
	at com.ibm.ws.jpa.management.JPAApplInfo.addPersistenceUnits(JPAApplInfo.java:120)
	at com.ibm.ws.jpa.container.osgi.internal.JPAComponentImpl.processWebModulePersistenceXml(JPAComponentImpl.java:511)
	at com.ibm.ws.jpa.container.osgi.internal.JPAComponentImpl.applicationStarting(JPAComponentImpl.java:300)
	at com.ibm.ws.container.service.state.internal.ApplicationStateManager.fireStarting(ApplicationStateManager.java:51)
	at com.ibm.ws.container.service.state.internal.StateChangeServiceImpl.fireApplicationStarting(StateChangeServiceImpl.java:50)
	at com.ibm.ws.app.manager.module.internal.SimpleDeployedAppInfoBase.preDeployApp(SimpleDeployedAppInfoBase.java:550)
	at com.ibm.ws.app.manager.module.internal.SimpleDeployedAppInfoBase.installApp(SimpleDeployedAppInfoBase.java:511)
	at com.ibm.ws.app.manager.module.internal.DeployedAppInfoBase.deployApp(DeployedAppInfoBase.java:347)
	at com.ibm.ws.app.manager.ear.internal.EARApplicationHandlerImpl.install(EARApplicationHandlerImpl.java:76)
	at com.ibm.ws.app.manager.internal.statemachine.StartAction.execute(StartAction.java:140)
	at com.ibm.ws.app.manager.internal.statemachine.ApplicationStateMachineImpl.enterState(ApplicationStateMachineImpl.java:1261)
	at com.ibm.ws.app.manager.internal.statemachine.ApplicationStateMachineImpl.run(ApplicationStateMachineImpl.java:876)
	at com.ibm.ws.threading.internal.ExecutorServiceImpl$RunnableWrapper.run(ExecutorServiceImpl.java:239)
	at java.util.concurrent.ThreadPoolExecutor.runWorker(ThreadPoolExecutor.java:1149)
	at java.util.concurrent.ThreadPoolExecutor$Worker.run(ThreadPoolExecutor.java:624)
	at java.lang.Thread.run(Thread.java:748)
Caused by: java.lang.ClassNotFoundException: org.apache.derby.jdbc.EmbeddedConnectionPoolDataSource40
	at com.ibm.ws.classloading.internal.AppClassLoader.findClassCommonLibraryClassLoaders(AppClassLoader.java:544)
	at com.ibm.ws.classloading.internal.AppClassLoader.findClass(AppClassLoader.java:286)
	at java.lang.ClassLoader.loadClass(ClassLoader.java:418)
	at com.ibm.ws.classloading.internal.AppClassLoader.findOrDelegateLoadClass(AppClassLoader.java:522)
	at com.ibm.ws.classloading.internal.AppClassLoader.loadClass(AppClassLoader.java:482)
	at java.lang.ClassLoader.loadClass(ClassLoader.java:351)
	at com.ibm.ws.jdbc.internal.JDBCDriverService$1.run(JDBCDriverService.java:268)
	at com.ibm.ws.jdbc.internal.JDBCDriverService$1.run(JDBCDriverService.java:258)
	at java.security.AccessController.doPrivileged(Native Method)
	at com.ibm.ws.jdbc.internal.JDBCDriverService.create(JDBCDriverService.java:258)
	... 51 more

Dump of callerThis
Object type = com.ibm.ws.resource.internal.ResourceFactoryTrackerData$1
  val$ref = class org.eclipse.osgi.internal.serviceregistry.ServiceReferenceImpl@755356f3
    registration = class org.eclipse.osgi.internal.serviceregistry.ServiceRegistrationImpl@43dba833
      registry = class org.eclipse.osgi.internal.serviceregistry.ServiceRegistry@6fbe5544
      context = class org.eclipse.osgi.internal.framework.BundleContextImpl@9d779fd
      bundle = class org.eclipse.osgi.internal.framework.EquinoxBundle@3ec1b1c6
      clazzes = class java.lang.String[4]
      service = class org.apache.felix.scr.impl.manager.SingleComponentManager@228ce0d7
      reference = class org.eclipse.osgi.internal.serviceregistry.ServiceReferenceImpl@755356f3
      contextsUsing = class java.util.ArrayList@328492cf
      properties = class java.util.Collections$UnmodifiableMap@42fa96ef
      serviceid = 582
      serviceranking = 0
      registrationLock = class java.lang.Object@5378943c
      state = 0
      REGISTERED = 0
      UNREGISTERING = 1
      UNREGISTERED = 2
      FRAMEWORK_SET_SERVICE_PROPERTIES_COUNT = 4
      $assertionsDisabled = true
  this$0 = class com.ibm.ws.resource.internal.ResourceFactoryTrackerData@375e3bb2
    JNDI_SERVICENAME = "osgi.jndi.service.name"
    context = class org.eclipse.osgi.internal.framework.BundleContextImpl@9d779fd
      findHookName = "org.osgi.framework.hooks.bundle.FindHook"
      valid = true
      bundle = class org.eclipse.osgi.internal.framework.EquinoxBundle@3ec1b1c6
      container = class org.eclipse.osgi.internal.framework.EquinoxContainer@69d07cb
      debug = class org.eclipse.osgi.internal.debug.Debug@5b3aa513
      servicesInUse = class java.util.HashMap@28277156
      activator = null
      contextLock = class java.lang.Object@330ba311
    registration = class org.eclipse.osgi.internal.serviceregistry.ServiceRegistrationImpl@49b4983f
      registry = class org.eclipse.osgi.internal.serviceregistry.ServiceRegistry@6fbe5544
      context = class org.eclipse.osgi.internal.framework.BundleContextImpl@9d779fd
      bundle = class org.eclipse.osgi.internal.framework.EquinoxBundle@3ec1b1c6
      clazzes = class java.lang.String[1]
      service = class com.ibm.ws.resource.internal.ResourceFactoryTrackerData$1@2c4431c
      reference = class org.eclipse.osgi.internal.serviceregistry.ServiceReferenceImpl@59d602b9
      contextsUsing = class java.util.ArrayList@1f13219a
      properties = class java.util.Collections$UnmodifiableMap@1102f4a4
      serviceid = 583
      serviceranking = 0
      registrationLock = class java.lang.Object@3b13b74d
      state = 0
      REGISTERED = 0
      UNREGISTERING = 1
      UNREGISTERED = 2
      FRAMEWORK_SET_SERVICE_PROPERTIES_COUNT = 4
      $assertionsDisabled = true
    interfaces = class java.lang.String[1]
      String[0] = "javax.sql.DataSource"
    serialVersionUID = 7071819092476537634
    $$$tc$$$ = class com.ibm.websphere.ras.TraceComponent@7c6aa3a2
      strings[0] = "TraceComponent[com.ibm.ws.resource.internal.ResourceFactoryTrackerData,class com.ibm.ws.resource.internal.ResourceFactoryTrackerData,[resource],com.ibm.ws.resource.internal.resources.Runtime,null]"
  serialVersionUID = -5395261454852493419
  $$$tc$$$ = class com.ibm.websphere.ras.TraceComponent@e4ce637
    strings[0] = "TraceComponent[com.ibm.ws.resource.internal.ResourceFactoryTrackerData$1,class com.ibm.ws.resource.internal.ResourceFactoryTrackerData$1,[resource],com.ibm.ws.resource.internal.resources.Runtime,null]"

Dump of objectArray[0]
Object type = org.eclipse.osgi.internal.framework.EquinoxBundle
  equinoxContainer = class org.eclipse.osgi.internal.framework.EquinoxContainer@69d07cb
    NAME = "org.eclipse.osgi"
    secureAction = class org.eclipse.osgi.framework.util.SecureAction@6f765eab
      controlContext = class java.security.AccessControlContext@6d68a695
      bootClassLoader = class org.eclipse.osgi.framework.util.SecureAction$1$1@502cee8
    equinoxConfig = class org.eclipse.osgi.internal.framework.EquinoxConfiguration@7dd9acb9
      CONFIG_FILE = "config.ini"
      INTERNAL_OS_SUNOS = "SunOS"
      INTERNAL_OS_LINUX = "Linux"
      INTERNAL_OS_MACOSX = "Mac OS"
      INTERNAL_OS_AIX = "AIX"
      INTERNAL_OS_HPUX = "HP-UX"
      INTERNAL_OS_QNX = "QNX"
      INTERNAL_OS_OS400 = "OS/400"
      INTERNAL_OS_OS390 = "OS/390"
      INTERNAL_OS_ZOS = "z/OS"
      INTERNAL_ARCH_I386 = "i386"
      INTERNAL_AMD64 = "amd64"
      VARIABLE_DELIM_STRING = "$"
      VARIABLE_DELIM_CHAR = $
      configValues = class org.eclipse.osgi.internal.framework.EquinoxConfiguration$ConfigValues@329297fa
      debug = class org.eclipse.osgi.internal.debug.Debug@5b3aa513
      debugOptions = class org.eclipse.osgi.internal.debug.FrameworkDebugOptions@1ae6d333
      hookRegistry = class org.eclipse.osgi.internal.hookregistry.HookRegistry@9003b09
      aliasMapper = class org.eclipse.osgi.internal.framework.AliasMapper@27229f05
      equinoxLocations = class org.eclipse.osgi.internal.location.EquinoxLocations@129e15c
      allArgs = null
      frameworkArgs = null
      appArgs = null
      inDevelopmentMode = false
      devLocation = null
      devMonitor = class java.lang.Object@2dfac501
      devDefaultClasspath = null
      devProperties = null
      devLastModified = 0
      contextBootDelegation = false
      compatibilityBootDelegation = false
      compatibilityLazyTriggerOnFailLoad = false
      LIB_EXTENSIONS = class java.util.Collections$UnmodifiableRandomAccessList@252a6bc4
      ECLIPSE_LIB_VARIANTS = class java.util.Collections$UnmodifiableRandomAccessList@164302d3
      COPY_NATIVES = false
      ECLIPSE_NL_JAR_VARIANTS = class java.util.ArrayList@58ae3246
      DEFINE_PACKAGE_ATTRIBUTES = true
      BUNDLE_SET_TCCL = true
      BSN_VERSION = 3
      BSN_VERSION_SINGLE = 1
      BSN_VERSION_MULTIPLE = 2
      BSN_VERSION_MANAGED = 3
      throwErrorOnFailedStart = true
      CLASS_CERTIFICATE = true
      PARALLEL_CAPABLE = false
      exceptions = class java.util.LinkedHashMap@2387269f
      PROP_JVM_OS_ARCH = "os.arch"
      PROP_JVM_OS_NAME = "os.name"
      PROP_JVM_OS_VERSION = "os.version"
      PROP_JVM_SPEC_VERSION = "java.specification.version"
      PROP_JVM_SPEC_NAME = "java.specification.name"
      PROP_SETPERMS_CMD = "osgi.filepermissions.command"
      PROP_DEBUG = "osgi.debug"
      PROP_DEBUG_VERBOSE = "osgi.debug.verbose"
      PROP_DEV = "osgi.dev"
      PROP_CLEAN = "osgi.clean"
      PROP_USE_SYSTEM_PROPERTIES = "osgi.framework.useSystemProperties"
      PROP_FRAMEWORK = "osgi.framework"
      ECLIPSE_FRAMEWORK_VENDOR = "Eclipse"
      PROP_OSGI_JAVA_PROFILE = "osgi.java.profile"
      PROP_OSGI_JAVA_PROFILE_NAME = "osgi.java.profile.name"
      PROP_OSGI_JAVA_PROFILE_BOOTDELEGATION = "osgi.java.profile.bootdelegation"
      PROP_OSGI_BOOTDELEGATION_IGNORE = "ignore"
      PROP_OSGI_BOOTDELEGATION_OVERRIDE = "override"
      PROP_OSGI_BOOTDELEGATION_NONE = "none"
      PROP_CONTEXT_BOOTDELEGATION = "osgi.context.bootdelegation"
      PROP_COMPATIBILITY_BOOTDELEGATION = "osgi.compatibility.bootdelegation"
      PROP_DS_DELAYED_KEEPINSTANCES = "ds.delayed.keepInstances"
      PROP_COMPATIBILITY_ERROR_FAILED_START = "osgi.compatibility.errorOnFailedStart"
      PROP_COMPATIBILITY_START_LAZY = "osgi.compatibility.eagerStart.LazyActivation"
      PROP_COMPATIBILITY_START_LAZY_ON_FAIL_CLASSLOAD = "osgi.compatibility.trigger.lazyActivation.onFailedClassLoad"
      PROP_OSGI_OS = "osgi.os"
      PROP_OSGI_WS = "osgi.ws"
      PROP_OSGI_ARCH = "osgi.arch"
      PROP_OSGI_NL = "osgi.nl"
      PROP_OSGI_NL_USER = "osgi.nl.user"
      PROP_ROOT_LOCALE = "equinox.root.locale"
      PROP_PARENT_CLASSLOADER = "osgi.parentClassloader"
      PARENT_CLASSLOADER_FWK = "fwk"
      PROP_CONTEXTCLASSLOADER_PARENT = "osgi.contextClassLoaderParent"
      CONTEXTCLASSLOADER_PARENT_APP = "app"
      CONTEXTCLASSLOADER_PARENT_EXT = "ext"
      CONTEXTCLASSLOADER_PARENT_BOOT = "boot"
      CONTEXTCLASSLOADER_PARENT_FWK = "fwk"
      PROP_FRAMEWORK_LIBRARY_EXTENSIONS = "osgi.framework.library.extensions"
      PROP_COPY_NATIVES = "osgi.classloader.copy.natives"
      PROP_DEFINE_PACKAGES = "osgi.classloader.define.packages"
      PROP_BUNDLE_SETTCCL = "eclipse.bundle.setTCCL"
      PROP_EQUINOX_SECURITY = "eclipse.security"
      PROP_FILE_LIMIT = "osgi.bundlefile.limit"
      PROP_CLASS_CERTIFICATE_SUPPORT = "osgi.support.class.certificate"
      PROP_CLASS_LOADER_TYPE = "osgi.classloader.type"
      CLASS_LOADER_TYPE_PARALLEL = "parallel"
      PROP_FORCED_RESTART = "osgi.forcedRestart"
      PROP_IGNORE_USER_CONFIGURATION = "eclipse.ignoreUserConfiguration"
      PROPERTY_STRICT_BUNDLE_ENTRY_PATH = "osgi.strictBundleEntryPath"
      PROP_CHECK_CONFIGURATION = "osgi.checkConfiguration"
      inCheckConfigurationMode = true
      DEFAULT_STATE_SAVE_DELAY_INTERVAL = "30000"
      PROP_STATE_SAVE_DELAY_INTERVAL = "eclipse.stateSaveDelayInterval"
      PROP_MODULE_LOCK_TIMEOUT = "osgi.module.lock.timeout"
      PROP_MODULE_AUTO_START_ON_RESOLVE = "osgi.module.auto.start.on.resolve"
      PROP_ALLOW_RESTRICTED_PROVIDES = "osgi.equinox.allow.restricted.provides"
      PROP_LOG_HISTORY_MAX = "equinox.log.history.max"
      PROP_RESOLVER_THREAD_COUNT = "equinox.resolver.thead.count"
      PROP_EQUINOX_RESOLVER_THREAD_COUNT = "equinox.resolver.thread.count"
      PROP_EQUINOX_START_LEVEL_THREAD_COUNT = "equinox.start.level.thread.count"
      PROP_RESOLVER_REVISION_BATCH_SIZE = "equinox.resolver.revision.batch.size"
      PROP_RESOLVER_BATCH_TIMEOUT = "equinox.resolver.batch.timeout"
      PROP_SYSTEM_PROVIDE_HEADER = "equinox.system.provide.header"
      SYSTEM_PROVIDE_HEADER_ORIGINAL = "original"
      SYSTEM_PROVIDE_HEADER_SYSTEM = "system"
      SYSTEM_PROVIDE_HEADER_SYSTEM_EXTRA = "system.extra"
      PROP_DEFAULT_SUFFIX = ".default"
      PROP_WITH_ECLIPSE_STARTER_DEFAULTS = class java.util.Collections$UnmodifiableRandomAccessList@724bedb6
      PROP_INIT_UUID = "equinox.init.uuid"
      PROP_ACTIVE_THREAD_TYPE = "osgi.framework.activeThreadType"
      ACTIVE_THREAD_TYPE_NORMAL = "normal"
      PROP_GOSH_ARGS = "gosh.args"
    logServices = class org.eclipse.osgi.internal.log.EquinoxLogServices@ca5bc6a
      EQUINOX_LOGGER_NAME = "org.eclipse.equinox.logger"
      PERF_LOGGER_NAME = "org.eclipse.performance.logger"
      PROP_LOG_ENABLED = "eclipse.log.enabled"
      LOG_EXT = ".log"
      logServiceManager = class org.eclipse.osgi.internal.log.LogServiceManager@6965ff3c
      eclipseLogFactory = class org.eclipse.osgi.internal.log.EquinoxLogFactory@72b5145
      logWriter = class org.eclipse.osgi.internal.log.EquinoxLogWriter@574e4fc5
      perfWriter = class org.eclipse.osgi.internal.log.EquinoxLogWriter@53a37d94
      rootFrameworkLog = class org.eclipse.osgi.internal.log.EquinoxLogFactory$1@1579f4c3
      frameworkLogReg = class org.eclipse.osgi.internal.serviceregistry.ServiceRegistrationImpl@48852e50
      perfLogReg = class org.eclipse.osgi.internal.serviceregistry.ServiceRegistrationImpl@6d9070e2
    storage = class org.eclipse.osgi.storage.Storage@29fec5db
      VERSION = 4
      MR_JAR_VERSION = 4
      LOWEST_VERSION_SUPPORTED = 3
      BUNDLE_DATA_DIR = "data"
      BUNDLE_FILE_NAME = "bundleFile"
      FRAMEWORK_INFO = "framework.info"
      ECLIPSE_SYSTEMBUNDLE = "Eclipse-SystemBundle"
      DELETE_FLAG = ".delete"
      LIB_TEMP = "libtemp"
      JAVASE = "JavaSE"
      PROFILE_EXT = ".profile"
      NUL = " "
      INITIAL_LOCATION = "initial@"
      secureAction = class org.eclipse.osgi.framework.util.SecureAction@54fa0fbe
      equinoxContainer = class org.eclipse.osgi.internal.framework.EquinoxContainer@69d07cb
      installPath = "/home/ibmdemo/cp4a-labs/shared/wlp/lib/"
      osgiLocation = class org.eclipse.osgi.internal.location.BasicLocation@259b6f73
      childRoot = class java.io.File@8c0b10b
      parentRoot = null
      permissionData = class org.eclipse.osgi.storage.PermissionData@66ca72e5
      securityAdmin = class org.eclipse.osgi.internal.permadmin.SecurityAdmin@62c9067d
      adaptor = class org.eclipse.osgi.internal.framework.EquinoxContainerAdaptor@1cd70da0
      moduleDatabase = class org.eclipse.osgi.container.ModuleDatabase@1192afd8
      moduleContainer = class org.eclipse.osgi.container.ModuleContainer@6a79c292
      saveMonitor = class java.lang.Object@24faaa55
      lastSavedTimestamp = -1
      mruList = class org.eclipse.osgi.storage.bundlefile.MRUBundleFileList@eaaba59
      extensionInstaller = class org.eclipse.osgi.storage.FrameworkExtensionInstaller@2ab41c21
      cachedHeaderKeys = class java.util.Arrays$ArrayList@2edc9ac0
      allowRestrictedProvides = true
      refreshMRBundles = class java.util.concurrent.atomic.AtomicBoolean@5f85254c
      runtimeVersion = class org.osgi.framework.Version@4262497
      javaSpecVersion = "1.8"
    packageAdmin = class org.eclipse.osgi.internal.framework.legacy.PackageAdminImpl@74204549
      container = class org.eclipse.osgi.container.ModuleContainer@6a79c292
    startLevel = class org.eclipse.osgi.internal.framework.legacy.StartLevelImpl@44ac9310
      container = class org.eclipse.osgi.container.ModuleContainer@6a79c292
    bootDelegation = class java.util.HashSet@654b3103
      serialVersionUID = -5024744406713321676
      map = class java.util.HashMap@2aef5b4e
      PRESENT = class java.lang.Object@1befef59
      MAX_ARRAY_SIZE = 2147483639
    bootDelegationStems = class java.lang.String[12]
      String[0] = "sun."
      String[1] = "com.sun."
      String[2] = "com.ibm.ws.boot.delegated."
      String[3] = "org.apache.xml."
      String[4] = "org.apache.xerces."
      String[5] = "com.ibm.xylem."
      String[6] = "com.ibm.xml."
      String[7] = "com.ibm.xtq."
      String[8] = "com.ibm.net.ssl."
      String[9] = "com.ibm.crypto."
      String[10] = "com.ibm.security."
      String[11] = "jdk."
    bootDelegateAll = false
    isProcessClassRecursionSupportedByAll = false
    eventPublisher = class org.eclipse.osgi.internal.framework.EquinoxEventPublisher@4c38e060
      eventHookName = "org.osgi.framework.hooks.bundle.EventHook"
      collisionHookName = "org.osgi.framework.hooks.bundle.CollisionHook"
      FRAMEWORK_STOPPED_MASK = 448
      BUNDLEEVENT = 1
      BUNDLEEVENTSYNC = 2
      FRAMEWORKEVENT = 4
      container = class org.eclipse.osgi.internal.framework.EquinoxContainer@69d07cb
      monitor = class java.lang.Object@7f92d884
      eventManager = class org.eclipse.osgi.framework.eventmgr.EventManager@1e049e88
      allBundleListeners = class java.util.HashMap@70fdfaca
      allSyncBundleListeners = class java.util.HashMap@6a883ceb
      allFrameworkListeners = class java.util.HashMap@3b78fc6
    monitor = class java.lang.Object@6c2ccee4
    serviceRegistry = class org.eclipse.osgi.internal.serviceregistry.ServiceRegistry@6fbe5544
      SERVICEEVENT = 3
      findHookName = "org.osgi.framework.hooks.service.FindHook"
      eventHookName = "org.osgi.framework.hooks.service.EventHook"
      eventListenerHookName = "org.osgi.framework.hooks.service.EventListenerHook"
      listenerHookName = "org.osgi.framework.hooks.service.ListenerHook"
      publishedServicesByClass = class java.util.HashMap@4b6fc4cd
      allPublishedServices = class java.util.ArrayList@32956558
      publishedServicesByContext = class java.util.HashMap@2fcfc6c9
      serviceid = 665
      serviceEventListeners = class java.util.HashMap@4ad14cb3
      initialCapacity = 50
      initialSubCapacity = 10
      container = class org.eclipse.osgi.internal.framework.EquinoxContainer@69d07cb
      systemBundleContext = class org.eclipse.osgi.internal.framework.BundleContextImpl@70a9f84e
      debug = class org.eclipse.osgi.internal.debug.Debug@5b3aa513
      $assertionsDisabled = true
    contextFinder = class org.eclipse.osgi.internal.framework.ContextFinder@4fdbdd32
      cycleDetector = class java.lang.ThreadLocal@704ead41
      finderClassLoader = class com.ibm.ws.kernel.internal.classloader.BootstrapChildFirstJarClassloader@306a30c7
      contextFinder = class org.eclipse.osgi.internal.framework.ContextFinder$Finder@39991078
      THIS = class java.lang.Class@71623278
      parentContextClassLoader = class sun.misc.Launcher$AppClassLoader@18b4aac2
      parent = class sun.misc.Launcher$AppClassLoader@18b4aac2
      parallelLockMap = null
      package2certs = class java.util.Hashtable@303bf4cc
      nocerts = class java.security.cert.Certificate[0]
      classes = class java.util.Vector@376fd707
      defaultDomain = class java.security.ProtectionDomain@32ce400e
      packages = class java.util.HashMap@43a58cff
      scl = class sun.misc.Launcher$AppClassLoader@18b4aac2
      sclSet = true
      loadedLibraryNames = class java.util.Vector@213f0f38
      systemNativeLibraries = class java.util.Vector@464e4ec3
      nativeLibraries = class java.util.Vector@2cd78dd3
      nativeLibraryContext = class java.util.Stack@48fd1a4d
      usr_paths = class java.lang.String[7]
      sys_paths = class java.lang.String[1]
      assertionLock = class org.eclipse.osgi.internal.framework.ContextFinder@4fdbdd32
      defaultAssertionStatus = false
      packageAssertionStatus = null
      classAssertionStatus = null
    signedContentFactory = class org.osgi.util.tracker.ServiceTracker@5053294b
      DEBUG = false
      context = class org.eclipse.osgi.internal.framework.BundleContextImpl@70a9f84e
      filter = class org.eclipse.osgi.internal.framework.FilterImpl@39fdb1e6
      customizer = class org.osgi.util.tracker.ServiceTracker@5053294b
      listenerFilter = "(objectClass=org.eclipse.osgi.signedcontent.SignedContentFactory)"
      trackClass = "org.eclipse.osgi.signedcontent.SignedContentFactory"
      trackReference = null
      tracked = class org.osgi.util.tracker.ServiceTracker$Tracked@264937b9
      cachedReference = null
      cachedService = null
    executor = class java.util.concurrent.ScheduledThreadPoolExecutor@4d09f4ad
      continueExistingPeriodicTasksAfterShutdown = false
      executeExistingDelayedTasksAfterShutdown = true
      removeOnCancel = false
      sequencer = class java.util.concurrent.atomic.AtomicLong@68628ebe
      ctl = class java.util.concurrent.atomic.AtomicInteger@157170df
      COUNT_BITS = 29
      CAPACITY = 536870911
      RUNNING = -536870912
      SHUTDOWN = 0
      STOP = 536870912
      TIDYING = 1073741824
      TERMINATED = 1610612736
      workQueue = class java.util.concurrent.ScheduledThreadPoolExecutor$DelayedWorkQueue@3846f8f8
      mainLock = class java.util.concurrent.locks.ReentrantLock@154d941b
      workers = class java.util.HashSet@69a6ef72
      termination = class java.util.concurrent.locks.AbstractQueuedSynchronizer$ConditionObject@77cf9d11
      largestPoolSize = 1
      completedTaskCount = 0
      threadFactory = class org.eclipse.osgi.internal.framework.EquinoxContainer@69d07cb
      handler = class java.util.concurrent.ThreadPoolExecutor$AbortPolicy@78c13a28
      keepAliveTime = 0
      allowCoreThreadTimeOut = false
      corePoolSize = 1
      maximumPoolSize = 2147483647
      defaultHandler = class java.util.concurrent.ThreadPoolExecutor$AbortPolicy@78c13a28
      shutdownPerm = class java.lang.RuntimePermission@1d59467
      acc = null
      ONLY_ONE = true
      $assertionsDisabled = true
    storageSaver = class org.eclipse.osgi.internal.framework.StorageSaver@46b9368c
      container = class org.eclipse.osgi.internal.framework.EquinoxContainer@69d07cb
      delay = 30000
      future = class java.util.concurrent.ScheduledThreadPoolExecutor$ScheduledFutureTask@25475226
      hook = class java.lang.Thread@4bb4de6a
      task = class org.eclipse.osgi.internal.framework.StorageSaver$StorageSaverTask@4aeae005
  module = class org.eclipse.osgi.internal.framework.EquinoxBundle$EquinoxModule@52012494
    this$0 = class org.eclipse.osgi.internal.framework.EquinoxBundle@7d81cc0b
    ACTIVE_SET = class java.util.RegularEnumSet@29c2278e
      serialVersionUID = 3411599620347842686
      elements = 60
      elementType = class java.lang.Class@6aaa5eb0
      universe = class org.eclipse.osgi.container.Module$State[7]
      ZERO_LENGTH_ENUM_ARRAY = class java.lang.Enum[0]
      MAX_ARRAY_SIZE = 2147483639
    RESOLVED_SET = class java.util.RegularEnumSet@3020d2a6
      serialVersionUID = 3411599620347842686
      elements = 62
      elementType = class java.lang.Class@6aaa5eb0
      universe = class org.eclipse.osgi.container.Module$State[7]
      ZERO_LENGTH_ENUM_ARRAY = class java.lang.Enum[0]
      MAX_ARRAY_SIZE = 2147483639
    id = 247
    location = "WSClassLoadingService@EARApplication:PlantsByWebSphereV8"
    revisions = class org.eclipse.osgi.container.ModuleRevisions@6b626cc2
      monitor = class java.lang.Object@de8ee35
      module = class org.eclipse.osgi.internal.framework.EquinoxBundle$EquinoxModule@52012494
      container = class org.eclipse.osgi.container.ModuleContainer@6a79c292
      revisions = class java.util.ArrayList@2d101248
      uninstalled = false
      uninstalledCurrent = null
    stateChangeLock = class org.eclipse.osgi.internal.container.EquinoxReentrantLock@3d7f6713
      serialVersionUID = 1
      serialVersionUID = 7373984872572414699
      sync = class java.util.concurrent.locks.ReentrantLock$NonfairSync@600fb300
    stateTransitionEvents = class java.util.RegularEnumSet@6681d1ac
      serialVersionUID = 3411599620347842686
      elements = 0
      elementType = class java.lang.Class@3abbfa04
      universe = class org.eclipse.osgi.container.ModuleContainerAdaptor$ModuleEvent[10]
      ZERO_LENGTH_ENUM_ARRAY = class java.lang.Enum[0]
      MAX_ARRAY_SIZE = 2147483639
    settings = class java.util.RegularEnumSet@60cb6942
      serialVersionUID = 3411599620347842686
      elements = 3
      elementType = class java.lang.Class@57fffcd7
      universe = class org.eclipse.osgi.container.Module$Settings[2]
      ZERO_LENGTH_ENUM_ARRAY = class java.lang.Enum[0]
      MAX_ARRAY_SIZE = 2147483639
    inStart = class java.util.concurrent.atomic.AtomicInteger@18b70de5
      serialVersionUID = 6214790243416807050
      unsafe = class sun.misc.Unsafe@9f6c911
      valueOffset = 12
      value = 0
      serialVersionUID = -8742448824652078965
    state = class org.eclipse.osgi.container.Module$State@3260063d
      INSTALLED = class org.eclipse.osgi.container.Module$State@ef97526
      RESOLVED = class org.eclipse.osgi.container.Module$State@44b9e4a3
      LAZY_STARTING = class org.eclipse.osgi.container.Module$State@3260063d
      STARTING = class org.eclipse.osgi.container.Module$State@7d79e7a
      ACTIVE = class org.eclipse.osgi.container.Module$State@393e7f18
      STOPPING = class org.eclipse.osgi.container.Module$State@42429be3
      UNINSTALLED = class org.eclipse.osgi.container.Module$State@4955f3f4
      ENUM$VALUES = class org.eclipse.osgi.container.Module$State[7]
      name = "LAZY_STARTING"
      ordinal = 2
    startlevel = 18
    lastModified = 1579190663241
    VALID_RESOLVED_TRANSITION = class java.util.RegularEnumSet@7cf88eb6
      serialVersionUID = 3411599620347842686
      elements = 8
      elementType = class java.lang.Class@3abbfa04
      universe = class org.eclipse.osgi.container.ModuleContainerAdaptor$ModuleEvent[10]
      ZERO_LENGTH_ENUM_ARRAY = class java.lang.Enum[0]
      MAX_ARRAY_SIZE = 2147483639
    VALID_STOPPED_TRANSITION = class java.util.RegularEnumSet@150eb08a
      serialVersionUID = 3411599620347842686
      elements = 896
      elementType = class java.lang.Class@3abbfa04
      universe = class org.eclipse.osgi.container.ModuleContainerAdaptor$ModuleEvent[10]
      ZERO_LENGTH_ENUM_ARRAY = class java.lang.Enum[0]
      MAX_ARRAY_SIZE = 2147483639
    $SWITCH_TABLE$org$eclipse$osgi$container$ModuleContainerAdaptor$ModuleEvent = {1,2,3,4,5,6,7,8,9,10} /* array length = 10 */
  monitor = class java.lang.Object@748e4846
  context = class org.eclipse.osgi.internal.framework.BundleContextImpl@693473f2
    findHookName = "org.osgi.framework.hooks.bundle.FindHook"
    valid = true
    bundle = class org.eclipse.osgi.internal.framework.EquinoxBundle@7d81cc0b
    container = class org.eclipse.osgi.internal.framework.EquinoxContainer@69d07cb
    debug = class org.eclipse.osgi.internal.debug.Debug@5b3aa513
      ECLIPSE_OSGI = "org.eclipse.osgi"
      OPTION_DEBUG_GENERAL = "org.eclipse.osgi/debug"
      OPTION_DEBUG_BUNDLE_TIME = "org.eclipse.osgi/debug/bundleTime"
      OPTION_DEBUG_BUNDLE_START_TIME = "org.eclipse.osgi/debug/bundleStartTime"
      OPTION_DEBUG_LOADER = "org.eclipse.osgi/debug/loader"
      OPTION_DEBUG_STORAGE = "org.eclipse.osgi/debug/storage"
      OPTION_DEBUG_EVENTS = "org.eclipse.osgi/debug/events"
      OPTION_DEBUG_SERVICES = "org.eclipse.osgi/debug/services"
      OPTION_DEBUG_HOOKS = "org.eclipse.osgi/debug/hooks"
      OPTION_DEBUG_MANIFEST = "org.eclipse.osgi/debug/manifest"
      OPTION_DEBUG_FILTER = "org.eclipse.osgi/debug/filter"
      OPTION_DEBUG_SECURITY = "org.eclipse.osgi/debug/security"
      OPTION_DEBUG_STARTLEVEL = "org.eclipse.osgi/debug/startlevel"
      OPTION_DEBUG_PACKAGEADMIN = "org.eclipse.osgi/debug/packageadmin"
      OPTION_DEBUG_PACKAGEADMIN_TIMING = "org.eclipse.osgi/debug/packageadmin/timing"
      OPTION_MONITOR_ACTIVATION = "org.eclipse.osgi/monitor/activation"
      OPTION_MONITOR_LAZY = "org.eclipse.osgi/monitor/lazy"
      OPTION_DEBUG_MESSAGE_BUNDLES = "org.eclipse.osgi/debug/messageBundles"
      OPTION_DEBUG_LOCATION = "org.eclipse.osgi/debug/location"
      OPTION_CACHED_MANIFEST = "org.eclipse.osgi/debug/cachedmanifest"
      OPTION_DEBUG_SYSTEM_BUNDLE = "org.eclipse.osgi/debug/systemBundle"
      OPTION_DEBUG_BUNDLE_FILE = "org.eclipse.osgi/debug/bundleFile"
      DEBUG_GENERAL = false
      DEBUG_BUNDLE_TIME = false
      DEBUG_LOADER = false
      DEBUG_STORAGE = false
      DEBUG_EVENTS = false
      DEBUG_SERVICES = false
      DEBUG_HOOKS = false
      DEBUG_MANIFEST = false
      DEBUG_FILTER = false
      DEBUG_SECURITY = false
      DEBUG_STARTLEVEL = false
      DEBUG_PACKAGEADMIN = false
      DEBUG_PACKAGEADMIN_TIMING = false
      DEBUG_MESSAGE_BUNDLES = false
      MONITOR_ACTIVATION = false
      DEBUG_LOCATION = false
      DEBUG_CACHED_MANIFEST = false
      DEBUG_SYSTEM_BUNDLE = false
      DEBUG_BUNDLE_FILE = false
      out = class com.ibm.ws.logging.internal.impl.BaseTraceService$TeePrintStream@5307250
    servicesInUse = class java.util.HashMap@5eb6a61f
      serialVersionUID = 362498820763181265
      DEFAULT_INITIAL_CAPACITY = 16
      MAXIMUM_CAPACITY = 1073741824
      DEFAULT_LOAD_FACTOR = 0.75
      TREEIFY_THRESHOLD = 8
      UNTREEIFY_THRESHOLD = 6
      MIN_TREEIFY_CAPACITY = 64
      table = class java.util.HashMap$Node[16]
      entrySet = null
      size = 5
      modCount = 15
      threshold = 12
      loadFactor = 0.75
      keySet = null
      values = null
    activator = null
    contextLock = class java.lang.Object@36d200d4
  signerInfos = null
  $SWITCH_TABLE$org$eclipse$osgi$container$Module$State = {1,2,3,4,5,6,7} /* array length = 7 */

Dump of objectArray[1]
Object type = org.eclipse.osgi.internal.serviceregistry.ServiceRegistrationImpl
  registry = class org.eclipse.osgi.internal.serviceregistry.ServiceRegistry@6fbe5544
    SERVICEEVENT = 3
    findHookName = "org.osgi.framework.hooks.service.FindHook"
    eventHookName = "org.osgi.framework.hooks.service.EventHook"
    eventListenerHookName = "org.osgi.framework.hooks.service.EventListenerHook"
    listenerHookName = "org.osgi.framework.hooks.service.ListenerHook"
    publishedServicesByClass = class java.util.HashMap@4b6fc4cd
      serialVersionUID = 362498820763181265
      DEFAULT_INITIAL_CAPACITY = 16
      MAXIMUM_CAPACITY = 1073741824
      DEFAULT_LOAD_FACTOR = 0.75
      TREEIFY_THRESHOLD = 8
      UNTREEIFY_THRESHOLD = 6
      MIN_TREEIFY_CAPACITY = 64
      table = class java.util.HashMap$Node[1024]
      entrySet = null
      size = 396
      modCount = 400
      threshold = 768
      loadFactor = 0.75
      keySet = null
      values = null
    allPublishedServices = class java.util.ArrayList@32956558
      serialVersionUID = 8683452581122892189
      DEFAULT_CAPACITY = 10
      EMPTY_ELEMENTDATA = class java.lang.Object[0]
      DEFAULTCAPACITY_EMPTY_ELEMENTDATA = class java.lang.Object[0]
      elementData = class java.lang.Object[850]
      size = 656
      MAX_ARRAY_SIZE = 2147483639
      modCount = 798
      MAX_ARRAY_SIZE = 2147483639
    publishedServicesByContext = class java.util.HashMap@2fcfc6c9
      serialVersionUID = 362498820763181265
      DEFAULT_INITIAL_CAPACITY = 16
      MAXIMUM_CAPACITY = 1073741824
      DEFAULT_LOAD_FACTOR = 0.75
      TREEIFY_THRESHOLD = 8
      UNTREEIFY_THRESHOLD = 6
      MIN_TREEIFY_CAPACITY = 64
      table = class java.util.HashMap$Node[256]
      entrySet = null
      size = 145
      modCount = 145
      threshold = 192
      loadFactor = 0.75
      keySet = null
      values = null
    serviceid = 665
    serviceEventListeners = class java.util.HashMap@4ad14cb3
      serialVersionUID = 362498820763181265
      DEFAULT_INITIAL_CAPACITY = 16
      MAXIMUM_CAPACITY = 1073741824
      DEFAULT_LOAD_FACTOR = 0.75
      TREEIFY_THRESHOLD = 8
      UNTREEIFY_THRESHOLD = 6
      MIN_TREEIFY_CAPACITY = 64
      table = class java.util.HashMap$Node[256]
      entrySet = class java.util.HashMap$EntrySet@5242f93a
      size = 160
      modCount = 170
      threshold = 192
      loadFactor = 0.75
      keySet = null
      values = null
    initialCapacity = 50
    initialSubCapacity = 10
    container = class org.eclipse.osgi.internal.framework.EquinoxContainer@69d07cb
    systemBundleContext = class org.eclipse.osgi.internal.framework.BundleContextImpl@70a9f84e
      findHookName = "org.osgi.framework.hooks.bundle.FindHook"
      valid = true
      bundle = class org.eclipse.osgi.internal.framework.EquinoxBundle$SystemBundle@6e2c9341
      container = class org.eclipse.osgi.internal.framework.EquinoxContainer@69d07cb
      debug = class org.eclipse.osgi.internal.debug.Debug@5b3aa513
      servicesInUse = class java.util.HashMap@34399abf
      activator = class org.eclipse.osgi.internal.framework.SystemBundleActivator@71f73e2b
      contextLock = class java.lang.Object@773f10fa
    debug = class org.eclipse.osgi.internal.debug.Debug@5b3aa513
      ECLIPSE_OSGI = "org.eclipse.osgi"
      OPTION_DEBUG_GENERAL = "org.eclipse.osgi/debug"
      OPTION_DEBUG_BUNDLE_TIME = "org.eclipse.osgi/debug/bundleTime"
      OPTION_DEBUG_BUNDLE_START_TIME = "org.eclipse.osgi/debug/bundleStartTime"
      OPTION_DEBUG_LOADER = "org.eclipse.osgi/debug/loader"
      OPTION_DEBUG_STORAGE = "org.eclipse.osgi/debug/storage"
      OPTION_DEBUG_EVENTS = "org.eclipse.osgi/debug/events"
      OPTION_DEBUG_SERVICES = "org.eclipse.osgi/debug/services"
      OPTION_DEBUG_HOOKS = "org.eclipse.osgi/debug/hooks"
      OPTION_DEBUG_MANIFEST = "org.eclipse.osgi/debug/manifest"
      OPTION_DEBUG_FILTER = "org.eclipse.osgi/debug/filter"
      OPTION_DEBUG_SECURITY = "org.eclipse.osgi/debug/security"
      OPTION_DEBUG_STARTLEVEL = "org.eclipse.osgi/debug/startlevel"
      OPTION_DEBUG_PACKAGEADMIN = "org.eclipse.osgi/debug/packageadmin"
      OPTION_DEBUG_PACKAGEADMIN_TIMING = "org.eclipse.osgi/debug/packageadmin/timing"
      OPTION_MONITOR_ACTIVATION = "org.eclipse.osgi/monitor/activation"
      OPTION_MONITOR_LAZY = "org.eclipse.osgi/monitor/lazy"
      OPTION_DEBUG_MESSAGE_BUNDLES = "org.eclipse.osgi/debug/messageBundles"
      OPTION_DEBUG_LOCATION = "org.eclipse.osgi/debug/location"
      OPTION_CACHED_MANIFEST = "org.eclipse.osgi/debug/cachedmanifest"
      OPTION_DEBUG_SYSTEM_BUNDLE = "org.eclipse.osgi/debug/systemBundle"
      OPTION_DEBUG_BUNDLE_FILE = "org.eclipse.osgi/debug/bundleFile"
      DEBUG_GENERAL = false
      DEBUG_BUNDLE_TIME = false
      DEBUG_LOADER = false
      DEBUG_STORAGE = false
      DEBUG_EVENTS = false
      DEBUG_SERVICES = false
      DEBUG_HOOKS = false
      DEBUG_MANIFEST = false
      DEBUG_FILTER = false
      DEBUG_SECURITY = false
      DEBUG_STARTLEVEL = false
      DEBUG_PACKAGEADMIN = false
      DEBUG_PACKAGEADMIN_TIMING = false
      DEBUG_MESSAGE_BUNDLES = false
      MONITOR_ACTIVATION = false
      DEBUG_LOCATION = false
      DEBUG_CACHED_MANIFEST = false
      DEBUG_SYSTEM_BUNDLE = false
      DEBUG_BUNDLE_FILE = false
      out = class com.ibm.ws.logging.internal.impl.BaseTraceService$TeePrintStream@5307250
    $assertionsDisabled = true
  context = class org.eclipse.osgi.internal.framework.BundleContextImpl@9d779fd
    findHookName = "org.osgi.framework.hooks.bundle.FindHook"
    valid = true
    bundle = class org.eclipse.osgi.internal.framework.EquinoxBundle@3ec1b1c6
    container = class org.eclipse.osgi.internal.framework.EquinoxContainer@69d07cb
    debug = class org.eclipse.osgi.internal.debug.Debug@5b3aa513
    servicesInUse = class java.util.HashMap@28277156
      serialVersionUID = 362498820763181265
      DEFAULT_INITIAL_CAPACITY = 16
      MAXIMUM_CAPACITY = 1073741824
      DEFAULT_LOAD_FACTOR = 0.75
      TREEIFY_THRESHOLD = 8
      UNTREEIFY_THRESHOLD = 6
      MIN_TREEIFY_CAPACITY = 64
      table = class java.util.HashMap$Node[16]
      entrySet = null
      size = 7
      modCount = 19
      threshold = 12
      loadFactor = 0.75
      keySet = null
      values = null
    activator = null
    contextLock = class java.lang.Object@330ba311
  bundle = class org.eclipse.osgi.internal.framework.EquinoxBundle@3ec1b1c6
    equinoxContainer = class org.eclipse.osgi.internal.framework.EquinoxContainer@69d07cb
      NAME = "org.eclipse.osgi"
      secureAction = class org.eclipse.osgi.framework.util.SecureAction@6f765eab
      equinoxConfig = class org.eclipse.osgi.internal.framework.EquinoxConfiguration@7dd9acb9
      logServices = class org.eclipse.osgi.internal.log.EquinoxLogServices@ca5bc6a
      storage = class org.eclipse.osgi.storage.Storage@29fec5db
      packageAdmin = class org.eclipse.osgi.internal.framework.legacy.PackageAdminImpl@74204549
      startLevel = class org.eclipse.osgi.internal.framework.legacy.StartLevelImpl@44ac9310
      bootDelegation = class java.util.HashSet@654b3103
      bootDelegationStems = class java.lang.String[12]
      bootDelegateAll = false
      isProcessClassRecursionSupportedByAll = false
      eventPublisher = class org.eclipse.osgi.internal.framework.EquinoxEventPublisher@4c38e060
      monitor = class java.lang.Object@6c2ccee4
      serviceRegistry = class org.eclipse.osgi.internal.serviceregistry.ServiceRegistry@6fbe5544
      contextFinder = class org.eclipse.osgi.internal.framework.ContextFinder@4fdbdd32
      signedContentFactory = class org.osgi.util.tracker.ServiceTracker@5053294b
      executor = class java.util.concurrent.ScheduledThreadPoolExecutor@4d09f4ad
      storageSaver = class org.eclipse.osgi.internal.framework.StorageSaver@46b9368c
    module = class org.eclipse.osgi.internal.framework.EquinoxBundle$EquinoxModule@33361776
      this$0 = class org.eclipse.osgi.internal.framework.EquinoxBundle@3ec1b1c6
      ACTIVE_SET = class java.util.RegularEnumSet@29c2278e
      RESOLVED_SET = class java.util.RegularEnumSet@3020d2a6
      id = 193
      location = "feature@reference:file:/home/ibmdemo/cp4a-labs/shared/wlp/lib/com.ibm.ws.jdbc_1.0.29.jar"
      revisions = class org.eclipse.osgi.container.ModuleRevisions@5b27315a
      stateChangeLock = class org.eclipse.osgi.internal.container.EquinoxReentrantLock@1d6aaf98
      stateTransitionEvents = class java.util.RegularEnumSet@25ac05ec
      settings = class java.util.RegularEnumSet@132f561d
      inStart = class java.util.concurrent.atomic.AtomicInteger@716018c3
      state = class org.eclipse.osgi.container.Module$State@393e7f18
      startlevel = 12
      lastModified = 1579190659509
      VALID_RESOLVED_TRANSITION = class java.util.RegularEnumSet@7cf88eb6
      VALID_STOPPED_TRANSITION = class java.util.RegularEnumSet@150eb08a
      $SWITCH_TABLE$org$eclipse$osgi$container$ModuleContainerAdaptor$ModuleEvent = {1,2,3,4,5,6,7,8,9,10} /* array length = 10 */
    monitor = class java.lang.Object@4e30938d
    context = class org.eclipse.osgi.internal.framework.BundleContextImpl@9d779fd
    signerInfos = null
    $SWITCH_TABLE$org$eclipse$osgi$container$Module$State = {1,2,3,4,5,6,7} /* array length = 7 */
  clazzes = class java.lang.String[1]
    String[0] = "javax.sql.DataSource"
  service = class com.ibm.ws.resource.internal.ResourceFactoryTrackerData$1@2c4431c
    val$ref = class org.eclipse.osgi.internal.serviceregistry.ServiceReferenceImpl@755356f3
      registration = class org.eclipse.osgi.internal.serviceregistry.ServiceRegistrationImpl@43dba833
    this$0 = class com.ibm.ws.resource.internal.ResourceFactoryTrackerData@375e3bb2
      JNDI_SERVICENAME = "osgi.jndi.service.name"
      context = class org.eclipse.osgi.internal.framework.BundleContextImpl@9d779fd
      registration = class org.eclipse.osgi.internal.serviceregistry.ServiceRegistrationImpl@49b4983f
      interfaces = class java.lang.String[1]
      serialVersionUID = 7071819092476537634
      $$$tc$$$ = class com.ibm.websphere.ras.TraceComponent@7c6aa3a2
    serialVersionUID = -5395261454852493419
    $$$tc$$$ = class com.ibm.websphere.ras.TraceComponent@e4ce637
      strings[0] = "TraceComponent[com.ibm.ws.resource.internal.ResourceFactoryTrackerData$1,class com.ibm.ws.resource.internal.ResourceFactoryTrackerData$1,[resource],com.ibm.ws.resource.internal.resources.Runtime,null]"
  reference = class org.eclipse.osgi.internal.serviceregistry.ServiceReferenceImpl@59d602b9
    registration = class org.eclipse.osgi.internal.serviceregistry.ServiceRegistrationImpl@49b4983f
  contextsUsing = class java.util.ArrayList@1f13219a
    serialVersionUID = 8683452581122892189
    DEFAULT_CAPACITY = 10
    EMPTY_ELEMENTDATA = class java.lang.Object[0]
    DEFAULTCAPACITY_EMPTY_ELEMENTDATA = class java.lang.Object[0]
    elementData = class java.lang.Object[10]
      Object[0] = class org.eclipse.osgi.internal.framework.BundleContextImpl@693473f2
      Object[1] = null
      Object[2] = null
      Object[3] = null
      Object[4] = null
      Object[5] = null
      Object[6] = null
      Object[7] = null
      Object[8] = null
      Object[9] = null
    size = 1
    MAX_ARRAY_SIZE = 2147483639
    modCount = 1
    MAX_ARRAY_SIZE = 2147483639
  properties = class java.util.Collections$UnmodifiableMap@1102f4a4
    serialVersionUID = -1034234728574286014
    m = class org.eclipse.osgi.internal.serviceregistry.ServiceProperties@5239a95c
      map = class java.util.HashMap@6107d207
      entrySet = null
      keySet = null
    keySet = null
    entrySet = null
    values = null
  serviceid = 583
  serviceranking = 0
  registrationLock = class java.lang.Object@3b13b74d
  state = 0
  REGISTERED = 0
  UNREGISTERING = 1
  UNREGISTERED = 2
  FRAMEWORK_SET_SERVICE_PROPERTIES_COUNT = 4
  $assertionsDisabled = true

