------Start of DE processing------ = [11/7/19 11:07:05:127 PST]
Exception = java.sql.SQLNonTransientException
Source = com.ibm.ws.jdbc.DataSourceService
probeid = 587
Stack Dump = java.sql.SQLNonTransientException: DSRA4000E: No implementations of org.apache.derby.jdbc.EmbeddedConnectionPoolDataSource40 are found for dataSource[PBW XA DataSource] with library com.ibm.ws.classloading.sharedlibrary_62. The name or location of JDBC driver JAR files might be incorrect or inaccessible. Searched in: []. Searched under packages: [org.apache.derby.jdbc].
	at com.ibm.ws.jdbc.internal.JDBCDriverService.classNotFound(JDBCDriverService.java:220)
	at com.ibm.ws.jdbc.internal.JDBCDriverService.create(JDBCDriverService.java:337)
	at com.ibm.ws.jdbc.internal.JDBCDriverService.createAnyPreferLegacyOrder(JDBCDriverService.java:394)
	at com.ibm.ws.jdbc.DataSourceService.init(DataSourceService.java:611)
	at com.ibm.ws.jca.cm.AbstractConnectionFactoryService$2.run(AbstractConnectionFactoryService.java:477)
	at com.ibm.ws.jca.cm.AbstractConnectionFactoryService$2.run(AbstractConnectionFactoryService.java:474)
	at java.security.AccessController.doPrivileged(Native Method)
	at com.ibm.ws.jca.cm.AbstractConnectionFactoryService.initPrivileged(AbstractConnectionFactoryService.java:474)
	at com.ibm.ws.jca.cm.AbstractConnectionFactoryService.createResource(AbstractConnectionFactoryService.java:144)
	at com.ibm.ws.resource.internal.ResourceFactoryTrackerData$1.getService(ResourceFactoryTrackerData.java:120)
	at org.eclipse.osgi.internal.serviceregistry.ServiceFactoryUse$1.run(ServiceFactoryUse.java:215)
	at java.security.AccessController.doPrivileged(Native Method)
	at org.eclipse.osgi.internal.serviceregistry.ServiceFactoryUse.factoryGetService(ServiceFactoryUse.java:213)
	at org.eclipse.osgi.internal.serviceregistry.ServiceFactoryUse.getService(ServiceFactoryUse.java:114)
	at org.eclipse.osgi.internal.serviceregistry.ServiceConsumer$2.getService(ServiceConsumer.java:48)
	at org.eclipse.osgi.internal.serviceregistry.ServiceRegistrationImpl.getService(ServiceRegistrationImpl.java:527)
	at org.eclipse.osgi.internal.serviceregistry.ServiceRegistry.getService(ServiceRegistry.java:464)
	at org.eclipse.osgi.internal.framework.BundleContextImpl.getService(BundleContextImpl.java:661)
	at com.ibm.ws.jndi.internal.WSContext$4.run(WSContext.java:518)
	at java.security.AccessController.doPrivileged(Native Method)
	at com.ibm.ws.jndi.internal.WSContext.getReference(WSContext.java:514)
	at com.ibm.ws.jndi.internal.WSContext.resolveObject(WSContext.java:137)
	at com.ibm.ws.jndi.internal.WSContext.lookup(WSContext.java:303)
	at com.ibm.ws.jndi.WSContextBase.lookup(WSContextBase.java:61)
	at org.apache.aries.jndi.DelegateContext.lookup(DelegateContext.java:161)
	at javax.naming.InitialContext.lookup(InitialContext.java:417)
	at com.ibm.ws.jpa.container.osgi.internal.OSGiJPAPUnitInfo.lookupDataSource(OSGiJPAPUnitInfo.java:317)
	at com.ibm.ws.jpa.management.JPAPUnitInfo.getJPADataSource(JPAPUnitInfo.java:333)
	at com.ibm.ws.jpa.management.JPAPUnitInfo.getJtaDataSource(JPAPUnitInfo.java:376)
	at com.ibm.ws.jpa.management.JPAPUnitInfo.initialize(JPAPUnitInfo.java:746)
	at com.ibm.ws.jpa.management.JPAPxmlInfo.extractPersistenceUnits(JPAPxmlInfo.java:183)
	at com.ibm.ws.jpa.management.JPAScopeInfo.processPersistenceUnit(JPAScopeInfo.java:89)
	at com.ibm.ws.jpa.management.JPAApplInfo.addPersistenceUnits(JPAApplInfo.java:120)
	at com.ibm.ws.jpa.container.osgi.internal.JPAComponentImpl.processWebModulePersistenceXml(JPAComponentImpl.java:511)
	at com.ibm.ws.jpa.container.osgi.internal.JPAComponentImpl.applicationStarting(JPAComponentImpl.java:300)
	at com.ibm.ws.container.service.state.internal.ApplicationStateManager.fireStarting(ApplicationStateManager.java:51)
	at com.ibm.ws.container.service.state.internal.StateChangeServiceImpl.fireApplicationStarting(StateChangeServiceImpl.java:50)
	at com.ibm.ws.app.manager.module.internal.SimpleDeployedAppInfoBase.preDeployApp(SimpleDeployedAppInfoBase.java:550)
	at com.ibm.ws.app.manager.module.internal.SimpleDeployedAppInfoBase.installApp(SimpleDeployedAppInfoBase.java:511)
	at com.ibm.ws.app.manager.module.internal.DeployedAppInfoBase.deployApp(DeployedAppInfoBase.java:347)
	at com.ibm.ws.app.manager.ear.internal.EARApplicationHandlerImpl.install(EARApplicationHandlerImpl.java:76)
	at com.ibm.ws.app.manager.internal.statemachine.StartAction.execute(StartAction.java:140)
	at com.ibm.ws.app.manager.internal.statemachine.ApplicationStateMachineImpl.enterState(ApplicationStateMachineImpl.java:1261)
	at com.ibm.ws.app.manager.internal.statemachine.ApplicationStateMachineImpl.run(ApplicationStateMachineImpl.java:876)
	at com.ibm.ws.threading.internal.ExecutorServiceImpl$RunnableWrapper.run(ExecutorServiceImpl.java:239)
	at java.util.concurrent.ThreadPoolExecutor.runWorker(ThreadPoolExecutor.java:1149)
	at java.util.concurrent.ThreadPoolExecutor$Worker.run(ThreadPoolExecutor.java:624)
	at java.lang.Thread.run(Thread.java:748)
Caused by: java.lang.ClassNotFoundException: org.apache.derby.jdbc.EmbeddedConnectionPoolDataSource40
	at com.ibm.ws.classloading.internal.AppClassLoader.findClassCommonLibraryClassLoaders(AppClassLoader.java:544)
	at com.ibm.ws.classloading.internal.AppClassLoader.findClass(AppClassLoader.java:286)
	at java.lang.ClassLoader.loadClass(ClassLoader.java:424)
	at com.ibm.ws.classloading.internal.AppClassLoader.findOrDelegateLoadClass(AppClassLoader.java:522)
	at com.ibm.ws.classloading.internal.AppClassLoader.loadClass(AppClassLoader.java:482)
	at java.lang.ClassLoader.loadClass(ClassLoader.java:357)
	at com.ibm.ws.jdbc.internal.JDBCDriverService$1.run(JDBCDriverService.java:268)
	at com.ibm.ws.jdbc.internal.JDBCDriverService$1.run(JDBCDriverService.java:258)
	at java.security.AccessController.doPrivileged(Native Method)
	at com.ibm.ws.jdbc.internal.JDBCDriverService.create(JDBCDriverService.java:258)
	... 46 more

Dump of callerThis
Object type = com.ibm.ws.jdbc.DataSourceService
  BASE_PREFIX = "properties"
  BASE_PREFIX_LENGTH = 10
  TOTAL_PREFIX_LENGTH = 13
  tc = class com.ibm.websphere.ras.TraceComponent@b1036ae
    strings[0] = "TraceComponent[com.ibm.ws.jdbc.DataSourceService,class com.ibm.ws.jdbc.DataSourceService,[RRA],com.ibm.ws.rsadapter.resources.IBMDataStoreAdapterNLS,null]"
  priv = class com.ibm.ws.kernel.service.util.SecureAction@61d37736
    controlContext = class java.security.AccessControlContext@3c6e5b72
      context = class java.security.ProtectionDomain[2]
      isPrivileged = true
      isAuthorized = true
      privilegedContext = null
      combiner = null
      permissions = null
      parent = null
      isWrapped = false
      isLimited = false
      limitedContext = null
      debugInit = false
      debug = null
    bootClassLoader = class com.ibm.ws.kernel.service.util.SecureAction$1$1@2185589b
      this$0 = class com.ibm.ws.kernel.service.util.SecureAction$1@33e124cb
      serialVersionUID = -7098890353587179347
      $$$tc$$$ = class com.ibm.websphere.ras.TraceComponent@554161fe
      parent = null
      parallelLockMap = null
      package2certs = class java.util.Hashtable@75c9ade8
      nocerts = class java.security.cert.Certificate[0]
      classes = class java.util.Vector@27dd53cf
      defaultDomain = class java.security.ProtectionDomain@6f0d92cd
      domains = class java.util.HashSet@5570249b
      packages = class java.util.HashMap@6d6e7530
      scl = class sun.misc.Launcher$AppClassLoader@18b4aac2
      sclSet = true
      loadedLibraryNames = class java.util.Vector@20e01079
      systemNativeLibraries = class java.util.Vector@23786552
      nativeLibraries = class java.util.Vector@7778d95a
      nativeLibraryContext = class java.util.Stack@69a1f570
      usr_paths = class java.lang.String[7]
      sys_paths = class java.lang.String[1]
      assertionLock = class com.ibm.ws.kernel.service.util.SecureAction$1$1@2185589b
      defaultAssertionStatus = false
      packageAssertionStatus = null
      classAssertionStatus = null
    getContextClassLoaderAction = class com.ibm.ws.kernel.service.util.SecureAction$27@1fe9db99
      serialVersionUID = 4381279005860327500
      $$$tc$$$ = class com.ibm.websphere.ras.TraceComponent@2ecb5da3
    getSystemClassLoaderAction = class com.ibm.ws.kernel.service.util.SecureAction$28@4bfd1aa5
      serialVersionUID = -4916275247138051678
      $$$tc$$$ = class com.ibm.websphere.ras.TraceComponent@7406068d
  CONNECTION_MANAGER = "connectionManager"
  DATASOURCE = "dataSource"
  FACTORY_PID = "com.ibm.ws.jdbc.dataSource"
  JDBC_DRIVER = "driver"
  SUPPORT_EXTENSIONS = "supportExtensions"
  TARGET_CONNECTION_MANAGER = "connectionManager.target"
  TARGET_CONTAINER_AUTH_DATA = "containerAuthData.target"
  TARGET_JDBC_DRIVER = "driver.target"
  TARGET_RECOVERY_AUTH_DATA = "recoveryAuthData.target"
  UNIQUE_JNDI_NAME = "jndiName.unique"
  DECLARING_APPLICATION = "declaringApplication"
  WPROPS_TO_SKIP = class java.util.HashSet@7a06fdf6
    serialVersionUID = -5024744406713321676
    map = class java.util.HashMap@66ec7742
      serialVersionUID = 362498820763181265
      DEFAULT_INITIAL_CAPACITY = 16
      MAXIMUM_CAPACITY = 1073741824
      DEFAULT_LOAD_FACTOR = 0.75
      TREEIFY_THRESHOLD = 8
      UNTREEIFY_THRESHOLD = 6
      MIN_TREEIFY_CAPACITY = 64
      table = class java.util.HashMap$Node[16]
      entrySet = null
      size = 9
      modCount = 9
      threshold = 12
      loadFactor = 0.75
      keySet = null
      values = null
    PRESENT = class java.lang.Object@184386be
    MAX_ARRAY_SIZE = 2147483639
  componentContext = class org.apache.felix.scr.impl.manager.ComponentContextImpl@11871a40
    m_componentManager = class org.apache.felix.scr.impl.manager.SingleComponentManager@76ff3dae
      m_useCount = class java.util.concurrent.atomic.AtomicInteger@2222d30e
      m_componentContext = class org.apache.felix.scr.impl.manager.ComponentContextImpl@11871a40
      m_configurationProperties = class java.util.HashMap@73d0f7d4
      m_factoryProperties = null
      m_properties = class java.util.HashMap@56ba480e
      m_serviceProperties = null
      REASONS = class java.lang.String[7]
      m_container = class org.apache.felix.scr.impl.ComponentRegistry$DefaultConfigurableComponentHolder@53555ffb
      m_factoryInstance = false
      m_componentId = 410
      m_componentMethods = class org.apache.felix.scr.impl.inject.ComponentMethodsImpl@57ab87a7
      m_dependencyManagers = class java.util.ArrayList@4fb8dfcf
      m_dependencyManagersInitialized = true
      m_trackingCount = class java.util.concurrent.atomic.AtomicInteger@133f67d3
      m_stateLock = class java.util.concurrent.locks.ReentrantLock@6aec48c8
      m_enabledLatchRef = class java.util.concurrent.atomic.AtomicReference@61f16c8d
      state = class java.util.concurrent.atomic.AtomicReference@683e91db
      m_floor = 5
      m_ceiling = 5
      m_missingLock = class java.util.concurrent.locks.ReentrantLock@d762f0
      m_missingCondition = class java.util.concurrent.locks.AbstractQueuedSynchronizer$ConditionObject@875d02a
      m_missing = class java.util.TreeSet@628a50ad
      m_activationLock = class java.util.concurrent.locks.ReentrantReadWriteLock@7ea6b56e
      failureReason = null
      taskCounter = class java.util.concurrent.atomic.AtomicLong@455d98a8
      registrationManager = class org.apache.felix.scr.impl.manager.AbstractComponentManager$3@638fe4a9
    edgeInfos = class org.apache.felix.scr.impl.manager.EdgeInfo[8]
      EdgeInfo[0] = class org.apache.felix.scr.impl.manager.EdgeInfo@5330df4d
      EdgeInfo[1] = class org.apache.felix.scr.impl.manager.EdgeInfo@18760d80
      EdgeInfo[2] = class org.apache.felix.scr.impl.manager.EdgeInfo@31475efe
      EdgeInfo[3] = class org.apache.felix.scr.impl.manager.EdgeInfo@2df15ed3
      EdgeInfo[4] = class org.apache.felix.scr.impl.manager.EdgeInfo@786e2697
      EdgeInfo[5] = class org.apache.felix.scr.impl.manager.EdgeInfo@505c3e17
      EdgeInfo[6] = class org.apache.felix.scr.impl.manager.EdgeInfo@5be72a4c
      EdgeInfo[7] = class org.apache.felix.scr.impl.manager.EdgeInfo@7c47e025
    m_componentInstance = class org.apache.felix.scr.impl.manager.ComponentContextImpl$ComponentInstanceImpl@59988451
      m_componentContext = class org.apache.felix.scr.impl.manager.ComponentContextImpl@11871a40
    m_usingBundle = class org.eclipse.osgi.internal.framework.EquinoxBundle@7be95a48
      equinoxContainer = class org.eclipse.osgi.internal.framework.EquinoxContainer@23a0e645
      module = class org.eclipse.osgi.internal.framework.EquinoxBundle$EquinoxModule@b8c8401
      monitor = class java.lang.Object@9c5b59c
      context = class org.eclipse.osgi.internal.framework.BundleContextImpl@36f01853
      signerInfos = null
      $SWITCH_TABLE$org$eclipse$osgi$container$Module$State = {1,2,3,4,5,6,7} /* array length = 7 */
    m_serviceRegistration = class org.eclipse.osgi.internal.serviceregistry.ServiceRegistrationImpl@719ed5a1
      registry = class org.eclipse.osgi.internal.serviceregistry.ServiceRegistry@3d00ef76
      context = class org.eclipse.osgi.internal.framework.BundleContextImpl@36f01853
      bundle = class org.eclipse.osgi.internal.framework.EquinoxBundle@7be95a48
      clazzes = class java.lang.String[4]
      service = class org.apache.felix.scr.impl.manager.SingleComponentManager@76ff3dae
      reference = class org.eclipse.osgi.internal.serviceregistry.ServiceReferenceImpl@2482e818
      contextsUsing = class java.util.ArrayList@46b194e4
      properties = class java.util.Collections$UnmodifiableMap@7cf0b81b
      serviceid = 583
      serviceranking = 0
      registrationLock = class java.lang.Object@28df61c1
      state = 0
      REGISTERED = 0
      UNREGISTERING = 1
      UNREGISTERED = 2
      FRAMEWORK_SET_SERVICE_PROPERTIES_COUNT = 4
      $assertionsDisabled = true
    m_implementationObject = class com.ibm.ws.jdbc.DataSourceService@74eaa770
    m_implementationAccessible = true
    accessibleLatch = class java.util.concurrent.CountDownLatch@39e54162
      sync = class java.util.concurrent.CountDownLatch$Sync@2fff8d12
    serviceObjectsHelper = class org.apache.felix.scr.impl.helper.ComponentServiceObjectsHelper@36f809bd
      bundleContext = class org.eclipse.osgi.internal.framework.BundleContextImpl@36f01853
      services = class java.util.concurrent.ConcurrentHashMap@51f22fdf
      closedServices = class java.util.ArrayList@283b659a
      prototypeInstances = class java.util.concurrent.ConcurrentHashMap@7b39d835
    boundValues = null
  connectorSvc = class com.ibm.ejs.j2c.ConnectorServiceImpl@5f5a3de8
    tc = class com.ibm.websphere.ras.TraceComponent@671ef2e2
      strings[0] = "TraceComponent[com.ibm.ejs.j2c.ConnectorServiceImpl,class com.ibm.ejs.j2c.ConnectorServiceImpl,[WAS.j2c],com.ibm.ws.jca.cm.internal.resources.J2CAMessages,null]"
    authDataServiceRef = class com.ibm.wsspi.kernel.service.utils.AtomicServiceReference@2a62e296
      referenceName = "authDataService"
      tuple = class java.util.concurrent.atomic.AtomicReference@143c9381
      serialVersionUID = 2226592364007985000
      $$$tc$$$ = class com.ibm.websphere.ras.TraceComponent@334306d4
    classLoaderIdentifierService = class com.ibm.ws.classloading.internal.ClassLoadingServiceImpl@2e10e712
      tc = class com.ibm.websphere.ras.TraceComponent@c8caec7
      leakDetectionMap = class java.util.HashMap@751e891
      TCCL_LOCK_WAIT = 15000
      REFERENCE_GENERATORS = "generators"
      bundleContext = class org.eclipse.osgi.internal.framework.BundleContextImpl@59707d08
      aclStore = class com.ibm.ws.classloading.internal.util.CanonicalStore@4131eea3
      tcclStore = class com.ibm.ws.classloading.internal.util.CanonicalStore@1d9a2ef8
      tcclStoreLock = class java.util.concurrent.locks.ReentrantLock@31b22547
      digraph = class org.eclipse.equinox.internal.region.StandardRegionDigraph@39af4680
      redefiner = class com.ibm.ws.classloading.internal.util.ClassRedefiner@7725e3e0
      listener = class com.ibm.ws.classloading.internal.ClassLoadingServiceImpl$1@3b04ee12
      classloaders = class java.util.Collections$SynchronizedMap@1bbc7c28
      resourceProviders = class com.ibm.ws.classloading.internal.CompositeResourceProvider@58e4b299
      rememberedBundles = class java.util.concurrent.ConcurrentHashMap@866086
      collectedBundles = class java.lang.ref.ReferenceQueue@1c6e6afa
      generatorRefs = class com.ibm.wsspi.kernel.service.utils.ConcurrentServiceReferenceSet@644b1863
      generatorManager = class com.ibm.ws.classloading.internal.ClassGeneratorManager@19460e09
      appExtLibs = class java.util.concurrent.CopyOnWriteArrayList@2af7cff7
      globalConfig = class com.ibm.ws.classloading.configuration.GlobalClassloadingConfiguration@452159e9
      metaInfServicesProviders = class java.util.concurrent.ConcurrentHashMap@7915d92e
      metaInfServicesRefs = class com.ibm.wsspi.kernel.service.utils.ConcurrentServiceReferenceMap@508ab643
      protectionDomainMap = class java.util.HashMap@441643d2
      metadataIdentifierService = class com.ibm.ws.container.service.metadata.internal.MetaDataServiceImpl@bb7b4a8
      globalSharedLibrary = class java.util.concurrent.atomic.AtomicReference@5c3cc059
      serialVersionUID = -2277344858934055980
    deferrableSchedXSvcRef = class com.ibm.wsspi.kernel.service.utils.AtomicServiceReference@10d1ac89
      referenceName = "deferrableScheduledExecutor"
      tuple = class java.util.concurrent.atomic.AtomicReference@44090f97
      serialVersionUID = 2226592364007985000
      $$$tc$$$ = class com.ibm.websphere.ras.TraceComponent@334306d4
    execSvcRef = class com.ibm.wsspi.kernel.service.utils.AtomicServiceReference@3173c338
      referenceName = "executor"
      tuple = class java.util.concurrent.atomic.AtomicReference@2aff7b8d
      serialVersionUID = 2226592364007985000
      $$$tc$$$ = class com.ibm.websphere.ras.TraceComponent@334306d4
    nonDeferrableSchedXSvcRef = class com.ibm.wsspi.kernel.service.utils.AtomicServiceReference@c38e1d2
      referenceName = "nonDeferrableScheduledExecutor"
      tuple = class java.util.concurrent.atomic.AtomicReference@52849c1f
      serialVersionUID = 2226592364007985000
      $$$tc$$$ = class com.ibm.websphere.ras.TraceComponent@334306d4
    rrsXAResFactorySvcRef = class com.ibm.wsspi.kernel.service.utils.AtomicServiceReference@25b9bf30
      referenceName = "rRSXAResourceFactory"
      tuple = class java.util.concurrent.atomic.AtomicReference@23df4bcb
      serialVersionUID = 2226592364007985000
      $$$tc$$$ = class com.ibm.websphere.ras.TraceComponent@334306d4
    transactionManager = class com.ibm.ws.transaction.services.TransactionManagerService@3891faea
      tc = class com.ibm.websphere.ras.TraceComponent@3f9ed361
      isClient = false
      xaFlowCallbacksInitialised = true
      _bundleContext = class org.eclipse.osgi.internal.framework.BundleContextImpl@292b9216
      serialVersionUID = 5173104868148806314
    variableRegistrySvcRef = class com.ibm.wsspi.kernel.service.utils.AtomicServiceReference@175494c3
      referenceName = "variableRegistry"
      tuple = class java.util.concurrent.atomic.AtomicReference@6df87a18
      serialVersionUID = 2226592364007985000
      $$$tc$$$ = class com.ibm.websphere.ras.TraceComponent@334306d4
    tc = class com.ibm.websphere.ras.TraceComponent@18013a57
      strings[0] = "TraceComponent[com.ibm.ws.jca.cm.ConnectorService,class com.ibm.ws.jca.cm.ConnectorService,[WAS.j2c],com.ibm.ws.jca.cm.internal.resources.J2CAMessages,null]"
    NLS = class com.ibm.ejs.ras.TraceNLS@3481b510
      resolver = class com.ibm.ws.logging.internal.TraceNLSResolver@4b9c4af0
      finder = null
      ivBundleName = "com.ibm.ws.jca.cm.internal.resources.J2CAMessages"
      caller = class java.lang.Class@5ca9c18a
  dsConfigRef = class java.util.concurrent.atomic.AtomicReference@25ca8bf2
    serialVersionUID = -1848883965231344442
    unsafe = class sun.misc.Unsafe@6170aeda
      theUnsafe = class sun.misc.Unsafe@6170aeda
      INVALID_FIELD_OFFSET = -1
      ARRAY_BOOLEAN_BASE_OFFSET = 16
      ARRAY_BYTE_BASE_OFFSET = 16
      ARRAY_SHORT_BASE_OFFSET = 16
      ARRAY_CHAR_BASE_OFFSET = 16
      ARRAY_INT_BASE_OFFSET = 16
      ARRAY_LONG_BASE_OFFSET = 16
      ARRAY_FLOAT_BASE_OFFSET = 16
      ARRAY_DOUBLE_BASE_OFFSET = 16
      ARRAY_OBJECT_BASE_OFFSET = 16
      ARRAY_BOOLEAN_INDEX_SCALE = 1
      ARRAY_BYTE_INDEX_SCALE = 1
      ARRAY_SHORT_INDEX_SCALE = 2
      ARRAY_CHAR_INDEX_SCALE = 2
      ARRAY_INT_INDEX_SCALE = 4
      ARRAY_LONG_INDEX_SCALE = 8
      ARRAY_FLOAT_INDEX_SCALE = 4
      ARRAY_DOUBLE_INDEX_SCALE = 8
      ARRAY_OBJECT_INDEX_SCALE = 4
      ADDRESS_SIZE = 8
    valueOffset = 12
    value = null
  vendorImplClassName = null
  destroyWasDeferred = false
  embDerbyRefCount = class java.util.concurrent.ConcurrentLinkedQueue@68ee2bf0
    serialVersionUID = 196745693267521676
    head = class java.util.concurrent.ConcurrentLinkedQueue$Node@56d96526
      item = null
      next = null
      UNSAFE = class sun.misc.Unsafe@6170aeda
      itemOffset = 12
      nextOffset = 16
    tail = class java.util.concurrent.ConcurrentLinkedQueue$Node@56d96526
    UNSAFE = class sun.misc.Unsafe@6170aeda
    headOffset = 12
    tailOffset = 16
    MAX_ARRAY_SIZE = 2147483639
  id = "dataSource[PBW XA DataSource]"
  isDerbyEmbedded = false
  isUCP = false
  sentUCPConnMgrPropsIgnoredInfoMessage = false
  sentUCPDataSourcePropsIgnoredInfoMessage = false
  jdbcDriverSvc = class com.ibm.ws.jdbc.internal.JDBCDriverService@411279b7
    tc = class com.ibm.websphere.ras.TraceComponent@194a368b
      strings[0] = "TraceComponent[com.ibm.ws.jdbc.internal.JDBCDriverService,class com.ibm.ws.jdbc.internal.JDBCDriverService,[RRA],com.ibm.ws.rsadapter.resources.IBMDataStoreAdapterNLS,null]"
    FACTORY_PID = "com.ibm.ws.jdbc.jdbcDriver"
    ID = "id"
    LIBRARY_REF = "libraryRef"
    JDBC_DRIVER = "jdbcDriver"
    TARGET_LIBRARY = "sharedLib.target"
    PROPS_FOR_XA_ONLY = class java.util.Arrays$ArrayList@5067d63
      serialVersionUID = -2764017481108945198
      a = class java.lang.String[1]
      modCount = 0
      MAX_ARRAY_SIZE = 2147483639
    PROPS_NOT_SET_ON_DRIVER = class java.util.Arrays$ArrayList@e4cacd8
      serialVersionUID = -2764017481108945198
      a = class java.lang.String[1]
      modCount = 0
      MAX_ARRAY_SIZE = 2147483639
    classloader = class com.ibm.ws.classloading.internal.AppClassLoader@5fa89b9b
      tc = class com.ibm.websphere.ras.TraceComponent@2ed4c09a
      PARENT_FIRST_SEARCH_ORDER = class java.util.Collections$UnmodifiableRandomAccessList@70051964
      CLASS_LOADING_TRACE_PREFIX = "com.ibm.ws.class.load."
      DEFAULT_PACKAGE = "default.package"
      perPackageClassLoadingTraceComponents = class java.util.concurrent.ConcurrentHashMap@7d6c2c70
      config = class com.ibm.ws.classloading.internal.ClassLoaderConfigurationImpl@523cb094
      privateLibraries = null
      delegateLoaders = class com.ibm.ws.classloading.internal.util.CompositeIterable@6c11d578
      nativeLibraryFiles = class java.util.ArrayList@34873fa7
      transformers = class java.util.ArrayList@28148aeb
      apiAccess = class com.ibm.ws.classloading.internal.GatewayClassLoader@779cacb8
      generator = class com.ibm.ws.classloading.internal.ClassGeneratorManager@19460e09
      protectionDomains = class java.util.concurrent.ConcurrentHashMap@1f9b276d
      parent = class com.ibm.ws.classloading.internal.GatewayClassLoader@779cacb8
      hook = null
      serialVersionUID = 7911131531697267209
      tc = class com.ibm.websphere.ras.TraceComponent@5d9cecc6
      smartClassPath = class com.ibm.ws.classloading.internal.ContainerClassLoader$SmartClassPathImpl@7d438bf3
      nativeLibraryContainers = class java.util.ArrayList@70b4f9fb
      redefiner = class com.ibm.ws.classloading.internal.util.ClassRedefiner@7725e3e0
      jarProtocol = "wsjar:"
      mapCreationQueue = class java.util.concurrent.Executors$FinalizableDelegatedExecutorService@7c7b76d4
      serialVersionUID = 4390450102868895350
      serialVersionUID = -7411549862368381758
      $$$tc$$$ = class com.ibm.websphere.ras.TraceComponent@29320e16
      serialVersionUID = -4868702105808481416
      $$$tc$$$ = class com.ibm.websphere.ras.TraceComponent@11ea372
      serialVersionUID = 2596921220292114344
      $$$tc$$$ = class com.ibm.websphere.ras.TraceComponent@2f98f802
      initialized = true
      pdcache = class java.util.HashMap@2b26c5e7
      debug = null
      parent = class com.ibm.ws.classloading.internal.GatewayClassLoader@779cacb8
      parallelLockMap = null
      package2certs = class java.util.Hashtable@7dde30a4
      nocerts = class java.security.cert.Certificate[0]
      classes = class java.util.Vector@2217779b
      defaultDomain = class java.security.ProtectionDomain@48cafb1a
      domains = class java.util.HashSet@55de0619
      packages = class java.util.HashMap@59094716
      scl = class sun.misc.Launcher$AppClassLoader@18b4aac2
      sclSet = true
      loadedLibraryNames = class java.util.Vector@20e01079
      systemNativeLibraries = class java.util.Vector@23786552
      nativeLibraries = class java.util.Vector@40bb5803
      nativeLibraryContext = class java.util.Stack@69a1f570
      usr_paths = class java.lang.String[7]
      sys_paths = class java.lang.String[1]
      assertionLock = class com.ibm.ws.classloading.internal.AppClassLoader@5fa89b9b
      defaultAssertionStatus = false
      packageAssertionStatus = null
      classAssertionStatus = null
    connectorSvc = class com.ibm.ejs.j2c.ConnectorServiceImpl@5f5a3de8
    embDerbyRefCount = class java.util.concurrent.ConcurrentLinkedQueue@7ca38af9
      serialVersionUID = 196745693267521676
      head = class java.util.concurrent.ConcurrentLinkedQueue$Node@26def810
      tail = class java.util.concurrent.ConcurrentLinkedQueue$Node@26def810
      UNSAFE = class sun.misc.Unsafe@6170aeda
      headOffset = 12
      tailOffset = 16
      MAX_ARRAY_SIZE = 2147483639
    introspectedClasses = class java.util.HashSet@4af80d6b
      serialVersionUID = -5024744406713321676
      map = class java.util.HashMap@52b57f98
      PRESENT = class java.lang.Object@184386be
      MAX_ARRAY_SIZE = 2147483639
    isDerbyEmbedded = class java.util.concurrent.atomic.AtomicBoolean@21395280
      serialVersionUID = 4654671469794556979
      unsafe = class sun.misc.Unsafe@6170aeda
      valueOffset = 12
      value = 1
    isInitialized = true
    lock = class java.util.concurrent.locks.ReentrantReadWriteLock@3a56617f
      serialVersionUID = -6992448646407690164
      readerLock = class java.util.concurrent.locks.ReentrantReadWriteLock$ReadLock@e051cd3
      writerLock = class java.util.concurrent.locks.ReentrantReadWriteLock$WriteLock@66c6886c
      sync = class java.util.concurrent.locks.ReentrantReadWriteLock$NonfairSync@905b439
      UNSAFE = class sun.misc.Unsafe@6170aeda
      TID_OFFSET = 40
    name = "jdbcDriver[Derby_JDBC_Provider_(XA)]"
    properties = class org.apache.felix.scr.impl.helper.ReadOnlyDictionary@5ac2d08e
      m_delegate = class java.util.Hashtable@69b98ede
      m_serviceReference = null
    sharedLib = class com.ibm.ws.library.internal.SharedLibraryImpl@505b1de8
      tc = class com.ibm.websphere.ras.TraceComponent@4d79fd75
      EMPTY_LIBRARY_LISTENERS = interface com.ibm.wsspi.library.LibraryChangeListener[0]
      deleted = false
      libraryListenersTracker = class org.osgi.util.tracker.ServiceTracker@7afd4204
      libraryReg = class org.eclipse.osgi.internal.serviceregistry.ServiceRegistrationImpl@285abb7b
      ctx = class org.eclipse.osgi.internal.framework.BundleContextImpl@59707d08
      classLoadingService = class com.ibm.ws.classloading.internal.ClassLoadingServiceImpl@2e10e712
      configAdmin = class com.ibm.ws.config.admin.internal.ConfigurationAdminImpl@695f8bba
      resolvedBasePath = "/home/ibmdemo/Student/icp4a-labs/shared/wlp/usr/servers/myMember/"
      generationLock = class com.ibm.ws.library.internal.SharedLibraryImpl$1@733eadd2
      currentGeneration = class com.ibm.ws.library.internal.LibraryGeneration@1f2d9dc1
      nextGeneration = class com.ibm.ws.library.internal.LibraryGeneration@1f2d9dc1
      artifactContainerFactory = class com.ibm.ws.library.internal.SharedLibraryFactory$1@f500142
      packageExporter = class com.ibm.ws.library.internal.LibraryPackageExporter@1a475949
      serialVersionUID = 6288237618632180389
    changed = false
    obs = class java.util.Vector@32c93bb4
      elementData = class java.lang.Object[10]
      elementCount = 1
      capacityIncrement = 0
      serialVersionUID = -2767605614048989439
      MAX_ARRAY_SIZE = 2147483639
      modCount = 1
      MAX_ARRAY_SIZE = 2147483639
  jdbcRuntime = class com.ibm.ws.jdbc.osgi.v41.JDBC41Runtime@4fa9b900
  mcf = null
  mcfPerClassLoader = null
  properties = class org.apache.felix.scr.impl.helper.ReadOnlyDictionary@3e4d3e1c
    m_delegate = class java.util.Hashtable@2fb1c645
      table = class java.util.Hashtable$Entry[47]
      count = 34
      threshold = 35
      loadFactor = 0.75
      modCount = 36
      serialVersionUID = 1421746759512286392
      MAX_ARRAY_SIZE = 2147483639
      keySet = null
      entrySet = class java.util.Collections$SynchronizedSet@a007dcc
      values = null
      KEYS = 0
      VALUES = 1
      ENTRIES = 2
    m_serviceReference = null
  tc = class com.ibm.websphere.ras.TraceComponent@3b09c569
    strings[0] = "TraceComponent[com.ibm.ws.jca.cm.AbstractConnectionFactoryService,class com.ibm.ws.jca.cm.AbstractConnectionFactoryService,[WAS.j2c],com.ibm.ws.jca.cm.internal.resources.J2CAMessages,null]"
  ID = "id"
  DEFAULT_NESTED_PATTERN = class java.util.regex.Pattern@75682914
    UNIX_LINES = 1
    CASE_INSENSITIVE = 2
    COMMENTS = 4
    MULTILINE = 8
    LITERAL = 16
    DOTALL = 32
    UNICODE_CASE = 64
    CANON_EQ = 128
    UNICODE_CHARACTER_CLASS = 256
    serialVersionUID = 5073258162644648461
    pattern = ".*(\[default-\d*\])$"
    flags = 0
    compiled = true
    normalizedPattern = ".*(\[default-\d*\])$"
    root = class java.util.regex.Pattern$Start@25bd8600
      minLength = 10
      next = class java.util.regex.Pattern$Curly@57c176b8
    matchRoot = class java.util.regex.Pattern$Curly@57c176b8
      atom = class java.util.regex.Pattern$Dot@4960b978
      type = 0
      cmin = 0
      cmax = 2147483647
      next = class java.util.regex.Pattern$GroupHead@39b09b4e
    buffer = null
    namedGroups = null
    groupNodes = null
    temp = null
    capturingGroupCount = 2
    localCount = 1
    cursor = 20
    patternLength = 0
    hasSupplementary = false
    MAX_REPS = 2147483647
    GREEDY = 0
    LAZY = 1
    POSSESSIVE = 2
    INDEPENDENT = 3
    lookbehindEnd = class java.util.regex.Pattern$4@54f5549d
    accept = class java.util.regex.Pattern$Node@18a726b8
    lastAccept = class java.util.regex.Pattern$LastNode@746c5774
    $assertionsDisabled = true
  DEFAULT_PATTERN = class java.util.regex.Pattern@770bff00
    UNIX_LINES = 1
    CASE_INSENSITIVE = 2
    COMMENTS = 4
    MULTILINE = 8
    LITERAL = 16
    DOTALL = 32
    UNICODE_CASE = 64
    CANON_EQ = 128
    UNICODE_CHARACTER_CLASS = 256
    serialVersionUID = 5073258162644648461
    pattern = "(default-\d*)$"
    flags = 0
    compiled = true
    normalizedPattern = "(default-\d*)$"
    root = class java.util.regex.Pattern$Start@314bad9d
      minLength = 8
      next = class java.util.regex.Pattern$GroupHead@22360487
    matchRoot = class java.util.regex.Pattern$GroupHead@22360487
      localIndex = 0
      next = class java.util.regex.Pattern$Slice@59da87cb
    buffer = null
    namedGroups = null
    groupNodes = null
    temp = null
    capturingGroupCount = 2
    localCount = 1
    cursor = 14
    patternLength = 0
    hasSupplementary = false
    MAX_REPS = 2147483647
    GREEDY = 0
    LAZY = 1
    POSSESSIVE = 2
    INDEPENDENT = 3
    lookbehindEnd = class java.util.regex.Pattern$4@54f5549d
      next = null
    accept = class java.util.regex.Pattern$Node@18a726b8
      next = null
    lastAccept = class java.util.regex.Pattern$LastNode@746c5774
      next = class java.util.regex.Pattern$Node@18a726b8
    $assertionsDisabled = true
  THREAD_IDENTITY_NOT_ALLOWED = 0
  THREAD_IDENTITY_ALLOWED = 1
  THREAD_IDENTITY_REQUIRED = 2
  appsToRecycle = class java.util.Collections$SetFromMap@20e19223
    m = class java.util.concurrent.ConcurrentHashMap@56fbd6e
      serialVersionUID = 7249069246763182397
      MAXIMUM_CAPACITY = 1073741824
      DEFAULT_CAPACITY = 16
      MAX_ARRAY_SIZE = 2147483639
      DEFAULT_CONCURRENCY_LEVEL = 16
      LOAD_FACTOR = 0.75
      TREEIFY_THRESHOLD = 8
      UNTREEIFY_THRESHOLD = 6
      MIN_TREEIFY_CAPACITY = 64
      MIN_TRANSFER_STRIDE = 16
      RESIZE_STAMP_BITS = 16
      MAX_RESIZERS = 65535
      RESIZE_STAMP_SHIFT = 16
      MOVED = -1
      TREEBIN = -2
      RESERVED = -3
      HASH_BITS = 2147483647
      NCPU = 12
      serialPersistentFields = class java.io.ObjectStreamField[3]
      table = null
      nextTable = null
      baseCount = 0
      sizeCtl = 0
      transferIndex = 0
      cellsBusy = 0
      counterCells = null
      keySet = class java.util.concurrent.ConcurrentHashMap$KeySetView@fe24296
      values = null
      entrySet = null
      U = class sun.misc.Unsafe@6170aeda
      SIZECTL = 20
      TRANSFERINDEX = 32
      BASECOUNT = 24
      CELLSBUSY = 36
      CELLVALUE = 144
      ABASE = 16
      ASHIFT = 2
      keySet = null
      values = null
    s = class java.util.concurrent.ConcurrentHashMap$KeySetView@fe24296
      serialVersionUID = 7249069246763182397
      value = null
      serialVersionUID = 7249069246763182397
      map = class java.util.concurrent.ConcurrentHashMap@56fbd6e
      oomeMsg = "Required array size too large"
    serialVersionUID = 2454657854757543876
    MAX_ARRAY_SIZE = 2147483639
  conMgrSvc = class com.ibm.ejs.j2c.ConnectionManagerServiceImpl@2e16bce2
    tc = class com.ibm.websphere.ras.TraceComponent@3261f4dc
      strings[0] = "TraceComponent[com.ibm.ejs.j2c.ConnectionManagerServiceImpl,class com.ibm.ejs.j2c.ConnectionManagerServiceImpl,[WAS.j2c],com.ibm.ws.jca.cm.internal.resources.J2CAMessages,null]"
    priv = class com.ibm.ws.kernel.service.util.SecureAction@4e7284b8
      controlContext = class java.security.AccessControlContext@3048a1ad
      bootClassLoader = class com.ibm.ws.kernel.service.util.SecureAction$1$1@2185589b
      getContextClassLoaderAction = class com.ibm.ws.kernel.service.util.SecureAction$27@1fe9db99
      getSystemClassLoaderAction = class com.ibm.ws.kernel.service.util.SecureAction$28@4bfd1aa5
    cfKeyToCM = class java.util.concurrent.ConcurrentHashMap@1bd649bc
      serialVersionUID = 7249069246763182397
      MAXIMUM_CAPACITY = 1073741824
      DEFAULT_CAPACITY = 16
      MAX_ARRAY_SIZE = 2147483639
      DEFAULT_CONCURRENCY_LEVEL = 16
      LOAD_FACTOR = 0.75
      TREEIFY_THRESHOLD = 8
      UNTREEIFY_THRESHOLD = 6
      MIN_TREEIFY_CAPACITY = 64
      MIN_TRANSFER_STRIDE = 16
      RESIZE_STAMP_BITS = 16
      MAX_RESIZERS = 65535
      RESIZE_STAMP_SHIFT = 16
      MOVED = -1
      TREEBIN = -2
      RESERVED = -3
      HASH_BITS = 2147483647
      NCPU = 12
      serialPersistentFields = class java.io.ObjectStreamField[3]
      table = null
      nextTable = null
      baseCount = 0
      sizeCtl = 0
      transferIndex = 0
      cellsBusy = 0
      counterCells = null
      keySet = null
      values = null
      entrySet = null
      U = class sun.misc.Unsafe@6170aeda
      SIZECTL = 20
      TRANSFERINDEX = 32
      BASECOUNT = 24
      CELLSBUSY = 36
      CELLVALUE = 144
      ABASE = 16
      ASHIFT = 2
      keySet = null
      values = null
    connectorSvc = class com.ibm.ejs.j2c.ConnectorServiceImpl@5f5a3de8
    lock = class java.util.concurrent.locks.ReentrantReadWriteLock@343ec7e
      serialVersionUID = -6992448646407690164
      readerLock = class java.util.concurrent.locks.ReentrantReadWriteLock$ReadLock@1c1137ee
      writerLock = class java.util.concurrent.locks.ReentrantReadWriteLock$WriteLock@6f216238
      sync = class java.util.concurrent.locks.ReentrantReadWriteLock$NonfairSync@60f4348f
      UNSAFE = class sun.misc.Unsafe@6170aeda
      TID_OFFSET = 40
    name = "dataSource[PBW XA DataSource]/connectionManager[default-0]"
    pm = null
    pmMBean = null
    properties = class org.apache.felix.scr.impl.helper.ReadOnlyDictionary@3cef9b99
      m_delegate = class java.util.Hashtable@6c8b0cf6
      m_serviceReference = null
    bndCtx = class org.eclipse.osgi.internal.framework.BundleContextImpl@4ee65a6f
      findHookName = "org.osgi.framework.hooks.bundle.FindHook"
      valid = true
      bundle = class org.eclipse.osgi.internal.framework.EquinoxBundle@5b8184ff
      container = class org.eclipse.osgi.internal.framework.EquinoxContainer@23a0e645
      debug = class org.eclipse.osgi.internal.debug.Debug@61ccaa76
      servicesInUse = class java.util.HashMap@38143497
      activator = null
      contextLock = class java.lang.Object@6b318791
    raClassLoader = null
    disableLibertyConnectionPool = false
    CONNECTION_MANAGER = "connectionManager"
    FACTORY_PID = "com.ibm.ws.jca.connectionManager"
    ID = "id"
    MAX_CONNECTIONS_PER_THREAD = "maxConnectionsPerThread"
    MAX_IDLE_TIME = "maxIdleTime"
    MAX_POOL_SIZE = "maxPoolSize"
    MIN_POOL_SIZE = "minPoolSize"
    NUM_CONNECTIONS_PER_THREAD_LOCAL = "numConnectionsPerThreadLocal"
    CONNECTION_MANAGER_PROPS = class java.util.Collections$UnmodifiableRandomAccessList@4f50a121
      serialVersionUID = -2542308836966382001
      serialVersionUID = -283967356065247728
      list = class java.util.Arrays$ArrayList@109f4187
      serialVersionUID = 1820017752578914078
      c = class java.util.Arrays$ArrayList@109f4187
    CONNECTION_MANAGER_DSD_PROPS = class java.util.Collections$UnmodifiableRandomAccessList@53ec94a9
      serialVersionUID = -2542308836966382001
      serialVersionUID = -283967356065247728
      list = class java.util.Arrays$ArrayList@2727b158
      serialVersionUID = 1820017752578914078
      c = class java.util.Arrays$ArrayList@2727b158
    changed = false
    obs = class java.util.Vector@139fee1e
      elementData = class java.lang.Object[10]
      elementCount = 1
      capacityIncrement = 0
      serialVersionUID = -2767605614048989439
      MAX_ARRAY_SIZE = 2147483639
      modCount = 1
      MAX_ARRAY_SIZE = 2147483639
  containerAuthDataRef = null
  jaasLoginContextEntryName = null
  isInitialized = class java.util.concurrent.atomic.AtomicBoolean@1a0200bd
    serialVersionUID = 4654671469794556979
    unsafe = class sun.misc.Unsafe@6170aeda
    valueOffset = 12
    value = 0
  isServerDefined = true
  lock = class java.util.concurrent.locks.ReentrantReadWriteLock@32d91f02
    serialVersionUID = -6992448646407690164
    readerLock = class java.util.concurrent.locks.ReentrantReadWriteLock$ReadLock@1c1dd275
      serialVersionUID = -5992448646407690164
      sync = class java.util.concurrent.locks.ReentrantReadWriteLock$NonfairSync@147c5641
    writerLock = class java.util.concurrent.locks.ReentrantReadWriteLock$WriteLock@709e20f6
      serialVersionUID = -4992448646407690164
      sync = class java.util.concurrent.locks.ReentrantReadWriteLock$NonfairSync@147c5641
    sync = class java.util.concurrent.locks.ReentrantReadWriteLock$NonfairSync@147c5641
      serialVersionUID = -8159625535654395037
      serialVersionUID = 6317671515068378041
      SHARED_SHIFT = 16
      SHARED_UNIT = 65536
      MAX_COUNT = 65535
      EXCLUSIVE_MASK = 65535
      readHolds = class java.util.concurrent.locks.ReentrantReadWriteLock$Sync$ThreadLocalHoldCounter@31b6cd5d
      cachedHoldCounter = null
      firstReader = null
      firstReaderHoldCount = 1
      serialVersionUID = 7373984972572414691
      head = null
      tail = null
      state = 1
      spinForTimeoutThreshold = 1000
      unsafe = class sun.misc.Unsafe@6170aeda
      stateOffset = 16
      headOffset = 20
      tailOffset = 24
      waitStatusOffset = 12
      nextOffset = 20
      serialVersionUID = 3737899427754241961
      exclusiveOwnerThread = class java.lang.Thread@7027d7a8
    UNSAFE = class sun.misc.Unsafe@6170aeda
    TID_OFFSET = 40
  recoveryAuthDataRef = null

