------Start of DE processing------ = [11/7/19 11:07:05:528 PST]
Exception = java.sql.SQLNonTransientException
Source = com.ibm.ws.resource.internal.ResourceFactoryTrackerData$1
probeid = 121
Stack Dump = java.sql.SQLNonTransientException: DSRA4000E: No implementations of org.apache.derby.jdbc.EmbeddedConnectionPoolDataSource40 are found for dataSource[PBW non-JTA DataSource] with library com.ibm.ws.classloading.sharedlibrary_62. The name or location of JDBC driver JAR files might be incorrect or inaccessible. Searched in: []. Searched under packages: [org.apache.derby.jdbc].
	at com.ibm.ws.jdbc.internal.JDBCDriverService.classNotFound(JDBCDriverService.java:220)
	at com.ibm.ws.jdbc.internal.JDBCDriverService.create(JDBCDriverService.java:337)
	at com.ibm.ws.jdbc.internal.JDBCDriverService.createAnyPreferLegacyOrder(JDBCDriverService.java:394)
	at com.ibm.ws.jdbc.DataSourceService.init(DataSourceService.java:611)
	at com.ibm.ws.jca.cm.AbstractConnectionFactoryService$2.run(AbstractConnectionFactoryService.java:477)
	at com.ibm.ws.jca.cm.AbstractConnectionFactoryService$2.run(AbstractConnectionFactoryService.java:474)
	at java.security.AccessController.doPrivileged(Native Method)
	at com.ibm.ws.jca.cm.AbstractConnectionFactoryService.initPrivileged(AbstractConnectionFactoryService.java:474)
	at com.ibm.ws.jca.cm.AbstractConnectionFactoryService.createResource(AbstractConnectionFactoryService.java:144)
	at com.ibm.ws.resource.internal.ResourceFactoryTrackerData$1.getService(ResourceFactoryTrackerData.java:120)
	at org.eclipse.osgi.internal.serviceregistry.ServiceFactoryUse$1.run(ServiceFactoryUse.java:215)
	at java.security.AccessController.doPrivileged(Native Method)
	at org.eclipse.osgi.internal.serviceregistry.ServiceFactoryUse.factoryGetService(ServiceFactoryUse.java:213)
	at org.eclipse.osgi.internal.serviceregistry.ServiceFactoryUse.getService(ServiceFactoryUse.java:114)
	at org.eclipse.osgi.internal.serviceregistry.ServiceConsumer$2.getService(ServiceConsumer.java:48)
	at org.eclipse.osgi.internal.serviceregistry.ServiceRegistrationImpl.getService(ServiceRegistrationImpl.java:527)
	at org.eclipse.osgi.internal.serviceregistry.ServiceRegistry.getService(ServiceRegistry.java:464)
	at org.eclipse.osgi.internal.framework.BundleContextImpl.getService(BundleContextImpl.java:661)
	at com.ibm.ws.jndi.internal.WSContext$4.run(WSContext.java:518)
	at java.security.AccessController.doPrivileged(Native Method)
	at com.ibm.ws.jndi.internal.WSContext.getReference(WSContext.java:514)
	at com.ibm.ws.jndi.internal.WSContext.resolveObject(WSContext.java:137)
	at com.ibm.ws.jndi.internal.WSContext.lookup(WSContext.java:303)
	at com.ibm.ws.jndi.WSContextBase.lookup(WSContextBase.java:61)
	at org.apache.aries.jndi.DelegateContext.lookup(DelegateContext.java:161)
	at javax.naming.InitialContext.lookup(InitialContext.java:417)
	at com.ibm.ws.jpa.container.osgi.internal.OSGiJPAPUnitInfo.lookupDataSource(OSGiJPAPUnitInfo.java:317)
	at com.ibm.ws.jpa.management.JPAPUnitInfo.getJPADataSource(JPAPUnitInfo.java:333)
	at com.ibm.ws.jpa.management.JPAPUnitInfo.getNonJtaDataSource(JPAPUnitInfo.java:393)
	at org.apache.openjpa.persistence.PersistenceUnitInfoImpl.toOpenJPAProperties(PersistenceUnitInfoImpl.java:409)
	at org.apache.openjpa.persistence.PersistenceProductDerivation.load(PersistenceProductDerivation.java:317)
	at org.apache.openjpa.persistence.PersistenceProviderImpl.createContainerEntityManagerFactory(PersistenceProviderImpl.java:161)
	at org.apache.openjpa.persistence.PersistenceProviderImpl.createContainerEntityManagerFactory(PersistenceProviderImpl.java:62)
	at com.ibm.ws.jpa.management.JPAPUnitInfo.createEMFactory(JPAPUnitInfo.java:911)
	at com.ibm.ws.jpa.management.JPAPUnitInfo.initialize(JPAPUnitInfo.java:762)
	at com.ibm.ws.jpa.management.JPAPxmlInfo.extractPersistenceUnits(JPAPxmlInfo.java:183)
	at com.ibm.ws.jpa.management.JPAScopeInfo.processPersistenceUnit(JPAScopeInfo.java:89)
	at com.ibm.ws.jpa.management.JPAApplInfo.addPersistenceUnits(JPAApplInfo.java:120)
	at com.ibm.ws.jpa.container.osgi.internal.JPAComponentImpl.processWebModulePersistenceXml(JPAComponentImpl.java:511)
	at com.ibm.ws.jpa.container.osgi.internal.JPAComponentImpl.applicationStarting(JPAComponentImpl.java:300)
	at com.ibm.ws.container.service.state.internal.ApplicationStateManager.fireStarting(ApplicationStateManager.java:51)
	at com.ibm.ws.container.service.state.internal.StateChangeServiceImpl.fireApplicationStarting(StateChangeServiceImpl.java:50)
	at com.ibm.ws.app.manager.module.internal.SimpleDeployedAppInfoBase.preDeployApp(SimpleDeployedAppInfoBase.java:550)
	at com.ibm.ws.app.manager.module.internal.SimpleDeployedAppInfoBase.installApp(SimpleDeployedAppInfoBase.java:511)
	at com.ibm.ws.app.manager.module.internal.DeployedAppInfoBase.deployApp(DeployedAppInfoBase.java:347)
	at com.ibm.ws.app.manager.ear.internal.EARApplicationHandlerImpl.install(EARApplicationHandlerImpl.java:76)
	at com.ibm.ws.app.manager.internal.statemachine.StartAction.execute(StartAction.java:140)
	at com.ibm.ws.app.manager.internal.statemachine.ApplicationStateMachineImpl.enterState(ApplicationStateMachineImpl.java:1261)
	at com.ibm.ws.app.manager.internal.statemachine.ApplicationStateMachineImpl.run(ApplicationStateMachineImpl.java:876)
	at com.ibm.ws.threading.internal.ExecutorServiceImpl$RunnableWrapper.run(ExecutorServiceImpl.java:239)
	at java.util.concurrent.ThreadPoolExecutor.runWorker(ThreadPoolExecutor.java:1149)
	at java.util.concurrent.ThreadPoolExecutor$Worker.run(ThreadPoolExecutor.java:624)
	at java.lang.Thread.run(Thread.java:748)
Caused by: java.lang.ClassNotFoundException: org.apache.derby.jdbc.EmbeddedConnectionPoolDataSource40
	at com.ibm.ws.classloading.internal.AppClassLoader.findClassCommonLibraryClassLoaders(AppClassLoader.java:544)
	at com.ibm.ws.classloading.internal.AppClassLoader.findClass(AppClassLoader.java:286)
	at java.lang.ClassLoader.loadClass(ClassLoader.java:424)
	at com.ibm.ws.classloading.internal.AppClassLoader.findOrDelegateLoadClass(AppClassLoader.java:522)
	at com.ibm.ws.classloading.internal.AppClassLoader.loadClass(AppClassLoader.java:482)
	at java.lang.ClassLoader.loadClass(ClassLoader.java:357)
	at com.ibm.ws.jdbc.internal.JDBCDriverService$1.run(JDBCDriverService.java:268)
	at com.ibm.ws.jdbc.internal.JDBCDriverService$1.run(JDBCDriverService.java:258)
	at java.security.AccessController.doPrivileged(Native Method)
	at com.ibm.ws.jdbc.internal.JDBCDriverService.create(JDBCDriverService.java:258)
	... 51 more

Dump of callerThis
Object type = com.ibm.ws.resource.internal.ResourceFactoryTrackerData$1
  val$ref = class org.eclipse.osgi.internal.serviceregistry.ServiceReferenceImpl@16c50762
    registration = class org.eclipse.osgi.internal.serviceregistry.ServiceRegistrationImpl@c3b6cd8
      registry = class org.eclipse.osgi.internal.serviceregistry.ServiceRegistry@3d00ef76
      context = class org.eclipse.osgi.internal.framework.BundleContextImpl@36f01853
      bundle = class org.eclipse.osgi.internal.framework.EquinoxBundle@7be95a48
      clazzes = class java.lang.String[4]
      service = class org.apache.felix.scr.impl.manager.SingleComponentManager@3c6403ea
      reference = class org.eclipse.osgi.internal.serviceregistry.ServiceReferenceImpl@16c50762
      contextsUsing = class java.util.ArrayList@276cd801
      properties = class java.util.Collections$UnmodifiableMap@68674a63
      serviceid = 585
      serviceranking = 0
      registrationLock = class java.lang.Object@52a75b8b
      state = 0
      REGISTERED = 0
      UNREGISTERING = 1
      UNREGISTERED = 2
      FRAMEWORK_SET_SERVICE_PROPERTIES_COUNT = 4
      $assertionsDisabled = true
  this$0 = class com.ibm.ws.resource.internal.ResourceFactoryTrackerData@4ae13045
    JNDI_SERVICENAME = "osgi.jndi.service.name"
    context = class org.eclipse.osgi.internal.framework.BundleContextImpl@36f01853
      findHookName = "org.osgi.framework.hooks.bundle.FindHook"
      valid = true
      bundle = class org.eclipse.osgi.internal.framework.EquinoxBundle@7be95a48
      container = class org.eclipse.osgi.internal.framework.EquinoxContainer@23a0e645
      debug = class org.eclipse.osgi.internal.debug.Debug@61ccaa76
      servicesInUse = class java.util.HashMap@2a261065
      activator = null
      contextLock = class java.lang.Object@3ccbcca9
    registration = class org.eclipse.osgi.internal.serviceregistry.ServiceRegistrationImpl@79ecc2bb
      registry = class org.eclipse.osgi.internal.serviceregistry.ServiceRegistry@3d00ef76
      context = class org.eclipse.osgi.internal.framework.BundleContextImpl@36f01853
      bundle = class org.eclipse.osgi.internal.framework.EquinoxBundle@7be95a48
      clazzes = class java.lang.String[1]
      service = class com.ibm.ws.resource.internal.ResourceFactoryTrackerData$1@4cb3c0de
      reference = class org.eclipse.osgi.internal.serviceregistry.ServiceReferenceImpl@215805e3
      contextsUsing = class java.util.ArrayList@62787a95
      properties = class java.util.Collections$UnmodifiableMap@29d322b5
      serviceid = 586
      serviceranking = 0
      registrationLock = class java.lang.Object@2690a5ab
      state = 0
      REGISTERED = 0
      UNREGISTERING = 1
      UNREGISTERED = 2
      FRAMEWORK_SET_SERVICE_PROPERTIES_COUNT = 4
      $assertionsDisabled = true
    interfaces = class java.lang.String[1]
      String[0] = "javax.sql.DataSource"
    serialVersionUID = 7071819092476537634
    $$$tc$$$ = class com.ibm.websphere.ras.TraceComponent@24c2c9f0
      strings[0] = "TraceComponent[com.ibm.ws.resource.internal.ResourceFactoryTrackerData,class com.ibm.ws.resource.internal.ResourceFactoryTrackerData,[resource],com.ibm.ws.resource.internal.resources.Runtime,null]"
  serialVersionUID = -5395261454852493419
  $$$tc$$$ = class com.ibm.websphere.ras.TraceComponent@12e449d9
    strings[0] = "TraceComponent[com.ibm.ws.resource.internal.ResourceFactoryTrackerData$1,class com.ibm.ws.resource.internal.ResourceFactoryTrackerData$1,[resource],com.ibm.ws.resource.internal.resources.Runtime,null]"

Dump of objectArray[0]
Object type = org.eclipse.osgi.internal.framework.EquinoxBundle
  equinoxContainer = class org.eclipse.osgi.internal.framework.EquinoxContainer@23a0e645
    NAME = "org.eclipse.osgi"
    secureAction = class org.eclipse.osgi.framework.util.SecureAction@35108259
      controlContext = class java.security.AccessControlContext@557fc7e1
      bootClassLoader = class org.eclipse.osgi.framework.util.SecureAction$1$1@2e75205f
    equinoxConfig = class org.eclipse.osgi.internal.framework.EquinoxConfiguration@1481c0b8
      CONFIG_FILE = "config.ini"
      INTERNAL_OS_SUNOS = "SunOS"
      INTERNAL_OS_LINUX = "Linux"
      INTERNAL_OS_MACOSX = "Mac OS"
      INTERNAL_OS_AIX = "AIX"
      INTERNAL_OS_HPUX = "HP-UX"
      INTERNAL_OS_QNX = "QNX"
      INTERNAL_OS_OS400 = "OS/400"
      INTERNAL_OS_OS390 = "OS/390"
      INTERNAL_OS_ZOS = "z/OS"
      INTERNAL_ARCH_I386 = "i386"
      INTERNAL_AMD64 = "amd64"
      VARIABLE_DELIM_STRING = "$"
      VARIABLE_DELIM_CHAR = $
      configValues = class org.eclipse.osgi.internal.framework.EquinoxConfiguration$ConfigValues@3fedab8e
      debug = class org.eclipse.osgi.internal.debug.Debug@61ccaa76
      debugOptions = class org.eclipse.osgi.internal.debug.FrameworkDebugOptions@2bb6dc63
      hookRegistry = class org.eclipse.osgi.internal.hookregistry.HookRegistry@4d42e01b
      aliasMapper = class org.eclipse.osgi.internal.framework.AliasMapper@5a57768d
      equinoxLocations = class org.eclipse.osgi.internal.location.EquinoxLocations@8b40792
      allArgs = null
      frameworkArgs = null
      appArgs = null
      inDevelopmentMode = false
      devLocation = null
      devMonitor = class java.lang.Object@15fc8723
      devDefaultClasspath = null
      devProperties = null
      devLastModified = 0
      contextBootDelegation = false
      compatibilityBootDelegation = false
      compatibilityLazyTriggerOnFailLoad = false
      LIB_EXTENSIONS = class java.util.Collections$UnmodifiableRandomAccessList@4f64efbf
      ECLIPSE_LIB_VARIANTS = class java.util.Collections$UnmodifiableRandomAccessList@2ee61bc0
      COPY_NATIVES = false
      ECLIPSE_NL_JAR_VARIANTS = class java.util.ArrayList@6460119
      DEFINE_PACKAGE_ATTRIBUTES = true
      BUNDLE_SET_TCCL = true
      BSN_VERSION = 3
      BSN_VERSION_SINGLE = 1
      BSN_VERSION_MULTIPLE = 2
      BSN_VERSION_MANAGED = 3
      throwErrorOnFailedStart = true
      CLASS_CERTIFICATE = true
      PARALLEL_CAPABLE = false
      exceptions = class java.util.LinkedHashMap@77f25b6d
      PROP_JVM_OS_ARCH = "os.arch"
      PROP_JVM_OS_NAME = "os.name"
      PROP_JVM_OS_VERSION = "os.version"
      PROP_JVM_SPEC_VERSION = "java.specification.version"
      PROP_JVM_SPEC_NAME = "java.specification.name"
      PROP_SETPERMS_CMD = "osgi.filepermissions.command"
      PROP_DEBUG = "osgi.debug"
      PROP_DEBUG_VERBOSE = "osgi.debug.verbose"
      PROP_DEV = "osgi.dev"
      PROP_CLEAN = "osgi.clean"
      PROP_USE_SYSTEM_PROPERTIES = "osgi.framework.useSystemProperties"
      PROP_FRAMEWORK = "osgi.framework"
      ECLIPSE_FRAMEWORK_VENDOR = "Eclipse"
      PROP_OSGI_JAVA_PROFILE = "osgi.java.profile"
      PROP_OSGI_JAVA_PROFILE_NAME = "osgi.java.profile.name"
      PROP_OSGI_JAVA_PROFILE_BOOTDELEGATION = "osgi.java.profile.bootdelegation"
      PROP_OSGI_BOOTDELEGATION_IGNORE = "ignore"
      PROP_OSGI_BOOTDELEGATION_OVERRIDE = "override"
      PROP_OSGI_BOOTDELEGATION_NONE = "none"
      PROP_CONTEXT_BOOTDELEGATION = "osgi.context.bootdelegation"
      PROP_COMPATIBILITY_BOOTDELEGATION = "osgi.compatibility.bootdelegation"
      PROP_DS_DELAYED_KEEPINSTANCES = "ds.delayed.keepInstances"
      PROP_COMPATIBILITY_ERROR_FAILED_START = "osgi.compatibility.errorOnFailedStart"
      PROP_COMPATIBILITY_START_LAZY = "osgi.compatibility.eagerStart.LazyActivation"
      PROP_COMPATIBILITY_START_LAZY_ON_FAIL_CLASSLOAD = "osgi.compatibility.trigger.lazyActivation.onFailedClassLoad"
      PROP_OSGI_OS = "osgi.os"
      PROP_OSGI_WS = "osgi.ws"
      PROP_OSGI_ARCH = "osgi.arch"
      PROP_OSGI_NL = "osgi.nl"
      PROP_OSGI_NL_USER = "osgi.nl.user"
      PROP_ROOT_LOCALE = "equinox.root.locale"
      PROP_PARENT_CLASSLOADER = "osgi.parentClassloader"
      PARENT_CLASSLOADER_FWK = "fwk"
      PROP_CONTEXTCLASSLOADER_PARENT = "osgi.contextClassLoaderParent"
      CONTEXTCLASSLOADER_PARENT_APP = "app"
      CONTEXTCLASSLOADER_PARENT_EXT = "ext"
      CONTEXTCLASSLOADER_PARENT_BOOT = "boot"
      CONTEXTCLASSLOADER_PARENT_FWK = "fwk"
      PROP_FRAMEWORK_LIBRARY_EXTENSIONS = "osgi.framework.library.extensions"
      PROP_COPY_NATIVES = "osgi.classloader.copy.natives"
      PROP_DEFINE_PACKAGES = "osgi.classloader.define.packages"
      PROP_BUNDLE_SETTCCL = "eclipse.bundle.setTCCL"
      PROP_EQUINOX_SECURITY = "eclipse.security"
      PROP_FILE_LIMIT = "osgi.bundlefile.limit"
      PROP_CLASS_CERTIFICATE_SUPPORT = "osgi.support.class.certificate"
      PROP_CLASS_LOADER_TYPE = "osgi.classloader.type"
      CLASS_LOADER_TYPE_PARALLEL = "parallel"
      PROP_FORCED_RESTART = "osgi.forcedRestart"
      PROP_IGNORE_USER_CONFIGURATION = "eclipse.ignoreUserConfiguration"
      PROPERTY_STRICT_BUNDLE_ENTRY_PATH = "osgi.strictBundleEntryPath"
      PROP_CHECK_CONFIGURATION = "osgi.checkConfiguration"
      inCheckConfigurationMode = true
      DEFAULT_STATE_SAVE_DELAY_INTERVAL = "30000"
      PROP_STATE_SAVE_DELAY_INTERVAL = "eclipse.stateSaveDelayInterval"
      PROP_MODULE_LOCK_TIMEOUT = "osgi.module.lock.timeout"
      PROP_MODULE_AUTO_START_ON_RESOLVE = "osgi.module.auto.start.on.resolve"
      PROP_ALLOW_RESTRICTED_PROVIDES = "osgi.equinox.allow.restricted.provides"
      PROP_LOG_HISTORY_MAX = "equinox.log.history.max"
      PROP_RESOLVER_THREAD_COUNT = "equinox.resolver.thead.count"
      PROP_EQUINOX_RESOLVER_THREAD_COUNT = "equinox.resolver.thread.count"
      PROP_EQUINOX_START_LEVEL_THREAD_COUNT = "equinox.start.level.thread.count"
      PROP_RESOLVER_REVISION_BATCH_SIZE = "equinox.resolver.revision.batch.size"
      PROP_RESOLVER_BATCH_TIMEOUT = "equinox.resolver.batch.timeout"
      PROP_SYSTEM_PROVIDE_HEADER = "equinox.system.provide.header"
      SYSTEM_PROVIDE_HEADER_ORIGINAL = "original"
      SYSTEM_PROVIDE_HEADER_SYSTEM = "system"
      SYSTEM_PROVIDE_HEADER_SYSTEM_EXTRA = "system.extra"
      PROP_DEFAULT_SUFFIX = ".default"
      PROP_WITH_ECLIPSE_STARTER_DEFAULTS = class java.util.Collections$UnmodifiableRandomAccessList@1f835b3b
      PROP_INIT_UUID = "equinox.init.uuid"
      PROP_ACTIVE_THREAD_TYPE = "osgi.framework.activeThreadType"
      ACTIVE_THREAD_TYPE_NORMAL = "normal"
      PROP_GOSH_ARGS = "gosh.args"
    logServices = class org.eclipse.osgi.internal.log.EquinoxLogServices@4634be87
      EQUINOX_LOGGER_NAME = "org.eclipse.equinox.logger"
      PERF_LOGGER_NAME = "org.eclipse.performance.logger"
      PROP_LOG_ENABLED = "eclipse.log.enabled"
      LOG_EXT = ".log"
      logServiceManager = class org.eclipse.osgi.internal.log.LogServiceManager@bbde63a
      eclipseLogFactory = class org.eclipse.osgi.internal.log.EquinoxLogFactory@64ef3b26
      logWriter = class org.eclipse.osgi.internal.log.EquinoxLogWriter@490abd71
      perfWriter = class org.eclipse.osgi.internal.log.EquinoxLogWriter@7bb14c13
      rootFrameworkLog = class org.eclipse.osgi.internal.log.EquinoxLogFactory$1@1f59e969
      frameworkLogReg = class org.eclipse.osgi.internal.serviceregistry.ServiceRegistrationImpl@2f2c7af
      perfLogReg = class org.eclipse.osgi.internal.serviceregistry.ServiceRegistrationImpl@1e0f13b5
    storage = class org.eclipse.osgi.storage.Storage@755fffd9
      VERSION = 4
      MR_JAR_VERSION = 4
      LOWEST_VERSION_SUPPORTED = 3
      BUNDLE_DATA_DIR = "data"
      BUNDLE_FILE_NAME = "bundleFile"
      FRAMEWORK_INFO = "framework.info"
      ECLIPSE_SYSTEMBUNDLE = "Eclipse-SystemBundle"
      DELETE_FLAG = ".delete"
      LIB_TEMP = "libtemp"
      JAVASE = "JavaSE"
      PROFILE_EXT = ".profile"
      NUL = " "
      INITIAL_LOCATION = "initial@"
      secureAction = class org.eclipse.osgi.framework.util.SecureAction@44cd9563
      equinoxContainer = class org.eclipse.osgi.internal.framework.EquinoxContainer@23a0e645
      installPath = "/home/ibmdemo/Student/icp4a-labs/shared/wlp/lib/"
      osgiLocation = class org.eclipse.osgi.internal.location.BasicLocation@7da8557b
      childRoot = class java.io.File@7190d9ad
      parentRoot = null
      permissionData = class org.eclipse.osgi.storage.PermissionData@1840e6ad
      securityAdmin = class org.eclipse.osgi.internal.permadmin.SecurityAdmin@308e0e4b
      adaptor = class org.eclipse.osgi.internal.framework.EquinoxContainerAdaptor@fb296ac
      moduleDatabase = class org.eclipse.osgi.container.ModuleDatabase@78986b46
      moduleContainer = class org.eclipse.osgi.container.ModuleContainer@6a79c292
      saveMonitor = class java.lang.Object@67f28f76
      lastSavedTimestamp = -1
      mruList = class org.eclipse.osgi.storage.bundlefile.MRUBundleFileList@27ce3995
      extensionInstaller = class org.eclipse.osgi.storage.FrameworkExtensionInstaller@3cd2cc36
      cachedHeaderKeys = class java.util.Arrays$ArrayList@72b52b1
      allowRestrictedProvides = true
      refreshMRBundles = class java.util.concurrent.atomic.AtomicBoolean@74d1e41d
      runtimeVersion = class org.osgi.framework.Version@22857983
      javaSpecVersion = "1.8"
    packageAdmin = class org.eclipse.osgi.internal.framework.legacy.PackageAdminImpl@446cb961
      container = class org.eclipse.osgi.container.ModuleContainer@6a79c292
    startLevel = class org.eclipse.osgi.internal.framework.legacy.StartLevelImpl@5e723554
      container = class org.eclipse.osgi.container.ModuleContainer@6a79c292
    bootDelegation = class java.util.HashSet@3dd1689b
      serialVersionUID = -5024744406713321676
      map = class java.util.HashMap@27350d73
      PRESENT = class java.lang.Object@184386be
      MAX_ARRAY_SIZE = 2147483639
    bootDelegationStems = class java.lang.String[12]
      String[0] = "sun."
      String[1] = "com.sun."
      String[2] = "com.ibm.ws.boot.delegated."
      String[3] = "org.apache.xml."
      String[4] = "org.apache.xerces."
      String[5] = "com.ibm.xylem."
      String[6] = "com.ibm.xml."
      String[7] = "com.ibm.xtq."
      String[8] = "com.ibm.net.ssl."
      String[9] = "com.ibm.crypto."
      String[10] = "com.ibm.security."
      String[11] = "jdk."
    bootDelegateAll = false
    isProcessClassRecursionSupportedByAll = false
    eventPublisher = class org.eclipse.osgi.internal.framework.EquinoxEventPublisher@167cf9e0
      eventHookName = "org.osgi.framework.hooks.bundle.EventHook"
      collisionHookName = "org.osgi.framework.hooks.bundle.CollisionHook"
      FRAMEWORK_STOPPED_MASK = 448
      BUNDLEEVENT = 1
      BUNDLEEVENTSYNC = 2
      FRAMEWORKEVENT = 4
      container = class org.eclipse.osgi.internal.framework.EquinoxContainer@23a0e645
      monitor = class java.lang.Object@1e84c89b
      eventManager = class org.eclipse.osgi.framework.eventmgr.EventManager@72773238
      allBundleListeners = class java.util.HashMap@6381a849
      allSyncBundleListeners = class java.util.HashMap@46eaf5f1
      allFrameworkListeners = class java.util.HashMap@7e922da7
    monitor = class java.lang.Object@59ebb6ee
    serviceRegistry = class org.eclipse.osgi.internal.serviceregistry.ServiceRegistry@3d00ef76
      SERVICEEVENT = 3
      findHookName = "org.osgi.framework.hooks.service.FindHook"
      eventHookName = "org.osgi.framework.hooks.service.EventHook"
      eventListenerHookName = "org.osgi.framework.hooks.service.EventListenerHook"
      listenerHookName = "org.osgi.framework.hooks.service.ListenerHook"
      publishedServicesByClass = class java.util.HashMap@5dd5ade9
      allPublishedServices = class java.util.ArrayList@59392e18
      publishedServicesByContext = class java.util.HashMap@3322a240
      serviceid = 665
      serviceEventListeners = class java.util.HashMap@1185cd35
      initialCapacity = 50
      initialSubCapacity = 10
      container = class org.eclipse.osgi.internal.framework.EquinoxContainer@23a0e645
      systemBundleContext = class org.eclipse.osgi.internal.framework.BundleContextImpl@70a9f84e
      debug = class org.eclipse.osgi.internal.debug.Debug@61ccaa76
      $assertionsDisabled = true
    contextFinder = class org.eclipse.osgi.internal.framework.ContextFinder@7cebba0e
      cycleDetector = class java.lang.ThreadLocal@59eb12bb
      finderClassLoader = class com.ibm.ws.kernel.internal.classloader.BootstrapChildFirstJarClassloader@306a30c7
      contextFinder = class org.eclipse.osgi.internal.framework.ContextFinder$Finder@4a332948
      THIS = class java.lang.Class@71623278
      parentContextClassLoader = class sun.misc.Launcher$AppClassLoader@18b4aac2
      parent = class sun.misc.Launcher$AppClassLoader@18b4aac2
      parallelLockMap = null
      package2certs = class java.util.Hashtable@27d54893
      nocerts = class java.security.cert.Certificate[0]
      classes = class java.util.Vector@21d0f5b5
      defaultDomain = class java.security.ProtectionDomain@20af45fe
      domains = class java.util.HashSet@738551ca
      packages = class java.util.HashMap@7e191ef9
      scl = class sun.misc.Launcher$AppClassLoader@18b4aac2
      sclSet = true
      loadedLibraryNames = class java.util.Vector@20e01079
      systemNativeLibraries = class java.util.Vector@23786552
      nativeLibraries = class java.util.Vector@58c231d2
      nativeLibraryContext = class java.util.Stack@69a1f570
      usr_paths = class java.lang.String[7]
      sys_paths = class java.lang.String[1]
      assertionLock = class org.eclipse.osgi.internal.framework.ContextFinder@7cebba0e
      defaultAssertionStatus = false
      packageAssertionStatus = null
      classAssertionStatus = null
    signedContentFactory = class org.osgi.util.tracker.ServiceTracker@6f4898f8
      DEBUG = false
      context = class org.eclipse.osgi.internal.framework.BundleContextImpl@70a9f84e
      filter = class org.eclipse.osgi.internal.framework.FilterImpl@6631219a
      customizer = class org.osgi.util.tracker.ServiceTracker@6f4898f8
      listenerFilter = "(objectClass=org.eclipse.osgi.signedcontent.SignedContentFactory)"
      trackClass = "org.eclipse.osgi.signedcontent.SignedContentFactory"
      trackReference = null
      tracked = class org.osgi.util.tracker.ServiceTracker$Tracked@6dd81218
      cachedReference = null
      cachedService = null
    executor = class java.util.concurrent.ScheduledThreadPoolExecutor@f1cb04f
      continueExistingPeriodicTasksAfterShutdown = false
      executeExistingDelayedTasksAfterShutdown = true
      removeOnCancel = false
      sequencer = class java.util.concurrent.atomic.AtomicLong@1855529
      ctl = class java.util.concurrent.atomic.AtomicInteger@628b2b6e
      COUNT_BITS = 29
      CAPACITY = 536870911
      RUNNING = -536870912
      SHUTDOWN = 0
      STOP = 536870912
      TIDYING = 1073741824
      TERMINATED = 1610612736
      workQueue = class java.util.concurrent.ScheduledThreadPoolExecutor$DelayedWorkQueue@523efeb8
      mainLock = class java.util.concurrent.locks.ReentrantLock@7699692
      workers = class java.util.HashSet@2c6ea74b
      termination = class java.util.concurrent.locks.AbstractQueuedSynchronizer$ConditionObject@178529f3
      largestPoolSize = 1
      completedTaskCount = 0
      threadFactory = class org.eclipse.osgi.internal.framework.EquinoxContainer@23a0e645
      handler = class java.util.concurrent.ThreadPoolExecutor$AbortPolicy@32ebde85
      keepAliveTime = 0
      allowCoreThreadTimeOut = false
      corePoolSize = 1
      maximumPoolSize = 2147483647
      defaultHandler = class java.util.concurrent.ThreadPoolExecutor$AbortPolicy@32ebde85
      shutdownPerm = class java.lang.RuntimePermission@797d134c
      acc = null
      ONLY_ONE = true
      $assertionsDisabled = true
    storageSaver = class org.eclipse.osgi.internal.framework.StorageSaver@7e5eebb5
      container = class org.eclipse.osgi.internal.framework.EquinoxContainer@23a0e645
      delay = 30000
      future = class java.util.concurrent.ScheduledThreadPoolExecutor$ScheduledFutureTask@6d12264f
      hook = class java.lang.Thread@4bb4de6a
      task = class org.eclipse.osgi.internal.framework.StorageSaver$StorageSaverTask@2497c69e
  module = class org.eclipse.osgi.internal.framework.EquinoxBundle$EquinoxModule@56fdedde
    this$0 = class org.eclipse.osgi.internal.framework.EquinoxBundle@27621dbb
    ACTIVE_SET = class java.util.RegularEnumSet@15ca0165
      serialVersionUID = 3411599620347842686
      elements = 60
      elementType = class java.lang.Class@6aaa5eb0
      universe = class org.eclipse.osgi.container.Module$State[7]
      ZERO_LENGTH_ENUM_ARRAY = class java.lang.Enum[0]
      MAX_ARRAY_SIZE = 2147483639
    RESOLVED_SET = class java.util.RegularEnumSet@7441dccd
      serialVersionUID = 3411599620347842686
      elements = 62
      elementType = class java.lang.Class@6aaa5eb0
      universe = class org.eclipse.osgi.container.Module$State[7]
      ZERO_LENGTH_ENUM_ARRAY = class java.lang.Enum[0]
      MAX_ARRAY_SIZE = 2147483639
    id = 247
    location = "WSClassLoadingService@EARApplication:PlantsByWebSphereV8"
    revisions = class org.eclipse.osgi.container.ModuleRevisions@63b56ba
      monitor = class java.lang.Object@7d3d66f4
      module = class org.eclipse.osgi.internal.framework.EquinoxBundle$EquinoxModule@56fdedde
      container = class org.eclipse.osgi.container.ModuleContainer@6a79c292
      revisions = class java.util.ArrayList@42cc0661
      uninstalled = false
      uninstalledCurrent = null
    stateChangeLock = class org.eclipse.osgi.internal.container.EquinoxReentrantLock@6e0a8035
      serialVersionUID = 1
      serialVersionUID = 7373984872572414699
      sync = class java.util.concurrent.locks.ReentrantLock$NonfairSync@e082035
    stateTransitionEvents = class java.util.RegularEnumSet@2a82a983
      serialVersionUID = 3411599620347842686
      elements = 0
      elementType = class java.lang.Class@3abbfa04
      universe = class org.eclipse.osgi.container.ModuleContainerAdaptor$ModuleEvent[10]
      ZERO_LENGTH_ENUM_ARRAY = class java.lang.Enum[0]
      MAX_ARRAY_SIZE = 2147483639
    settings = class java.util.RegularEnumSet@1bde464f
      serialVersionUID = 3411599620347842686
      elements = 3
      elementType = class java.lang.Class@57fffcd7
      universe = class org.eclipse.osgi.container.Module$Settings[2]
      ZERO_LENGTH_ENUM_ARRAY = class java.lang.Enum[0]
      MAX_ARRAY_SIZE = 2147483639
    inStart = class java.util.concurrent.atomic.AtomicInteger@470c5d08
      serialVersionUID = 6214790243416807050
      unsafe = class sun.misc.Unsafe@6170aeda
      valueOffset = 12
      value = 0
      serialVersionUID = -8742448824652078965
    state = class org.eclipse.osgi.container.Module$State@1f5c3ee7
      INSTALLED = class org.eclipse.osgi.container.Module$State@1e356e67
      RESOLVED = class org.eclipse.osgi.container.Module$State@22b79ddd
      LAZY_STARTING = class org.eclipse.osgi.container.Module$State@1f5c3ee7
      STARTING = class org.eclipse.osgi.container.Module$State@79421943
      ACTIVE = class org.eclipse.osgi.container.Module$State@7f180108
      STOPPING = class org.eclipse.osgi.container.Module$State@4cb1065a
      UNINSTALLED = class org.eclipse.osgi.container.Module$State@52f63364
      ENUM$VALUES = class org.eclipse.osgi.container.Module$State[7]
      name = "LAZY_STARTING"
      ordinal = 2
    startlevel = 18
    lastModified = 1573153623484
    VALID_RESOLVED_TRANSITION = class java.util.RegularEnumSet@6eaad3e9
      serialVersionUID = 3411599620347842686
      elements = 8
      elementType = class java.lang.Class@3abbfa04
      universe = class org.eclipse.osgi.container.ModuleContainerAdaptor$ModuleEvent[10]
      ZERO_LENGTH_ENUM_ARRAY = class java.lang.Enum[0]
      MAX_ARRAY_SIZE = 2147483639
    VALID_STOPPED_TRANSITION = class java.util.RegularEnumSet@6df9ed60
      serialVersionUID = 3411599620347842686
      elements = 896
      elementType = class java.lang.Class@3abbfa04
      universe = class org.eclipse.osgi.container.ModuleContainerAdaptor$ModuleEvent[10]
      ZERO_LENGTH_ENUM_ARRAY = class java.lang.Enum[0]
      MAX_ARRAY_SIZE = 2147483639
    $SWITCH_TABLE$org$eclipse$osgi$container$ModuleContainerAdaptor$ModuleEvent = {1,2,3,4,5,6,7,8,9,10} /* array length = 10 */
  monitor = class java.lang.Object@75e3a757
  context = class org.eclipse.osgi.internal.framework.BundleContextImpl@644cb32c
    findHookName = "org.osgi.framework.hooks.bundle.FindHook"
    valid = true
    bundle = class org.eclipse.osgi.internal.framework.EquinoxBundle@27621dbb
    container = class org.eclipse.osgi.internal.framework.EquinoxContainer@23a0e645
    debug = class org.eclipse.osgi.internal.debug.Debug@61ccaa76
      ECLIPSE_OSGI = "org.eclipse.osgi"
      OPTION_DEBUG_GENERAL = "org.eclipse.osgi/debug"
      OPTION_DEBUG_BUNDLE_TIME = "org.eclipse.osgi/debug/bundleTime"
      OPTION_DEBUG_BUNDLE_START_TIME = "org.eclipse.osgi/debug/bundleStartTime"
      OPTION_DEBUG_LOADER = "org.eclipse.osgi/debug/loader"
      OPTION_DEBUG_STORAGE = "org.eclipse.osgi/debug/storage"
      OPTION_DEBUG_EVENTS = "org.eclipse.osgi/debug/events"
      OPTION_DEBUG_SERVICES = "org.eclipse.osgi/debug/services"
      OPTION_DEBUG_HOOKS = "org.eclipse.osgi/debug/hooks"
      OPTION_DEBUG_MANIFEST = "org.eclipse.osgi/debug/manifest"
      OPTION_DEBUG_FILTER = "org.eclipse.osgi/debug/filter"
      OPTION_DEBUG_SECURITY = "org.eclipse.osgi/debug/security"
      OPTION_DEBUG_STARTLEVEL = "org.eclipse.osgi/debug/startlevel"
      OPTION_DEBUG_PACKAGEADMIN = "org.eclipse.osgi/debug/packageadmin"
      OPTION_DEBUG_PACKAGEADMIN_TIMING = "org.eclipse.osgi/debug/packageadmin/timing"
      OPTION_MONITOR_ACTIVATION = "org.eclipse.osgi/monitor/activation"
      OPTION_MONITOR_LAZY = "org.eclipse.osgi/monitor/lazy"
      OPTION_DEBUG_MESSAGE_BUNDLES = "org.eclipse.osgi/debug/messageBundles"
      OPTION_DEBUG_LOCATION = "org.eclipse.osgi/debug/location"
      OPTION_CACHED_MANIFEST = "org.eclipse.osgi/debug/cachedmanifest"
      OPTION_DEBUG_SYSTEM_BUNDLE = "org.eclipse.osgi/debug/systemBundle"
      OPTION_DEBUG_BUNDLE_FILE = "org.eclipse.osgi/debug/bundleFile"
      DEBUG_GENERAL = false
      DEBUG_BUNDLE_TIME = false
      DEBUG_LOADER = false
      DEBUG_STORAGE = false
      DEBUG_EVENTS = false
      DEBUG_SERVICES = false
      DEBUG_HOOKS = false
      DEBUG_MANIFEST = false
      DEBUG_FILTER = false
      DEBUG_SECURITY = false
      DEBUG_STARTLEVEL = false
      DEBUG_PACKAGEADMIN = false
      DEBUG_PACKAGEADMIN_TIMING = false
      DEBUG_MESSAGE_BUNDLES = false
      MONITOR_ACTIVATION = false
      DEBUG_LOCATION = false
      DEBUG_CACHED_MANIFEST = false
      DEBUG_SYSTEM_BUNDLE = false
      DEBUG_BUNDLE_FILE = false
      out = class com.ibm.ws.logging.internal.impl.BaseTraceService$TeePrintStream@62357ee4
    servicesInUse = class java.util.HashMap@448109f
      serialVersionUID = 362498820763181265
      DEFAULT_INITIAL_CAPACITY = 16
      MAXIMUM_CAPACITY = 1073741824
      DEFAULT_LOAD_FACTOR = 0.75
      TREEIFY_THRESHOLD = 8
      UNTREEIFY_THRESHOLD = 6
      MIN_TREEIFY_CAPACITY = 64
      table = class java.util.HashMap$Node[16]
      entrySet = null
      size = 5
      modCount = 15
      threshold = 12
      loadFactor = 0.75
      keySet = null
      values = null
    activator = null
    contextLock = class java.lang.Object@3f11df9b
  signerInfos = null
  $SWITCH_TABLE$org$eclipse$osgi$container$Module$State = {1,2,3,4,5,6,7} /* array length = 7 */

Dump of objectArray[1]
Object type = org.eclipse.osgi.internal.serviceregistry.ServiceRegistrationImpl
  registry = class org.eclipse.osgi.internal.serviceregistry.ServiceRegistry@3d00ef76
    SERVICEEVENT = 3
    findHookName = "org.osgi.framework.hooks.service.FindHook"
    eventHookName = "org.osgi.framework.hooks.service.EventHook"
    eventListenerHookName = "org.osgi.framework.hooks.service.EventListenerHook"
    listenerHookName = "org.osgi.framework.hooks.service.ListenerHook"
    publishedServicesByClass = class java.util.HashMap@5dd5ade9
      serialVersionUID = 362498820763181265
      DEFAULT_INITIAL_CAPACITY = 16
      MAXIMUM_CAPACITY = 1073741824
      DEFAULT_LOAD_FACTOR = 0.75
      TREEIFY_THRESHOLD = 8
      UNTREEIFY_THRESHOLD = 6
      MIN_TREEIFY_CAPACITY = 64
      table = class java.util.HashMap$Node[1024]
      entrySet = null
      size = 396
      modCount = 400
      threshold = 768
      loadFactor = 0.75
      keySet = null
      values = null
    allPublishedServices = class java.util.ArrayList@59392e18
      serialVersionUID = 8683452581122892189
      DEFAULT_CAPACITY = 10
      EMPTY_ELEMENTDATA = class java.lang.Object[0]
      DEFAULTCAPACITY_EMPTY_ELEMENTDATA = class java.lang.Object[0]
      elementData = class java.lang.Object[850]
      size = 656
      MAX_ARRAY_SIZE = 2147483639
      modCount = 798
      MAX_ARRAY_SIZE = 2147483639
    publishedServicesByContext = class java.util.HashMap@3322a240
      serialVersionUID = 362498820763181265
      DEFAULT_INITIAL_CAPACITY = 16
      MAXIMUM_CAPACITY = 1073741824
      DEFAULT_LOAD_FACTOR = 0.75
      TREEIFY_THRESHOLD = 8
      UNTREEIFY_THRESHOLD = 6
      MIN_TREEIFY_CAPACITY = 64
      table = class java.util.HashMap$Node[256]
      entrySet = null
      size = 145
      modCount = 145
      threshold = 192
      loadFactor = 0.75
      keySet = null
      values = null
    serviceid = 665
    serviceEventListeners = class java.util.HashMap@1185cd35
      serialVersionUID = 362498820763181265
      DEFAULT_INITIAL_CAPACITY = 16
      MAXIMUM_CAPACITY = 1073741824
      DEFAULT_LOAD_FACTOR = 0.75
      TREEIFY_THRESHOLD = 8
      UNTREEIFY_THRESHOLD = 6
      MIN_TREEIFY_CAPACITY = 64
      table = class java.util.HashMap$Node[256]
      entrySet = class java.util.HashMap$EntrySet@23b0f2a4
      size = 160
      modCount = 170
      threshold = 192
      loadFactor = 0.75
      keySet = null
      values = null
    initialCapacity = 50
    initialSubCapacity = 10
    container = class org.eclipse.osgi.internal.framework.EquinoxContainer@23a0e645
    systemBundleContext = class org.eclipse.osgi.internal.framework.BundleContextImpl@70a9f84e
      findHookName = "org.osgi.framework.hooks.bundle.FindHook"
      valid = true
      bundle = class org.eclipse.osgi.internal.framework.EquinoxBundle$SystemBundle@6e2c9341
      container = class org.eclipse.osgi.internal.framework.EquinoxContainer@23a0e645
      debug = class org.eclipse.osgi.internal.debug.Debug@61ccaa76
      servicesInUse = class java.util.HashMap@2468dd38
      activator = class org.eclipse.osgi.internal.framework.SystemBundleActivator@6e26aae6
      contextLock = class java.lang.Object@16907101
    debug = class org.eclipse.osgi.internal.debug.Debug@61ccaa76
    $assertionsDisabled = true
  context = class org.eclipse.osgi.internal.framework.BundleContextImpl@36f01853
    findHookName = "org.osgi.framework.hooks.bundle.FindHook"
    valid = true
    bundle = class org.eclipse.osgi.internal.framework.EquinoxBundle@7be95a48
    container = class org.eclipse.osgi.internal.framework.EquinoxContainer@23a0e645
    debug = class org.eclipse.osgi.internal.debug.Debug@61ccaa76
      ECLIPSE_OSGI = "org.eclipse.osgi"
      OPTION_DEBUG_GENERAL = "org.eclipse.osgi/debug"
      OPTION_DEBUG_BUNDLE_TIME = "org.eclipse.osgi/debug/bundleTime"
      OPTION_DEBUG_BUNDLE_START_TIME = "org.eclipse.osgi/debug/bundleStartTime"
      OPTION_DEBUG_LOADER = "org.eclipse.osgi/debug/loader"
      OPTION_DEBUG_STORAGE = "org.eclipse.osgi/debug/storage"
      OPTION_DEBUG_EVENTS = "org.eclipse.osgi/debug/events"
      OPTION_DEBUG_SERVICES = "org.eclipse.osgi/debug/services"
      OPTION_DEBUG_HOOKS = "org.eclipse.osgi/debug/hooks"
      OPTION_DEBUG_MANIFEST = "org.eclipse.osgi/debug/manifest"
      OPTION_DEBUG_FILTER = "org.eclipse.osgi/debug/filter"
      OPTION_DEBUG_SECURITY = "org.eclipse.osgi/debug/security"
      OPTION_DEBUG_STARTLEVEL = "org.eclipse.osgi/debug/startlevel"
      OPTION_DEBUG_PACKAGEADMIN = "org.eclipse.osgi/debug/packageadmin"
      OPTION_DEBUG_PACKAGEADMIN_TIMING = "org.eclipse.osgi/debug/packageadmin/timing"
      OPTION_MONITOR_ACTIVATION = "org.eclipse.osgi/monitor/activation"
      OPTION_MONITOR_LAZY = "org.eclipse.osgi/monitor/lazy"
      OPTION_DEBUG_MESSAGE_BUNDLES = "org.eclipse.osgi/debug/messageBundles"
      OPTION_DEBUG_LOCATION = "org.eclipse.osgi/debug/location"
      OPTION_CACHED_MANIFEST = "org.eclipse.osgi/debug/cachedmanifest"
      OPTION_DEBUG_SYSTEM_BUNDLE = "org.eclipse.osgi/debug/systemBundle"
      OPTION_DEBUG_BUNDLE_FILE = "org.eclipse.osgi/debug/bundleFile"
      DEBUG_GENERAL = false
      DEBUG_BUNDLE_TIME = false
      DEBUG_LOADER = false
      DEBUG_STORAGE = false
      DEBUG_EVENTS = false
      DEBUG_SERVICES = false
      DEBUG_HOOKS = false
      DEBUG_MANIFEST = false
      DEBUG_FILTER = false
      DEBUG_SECURITY = false
      DEBUG_STARTLEVEL = false
      DEBUG_PACKAGEADMIN = false
      DEBUG_PACKAGEADMIN_TIMING = false
      DEBUG_MESSAGE_BUNDLES = false
      MONITOR_ACTIVATION = false
      DEBUG_LOCATION = false
      DEBUG_CACHED_MANIFEST = false
      DEBUG_SYSTEM_BUNDLE = false
      DEBUG_BUNDLE_FILE = false
      out = class com.ibm.ws.logging.internal.impl.BaseTraceService$TeePrintStream@62357ee4
    servicesInUse = class java.util.HashMap@2a261065
      serialVersionUID = 362498820763181265
      DEFAULT_INITIAL_CAPACITY = 16
      MAXIMUM_CAPACITY = 1073741824
      DEFAULT_LOAD_FACTOR = 0.75
      TREEIFY_THRESHOLD = 8
      UNTREEIFY_THRESHOLD = 6
      MIN_TREEIFY_CAPACITY = 64
      table = class java.util.HashMap$Node[16]
      entrySet = null
      size = 7
      modCount = 19
      threshold = 12
      loadFactor = 0.75
      keySet = null
      values = null
    activator = null
    contextLock = class java.lang.Object@3ccbcca9
  bundle = class org.eclipse.osgi.internal.framework.EquinoxBundle@7be95a48
    equinoxContainer = class org.eclipse.osgi.internal.framework.EquinoxContainer@23a0e645
      NAME = "org.eclipse.osgi"
      secureAction = class org.eclipse.osgi.framework.util.SecureAction@35108259
      equinoxConfig = class org.eclipse.osgi.internal.framework.EquinoxConfiguration@1481c0b8
      logServices = class org.eclipse.osgi.internal.log.EquinoxLogServices@4634be87
      storage = class org.eclipse.osgi.storage.Storage@755fffd9
      packageAdmin = class org.eclipse.osgi.internal.framework.legacy.PackageAdminImpl@446cb961
      startLevel = class org.eclipse.osgi.internal.framework.legacy.StartLevelImpl@5e723554
      bootDelegation = class java.util.HashSet@3dd1689b
      bootDelegationStems = class java.lang.String[12]
      bootDelegateAll = false
      isProcessClassRecursionSupportedByAll = false
      eventPublisher = class org.eclipse.osgi.internal.framework.EquinoxEventPublisher@167cf9e0
      monitor = class java.lang.Object@59ebb6ee
      serviceRegistry = class org.eclipse.osgi.internal.serviceregistry.ServiceRegistry@3d00ef76
      contextFinder = class org.eclipse.osgi.internal.framework.ContextFinder@7cebba0e
      signedContentFactory = class org.osgi.util.tracker.ServiceTracker@6f4898f8
      executor = class java.util.concurrent.ScheduledThreadPoolExecutor@f1cb04f
      storageSaver = class org.eclipse.osgi.internal.framework.StorageSaver@7e5eebb5
    module = class org.eclipse.osgi.internal.framework.EquinoxBundle$EquinoxModule@b8c8401
      this$0 = class org.eclipse.osgi.internal.framework.EquinoxBundle@7be95a48
      ACTIVE_SET = class java.util.RegularEnumSet@15ca0165
      RESOLVED_SET = class java.util.RegularEnumSet@7441dccd
      id = 193
      location = "feature@reference:file:/home/ibmdemo/Student/icp4a-labs/shared/wlp/lib/com.ibm.ws.jdbc_1.0.29.jar"
      revisions = class org.eclipse.osgi.container.ModuleRevisions@33ee0b50
      stateChangeLock = class org.eclipse.osgi.internal.container.EquinoxReentrantLock@705078aa
      stateTransitionEvents = class java.util.RegularEnumSet@35548eec
      settings = class java.util.RegularEnumSet@4f899b3f
      inStart = class java.util.concurrent.atomic.AtomicInteger@cfead15
      state = class org.eclipse.osgi.container.Module$State@7f180108
      startlevel = 12
      lastModified = 1573153618843
      VALID_RESOLVED_TRANSITION = class java.util.RegularEnumSet@6eaad3e9
      VALID_STOPPED_TRANSITION = class java.util.RegularEnumSet@6df9ed60
      $SWITCH_TABLE$org$eclipse$osgi$container$ModuleContainerAdaptor$ModuleEvent = {1,2,3,4,5,6,7,8,9,10} /* array length = 10 */
    monitor = class java.lang.Object@9c5b59c
    context = class org.eclipse.osgi.internal.framework.BundleContextImpl@36f01853
    signerInfos = null
    $SWITCH_TABLE$org$eclipse$osgi$container$Module$State = {1,2,3,4,5,6,7} /* array length = 7 */
  clazzes = class java.lang.String[1]
    String[0] = "javax.sql.DataSource"
  service = class com.ibm.ws.resource.internal.ResourceFactoryTrackerData$1@4cb3c0de
    val$ref = class org.eclipse.osgi.internal.serviceregistry.ServiceReferenceImpl@16c50762
      registration = class org.eclipse.osgi.internal.serviceregistry.ServiceRegistrationImpl@c3b6cd8
    this$0 = class com.ibm.ws.resource.internal.ResourceFactoryTrackerData@4ae13045
      JNDI_SERVICENAME = "osgi.jndi.service.name"
      context = class org.eclipse.osgi.internal.framework.BundleContextImpl@36f01853
      registration = class org.eclipse.osgi.internal.serviceregistry.ServiceRegistrationImpl@79ecc2bb
      interfaces = class java.lang.String[1]
      serialVersionUID = 7071819092476537634
      $$$tc$$$ = class com.ibm.websphere.ras.TraceComponent@24c2c9f0
    serialVersionUID = -5395261454852493419
    $$$tc$$$ = class com.ibm.websphere.ras.TraceComponent@12e449d9
      strings[0] = "TraceComponent[com.ibm.ws.resource.internal.ResourceFactoryTrackerData$1,class com.ibm.ws.resource.internal.ResourceFactoryTrackerData$1,[resource],com.ibm.ws.resource.internal.resources.Runtime,null]"
  reference = class org.eclipse.osgi.internal.serviceregistry.ServiceReferenceImpl@215805e3
    registration = class org.eclipse.osgi.internal.serviceregistry.ServiceRegistrationImpl@79ecc2bb
  contextsUsing = class java.util.ArrayList@62787a95
    serialVersionUID = 8683452581122892189
    DEFAULT_CAPACITY = 10
    EMPTY_ELEMENTDATA = class java.lang.Object[0]
    DEFAULTCAPACITY_EMPTY_ELEMENTDATA = class java.lang.Object[0]
    elementData = class java.lang.Object[10]
      Object[0] = class org.eclipse.osgi.internal.framework.BundleContextImpl@644cb32c
      Object[1] = null
      Object[2] = null
      Object[3] = null
      Object[4] = null
      Object[5] = null
      Object[6] = null
      Object[7] = null
      Object[8] = null
      Object[9] = null
    size = 1
    MAX_ARRAY_SIZE = 2147483639
    modCount = 1
    MAX_ARRAY_SIZE = 2147483639
  properties = class java.util.Collections$UnmodifiableMap@29d322b5
    serialVersionUID = -1034234728574286014
    m = class org.eclipse.osgi.internal.serviceregistry.ServiceProperties@4706cb87
      map = class java.util.HashMap@3f9e0435
      entrySet = null
      keySet = null
    keySet = null
    entrySet = null
    values = null
  serviceid = 586
  serviceranking = 0
  registrationLock = class java.lang.Object@2690a5ab
  state = 0
  REGISTERED = 0
  UNREGISTERING = 1
  UNREGISTERED = 2
  FRAMEWORK_SET_SERVICE_PROPERTIES_COUNT = 4
  $assertionsDisabled = true

